[2024-10-29 14:01:53.843|INFO |main|c.s.S.SecurityMvcApplication:StartupInfoLogger.java:logStarting:50]	Starting SecurityMvcApplication using Java 17.0.12 with PID 4165 (/Users/iseungcheol/Security-JWT-Session-private/build/classes/java/main started by iseungcheol in /Users/iseungcheol/Security-JWT-Session-private)
[2024-10-29 14:01:53.850|INFO |main|c.s.S.SecurityMvcApplication:SpringApplication.java:logStartupProfileInfo:654]	No active profile set, falling back to 1 default profile: "default"
[2024-10-29 14:01:54.809|INFO |main|o.s.d.r.c.RepositoryConfigurationDelegate:RepositoryConfigurationDelegate.java:multipleStoresDetected:295]	Multiple Spring Data modules found, entering strict repository configuration mode
[2024-10-29 14:01:54.812|INFO |main|o.s.d.r.c.RepositoryConfigurationDelegate:RepositoryConfigurationDelegate.java:registerRepositoriesIn:143]	Bootstrapping Spring Data Redis repositories in DEFAULT mode.
[2024-10-29 14:01:54.849|INFO |main|o.s.d.r.c.RepositoryConfigurationDelegate:RepositoryConfigurationDelegate.java:registerRepositoriesIn:211]	Finished Spring Data repository scanning in 17 ms. Found 0 Redis repository interfaces.
[2024-10-29 14:01:55.857|INFO |main|o.a.coyote.http11.Http11NioProtocol:DirectJDKLog.java:log:173]	Initializing ProtocolHandler ["http-nio-8080"]
[2024-10-29 14:01:55.860|INFO |main|o.a.catalina.core.StandardService:DirectJDKLog.java:log:173]	Starting service [Tomcat]
[2024-10-29 14:01:55.860|INFO |main|o.a.catalina.core.StandardEngine:DirectJDKLog.java:log:173]	Starting Servlet engine: [Apache Tomcat/10.1.20]
[2024-10-29 14:01:55.953|INFO |main|o.a.c.c.C.[Tomcat].[localhost].[/]:DirectJDKLog.java:log:173]	Initializing Spring embedded WebApplicationContext
[2024-10-29 14:01:56.374|INFO |main|o.a.catalina.core.StandardService:DirectJDKLog.java:log:173]	Stopping service [Tomcat]
[2024-10-29 14:01:56.382|WARN |main|o.a.c.loader.WebappClassLoaderBase:DirectJDKLog.java:log:173]	The web application [ROOT] appears to have started a thread named [lettuce-timer-3-1] but has failed to stop it. This is very likely to create a memory leak. Stack trace of thread:
 java.base@17.0.12/java.lang.Thread.sleep(Native Method)
 app//io.netty.util.HashedWheelTimer$Worker.waitForNextTick(HashedWheelTimer.java:591)
 app//io.netty.util.HashedWheelTimer$Worker.run(HashedWheelTimer.java:487)
 app//io.netty.util.concurrent.FastThreadLocalRunnable.run(FastThreadLocalRunnable.java:30)
 java.base@17.0.12/java.lang.Thread.run(Thread.java:840)
[2024-10-29 14:03:13.951|INFO |main|c.s.S.SecurityMvcApplication:StartupInfoLogger.java:logStarting:50]	Starting SecurityMvcApplication using Java 17.0.12 with PID 4183 (/Users/iseungcheol/Security-JWT-Session-private/build/classes/java/main started by iseungcheol in /Users/iseungcheol/Security-JWT-Session-private)
[2024-10-29 14:03:13.956|INFO |main|c.s.S.SecurityMvcApplication:SpringApplication.java:logStartupProfileInfo:654]	No active profile set, falling back to 1 default profile: "default"
[2024-10-29 14:03:14.772|INFO |main|o.s.d.r.c.RepositoryConfigurationDelegate:RepositoryConfigurationDelegate.java:multipleStoresDetected:295]	Multiple Spring Data modules found, entering strict repository configuration mode
[2024-10-29 14:03:14.775|INFO |main|o.s.d.r.c.RepositoryConfigurationDelegate:RepositoryConfigurationDelegate.java:registerRepositoriesIn:143]	Bootstrapping Spring Data Redis repositories in DEFAULT mode.
[2024-10-29 14:03:14.806|INFO |main|o.s.d.r.c.RepositoryConfigurationDelegate:RepositoryConfigurationDelegate.java:registerRepositoriesIn:211]	Finished Spring Data repository scanning in 16 ms. Found 0 Redis repository interfaces.
[2024-10-29 14:03:15.692|INFO |main|o.a.coyote.http11.Http11NioProtocol:DirectJDKLog.java:log:173]	Initializing ProtocolHandler ["http-nio-8080"]
[2024-10-29 14:03:15.695|INFO |main|o.a.catalina.core.StandardService:DirectJDKLog.java:log:173]	Starting service [Tomcat]
[2024-10-29 14:03:15.696|INFO |main|o.a.catalina.core.StandardEngine:DirectJDKLog.java:log:173]	Starting Servlet engine: [Apache Tomcat/10.1.20]
[2024-10-29 14:03:15.792|INFO |main|o.a.c.c.C.[Tomcat].[localhost].[/]:DirectJDKLog.java:log:173]	Initializing Spring embedded WebApplicationContext
[2024-10-29 14:03:16.709|DEBUG|main|c.s.S.S.C.CustomAdminAuthenticationFilter:GenericFilterBean.java:init:240]	Filter 'customAdminAuthenticationFilter' configured for use
[2024-10-29 14:03:16.711|DEBUG|main|c.s.S.S.C.CustomUserAuthenticationFilter:GenericFilterBean.java:init:240]	Filter 'customUserAuthenticationFilter' configured for use
[2024-10-29 14:03:16.712|DEBUG|main|c.s.S.S.C.CustomAuthenticationJwtFilter:GenericFilterBean.java:init:240]	Filter 'customAuthenticationJwtFilter' configured for use
[2024-10-29 14:03:16.712|DEBUG|main|c.s.S.S.C.CustomSuperAdminAuthenticationFilter:GenericFilterBean.java:init:240]	Filter 'customSuperAdminAuthenticationFilter' configured for use
[2024-10-29 14:03:17.140|INFO |main|o.s.s.web.DefaultSecurityFilterChain:DefaultSecurityFilterChain.java:<init>:54]	Will secure any request with [org.springframework.security.web.session.DisableEncodeUrlFilter@782e6b40, org.springframework.security.web.context.request.async.WebAsyncManagerIntegrationFilter@3b65084e, org.springframework.security.web.context.SecurityContextHolderFilter@4540c7, org.springframework.security.web.header.HeaderWriterFilter@5464b97c, org.springframework.web.filter.CorsFilter@32d0d7eb, org.springframework.security.web.authentication.logout.LogoutFilter@10d98940, com.spring.SecurityMVC.SpringSecurity.CustomAuthenticationFilter.CustomAuthenticationJwtFilter@6775c0d1, com.spring.SecurityMVC.SpringSecurity.CustomAuthenticationFilter.CustomUserAuthenticationFilter@51eb0e84, com.spring.SecurityMVC.SpringSecurity.CustomAuthenticationFilter.CustomAdminAuthenticationFilter@2eebce87, com.spring.SecurityMVC.SpringSecurity.CustomAuthenticationFilter.CustomSuperAdminAuthenticationFilter@4899799b, org.springframework.security.web.authentication.www.BasicAuthenticationFilter@4d8056bf, org.springframework.security.web.savedrequest.RequestCacheAwareFilter@2bc0b8c8, org.springframework.security.web.servletapi.SecurityContextHolderAwareRequestFilter@15f861ee, org.springframework.security.web.authentication.AnonymousAuthenticationFilter@cae2a97, org.springframework.security.web.session.SessionManagementFilter@2f07930a, org.springframework.security.web.access.ExceptionTranslationFilter@4cfc0c48, org.springframework.security.web.access.intercept.AuthorizationFilter@3f6f9cef]
[2024-10-29 14:03:17.474|INFO |main|o.a.coyote.http11.Http11NioProtocol:DirectJDKLog.java:log:173]	Starting ProtocolHandler ["http-nio-8080"]
[2024-10-29 14:03:17.541|INFO |main|c.s.S.SecurityMvcApplication:StartupInfoLogger.java:logStarted:56]	Started SecurityMvcApplication in 4.152 seconds (process running for 4.581)
[2024-10-29 14:03:24.826|INFO |main|c.s.S.SecurityMvcApplication:StartupInfoLogger.java:logStarting:50]	Starting SecurityMvcApplication using Java 17.0.12 with PID 4192 (/Users/iseungcheol/Security-JWT-Session-private/build/classes/java/main started by iseungcheol in /Users/iseungcheol/Security-JWT-Session-private)
[2024-10-29 14:03:24.829|INFO |main|c.s.S.SecurityMvcApplication:SpringApplication.java:logStartupProfileInfo:654]	No active profile set, falling back to 1 default profile: "default"
[2024-10-29 14:03:25.683|INFO |main|o.s.d.r.c.RepositoryConfigurationDelegate:RepositoryConfigurationDelegate.java:multipleStoresDetected:295]	Multiple Spring Data modules found, entering strict repository configuration mode
[2024-10-29 14:03:25.688|INFO |main|o.s.d.r.c.RepositoryConfigurationDelegate:RepositoryConfigurationDelegate.java:registerRepositoriesIn:143]	Bootstrapping Spring Data Redis repositories in DEFAULT mode.
[2024-10-29 14:03:25.723|INFO |main|o.s.d.r.c.RepositoryConfigurationDelegate:RepositoryConfigurationDelegate.java:registerRepositoriesIn:211]	Finished Spring Data repository scanning in 20 ms. Found 0 Redis repository interfaces.
[2024-10-29 14:03:26.499|INFO |main|o.a.coyote.http11.Http11NioProtocol:DirectJDKLog.java:log:173]	Initializing ProtocolHandler ["http-nio-8080"]
[2024-10-29 14:03:26.502|INFO |main|o.a.catalina.core.StandardService:DirectJDKLog.java:log:173]	Starting service [Tomcat]
[2024-10-29 14:03:26.502|INFO |main|o.a.catalina.core.StandardEngine:DirectJDKLog.java:log:173]	Starting Servlet engine: [Apache Tomcat/10.1.20]
[2024-10-29 14:03:26.564|INFO |main|o.a.c.c.C.[Tomcat].[localhost].[/]:DirectJDKLog.java:log:173]	Initializing Spring embedded WebApplicationContext
[2024-10-29 14:03:27.157|DEBUG|main|c.s.S.S.C.CustomAdminAuthenticationFilter:GenericFilterBean.java:init:240]	Filter 'customAdminAuthenticationFilter' configured for use
[2024-10-29 14:03:27.158|DEBUG|main|c.s.S.S.C.CustomUserAuthenticationFilter:GenericFilterBean.java:init:240]	Filter 'customUserAuthenticationFilter' configured for use
[2024-10-29 14:03:27.159|DEBUG|main|c.s.S.S.C.CustomAuthenticationJwtFilter:GenericFilterBean.java:init:240]	Filter 'customAuthenticationJwtFilter' configured for use
[2024-10-29 14:03:27.159|DEBUG|main|c.s.S.S.C.CustomSuperAdminAuthenticationFilter:GenericFilterBean.java:init:240]	Filter 'customSuperAdminAuthenticationFilter' configured for use
[2024-10-29 14:03:27.530|INFO |main|o.s.s.web.DefaultSecurityFilterChain:DefaultSecurityFilterChain.java:<init>:54]	Will secure any request with [org.springframework.security.web.session.DisableEncodeUrlFilter@48b2dbc4, org.springframework.security.web.context.request.async.WebAsyncManagerIntegrationFilter@2a667f44, org.springframework.security.web.context.SecurityContextHolderFilter@59d5c537, org.springframework.security.web.header.HeaderWriterFilter@23469199, org.springframework.web.filter.CorsFilter@53ba7997, org.springframework.security.web.authentication.logout.LogoutFilter@14292d71, com.spring.SecurityMVC.SpringSecurity.CustomAuthenticationFilter.CustomAuthenticationJwtFilter@38f617f4, com.spring.SecurityMVC.SpringSecurity.CustomAuthenticationFilter.CustomUserAuthenticationFilter@4ce267cc, com.spring.SecurityMVC.SpringSecurity.CustomAuthenticationFilter.CustomAdminAuthenticationFilter@6ee37ca7, com.spring.SecurityMVC.SpringSecurity.CustomAuthenticationFilter.CustomSuperAdminAuthenticationFilter@3dea226b, org.springframework.security.web.authentication.www.BasicAuthenticationFilter@3212bfd, org.springframework.security.web.savedrequest.RequestCacheAwareFilter@3355168, org.springframework.security.web.servletapi.SecurityContextHolderAwareRequestFilter@2f07930a, org.springframework.security.web.authentication.AnonymousAuthenticationFilter@3f6f9cef, org.springframework.security.web.session.SessionManagementFilter@5611bba, org.springframework.security.web.access.ExceptionTranslationFilter@8af1c49, org.springframework.security.web.access.intercept.AuthorizationFilter@312a738d]
[2024-10-29 14:03:27.786|INFO |main|o.a.coyote.http11.Http11NioProtocol:DirectJDKLog.java:log:173]	Starting ProtocolHandler ["http-nio-8080"]
[2024-10-29 14:03:27.839|INFO |main|c.s.S.SecurityMvcApplication:StartupInfoLogger.java:logStarted:56]	Started SecurityMvcApplication in 3.592 seconds (process running for 3.963)
