<<<<<<< HEAD
[2024-11-08 10:19:24.463|DEBUG|main|c.s.S.S.C.CustomAdminAuthenticationFilter:GenericFilterBean.java:init:240]	Filter 'customAdminAuthenticationFilter' configured for use
[2024-11-08 10:19:24.464|DEBUG|main|c.s.S.S.C.CustomUserAuthenticationFilter:GenericFilterBean.java:init:240]	Filter 'customUserAuthenticationFilter' configured for use
[2024-11-08 10:19:24.465|DEBUG|main|c.s.S.S.C.CustomAuthenticationJwtFilter:GenericFilterBean.java:init:240]	Filter 'customAuthenticationJwtFilter' configured for use
[2024-11-08 10:19:24.466|DEBUG|main|c.s.S.S.C.CustomSuperAdminAuthenticationFilter:GenericFilterBean.java:init:240]	Filter 'customSuperAdminAuthenticationFilter' configured for use
[2024-11-08 10:27:57.027|DEBUG|main|c.s.S.S.C.CustomAdminAuthenticationFilter:GenericFilterBean.java:init:240]	Filter 'customAdminAuthenticationFilter' configured for use
[2024-11-08 10:27:57.028|DEBUG|main|c.s.S.S.C.CustomUserAuthenticationFilter:GenericFilterBean.java:init:240]	Filter 'customUserAuthenticationFilter' configured for use
[2024-11-08 10:27:57.029|DEBUG|main|c.s.S.S.C.CustomAuthenticationJwtFilter:GenericFilterBean.java:init:240]	Filter 'customAuthenticationJwtFilter' configured for use
[2024-11-08 10:27:57.030|DEBUG|main|c.s.S.S.C.CustomSuperAdminAuthenticationFilter:GenericFilterBean.java:init:240]	Filter 'customSuperAdminAuthenticationFilter' configured for use
[2024-11-08 10:28:41.397|DEBUG|main|c.s.S.S.C.CustomAdminAuthenticationFilter:GenericFilterBean.java:init:240]	Filter 'customAdminAuthenticationFilter' configured for use
[2024-11-08 10:28:41.398|DEBUG|main|c.s.S.S.C.CustomUserAuthenticationFilter:GenericFilterBean.java:init:240]	Filter 'customUserAuthenticationFilter' configured for use
[2024-11-08 10:28:41.399|DEBUG|main|c.s.S.S.C.CustomAuthenticationJwtFilter:GenericFilterBean.java:init:240]	Filter 'customAuthenticationJwtFilter' configured for use
[2024-11-08 10:28:41.400|DEBUG|main|c.s.S.S.C.CustomSuperAdminAuthenticationFilter:GenericFilterBean.java:init:240]	Filter 'customSuperAdminAuthenticationFilter' configured for use
[2024-11-08 10:32:39.314|DEBUG|main|c.s.S.S.C.CustomAdminAuthenticationFilter:GenericFilterBean.java:init:240]	Filter 'customAdminAuthenticationFilter' configured for use
[2024-11-08 10:32:39.314|DEBUG|main|c.s.S.S.C.CustomUserAuthenticationFilter:GenericFilterBean.java:init:240]	Filter 'customUserAuthenticationFilter' configured for use
[2024-11-08 10:32:39.315|DEBUG|main|c.s.S.S.C.CustomAuthenticationJwtFilter:GenericFilterBean.java:init:240]	Filter 'customAuthenticationJwtFilter' configured for use
[2024-11-08 10:32:39.315|DEBUG|main|c.s.S.S.C.CustomSuperAdminAuthenticationFilter:GenericFilterBean.java:init:240]	Filter 'customSuperAdminAuthenticationFilter' configured for use
[2024-11-08 10:34:45.392|DEBUG|main|c.s.S.S.C.CustomAdminAuthenticationFilter:GenericFilterBean.java:init:240]	Filter 'customAdminAuthenticationFilter' configured for use
[2024-11-08 10:34:45.393|DEBUG|main|c.s.S.S.C.CustomUserAuthenticationFilter:GenericFilterBean.java:init:240]	Filter 'customUserAuthenticationFilter' configured for use
[2024-11-08 10:34:45.394|DEBUG|main|c.s.S.S.C.CustomAuthenticationJwtFilter:GenericFilterBean.java:init:240]	Filter 'customAuthenticationJwtFilter' configured for use
[2024-11-08 10:34:45.394|DEBUG|main|c.s.S.S.C.CustomSuperAdminAuthenticationFilter:GenericFilterBean.java:init:240]	Filter 'customSuperAdminAuthenticationFilter' configured for use
[2024-11-08 10:35:06.652|DEBUG|main|c.s.S.S.C.CustomAdminAuthenticationFilter:GenericFilterBean.java:init:240]	Filter 'customAdminAuthenticationFilter' configured for use
[2024-11-08 10:35:06.653|DEBUG|main|c.s.S.S.C.CustomUserAuthenticationFilter:GenericFilterBean.java:init:240]	Filter 'customUserAuthenticationFilter' configured for use
[2024-11-08 10:35:06.654|DEBUG|main|c.s.S.S.C.CustomAuthenticationJwtFilter:GenericFilterBean.java:init:240]	Filter 'customAuthenticationJwtFilter' configured for use
[2024-11-08 10:35:06.655|DEBUG|main|c.s.S.S.C.CustomSuperAdminAuthenticationFilter:GenericFilterBean.java:init:240]	Filter 'customSuperAdminAuthenticationFilter' configured for use
[2024-11-08 13:45:16.295|DEBUG|main|c.s.S.S.C.CustomAdminAuthenticationFilter:GenericFilterBean.java:init:240]	Filter 'customAdminAuthenticationFilter' configured for use
[2024-11-08 13:45:16.296|DEBUG|main|c.s.S.S.C.CustomUserAuthenticationFilter:GenericFilterBean.java:init:240]	Filter 'customUserAuthenticationFilter' configured for use
[2024-11-08 13:45:16.297|DEBUG|main|c.s.S.S.C.CustomSuperAdminAuthenticationFilter:GenericFilterBean.java:init:240]	Filter 'customSuperAdminAuthenticationFilter' configured for use
=======
[2025-03-31 14:46:25.253|DEBUG|main|c.s.S.S.C.CustomAdminAuthenticationFilter:GenericFilterBean.java:init:240]	Filter 'customAdminAuthenticationFilter' configured for use
[2025-03-31 14:46:25.255|DEBUG|main|c.s.S.S.C.CustomUserAuthenticationFilter:GenericFilterBean.java:init:240]	Filter 'customUserAuthenticationFilter' configured for use
[2025-03-31 14:46:25.257|DEBUG|main|c.s.S.S.C.CustomSuperAdminAuthenticationFilter:GenericFilterBean.java:init:240]	Filter 'customSuperAdminAuthenticationFilter' configured for use
[2025-03-31 14:56:21.470|WARN |http-nio-8080-exec-5|c.s.S.S.C.CustomFailedHandler:CustomFailedHandler.java:onAuthenticationFailure:29]	Authentication failed from IP: 0:0:0:0:0:0:0:1 on API: /Security/Admin/Check with exception: User does not have ADMIN privileges
[2025-03-31 14:56:24.693|WARN |http-nio-8080-exec-6|c.s.S.S.C.CustomFailedHandler:CustomFailedHandler.java:onAuthenticationFailure:29]	Authentication failed from IP: 0:0:0:0:0:0:0:1 on API: /Security/SuperAdmin/Check with exception: User does not have SUPER_ADMIN privileges
>>>>>>> ec2857b (Secure Base commit)
