[2025-03-25 15:20:41.577|INFO |main|c.s.S.SecurityMvcApplication:StartupInfoLogger.java:logStarting:50]	Starting SecurityMvcApplication using Java 17.0.13 with PID 1526 (/Users/iseungcheol/Desktop/ai-watermark/java-backend/build/classes/java/main started by iseungcheol in /Users/iseungcheol/Desktop/ai-watermark/java-backend)
[2025-03-25 15:20:41.582|INFO |main|c.s.S.SecurityMvcApplication:SpringApplication.java:logStartupProfileInfo:654]	No active profile set, falling back to 1 default profile: "default"
[2025-03-25 15:20:42.506|INFO |main|o.s.d.r.c.RepositoryConfigurationDelegate:RepositoryConfigurationDelegate.java:multipleStoresDetected:295]	Multiple Spring Data modules found, entering strict repository configuration mode
[2025-03-25 15:20:42.509|INFO |main|o.s.d.r.c.RepositoryConfigurationDelegate:RepositoryConfigurationDelegate.java:registerRepositoriesIn:143]	Bootstrapping Spring Data Redis repositories in DEFAULT mode.
[2025-03-25 15:20:42.547|INFO |main|o.s.d.r.c.RepositoryConfigurationDelegate:RepositoryConfigurationDelegate.java:registerRepositoriesIn:211]	Finished Spring Data repository scanning in 19 ms. Found 0 Redis repository interfaces.
[2025-03-25 15:20:43.581|INFO |main|o.a.coyote.http11.Http11NioProtocol:DirectJDKLog.java:log:173]	Initializing ProtocolHandler ["http-nio-8080"]
[2025-03-25 15:20:43.584|INFO |main|o.a.catalina.core.StandardService:DirectJDKLog.java:log:173]	Starting service [Tomcat]
[2025-03-25 15:20:43.585|INFO |main|o.a.catalina.core.StandardEngine:DirectJDKLog.java:log:173]	Starting Servlet engine: [Apache Tomcat/10.1.20]
[2025-03-25 15:20:43.676|INFO |main|o.a.c.c.C.[Tomcat].[localhost].[/]:DirectJDKLog.java:log:173]	Initializing Spring embedded WebApplicationContext
[2025-03-25 15:20:44.434|DEBUG|main|c.s.S.S.C.CustomAdminAuthenticationFilter:GenericFilterBean.java:init:240]	Filter 'customAdminAuthenticationFilter' configured for use
[2025-03-25 15:20:44.436|DEBUG|main|c.s.S.S.C.CustomUserAuthenticationFilter:GenericFilterBean.java:init:240]	Filter 'customUserAuthenticationFilter' configured for use
[2025-03-25 15:20:44.437|DEBUG|main|c.s.S.S.C.CustomSuperAdminAuthenticationFilter:GenericFilterBean.java:init:240]	Filter 'customSuperAdminAuthenticationFilter' configured for use
[2025-03-25 15:20:45.108|INFO |main|o.s.s.web.DefaultSecurityFilterChain:DefaultSecurityFilterChain.java:<init>:54]	Will secure any request with [org.springframework.security.web.session.DisableEncodeUrlFilter@365bfc5f, org.springframework.security.web.context.request.async.WebAsyncManagerIntegrationFilter@1a7e799e, org.springframework.security.web.context.SecurityContextHolderFilter@5f0d8937, org.springframework.security.web.header.HeaderWriterFilter@7e31d53b, org.springframework.web.filter.CorsFilter@37a3ec27, org.springframework.security.web.authentication.logout.LogoutFilter@5611bba, com.spring.SecurityMVC.SpringSecurity.CustomAuthenticationFilter.CustomUserAuthenticationFilter@1a717d79, com.spring.SecurityMVC.SpringSecurity.CustomAuthenticationFilter.CustomAdminAuthenticationFilter@13aed42b, com.spring.SecurityMVC.SpringSecurity.CustomAuthenticationFilter.CustomSuperAdminAuthenticationFilter@78065fcd, org.springframework.security.web.authentication.www.BasicAuthenticationFilter@13c90c06, org.springframework.security.web.savedrequest.RequestCacheAwareFilter@504b8705, org.springframework.security.web.servletapi.SecurityContextHolderAwareRequestFilter@24a8e40d, org.springframework.security.web.authentication.AnonymousAuthenticationFilter@283baa39, org.springframework.security.web.session.SessionManagementFilter@64757d56, org.springframework.security.web.access.ExceptionTranslationFilter@b70fa38, org.springframework.security.web.access.intercept.AuthorizationFilter@405d8a80]
[2025-03-25 15:20:45.437|INFO |main|o.a.coyote.http11.Http11NioProtocol:DirectJDKLog.java:log:173]	Starting ProtocolHandler ["http-nio-8080"]
[2025-03-25 15:20:45.491|INFO |main|c.s.S.SecurityMvcApplication:StartupInfoLogger.java:logStarted:56]	Started SecurityMvcApplication in 4.613 seconds (process running for 5.14)
[2025-03-25 15:21:42.796|INFO |http-nio-8080-exec-2|o.a.c.c.C.[Tomcat].[localhost].[/]:DirectJDKLog.java:log:173]	Initializing Spring DispatcherServlet 'dispatcherServlet'
[2025-03-25 15:21:42.796|INFO |http-nio-8080-exec-2|o.s.web.servlet.DispatcherServlet:FrameworkServlet.java:initServletBean:532]	Initializing Servlet 'dispatcherServlet'
[2025-03-25 15:21:42.798|INFO |http-nio-8080-exec-2|o.s.web.servlet.DispatcherServlet:FrameworkServlet.java:initServletBean:554]	Completed initialization in 2 ms
[2025-03-25 15:21:44.875|ERROR|http-nio-8080-exec-2|c.s.S.S.Service.EmailService:EmailService.java:sendEmail:36]	Failed to send email to soong3899@naver.com: Authentication failed
org.springframework.mail.MailAuthenticationException: Authentication failed
	at org.springframework.mail.javamail.JavaMailSenderImpl.doSend(JavaMailSenderImpl.java:402)
	at org.springframework.mail.javamail.JavaMailSenderImpl.send(JavaMailSenderImpl.java:317)
	at org.springframework.mail.MailSender.send(MailSender.java:42)
	at com.spring.SecurityMVC.SignUpInfo.Service.EmailService.sendEmail(EmailService.java:33)
	at com.spring.SecurityMVC.SignUpInfo.Service.SignUpService.PostEmail(SignUpService.java:69)
	at com.spring.SecurityMVC.SignUpInfo.Controller.SignUpController.PostEmail(SignUpController.java:28)
	at java.base/jdk.internal.reflect.NativeMethodAccessorImpl.invoke0(Native Method)
	at java.base/jdk.internal.reflect.NativeMethodAccessorImpl.invoke(NativeMethodAccessorImpl.java:77)
	at java.base/jdk.internal.reflect.DelegatingMethodAccessorImpl.invoke(DelegatingMethodAccessorImpl.java:43)
	at java.base/java.lang.reflect.Method.invoke(Method.java:569)
	at org.springframework.web.method.support.InvocableHandlerMethod.doInvoke(InvocableHandlerMethod.java:255)
	at org.springframework.web.method.support.InvocableHandlerMethod.invokeForRequest(InvocableHandlerMethod.java:188)
	at org.springframework.web.servlet.mvc.method.annotation.ServletInvocableHandlerMethod.invokeAndHandle(ServletInvocableHandlerMethod.java:118)
	at org.springframework.web.servlet.mvc.method.annotation.RequestMappingHandlerAdapter.invokeHandlerMethod(RequestMappingHandlerAdapter.java:926)
	at org.springframework.web.servlet.mvc.method.annotation.RequestMappingHandlerAdapter.handleInternal(RequestMappingHandlerAdapter.java:831)
	at org.springframework.web.servlet.mvc.method.AbstractHandlerMethodAdapter.handle(AbstractHandlerMethodAdapter.java:87)
	at org.springframework.web.servlet.DispatcherServlet.doDispatch(DispatcherServlet.java:1089)
	at org.springframework.web.servlet.DispatcherServlet.doService(DispatcherServlet.java:979)
	at org.springframework.web.servlet.FrameworkServlet.processRequest(FrameworkServlet.java:1014)
	at org.springframework.web.servlet.FrameworkServlet.doPost(FrameworkServlet.java:914)
	at jakarta.servlet.http.HttpServlet.service(HttpServlet.java:590)
	at org.springframework.web.servlet.FrameworkServlet.service(FrameworkServlet.java:885)
	at jakarta.servlet.http.HttpServlet.service(HttpServlet.java:658)
	at org.apache.catalina.core.ApplicationFilterChain.internalDoFilter(ApplicationFilterChain.java:206)
	at org.apache.catalina.core.ApplicationFilterChain.doFilter(ApplicationFilterChain.java:150)
	at org.apache.tomcat.websocket.server.WsFilter.doFilter(WsFilter.java:51)
	at org.apache.catalina.core.ApplicationFilterChain.internalDoFilter(ApplicationFilterChain.java:175)
	at org.apache.catalina.core.ApplicationFilterChain.doFilter(ApplicationFilterChain.java:150)
	at org.springframework.security.web.authentication.AbstractAuthenticationProcessingFilter.doFilter(AbstractAuthenticationProcessingFilter.java:227)
	at org.springframework.security.web.authentication.AbstractAuthenticationProcessingFilter.doFilter(AbstractAuthenticationProcessingFilter.java:221)
	at org.apache.catalina.core.ApplicationFilterChain.internalDoFilter(ApplicationFilterChain.java:175)
	at org.apache.catalina.core.ApplicationFilterChain.doFilter(ApplicationFilterChain.java:150)
	at org.springframework.security.web.authentication.AbstractAuthenticationProcessingFilter.doFilter(AbstractAuthenticationProcessingFilter.java:227)
	at org.springframework.security.web.authentication.AbstractAuthenticationProcessingFilter.doFilter(AbstractAuthenticationProcessingFilter.java:221)
	at org.apache.catalina.core.ApplicationFilterChain.internalDoFilter(ApplicationFilterChain.java:175)
	at org.apache.catalina.core.ApplicationFilterChain.doFilter(ApplicationFilterChain.java:150)
	at org.springframework.security.web.authentication.AbstractAuthenticationProcessingFilter.doFilter(AbstractAuthenticationProcessingFilter.java:227)
	at org.springframework.security.web.authentication.AbstractAuthenticationProcessingFilter.doFilter(AbstractAuthenticationProcessingFilter.java:221)
	at org.apache.catalina.core.ApplicationFilterChain.internalDoFilter(ApplicationFilterChain.java:175)
	at org.apache.catalina.core.ApplicationFilterChain.doFilter(ApplicationFilterChain.java:150)
	at org.springframework.web.filter.CompositeFilter$VirtualFilterChain.doFilter(CompositeFilter.java:108)
	at org.springframework.security.web.FilterChainProxy.lambda$doFilterInternal$3(FilterChainProxy.java:231)
	at org.springframework.security.web.FilterChainProxy$VirtualFilterChain.doFilter(FilterChainProxy.java:365)
	at org.springframework.security.web.access.intercept.AuthorizationFilter.doFilter(AuthorizationFilter.java:100)
	at org.springframework.security.web.FilterChainProxy$VirtualFilterChain.doFilter(FilterChainProxy.java:374)
	at org.springframework.security.web.access.ExceptionTranslationFilter.doFilter(ExceptionTranslationFilter.java:126)
	at org.springframework.security.web.access.ExceptionTranslationFilter.doFilter(ExceptionTranslationFilter.java:120)
	at org.springframework.security.web.FilterChainProxy$VirtualFilterChain.doFilter(FilterChainProxy.java:374)
	at org.springframework.security.web.session.SessionManagementFilter.doFilter(SessionManagementFilter.java:131)
	at org.springframework.security.web.session.SessionManagementFilter.doFilter(SessionManagementFilter.java:85)
	at org.springframework.security.web.FilterChainProxy$VirtualFilterChain.doFilter(FilterChainProxy.java:374)
	at org.springframework.security.web.authentication.AnonymousAuthenticationFilter.doFilter(AnonymousAuthenticationFilter.java:100)
	at org.springframework.security.web.FilterChainProxy$VirtualFilterChain.doFilter(FilterChainProxy.java:374)
	at org.springframework.security.web.servletapi.SecurityContextHolderAwareRequestFilter.doFilter(SecurityContextHolderAwareRequestFilter.java:179)
	at org.springframework.security.web.FilterChainProxy$VirtualFilterChain.doFilter(FilterChainProxy.java:374)
	at org.springframework.security.web.savedrequest.RequestCacheAwareFilter.doFilter(RequestCacheAwareFilter.java:63)
	at org.springframework.security.web.FilterChainProxy$VirtualFilterChain.doFilter(FilterChainProxy.java:374)
	at org.springframework.security.web.authentication.www.BasicAuthenticationFilter.doFilterInternal(BasicAuthenticationFilter.java:181)
	at org.springframework.web.filter.OncePerRequestFilter.doFilter(OncePerRequestFilter.java:116)
	at org.springframework.security.web.FilterChainProxy$VirtualFilterChain.doFilter(FilterChainProxy.java:374)
	at org.springframework.security.web.authentication.AbstractAuthenticationProcessingFilter.doFilter(AbstractAuthenticationProcessingFilter.java:227)
	at org.springframework.security.web.authentication.AbstractAuthenticationProcessingFilter.doFilter(AbstractAuthenticationProcessingFilter.java:221)
	at org.springframework.security.web.FilterChainProxy$VirtualFilterChain.doFilter(FilterChainProxy.java:374)
	at org.springframework.security.web.authentication.AbstractAuthenticationProcessingFilter.doFilter(AbstractAuthenticationProcessingFilter.java:227)
	at org.springframework.security.web.authentication.AbstractAuthenticationProcessingFilter.doFilter(AbstractAuthenticationProcessingFilter.java:221)
	at org.springframework.security.web.FilterChainProxy$VirtualFilterChain.doFilter(FilterChainProxy.java:374)
	at org.springframework.security.web.authentication.AbstractAuthenticationProcessingFilter.doFilter(AbstractAuthenticationProcessingFilter.java:227)
	at org.springframework.security.web.authentication.AbstractAuthenticationProcessingFilter.doFilter(AbstractAuthenticationProcessingFilter.java:221)
	at org.springframework.security.web.FilterChainProxy$VirtualFilterChain.doFilter(FilterChainProxy.java:374)
	at org.springframework.security.web.authentication.logout.LogoutFilter.doFilter(LogoutFilter.java:107)
	at org.springframework.security.web.authentication.logout.LogoutFilter.doFilter(LogoutFilter.java:93)
	at org.springframework.security.web.FilterChainProxy$VirtualFilterChain.doFilter(FilterChainProxy.java:374)
	at org.springframework.web.filter.CorsFilter.doFilterInternal(CorsFilter.java:91)
	at org.springframework.web.filter.OncePerRequestFilter.doFilter(OncePerRequestFilter.java:116)
	at org.springframework.security.web.FilterChainProxy$VirtualFilterChain.doFilter(FilterChainProxy.java:374)
	at org.springframework.security.web.header.HeaderWriterFilter.doHeadersAfter(HeaderWriterFilter.java:90)
	at org.springframework.security.web.header.HeaderWriterFilter.doFilterInternal(HeaderWriterFilter.java:75)
	at org.springframework.web.filter.OncePerRequestFilter.doFilter(OncePerRequestFilter.java:116)
	at org.springframework.security.web.FilterChainProxy$VirtualFilterChain.doFilter(FilterChainProxy.java:374)
	at org.springframework.security.web.context.SecurityContextHolderFilter.doFilter(SecurityContextHolderFilter.java:82)
	at org.springframework.security.web.context.SecurityContextHolderFilter.doFilter(SecurityContextHolderFilter.java:69)
	at org.springframework.security.web.FilterChainProxy$VirtualFilterChain.doFilter(FilterChainProxy.java:374)
	at org.springframework.security.web.context.request.async.WebAsyncManagerIntegrationFilter.doFilterInternal(WebAsyncManagerIntegrationFilter.java:62)
	at org.springframework.web.filter.OncePerRequestFilter.doFilter(OncePerRequestFilter.java:116)
	at org.springframework.security.web.FilterChainProxy$VirtualFilterChain.doFilter(FilterChainProxy.java:374)
	at org.springframework.security.web.session.DisableEncodeUrlFilter.doFilterInternal(DisableEncodeUrlFilter.java:42)
	at org.springframework.web.filter.OncePerRequestFilter.doFilter(OncePerRequestFilter.java:116)
	at org.springframework.security.web.FilterChainProxy$VirtualFilterChain.doFilter(FilterChainProxy.java:374)
	at org.springframework.security.web.FilterChainProxy.doFilterInternal(FilterChainProxy.java:233)
	at org.springframework.security.web.FilterChainProxy.doFilter(FilterChainProxy.java:191)
	at org.springframework.web.filter.CompositeFilter$VirtualFilterChain.doFilter(CompositeFilter.java:113)
	at org.springframework.web.servlet.handler.HandlerMappingIntrospector.lambda$createCacheFilter$3(HandlerMappingIntrospector.java:195)
	at org.springframework.web.filter.CompositeFilter$VirtualFilterChain.doFilter(CompositeFilter.java:113)
	at org.springframework.web.filter.CompositeFilter.doFilter(CompositeFilter.java:74)
	at org.springframework.security.config.annotation.web.configuration.WebMvcSecurityConfiguration$CompositeFilterChainProxy.doFilter(WebMvcSecurityConfiguration.java:230)
	at org.springframework.web.filter.DelegatingFilterProxy.invokeDelegate(DelegatingFilterProxy.java:352)
	at org.springframework.web.filter.DelegatingFilterProxy.doFilter(DelegatingFilterProxy.java:268)
	at org.apache.catalina.core.ApplicationFilterChain.internalDoFilter(ApplicationFilterChain.java:175)
	at org.apache.catalina.core.ApplicationFilterChain.doFilter(ApplicationFilterChain.java:150)
	at org.springframework.web.filter.RequestContextFilter.doFilterInternal(RequestContextFilter.java:100)
	at org.springframework.web.filter.OncePerRequestFilter.doFilter(OncePerRequestFilter.java:116)
	at org.apache.catalina.core.ApplicationFilterChain.internalDoFilter(ApplicationFilterChain.java:175)
	at org.apache.catalina.core.ApplicationFilterChain.doFilter(ApplicationFilterChain.java:150)
	at org.springframework.web.filter.FormContentFilter.doFilterInternal(FormContentFilter.java:93)
	at org.springframework.web.filter.OncePerRequestFilter.doFilter(OncePerRequestFilter.java:116)
	at org.apache.catalina.core.ApplicationFilterChain.internalDoFilter(ApplicationFilterChain.java:175)
	at org.apache.catalina.core.ApplicationFilterChain.doFilter(ApplicationFilterChain.java:150)
	at org.springframework.session.web.http.SessionRepositoryFilter.doFilterInternal(SessionRepositoryFilter.java:142)
	at org.springframework.session.web.http.OncePerRequestFilter.doFilter(OncePerRequestFilter.java:82)
	at org.springframework.web.filter.DelegatingFilterProxy.invokeDelegate(DelegatingFilterProxy.java:352)
	at org.springframework.web.filter.DelegatingFilterProxy.doFilter(DelegatingFilterProxy.java:268)
	at org.apache.catalina.core.ApplicationFilterChain.internalDoFilter(ApplicationFilterChain.java:175)
	at org.apache.catalina.core.ApplicationFilterChain.doFilter(ApplicationFilterChain.java:150)
	at org.springframework.web.filter.CharacterEncodingFilter.doFilterInternal(CharacterEncodingFilter.java:201)
	at org.springframework.web.filter.OncePerRequestFilter.doFilter(OncePerRequestFilter.java:116)
	at org.apache.catalina.core.ApplicationFilterChain.internalDoFilter(ApplicationFilterChain.java:175)
	at org.apache.catalina.core.ApplicationFilterChain.doFilter(ApplicationFilterChain.java:150)
	at org.apache.catalina.core.StandardWrapperValve.invoke(StandardWrapperValve.java:167)
	at org.apache.catalina.core.StandardContextValve.invoke(StandardContextValve.java:90)
	at org.apache.catalina.authenticator.AuthenticatorBase.invoke(AuthenticatorBase.java:482)
	at org.apache.catalina.core.StandardHostValve.invoke(StandardHostValve.java:115)
	at org.apache.catalina.valves.ErrorReportValve.invoke(ErrorReportValve.java:93)
	at org.apache.catalina.core.StandardEngineValve.invoke(StandardEngineValve.java:74)
	at org.apache.catalina.connector.CoyoteAdapter.service(CoyoteAdapter.java:344)
	at org.apache.coyote.http11.Http11Processor.service(Http11Processor.java:391)
	at org.apache.coyote.AbstractProcessorLight.process(AbstractProcessorLight.java:63)
	at org.apache.coyote.AbstractProtocol$ConnectionHandler.process(AbstractProtocol.java:896)
	at org.apache.tomcat.util.net.NioEndpoint$SocketProcessor.doRun(NioEndpoint.java:1736)
	at org.apache.tomcat.util.net.SocketProcessorBase.run(SocketProcessorBase.java:52)
	at org.apache.tomcat.util.threads.ThreadPoolExecutor.runWorker(ThreadPoolExecutor.java:1191)
	at org.apache.tomcat.util.threads.ThreadPoolExecutor$Worker.run(ThreadPoolExecutor.java:659)
	at org.apache.tomcat.util.threads.TaskThread$WrappingRunnable.run(TaskThread.java:63)
	at java.base/java.lang.Thread.run(Thread.java:840)
Caused by: jakarta.mail.AuthenticationFailedException: 535 5.7.1 Username and Password not accepted sb7izFpmQbyp-GyAQ4fFcQ - nsmtp

	at org.eclipse.angus.mail.smtp.SMTPTransport$Authenticator.authenticate(SMTPTransport.java:954)
	at org.eclipse.angus.mail.smtp.SMTPTransport.authenticate(SMTPTransport.java:865)
	at org.eclipse.angus.mail.smtp.SMTPTransport.protocolConnect(SMTPTransport.java:769)
	at jakarta.mail.Service.connect(Service.java:345)
	at org.springframework.mail.javamail.JavaMailSenderImpl.connectTransport(JavaMailSenderImpl.java:480)
	at org.springframework.mail.javamail.JavaMailSenderImpl.doSend(JavaMailSenderImpl.java:399)
	... 132 common frames omitted
[2025-03-25 15:23:56.892|INFO |http-nio-8080-exec-3|c.s.S.S.Service.EmailService:EmailService.java:sendEmail:34]	Email sent successfully to soong3899@naver.com
[2025-03-25 15:27:16.687|INFO |http-nio-8080-exec-7|c.s.S.S.Service.EmailService:EmailService.java:sendEmail:34]	Email sent successfully to soong3899@naver.com
[2025-03-25 15:27:37.934|INFO |http-nio-8080-exec-8|c.s.S.S.Service.EmailService:EmailService.java:sendEmail:34]	Email sent successfully to kwon010919@naver.com
[2025-03-25 15:28:45.262|INFO |http-nio-8080-exec-1|c.s.S.S.Service.EmailService:EmailService.java:sendEmail:34]	Email sent successfully to soong3899@naver.com
[2025-03-25 15:41:34.482|INFO |http-nio-8080-exec-9|com.zaxxer.hikari.HikariDataSource:HikariDataSource.java:getConnection:110]	HikariPool-1 - Starting...
[2025-03-25 15:41:34.620|INFO |http-nio-8080-exec-9|com.zaxxer.hikari.pool.HikariPool:HikariPool.java:checkFailFast:565]	HikariPool-1 - Added connection org.mariadb.jdbc.Connection@769de885
[2025-03-25 15:41:34.623|INFO |http-nio-8080-exec-9|com.zaxxer.hikari.HikariDataSource:HikariDataSource.java:getConnection:123]	HikariPool-1 - Start completed.
[2025-03-25 15:41:34.668|WARN |http-nio-8080-exec-9|o.m.jdbc.message.server.ErrorPacket:Slf4JLogger.java:warn:99]	Error: 1364-HY000: Field 'phone' doesn't have a default value
[2025-03-25 15:41:53.429|WARN |http-nio-8080-exec-10|o.m.jdbc.message.server.ErrorPacket:Slf4JLogger.java:warn:99]	Error: 1364-HY000: Field 'phone' doesn't have a default value
[2025-03-25 15:45:13.348|INFO |SpringApplicationShutdownHook|com.zaxxer.hikari.HikariDataSource:HikariDataSource.java:close:350]	HikariPool-1 - Shutdown initiated...
[2025-03-25 15:45:13.354|INFO |SpringApplicationShutdownHook|com.zaxxer.hikari.HikariDataSource:HikariDataSource.java:close:352]	HikariPool-1 - Shutdown completed.
[2025-03-25 15:45:16.354|INFO |main|c.s.S.SecurityMvcApplication:StartupInfoLogger.java:logStarting:50]	Starting SecurityMvcApplication using Java 17.0.13 with PID 17678 (/Users/iseungcheol/Desktop/ai-watermark/java-backend/build/classes/java/main started by iseungcheol in /Users/iseungcheol/Desktop/ai-watermark/java-backend)
[2025-03-25 15:45:16.357|INFO |main|c.s.S.SecurityMvcApplication:SpringApplication.java:logStartupProfileInfo:654]	No active profile set, falling back to 1 default profile: "default"
[2025-03-25 15:45:17.327|INFO |main|o.s.d.r.c.RepositoryConfigurationDelegate:RepositoryConfigurationDelegate.java:multipleStoresDetected:295]	Multiple Spring Data modules found, entering strict repository configuration mode
[2025-03-25 15:45:17.330|INFO |main|o.s.d.r.c.RepositoryConfigurationDelegate:RepositoryConfigurationDelegate.java:registerRepositoriesIn:143]	Bootstrapping Spring Data Redis repositories in DEFAULT mode.
[2025-03-25 15:45:17.377|INFO |main|o.s.d.r.c.RepositoryConfigurationDelegate:RepositoryConfigurationDelegate.java:registerRepositoriesIn:211]	Finished Spring Data repository scanning in 28 ms. Found 0 Redis repository interfaces.
[2025-03-25 15:45:18.333|INFO |main|o.a.coyote.http11.Http11NioProtocol:DirectJDKLog.java:log:173]	Initializing ProtocolHandler ["http-nio-8080"]
[2025-03-25 15:45:18.337|INFO |main|o.a.catalina.core.StandardService:DirectJDKLog.java:log:173]	Starting service [Tomcat]
[2025-03-25 15:45:18.337|INFO |main|o.a.catalina.core.StandardEngine:DirectJDKLog.java:log:173]	Starting Servlet engine: [Apache Tomcat/10.1.20]
[2025-03-25 15:45:18.406|INFO |main|o.a.c.c.C.[Tomcat].[localhost].[/]:DirectJDKLog.java:log:173]	Initializing Spring embedded WebApplicationContext
[2025-03-25 15:45:19.082|DEBUG|main|c.s.S.S.C.CustomAdminAuthenticationFilter:GenericFilterBean.java:init:240]	Filter 'customAdminAuthenticationFilter' configured for use
[2025-03-25 15:45:19.083|DEBUG|main|c.s.S.S.C.CustomUserAuthenticationFilter:GenericFilterBean.java:init:240]	Filter 'customUserAuthenticationFilter' configured for use
[2025-03-25 15:45:19.084|DEBUG|main|c.s.S.S.C.CustomSuperAdminAuthenticationFilter:GenericFilterBean.java:init:240]	Filter 'customSuperAdminAuthenticationFilter' configured for use
[2025-03-25 15:45:19.457|INFO |main|o.s.s.web.DefaultSecurityFilterChain:DefaultSecurityFilterChain.java:<init>:54]	Will secure any request with [org.springframework.security.web.session.DisableEncodeUrlFilter@4a4b288a, org.springframework.security.web.context.request.async.WebAsyncManagerIntegrationFilter@1c6ac73c, org.springframework.security.web.context.SecurityContextHolderFilter@b70fa38, org.springframework.security.web.header.HeaderWriterFilter@7c5c20ed, org.springframework.web.filter.CorsFilter@29892a77, org.springframework.security.web.authentication.logout.LogoutFilter@72715e61, com.spring.SecurityMVC.SpringSecurity.CustomAuthenticationFilter.CustomUserAuthenticationFilter@3dea226b, com.spring.SecurityMVC.SpringSecurity.CustomAuthenticationFilter.CustomAdminAuthenticationFilter@7c91fe86, com.spring.SecurityMVC.SpringSecurity.CustomAuthenticationFilter.CustomSuperAdminAuthenticationFilter@13d289c7, org.springframework.security.web.authentication.www.BasicAuthenticationFilter@59d5c537, org.springframework.security.web.savedrequest.RequestCacheAwareFilter@7e31d53b, org.springframework.security.web.servletapi.SecurityContextHolderAwareRequestFilter@68d8eb4f, org.springframework.security.web.authentication.AnonymousAuthenticationFilter@5341e71a, org.springframework.security.web.session.SessionManagementFilter@2aac8ad7, org.springframework.security.web.access.ExceptionTranslationFilter@7ff6804a, org.springframework.security.web.access.intercept.AuthorizationFilter@15f861ee]
[2025-03-25 15:45:19.725|INFO |main|o.a.coyote.http11.Http11NioProtocol:DirectJDKLog.java:log:173]	Starting ProtocolHandler ["http-nio-8080"]
[2025-03-25 15:45:19.766|INFO |main|c.s.S.SecurityMvcApplication:StartupInfoLogger.java:logStarted:56]	Started SecurityMvcApplication in 4.004 seconds (process running for 4.482)
[2025-03-25 15:45:27.767|INFO |http-nio-8080-exec-2|o.a.c.c.C.[Tomcat].[localhost].[/]:DirectJDKLog.java:log:173]	Initializing Spring DispatcherServlet 'dispatcherServlet'
[2025-03-25 15:45:27.768|INFO |http-nio-8080-exec-2|o.s.web.servlet.DispatcherServlet:FrameworkServlet.java:initServletBean:532]	Initializing Servlet 'dispatcherServlet'
[2025-03-25 15:45:27.770|INFO |http-nio-8080-exec-2|o.s.web.servlet.DispatcherServlet:FrameworkServlet.java:initServletBean:554]	Completed initialization in 2 ms
[2025-03-25 15:45:28.032|INFO |http-nio-8080-exec-2|com.zaxxer.hikari.HikariDataSource:HikariDataSource.java:getConnection:110]	HikariPool-1 - Starting...
[2025-03-25 15:45:28.138|INFO |http-nio-8080-exec-2|com.zaxxer.hikari.pool.HikariPool:HikariPool.java:checkFailFast:565]	HikariPool-1 - Added connection org.mariadb.jdbc.Connection@26b9559c
[2025-03-25 15:45:28.146|INFO |http-nio-8080-exec-2|com.zaxxer.hikari.HikariDataSource:HikariDataSource.java:getConnection:123]	HikariPool-1 - Start completed.
[2025-03-25 15:45:28.196|WARN |http-nio-8080-exec-2|o.m.jdbc.message.server.ErrorPacket:Slf4JLogger.java:warn:99]	Error: 1364-HY000: Field 'userid' doesn't have a default value
[2025-03-25 15:47:28.400|WARN |http-nio-8080-exec-5|o.m.jdbc.message.server.ErrorPacket:Slf4JLogger.java:warn:99]	Error: 1062-23000: Duplicate entry 'soong2482' for key 'PRIMARY'
[2025-03-25 15:48:08.027|WARN |http-nio-8080-exec-6|o.m.jdbc.message.server.ErrorPacket:Slf4JLogger.java:warn:99]	Error: 1452-23000: Cannot add or update a child row: a foreign key constraint fails (`springsecurity`.`authorities`, CONSTRAINT `authorities_ibfk_2` FOREIGN KEY (`roleid`) REFERENCES `roles` (`roleid`) ON DELETE CASCADE ON UPDATE CASCADE)
[2025-03-25 15:54:26.674|WARN |http-nio-8080-exec-9|o.m.jdbc.message.server.ErrorPacket:Slf4JLogger.java:warn:99]	Error: 1406-22001: Data too long for column 'ipaddress' at row 1
[2025-03-25 15:57:48.874|INFO |SpringApplicationShutdownHook|com.zaxxer.hikari.HikariDataSource:HikariDataSource.java:close:350]	HikariPool-1 - Shutdown initiated...
[2025-03-25 15:57:48.879|INFO |SpringApplicationShutdownHook|com.zaxxer.hikari.HikariDataSource:HikariDataSource.java:close:352]	HikariPool-1 - Shutdown completed.
[2025-03-25 15:57:54.059|INFO |main|c.s.S.SecurityMvcApplication:StartupInfoLogger.java:logStarting:50]	Starting SecurityMvcApplication using Java 17.0.13 with PID 25129 (/Users/iseungcheol/Desktop/ai-watermark/java-backend/build/classes/java/main started by iseungcheol in /Users/iseungcheol/Desktop/ai-watermark/java-backend)
[2025-03-25 15:57:54.062|INFO |main|c.s.S.SecurityMvcApplication:SpringApplication.java:logStartupProfileInfo:654]	No active profile set, falling back to 1 default profile: "default"
[2025-03-25 15:57:55.154|INFO |main|o.s.d.r.c.RepositoryConfigurationDelegate:RepositoryConfigurationDelegate.java:multipleStoresDetected:295]	Multiple Spring Data modules found, entering strict repository configuration mode
[2025-03-25 15:57:55.158|INFO |main|o.s.d.r.c.RepositoryConfigurationDelegate:RepositoryConfigurationDelegate.java:registerRepositoriesIn:143]	Bootstrapping Spring Data Redis repositories in DEFAULT mode.
[2025-03-25 15:57:55.200|INFO |main|o.s.d.r.c.RepositoryConfigurationDelegate:RepositoryConfigurationDelegate.java:registerRepositoriesIn:211]	Finished Spring Data repository scanning in 24 ms. Found 0 Redis repository interfaces.
[2025-03-25 15:57:56.083|INFO |main|o.a.coyote.http11.Http11NioProtocol:DirectJDKLog.java:log:173]	Initializing ProtocolHandler ["http-nio-8080"]
[2025-03-25 15:57:56.085|INFO |main|o.a.catalina.core.StandardService:DirectJDKLog.java:log:173]	Starting service [Tomcat]
[2025-03-25 15:57:56.085|INFO |main|o.a.catalina.core.StandardEngine:DirectJDKLog.java:log:173]	Starting Servlet engine: [Apache Tomcat/10.1.20]
[2025-03-25 15:57:56.148|INFO |main|o.a.c.c.C.[Tomcat].[localhost].[/]:DirectJDKLog.java:log:173]	Initializing Spring embedded WebApplicationContext
[2025-03-25 15:57:56.915|DEBUG|main|c.s.S.S.C.CustomAdminAuthenticationFilter:GenericFilterBean.java:init:240]	Filter 'customAdminAuthenticationFilter' configured for use
[2025-03-25 15:57:56.916|DEBUG|main|c.s.S.S.C.CustomUserAuthenticationFilter:GenericFilterBean.java:init:240]	Filter 'customUserAuthenticationFilter' configured for use
[2025-03-25 15:57:56.916|DEBUG|main|c.s.S.S.C.CustomSuperAdminAuthenticationFilter:GenericFilterBean.java:init:240]	Filter 'customSuperAdminAuthenticationFilter' configured for use
[2025-03-25 15:57:57.413|INFO |main|o.s.s.web.DefaultSecurityFilterChain:DefaultSecurityFilterChain.java:<init>:54]	Will secure any request with [org.springframework.security.web.session.DisableEncodeUrlFilter@4a4b288a, org.springframework.security.web.context.request.async.WebAsyncManagerIntegrationFilter@1c6ac73c, org.springframework.security.web.context.SecurityContextHolderFilter@b70fa38, org.springframework.security.web.header.HeaderWriterFilter@7c5c20ed, org.springframework.web.filter.CorsFilter@29892a77, org.springframework.security.web.authentication.logout.LogoutFilter@72715e61, com.spring.SecurityMVC.SpringSecurity.CustomAuthenticationFilter.CustomUserAuthenticationFilter@3dea226b, com.spring.SecurityMVC.SpringSecurity.CustomAuthenticationFilter.CustomAdminAuthenticationFilter@7c91fe86, com.spring.SecurityMVC.SpringSecurity.CustomAuthenticationFilter.CustomSuperAdminAuthenticationFilter@13d289c7, org.springframework.security.web.authentication.www.BasicAuthenticationFilter@59d5c537, org.springframework.security.web.savedrequest.RequestCacheAwareFilter@7e31d53b, org.springframework.security.web.servletapi.SecurityContextHolderAwareRequestFilter@68d8eb4f, org.springframework.security.web.authentication.AnonymousAuthenticationFilter@5341e71a, org.springframework.security.web.session.SessionManagementFilter@2aac8ad7, org.springframework.security.web.access.ExceptionTranslationFilter@7ff6804a, org.springframework.security.web.access.intercept.AuthorizationFilter@15f861ee]
[2025-03-25 15:57:57.744|INFO |main|o.a.coyote.http11.Http11NioProtocol:DirectJDKLog.java:log:173]	Starting ProtocolHandler ["http-nio-8080"]
[2025-03-25 15:57:57.823|INFO |main|c.s.S.SecurityMvcApplication:StartupInfoLogger.java:logStarted:56]	Started SecurityMvcApplication in 4.405 seconds (process running for 4.815)
[2025-03-25 15:58:02.615|INFO |http-nio-8080-exec-2|o.a.c.c.C.[Tomcat].[localhost].[/]:DirectJDKLog.java:log:173]	Initializing Spring DispatcherServlet 'dispatcherServlet'
[2025-03-25 15:58:02.615|INFO |http-nio-8080-exec-2|o.s.web.servlet.DispatcherServlet:FrameworkServlet.java:initServletBean:532]	Initializing Servlet 'dispatcherServlet'
[2025-03-25 15:58:02.618|INFO |http-nio-8080-exec-2|o.s.web.servlet.DispatcherServlet:FrameworkServlet.java:initServletBean:554]	Completed initialization in 2 ms
[2025-03-25 15:58:02.966|INFO |http-nio-8080-exec-2|com.zaxxer.hikari.HikariDataSource:HikariDataSource.java:getConnection:110]	HikariPool-1 - Starting...
[2025-03-25 15:58:03.071|INFO |http-nio-8080-exec-2|com.zaxxer.hikari.pool.HikariPool:HikariPool.java:checkFailFast:565]	HikariPool-1 - Added connection org.mariadb.jdbc.Connection@663e5d4d
[2025-03-25 15:58:03.073|INFO |http-nio-8080-exec-2|com.zaxxer.hikari.HikariDataSource:HikariDataSource.java:getConnection:123]	HikariPool-1 - Start completed.
[2025-03-25 15:58:03.115|WARN |http-nio-8080-exec-2|o.m.jdbc.message.server.ErrorPacket:Slf4JLogger.java:warn:99]	Error: 1406-22001: Data too long for column 'ipaddress' at row 1
[2025-03-25 15:59:42.331|INFO |SpringApplicationShutdownHook|com.zaxxer.hikari.HikariDataSource:HikariDataSource.java:close:350]	HikariPool-1 - Shutdown initiated...
[2025-03-25 15:59:42.366|INFO |SpringApplicationShutdownHook|com.zaxxer.hikari.HikariDataSource:HikariDataSource.java:close:352]	HikariPool-1 - Shutdown completed.
[2025-03-25 15:59:45.922|INFO |main|c.s.S.SecurityMvcApplication:StartupInfoLogger.java:logStarting:50]	Starting SecurityMvcApplication using Java 17.0.13 with PID 26109 (/Users/iseungcheol/Desktop/ai-watermark/java-backend/build/classes/java/main started by iseungcheol in /Users/iseungcheol/Desktop/ai-watermark/java-backend)
[2025-03-25 15:59:45.926|INFO |main|c.s.S.SecurityMvcApplication:SpringApplication.java:logStartupProfileInfo:654]	No active profile set, falling back to 1 default profile: "default"
[2025-03-25 15:59:47.033|INFO |main|o.s.d.r.c.RepositoryConfigurationDelegate:RepositoryConfigurationDelegate.java:multipleStoresDetected:295]	Multiple Spring Data modules found, entering strict repository configuration mode
[2025-03-25 15:59:47.038|INFO |main|o.s.d.r.c.RepositoryConfigurationDelegate:RepositoryConfigurationDelegate.java:registerRepositoriesIn:143]	Bootstrapping Spring Data Redis repositories in DEFAULT mode.
[2025-03-25 15:59:47.078|INFO |main|o.s.d.r.c.RepositoryConfigurationDelegate:RepositoryConfigurationDelegate.java:registerRepositoriesIn:211]	Finished Spring Data repository scanning in 23 ms. Found 0 Redis repository interfaces.
[2025-03-25 15:59:47.949|INFO |main|o.a.coyote.http11.Http11NioProtocol:DirectJDKLog.java:log:173]	Initializing ProtocolHandler ["http-nio-8080"]
[2025-03-25 15:59:47.952|INFO |main|o.a.catalina.core.StandardService:DirectJDKLog.java:log:173]	Starting service [Tomcat]
[2025-03-25 15:59:47.952|INFO |main|o.a.catalina.core.StandardEngine:DirectJDKLog.java:log:173]	Starting Servlet engine: [Apache Tomcat/10.1.20]
[2025-03-25 15:59:48.016|INFO |main|o.a.c.c.C.[Tomcat].[localhost].[/]:DirectJDKLog.java:log:173]	Initializing Spring embedded WebApplicationContext
[2025-03-25 15:59:48.761|DEBUG|main|c.s.S.S.C.CustomAdminAuthenticationFilter:GenericFilterBean.java:init:240]	Filter 'customAdminAuthenticationFilter' configured for use
[2025-03-25 15:59:48.762|DEBUG|main|c.s.S.S.C.CustomUserAuthenticationFilter:GenericFilterBean.java:init:240]	Filter 'customUserAuthenticationFilter' configured for use
[2025-03-25 15:59:48.763|DEBUG|main|c.s.S.S.C.CustomSuperAdminAuthenticationFilter:GenericFilterBean.java:init:240]	Filter 'customSuperAdminAuthenticationFilter' configured for use
[2025-03-25 15:59:49.290|INFO |main|o.s.s.web.DefaultSecurityFilterChain:DefaultSecurityFilterChain.java:<init>:54]	Will secure any request with [org.springframework.security.web.session.DisableEncodeUrlFilter@29892a77, org.springframework.security.web.context.request.async.WebAsyncManagerIntegrationFilter@5341e71a, org.springframework.security.web.context.SecurityContextHolderFilter@7e31d53b, org.springframework.security.web.header.HeaderWriterFilter@2aac8ad7, org.springframework.web.filter.CorsFilter@405d8a80, org.springframework.security.web.authentication.logout.LogoutFilter@5a6195b8, com.spring.SecurityMVC.SpringSecurity.CustomAuthenticationFilter.CustomUserAuthenticationFilter@7c91fe86, com.spring.SecurityMVC.SpringSecurity.CustomAuthenticationFilter.CustomAdminAuthenticationFilter@13d289c7, com.spring.SecurityMVC.SpringSecurity.CustomAuthenticationFilter.CustomSuperAdminAuthenticationFilter@1412682c, org.springframework.security.web.authentication.www.BasicAuthenticationFilter@3355168, org.springframework.security.web.savedrequest.RequestCacheAwareFilter@64757d56, org.springframework.security.web.servletapi.SecurityContextHolderAwareRequestFilter@4813d0, org.springframework.security.web.authentication.AnonymousAuthenticationFilter@ac4e690, org.springframework.security.web.session.SessionManagementFilter@778c2e7c, org.springframework.security.web.access.ExceptionTranslationFilter@7c5c20ed, org.springframework.security.web.access.intercept.AuthorizationFilter@6463da36]
[2025-03-25 15:59:49.569|INFO |main|o.a.coyote.http11.Http11NioProtocol:DirectJDKLog.java:log:173]	Starting ProtocolHandler ["http-nio-8080"]
[2025-03-25 15:59:49.617|INFO |main|c.s.S.SecurityMvcApplication:StartupInfoLogger.java:logStarted:56]	Started SecurityMvcApplication in 4.286 seconds (process running for 4.625)
[2025-03-25 16:00:01.647|INFO |http-nio-8080-exec-2|o.a.c.c.C.[Tomcat].[localhost].[/]:DirectJDKLog.java:log:173]	Initializing Spring DispatcherServlet 'dispatcherServlet'
[2025-03-25 16:00:01.648|INFO |http-nio-8080-exec-2|o.s.web.servlet.DispatcherServlet:FrameworkServlet.java:initServletBean:532]	Initializing Servlet 'dispatcherServlet'
[2025-03-25 16:00:01.650|INFO |http-nio-8080-exec-2|o.s.web.servlet.DispatcherServlet:FrameworkServlet.java:initServletBean:554]	Completed initialization in 2 ms
[2025-03-25 16:00:01.920|INFO |http-nio-8080-exec-2|com.zaxxer.hikari.HikariDataSource:HikariDataSource.java:getConnection:110]	HikariPool-1 - Starting...
[2025-03-25 16:00:02.035|INFO |http-nio-8080-exec-2|com.zaxxer.hikari.pool.HikariPool:HikariPool.java:checkFailFast:565]	HikariPool-1 - Added connection org.mariadb.jdbc.Connection@391d371f
[2025-03-25 16:00:02.037|INFO |http-nio-8080-exec-2|com.zaxxer.hikari.HikariDataSource:HikariDataSource.java:getConnection:123]	HikariPool-1 - Start completed.
[2025-03-25 16:00:02.057|WARN |http-nio-8080-exec-2|o.m.jdbc.message.server.ErrorPacket:Slf4JLogger.java:warn:99]	Error: 1406-22001: Data too long for column 'ipaddress' at row 1
[2025-03-25 16:00:38.807|INFO |SpringApplicationShutdownHook|com.zaxxer.hikari.HikariDataSource:HikariDataSource.java:close:350]	HikariPool-1 - Shutdown initiated...
[2025-03-25 16:00:38.813|INFO |SpringApplicationShutdownHook|com.zaxxer.hikari.HikariDataSource:HikariDataSource.java:close:352]	HikariPool-1 - Shutdown completed.
[2025-03-25 16:00:41.652|INFO |main|c.s.S.SecurityMvcApplication:StartupInfoLogger.java:logStarting:50]	Starting SecurityMvcApplication using Java 17.0.13 with PID 26573 (/Users/iseungcheol/Desktop/ai-watermark/java-backend/build/classes/java/main started by iseungcheol in /Users/iseungcheol/Desktop/ai-watermark/java-backend)
[2025-03-25 16:00:41.656|INFO |main|c.s.S.SecurityMvcApplication:SpringApplication.java:logStartupProfileInfo:654]	No active profile set, falling back to 1 default profile: "default"
[2025-03-25 16:00:42.541|INFO |main|o.s.d.r.c.RepositoryConfigurationDelegate:RepositoryConfigurationDelegate.java:multipleStoresDetected:295]	Multiple Spring Data modules found, entering strict repository configuration mode
[2025-03-25 16:00:42.544|INFO |main|o.s.d.r.c.RepositoryConfigurationDelegate:RepositoryConfigurationDelegate.java:registerRepositoriesIn:143]	Bootstrapping Spring Data Redis repositories in DEFAULT mode.
[2025-03-25 16:00:42.599|INFO |main|o.s.d.r.c.RepositoryConfigurationDelegate:RepositoryConfigurationDelegate.java:registerRepositoriesIn:211]	Finished Spring Data repository scanning in 33 ms. Found 0 Redis repository interfaces.
[2025-03-25 16:00:43.834|INFO |main|o.a.coyote.http11.Http11NioProtocol:DirectJDKLog.java:log:173]	Initializing ProtocolHandler ["http-nio-8080"]
[2025-03-25 16:00:43.837|INFO |main|o.a.catalina.core.StandardService:DirectJDKLog.java:log:173]	Starting service [Tomcat]
[2025-03-25 16:00:43.837|INFO |main|o.a.catalina.core.StandardEngine:DirectJDKLog.java:log:173]	Starting Servlet engine: [Apache Tomcat/10.1.20]
[2025-03-25 16:00:43.919|INFO |main|o.a.c.c.C.[Tomcat].[localhost].[/]:DirectJDKLog.java:log:173]	Initializing Spring embedded WebApplicationContext
[2025-03-25 16:00:44.889|DEBUG|main|c.s.S.S.C.CustomAdminAuthenticationFilter:GenericFilterBean.java:init:240]	Filter 'customAdminAuthenticationFilter' configured for use
[2025-03-25 16:00:44.890|DEBUG|main|c.s.S.S.C.CustomUserAuthenticationFilter:GenericFilterBean.java:init:240]	Filter 'customUserAuthenticationFilter' configured for use
[2025-03-25 16:00:44.891|DEBUG|main|c.s.S.S.C.CustomSuperAdminAuthenticationFilter:GenericFilterBean.java:init:240]	Filter 'customSuperAdminAuthenticationFilter' configured for use
[2025-03-25 16:00:45.273|INFO |main|o.s.s.web.DefaultSecurityFilterChain:DefaultSecurityFilterChain.java:<init>:54]	Will secure any request with [org.springframework.security.web.session.DisableEncodeUrlFilter@4cfc0c48, org.springframework.security.web.context.request.async.WebAsyncManagerIntegrationFilter@59d5c537, org.springframework.security.web.context.SecurityContextHolderFilter@71139e77, org.springframework.security.web.header.HeaderWriterFilter@69d2e517, org.springframework.web.filter.CorsFilter@5464b97c, org.springframework.security.web.authentication.logout.LogoutFilter@779228dc, com.spring.SecurityMVC.SpringSecurity.CustomAuthenticationFilter.CustomUserAuthenticationFilter@7e2c6702, com.spring.SecurityMVC.SpringSecurity.CustomAuthenticationFilter.CustomAdminAuthenticationFilter@6734ff92, com.spring.SecurityMVC.SpringSecurity.CustomAuthenticationFilter.CustomSuperAdminAuthenticationFilter@4ce267cc, org.springframework.security.web.authentication.www.BasicAuthenticationFilter@618f627b, org.springframework.security.web.savedrequest.RequestCacheAwareFilter@2404abe2, org.springframework.security.web.servletapi.SecurityContextHolderAwareRequestFilter@16cf7fd0, org.springframework.security.web.authentication.AnonymousAuthenticationFilter@3355168, org.springframework.security.web.session.SessionManagementFilter@3b30eec5, org.springframework.security.web.access.ExceptionTranslationFilter@1de73d37, org.springframework.security.web.access.intercept.AuthorizationFilter@75dc1c1c]
[2025-03-25 16:00:45.509|INFO |main|o.a.coyote.http11.Http11NioProtocol:DirectJDKLog.java:log:173]	Starting ProtocolHandler ["http-nio-8080"]
[2025-03-25 16:00:45.561|INFO |main|c.s.S.SecurityMvcApplication:StartupInfoLogger.java:logStarted:56]	Started SecurityMvcApplication in 4.513 seconds (process running for 4.9)
[2025-03-25 16:00:55.802|INFO |http-nio-8080-exec-1|o.a.c.c.C.[Tomcat].[localhost].[/]:DirectJDKLog.java:log:173]	Initializing Spring DispatcherServlet 'dispatcherServlet'
[2025-03-25 16:00:55.802|INFO |http-nio-8080-exec-1|o.s.web.servlet.DispatcherServlet:FrameworkServlet.java:initServletBean:532]	Initializing Servlet 'dispatcherServlet'
[2025-03-25 16:00:55.804|INFO |http-nio-8080-exec-1|o.s.web.servlet.DispatcherServlet:FrameworkServlet.java:initServletBean:554]	Completed initialization in 2 ms
[2025-03-25 16:02:17.984|INFO |main|c.s.S.SecurityMvcApplication:StartupInfoLogger.java:logStarting:50]	Starting SecurityMvcApplication using Java 17.0.13 with PID 27300 (/Users/iseungcheol/Desktop/ai-watermark/java-backend/build/classes/java/main started by iseungcheol in /Users/iseungcheol/Desktop/ai-watermark/java-backend)
[2025-03-25 16:02:17.988|INFO |main|c.s.S.SecurityMvcApplication:SpringApplication.java:logStartupProfileInfo:654]	No active profile set, falling back to 1 default profile: "default"
[2025-03-25 16:02:18.945|INFO |main|o.s.d.r.c.RepositoryConfigurationDelegate:RepositoryConfigurationDelegate.java:multipleStoresDetected:295]	Multiple Spring Data modules found, entering strict repository configuration mode
[2025-03-25 16:02:18.948|INFO |main|o.s.d.r.c.RepositoryConfigurationDelegate:RepositoryConfigurationDelegate.java:registerRepositoriesIn:143]	Bootstrapping Spring Data Redis repositories in DEFAULT mode.
[2025-03-25 16:02:18.990|INFO |main|o.s.d.r.c.RepositoryConfigurationDelegate:RepositoryConfigurationDelegate.java:registerRepositoriesIn:211]	Finished Spring Data repository scanning in 27 ms. Found 0 Redis repository interfaces.
[2025-03-25 16:02:19.817|INFO |main|o.a.coyote.http11.Http11NioProtocol:DirectJDKLog.java:log:173]	Initializing ProtocolHandler ["http-nio-8080"]
[2025-03-25 16:02:19.819|INFO |main|o.a.catalina.core.StandardService:DirectJDKLog.java:log:173]	Starting service [Tomcat]
[2025-03-25 16:02:19.819|INFO |main|o.a.catalina.core.StandardEngine:DirectJDKLog.java:log:173]	Starting Servlet engine: [Apache Tomcat/10.1.20]
[2025-03-25 16:02:19.889|INFO |main|o.a.c.c.C.[Tomcat].[localhost].[/]:DirectJDKLog.java:log:173]	Initializing Spring embedded WebApplicationContext
[2025-03-25 16:02:20.552|DEBUG|main|c.s.S.S.C.CustomAdminAuthenticationFilter:GenericFilterBean.java:init:240]	Filter 'customAdminAuthenticationFilter' configured for use
[2025-03-25 16:02:20.553|DEBUG|main|c.s.S.S.C.CustomUserAuthenticationFilter:GenericFilterBean.java:init:240]	Filter 'customUserAuthenticationFilter' configured for use
[2025-03-25 16:02:20.555|DEBUG|main|c.s.S.S.C.CustomSuperAdminAuthenticationFilter:GenericFilterBean.java:init:240]	Filter 'customSuperAdminAuthenticationFilter' configured for use
[2025-03-25 16:02:20.969|INFO |main|o.s.s.web.DefaultSecurityFilterChain:DefaultSecurityFilterChain.java:<init>:54]	Will secure any request with [org.springframework.security.web.session.DisableEncodeUrlFilter@3f1158ee, org.springframework.security.web.context.request.async.WebAsyncManagerIntegrationFilter@6463da36, org.springframework.security.web.context.SecurityContextHolderFilter@6a4a2090, org.springframework.security.web.header.HeaderWriterFilter@7ff6804a, org.springframework.web.filter.CorsFilter@4a4b288a, org.springframework.security.web.authentication.logout.LogoutFilter@10745a02, com.spring.SecurityMVC.SpringSecurity.CustomAuthenticationFilter.CustomUserAuthenticationFilter@38f617f4, com.spring.SecurityMVC.SpringSecurity.CustomAuthenticationFilter.CustomAdminAuthenticationFilter@3dea226b, com.spring.SecurityMVC.SpringSecurity.CustomAuthenticationFilter.CustomSuperAdminAuthenticationFilter@7c91fe86, org.springframework.security.web.authentication.www.BasicAuthenticationFilter@5ba184fc, org.springframework.security.web.savedrequest.RequestCacheAwareFilter@b70fa38, org.springframework.security.web.servletapi.SecurityContextHolderAwareRequestFilter@45c423b3, org.springframework.security.web.authentication.AnonymousAuthenticationFilter@1c6ac73c, org.springframework.security.web.session.SessionManagementFilter@7c5c20ed, org.springframework.security.web.access.ExceptionTranslationFilter@7bc2bb58, org.springframework.security.web.access.intercept.AuthorizationFilter@13c90c06]
[2025-03-25 16:02:21.243|INFO |main|o.a.coyote.http11.Http11NioProtocol:DirectJDKLog.java:log:173]	Starting ProtocolHandler ["http-nio-8080"]
[2025-03-25 16:02:21.298|INFO |main|c.s.S.SecurityMvcApplication:StartupInfoLogger.java:logStarted:56]	Started SecurityMvcApplication in 3.877 seconds (process running for 4.234)
[2025-03-25 16:02:24.262|INFO |http-nio-8080-exec-2|o.a.c.c.C.[Tomcat].[localhost].[/]:DirectJDKLog.java:log:173]	Initializing Spring DispatcherServlet 'dispatcherServlet'
[2025-03-25 16:02:24.263|INFO |http-nio-8080-exec-2|o.s.web.servlet.DispatcherServlet:FrameworkServlet.java:initServletBean:532]	Initializing Servlet 'dispatcherServlet'
[2025-03-25 16:02:24.265|INFO |http-nio-8080-exec-2|o.s.web.servlet.DispatcherServlet:FrameworkServlet.java:initServletBean:554]	Completed initialization in 2 ms
[2025-03-25 16:02:24.506|INFO |http-nio-8080-exec-2|com.zaxxer.hikari.HikariDataSource:HikariDataSource.java:getConnection:110]	HikariPool-1 - Starting...
[2025-03-25 16:02:24.621|INFO |http-nio-8080-exec-2|com.zaxxer.hikari.pool.HikariPool:HikariPool.java:checkFailFast:565]	HikariPool-1 - Added connection org.mariadb.jdbc.Connection@15a0f90d
[2025-03-25 16:02:24.623|INFO |http-nio-8080-exec-2|com.zaxxer.hikari.HikariDataSource:HikariDataSource.java:getConnection:123]	HikariPool-1 - Start completed.
[2025-03-25 16:06:02.402|INFO |SpringApplicationShutdownHook|com.zaxxer.hikari.HikariDataSource:HikariDataSource.java:close:350]	HikariPool-1 - Shutdown initiated...
[2025-03-25 16:06:02.407|INFO |SpringApplicationShutdownHook|com.zaxxer.hikari.HikariDataSource:HikariDataSource.java:close:352]	HikariPool-1 - Shutdown completed.
[2025-03-25 19:36:06.731|INFO |main|c.s.S.SecurityMvcApplication:StartupInfoLogger.java:logStarting:50]	Starting SecurityMvcApplication using Java 17.0.13 with PID 1188 (/Users/iseungcheol/Desktop/ai-watermark/java-backend/build/classes/java/main started by iseungcheol in /Users/iseungcheol/Desktop/ai-watermark/java-backend)
[2025-03-25 19:36:06.734|INFO |main|c.s.S.SecurityMvcApplication:SpringApplication.java:logStartupProfileInfo:654]	No active profile set, falling back to 1 default profile: "default"
[2025-03-25 19:36:08.191|INFO |main|o.s.d.r.c.RepositoryConfigurationDelegate:RepositoryConfigurationDelegate.java:multipleStoresDetected:295]	Multiple Spring Data modules found, entering strict repository configuration mode
[2025-03-25 19:36:08.195|INFO |main|o.s.d.r.c.RepositoryConfigurationDelegate:RepositoryConfigurationDelegate.java:registerRepositoriesIn:143]	Bootstrapping Spring Data Redis repositories in DEFAULT mode.
[2025-03-25 19:36:08.242|INFO |main|o.s.d.r.c.RepositoryConfigurationDelegate:RepositoryConfigurationDelegate.java:registerRepositoriesIn:211]	Finished Spring Data repository scanning in 26 ms. Found 0 Redis repository interfaces.
[2025-03-25 19:36:09.199|INFO |main|o.a.coyote.http11.Http11NioProtocol:DirectJDKLog.java:log:173]	Initializing ProtocolHandler ["http-nio-8080"]
[2025-03-25 19:36:09.202|INFO |main|o.a.catalina.core.StandardService:DirectJDKLog.java:log:173]	Starting service [Tomcat]
[2025-03-25 19:36:09.202|INFO |main|o.a.catalina.core.StandardEngine:DirectJDKLog.java:log:173]	Starting Servlet engine: [Apache Tomcat/10.1.20]
[2025-03-25 19:36:09.283|INFO |main|o.a.c.c.C.[Tomcat].[localhost].[/]:DirectJDKLog.java:log:173]	Initializing Spring embedded WebApplicationContext
[2025-03-25 19:36:10.336|DEBUG|main|c.s.S.S.C.CustomAdminAuthenticationFilter:GenericFilterBean.java:init:240]	Filter 'customAdminAuthenticationFilter' configured for use
[2025-03-25 19:36:10.337|DEBUG|main|c.s.S.S.C.CustomUserAuthenticationFilter:GenericFilterBean.java:init:240]	Filter 'customUserAuthenticationFilter' configured for use
[2025-03-25 19:36:10.339|DEBUG|main|c.s.S.S.C.CustomSuperAdminAuthenticationFilter:GenericFilterBean.java:init:240]	Filter 'customSuperAdminAuthenticationFilter' configured for use
[2025-03-25 19:36:11.200|INFO |main|o.s.s.web.DefaultSecurityFilterChain:DefaultSecurityFilterChain.java:<init>:54]	Will secure any request with [org.springframework.security.web.session.DisableEncodeUrlFilter@8af1c49, org.springframework.security.web.context.request.async.WebAsyncManagerIntegrationFilter@70d5d96b, org.springframework.security.web.context.SecurityContextHolderFilter@31693a86, org.springframework.security.web.header.HeaderWriterFilter@2a425cf5, org.springframework.web.filter.CorsFilter@23469199, org.springframework.security.web.authentication.logout.LogoutFilter@24a8e40d, com.spring.SecurityMVC.SpringSecurity.CustomAuthenticationFilter.CustomUserAuthenticationFilter@1c68d0db, com.spring.SecurityMVC.SpringSecurity.CustomAuthenticationFilter.CustomAdminAuthenticationFilter@91a2543, com.spring.SecurityMVC.SpringSecurity.CustomAuthenticationFilter.CustomSuperAdminAuthenticationFilter@18c7f6b5, org.springframework.security.web.authentication.www.BasicAuthenticationFilter@52433946, org.springframework.security.web.savedrequest.RequestCacheAwareFilter@1f9a7684, org.springframework.security.web.servletapi.SecurityContextHolderAwareRequestFilter@3b30eec5, org.springframework.security.web.authentication.AnonymousAuthenticationFilter@75dc1c1c, org.springframework.security.web.session.SessionManagementFilter@40b31a16, org.springframework.security.web.access.ExceptionTranslationFilter@299fc582, org.springframework.security.web.access.intercept.AuthorizationFilter@72715e61]
[2025-03-25 19:36:11.973|INFO |main|o.a.coyote.http11.Http11NioProtocol:DirectJDKLog.java:log:173]	Starting ProtocolHandler ["http-nio-8080"]
[2025-03-25 19:36:12.064|INFO |main|c.s.S.SecurityMvcApplication:StartupInfoLogger.java:logStarted:56]	Started SecurityMvcApplication in 6.116 seconds (process running for 6.555)
[2025-03-25 19:37:08.049|INFO |http-nio-8080-exec-2|o.a.c.c.C.[Tomcat].[localhost].[/]:DirectJDKLog.java:log:173]	Initializing Spring DispatcherServlet 'dispatcherServlet'
[2025-03-25 19:37:08.050|INFO |http-nio-8080-exec-2|o.s.web.servlet.DispatcherServlet:FrameworkServlet.java:initServletBean:532]	Initializing Servlet 'dispatcherServlet'
[2025-03-25 19:37:08.053|INFO |http-nio-8080-exec-2|o.s.web.servlet.DispatcherServlet:FrameworkServlet.java:initServletBean:554]	Completed initialization in 3 ms
