[2024-11-06 10:06:19.496|INFO |main|c.s.S.SecurityMvcApplication:StartupInfoLogger.java:logStarting:50]	Starting SecurityMvcApplication using Java 17.0.12 with PID 2164 (/Users/iseungcheol/Security-JWT-Session-private/build/classes/java/main started by iseungcheol in /Users/iseungcheol/Security-JWT-Session-private)
[2024-11-06 10:06:19.502|INFO |main|c.s.S.SecurityMvcApplication:SpringApplication.java:logStartupProfileInfo:654]	No active profile set, falling back to 1 default profile: "default"
[2024-11-06 10:06:20.596|INFO |main|o.s.d.r.c.RepositoryConfigurationDelegate:RepositoryConfigurationDelegate.java:multipleStoresDetected:295]	Multiple Spring Data modules found, entering strict repository configuration mode
[2024-11-06 10:06:20.600|INFO |main|o.s.d.r.c.RepositoryConfigurationDelegate:RepositoryConfigurationDelegate.java:registerRepositoriesIn:143]	Bootstrapping Spring Data Redis repositories in DEFAULT mode.
[2024-11-06 10:06:20.640|INFO |main|o.s.d.r.c.RepositoryConfigurationDelegate:RepositoryConfigurationDelegate.java:registerRepositoriesIn:211]	Finished Spring Data repository scanning in 19 ms. Found 0 Redis repository interfaces.
[2024-11-06 10:06:22.002|INFO |main|o.a.coyote.http11.Http11NioProtocol:DirectJDKLog.java:log:173]	Initializing ProtocolHandler ["http-nio-8080"]
[2024-11-06 10:06:22.006|INFO |main|o.a.catalina.core.StandardService:DirectJDKLog.java:log:173]	Starting service [Tomcat]
[2024-11-06 10:06:22.007|INFO |main|o.a.catalina.core.StandardEngine:DirectJDKLog.java:log:173]	Starting Servlet engine: [Apache Tomcat/10.1.20]
[2024-11-06 10:06:22.155|INFO |main|o.a.c.c.C.[Tomcat].[localhost].[/]:DirectJDKLog.java:log:173]	Initializing Spring embedded WebApplicationContext
[2024-11-06 10:06:23.651|DEBUG|main|c.s.S.S.C.CustomAdminAuthenticationFilter:GenericFilterBean.java:init:240]	Filter 'customAdminAuthenticationFilter' configured for use
[2024-11-06 10:06:23.653|DEBUG|main|c.s.S.S.C.CustomUserAuthenticationFilter:GenericFilterBean.java:init:240]	Filter 'customUserAuthenticationFilter' configured for use
[2024-11-06 10:06:23.654|DEBUG|main|c.s.S.S.C.CustomAuthenticationJwtFilter:GenericFilterBean.java:init:240]	Filter 'customAuthenticationJwtFilter' configured for use
[2024-11-06 10:06:23.655|DEBUG|main|c.s.S.S.C.CustomSuperAdminAuthenticationFilter:GenericFilterBean.java:init:240]	Filter 'customSuperAdminAuthenticationFilter' configured for use
[2024-11-06 10:06:24.250|INFO |main|o.s.s.web.DefaultSecurityFilterChain:DefaultSecurityFilterChain.java:<init>:54]	Will secure any request with [org.springframework.security.web.session.DisableEncodeUrlFilter@6c24f61d, org.springframework.security.web.context.request.async.WebAsyncManagerIntegrationFilter@4537880f, org.springframework.security.web.context.SecurityContextHolderFilter@6df2af02, org.springframework.security.web.header.HeaderWriterFilter@24a8e40d, org.springframework.web.filter.CorsFilter@14292d71, org.springframework.security.web.authentication.logout.LogoutFilter@29d2fa84, com.spring.SecurityMVC.SpringSecurity.CustomAuthenticationFilter.CustomAuthenticationJwtFilter@4fbaa7f5, com.spring.SecurityMVC.SpringSecurity.CustomAuthenticationFilter.CustomUserAuthenticationFilter@51ed2f68, com.spring.SecurityMVC.SpringSecurity.CustomAuthenticationFilter.CustomAdminAuthenticationFilter@22ae905f, com.spring.SecurityMVC.SpringSecurity.CustomAuthenticationFilter.CustomSuperAdminAuthenticationFilter@6d4a05f7, org.springframework.security.web.authentication.www.BasicAuthenticationFilter@5341e71a, org.springframework.security.web.savedrequest.RequestCacheAwareFilter@1f7336b2, org.springframework.security.web.servletapi.SecurityContextHolderAwareRequestFilter@4c030fe1, org.springframework.security.web.authentication.AnonymousAuthenticationFilter@48e74764, org.springframework.security.web.session.SessionManagementFilter@69fe7090, org.springframework.security.web.access.ExceptionTranslationFilter@105dc04d, org.springframework.security.web.access.intercept.AuthorizationFilter@2830315f]
[2024-11-06 10:06:24.641|INFO |main|o.a.coyote.http11.Http11NioProtocol:DirectJDKLog.java:log:173]	Starting ProtocolHandler ["http-nio-8080"]
[2024-11-06 10:06:24.719|INFO |main|c.s.S.SecurityMvcApplication:StartupInfoLogger.java:logStarted:56]	Started SecurityMvcApplication in 5.876 seconds (process running for 6.402)
[2024-11-06 10:06:44.870|INFO |http-nio-8080-exec-2|o.a.c.c.C.[Tomcat].[localhost].[/]:DirectJDKLog.java:log:173]	Initializing Spring DispatcherServlet 'dispatcherServlet'
[2024-11-06 10:06:44.871|INFO |http-nio-8080-exec-2|o.s.web.servlet.DispatcherServlet:FrameworkServlet.java:initServletBean:532]	Initializing Servlet 'dispatcherServlet'
[2024-11-06 10:06:44.872|INFO |http-nio-8080-exec-2|o.s.web.servlet.DispatcherServlet:FrameworkServlet.java:initServletBean:554]	Completed initialization in 1 ms
[2024-11-06 10:06:44.914|WARN |http-nio-8080-exec-2|o.s.web.servlet.PageNotFound:DispatcherServlet.java:noHandlerFound:1300]	No mapping for POST /Security/Logi
[2024-11-06 10:10:09.558|INFO |main|c.s.S.SecurityMvcApplication:StartupInfoLogger.java:logStarting:50]	Starting SecurityMvcApplication using Java 17.0.12 with PID 2721 (/Users/iseungcheol/Security-JWT-Session-private/build/classes/java/main started by iseungcheol in /Users/iseungcheol/Security-JWT-Session-private)
[2024-11-06 10:10:09.561|INFO |main|c.s.S.SecurityMvcApplication:SpringApplication.java:logStartupProfileInfo:654]	No active profile set, falling back to 1 default profile: "default"
[2024-11-06 10:10:10.307|INFO |main|o.s.d.r.c.RepositoryConfigurationDelegate:RepositoryConfigurationDelegate.java:multipleStoresDetected:295]	Multiple Spring Data modules found, entering strict repository configuration mode
[2024-11-06 10:10:10.309|INFO |main|o.s.d.r.c.RepositoryConfigurationDelegate:RepositoryConfigurationDelegate.java:registerRepositoriesIn:143]	Bootstrapping Spring Data Redis repositories in DEFAULT mode.
[2024-11-06 10:10:10.341|INFO |main|o.s.d.r.c.RepositoryConfigurationDelegate:RepositoryConfigurationDelegate.java:registerRepositoriesIn:211]	Finished Spring Data repository scanning in 19 ms. Found 0 Redis repository interfaces.
[2024-11-06 10:10:11.056|INFO |main|o.a.coyote.http11.Http11NioProtocol:DirectJDKLog.java:log:173]	Initializing ProtocolHandler ["http-nio-8080"]
[2024-11-06 10:10:11.059|INFO |main|o.a.catalina.core.StandardService:DirectJDKLog.java:log:173]	Starting service [Tomcat]
[2024-11-06 10:10:11.059|INFO |main|o.a.catalina.core.StandardEngine:DirectJDKLog.java:log:173]	Starting Servlet engine: [Apache Tomcat/10.1.20]
[2024-11-06 10:10:11.121|INFO |main|o.a.c.c.C.[Tomcat].[localhost].[/]:DirectJDKLog.java:log:173]	Initializing Spring embedded WebApplicationContext
[2024-11-06 10:10:11.736|DEBUG|main|c.s.S.S.C.CustomAdminAuthenticationFilter:GenericFilterBean.java:init:240]	Filter 'customAdminAuthenticationFilter' configured for use
[2024-11-06 10:10:11.737|DEBUG|main|c.s.S.S.C.CustomUserAuthenticationFilter:GenericFilterBean.java:init:240]	Filter 'customUserAuthenticationFilter' configured for use
[2024-11-06 10:10:11.738|DEBUG|main|c.s.S.S.C.CustomAuthenticationJwtFilter:GenericFilterBean.java:init:240]	Filter 'customAuthenticationJwtFilter' configured for use
[2024-11-06 10:10:11.738|DEBUG|main|c.s.S.S.C.CustomSuperAdminAuthenticationFilter:GenericFilterBean.java:init:240]	Filter 'customSuperAdminAuthenticationFilter' configured for use
[2024-11-06 10:10:12.118|INFO |main|o.s.s.web.DefaultSecurityFilterChain:DefaultSecurityFilterChain.java:<init>:54]	Will secure any request with [org.springframework.security.web.session.DisableEncodeUrlFilter@283baa39, org.springframework.security.web.context.request.async.WebAsyncManagerIntegrationFilter@416b1265, org.springframework.security.web.context.SecurityContextHolderFilter@24a8e40d, org.springframework.security.web.header.HeaderWriterFilter@4813d0, org.springframework.web.filter.CorsFilter@2830315f, org.springframework.security.web.authentication.logout.LogoutFilter@59d5c537, com.spring.SecurityMVC.SpringSecurity.CustomAuthenticationFilter.CustomAuthenticationJwtFilter@10e56da9, com.spring.SecurityMVC.SpringSecurity.CustomAuthenticationFilter.CustomUserAuthenticationFilter@3407aa4f, com.spring.SecurityMVC.SpringSecurity.CustomAuthenticationFilter.CustomAdminAuthenticationFilter@538b3c88, com.spring.SecurityMVC.SpringSecurity.CustomAuthenticationFilter.CustomSuperAdminAuthenticationFilter@22ae905f, org.springframework.security.web.authentication.www.BasicAuthenticationFilter@3f1158ee, org.springframework.security.web.savedrequest.RequestCacheAwareFilter@69fe7090, org.springframework.security.web.servletapi.SecurityContextHolderAwareRequestFilter@6501b105, org.springframework.security.web.authentication.AnonymousAuthenticationFilter@da22aa, org.springframework.security.web.session.SessionManagementFilter@5f0d8937, org.springframework.security.web.access.ExceptionTranslationFilter@68d8eb4f, org.springframework.security.web.access.intercept.AuthorizationFilter@365bfc5f]
[2024-11-06 10:10:12.400|INFO |main|o.a.coyote.http11.Http11NioProtocol:DirectJDKLog.java:log:173]	Starting ProtocolHandler ["http-nio-8080"]
[2024-11-06 10:10:12.459|INFO |main|c.s.S.SecurityMvcApplication:StartupInfoLogger.java:logStarted:56]	Started SecurityMvcApplication in 3.447 seconds (process running for 3.765)
[2024-11-06 10:10:16.320|INFO |http-nio-8080-exec-2|o.a.c.c.C.[Tomcat].[localhost].[/]:DirectJDKLog.java:log:173]	Initializing Spring DispatcherServlet 'dispatcherServlet'
[2024-11-06 10:10:16.320|INFO |http-nio-8080-exec-2|o.s.web.servlet.DispatcherServlet:FrameworkServlet.java:initServletBean:532]	Initializing Servlet 'dispatcherServlet'
[2024-11-06 10:10:16.322|INFO |http-nio-8080-exec-2|o.s.web.servlet.DispatcherServlet:FrameworkServlet.java:initServletBean:554]	Completed initialization in 2 ms
[2024-11-06 10:10:16.355|WARN |http-nio-8080-exec-2|o.s.web.servlet.PageNotFound:DispatcherServlet.java:noHandlerFound:1300]	No mapping for POST /Security/Logi
[2024-11-06 10:10:22.554|INFO |http-nio-8080-exec-3|com.zaxxer.hikari.HikariDataSource:HikariDataSource.java:getConnection:110]	HikariPool-1 - Starting...
[2024-11-06 10:10:22.785|INFO |http-nio-8080-exec-3|com.zaxxer.hikari.pool.HikariPool:HikariPool.java:checkFailFast:565]	HikariPool-1 - Added connection org.mariadb.jdbc.Connection@3f6c28dc
[2024-11-06 10:10:22.788|INFO |http-nio-8080-exec-3|com.zaxxer.hikari.HikariDataSource:HikariDataSource.java:getConnection:123]	HikariPool-1 - Start completed.
[2024-11-06 10:11:19.963|ERROR|http-nio-8080-exec-1|c.s.S.U.Service.UserDetailsService:UserDetailsService.java:findById:28]	User not found to FindById:soong248
[2024-11-06 10:11:19.964|ERROR|http-nio-8080-exec-1|c.s.S.U.Service.UserDetailsService:UserDetailsService.java:findById:28]	User not found to FindById:soong248
[2024-11-06 10:11:24.738|ERROR|http-nio-8080-exec-2|c.s.S.U.Service.UserDetailsService:UserDetailsService.java:findByPassword:45]	Password mismatch for user: soong2482
[2024-11-06 10:11:24.833|ERROR|http-nio-8080-exec-2|c.s.S.U.Service.UserDetailsService:UserDetailsService.java:findByPassword:45]	Password mismatch for user: soong2482
[2024-11-06 10:32:36.417|INFO |SpringApplicationShutdownHook|com.zaxxer.hikari.HikariDataSource:HikariDataSource.java:close:350]	HikariPool-1 - Shutdown initiated...
[2024-11-06 10:32:36.421|INFO |SpringApplicationShutdownHook|com.zaxxer.hikari.HikariDataSource:HikariDataSource.java:close:352]	HikariPool-1 - Shutdown completed.
[2024-11-06 10:32:40.014|INFO |main|c.s.S.SecurityMvcApplication:StartupInfoLogger.java:logStarting:50]	Starting SecurityMvcApplication using Java 17.0.12 with PID 3038 (/Users/iseungcheol/Security-JWT-Session-private/build/classes/java/main started by iseungcheol in /Users/iseungcheol/Security-JWT-Session-private)
[2024-11-06 10:32:40.018|INFO |main|c.s.S.SecurityMvcApplication:SpringApplication.java:logStartupProfileInfo:654]	No active profile set, falling back to 1 default profile: "default"
[2024-11-06 10:32:40.922|INFO |main|o.s.d.r.c.RepositoryConfigurationDelegate:RepositoryConfigurationDelegate.java:multipleStoresDetected:295]	Multiple Spring Data modules found, entering strict repository configuration mode
[2024-11-06 10:32:40.926|INFO |main|o.s.d.r.c.RepositoryConfigurationDelegate:RepositoryConfigurationDelegate.java:registerRepositoriesIn:143]	Bootstrapping Spring Data Redis repositories in DEFAULT mode.
[2024-11-06 10:32:40.958|INFO |main|o.s.d.r.c.RepositoryConfigurationDelegate:RepositoryConfigurationDelegate.java:registerRepositoriesIn:211]	Finished Spring Data repository scanning in 16 ms. Found 0 Redis repository interfaces.
[2024-11-06 10:32:41.822|INFO |main|o.a.coyote.http11.Http11NioProtocol:DirectJDKLog.java:log:173]	Initializing ProtocolHandler ["http-nio-8080"]
[2024-11-06 10:32:41.825|INFO |main|o.a.catalina.core.StandardService:DirectJDKLog.java:log:173]	Starting service [Tomcat]
[2024-11-06 10:32:41.825|INFO |main|o.a.catalina.core.StandardEngine:DirectJDKLog.java:log:173]	Starting Servlet engine: [Apache Tomcat/10.1.20]
[2024-11-06 10:32:41.902|INFO |main|o.a.c.c.C.[Tomcat].[localhost].[/]:DirectJDKLog.java:log:173]	Initializing Spring embedded WebApplicationContext
[2024-11-06 10:32:42.688|DEBUG|main|c.s.S.S.C.CustomAdminAuthenticationFilter:GenericFilterBean.java:init:240]	Filter 'customAdminAuthenticationFilter' configured for use
[2024-11-06 10:32:42.688|DEBUG|main|c.s.S.S.C.CustomUserAuthenticationFilter:GenericFilterBean.java:init:240]	Filter 'customUserAuthenticationFilter' configured for use
[2024-11-06 10:32:42.689|DEBUG|main|c.s.S.S.C.CustomAuthenticationJwtFilter:GenericFilterBean.java:init:240]	Filter 'customAuthenticationJwtFilter' configured for use
[2024-11-06 10:32:42.690|DEBUG|main|c.s.S.S.C.CustomSuperAdminAuthenticationFilter:GenericFilterBean.java:init:240]	Filter 'customSuperAdminAuthenticationFilter' configured for use
[2024-11-06 10:32:43.071|INFO |main|o.s.s.web.DefaultSecurityFilterChain:DefaultSecurityFilterChain.java:<init>:54]	Will secure any request with [org.springframework.security.web.session.DisableEncodeUrlFilter@580c17a0, org.springframework.security.web.context.request.async.WebAsyncManagerIntegrationFilter@29d2fa84, org.springframework.security.web.context.SecurityContextHolderFilter@7e2c6fd6, org.springframework.security.web.header.HeaderWriterFilter@71139e77, org.springframework.web.filter.CorsFilter@4540c7, org.springframework.security.web.authentication.logout.LogoutFilter@5403431a, com.spring.SecurityMVC.SpringSecurity.CustomAuthenticationFilter.CustomAuthenticationJwtFilter@4899799b, com.spring.SecurityMVC.SpringSecurity.CustomAuthenticationFilter.CustomUserAuthenticationFilter@2eebce87, com.spring.SecurityMVC.SpringSecurity.CustomAuthenticationFilter.CustomAdminAuthenticationFilter@6775c0d1, com.spring.SecurityMVC.SpringSecurity.CustomAuthenticationFilter.CustomSuperAdminAuthenticationFilter@74500e4f, org.springframework.security.web.authentication.www.BasicAuthenticationFilter@5a6195b8, org.springframework.security.web.savedrequest.RequestCacheAwareFilter@12aa519b, org.springframework.security.web.servletapi.SecurityContextHolderAwareRequestFilter@7c5c20ed, org.springframework.security.web.authentication.AnonymousAuthenticationFilter@13c90c06, org.springframework.security.web.session.SessionManagementFilter@2404abe2, org.springframework.security.web.access.ExceptionTranslationFilter@43755e2f, org.springframework.security.web.access.intercept.AuthorizationFilter@5464b97c]
[2024-11-06 10:32:43.353|INFO |main|o.a.coyote.http11.Http11NioProtocol:DirectJDKLog.java:log:173]	Starting ProtocolHandler ["http-nio-8080"]
[2024-11-06 10:32:43.414|INFO |main|c.s.S.SecurityMvcApplication:StartupInfoLogger.java:logStarted:56]	Started SecurityMvcApplication in 3.955 seconds (process running for 4.411)
[2024-11-06 10:32:47.114|INFO |main|c.s.S.SecurityMvcApplication:StartupInfoLogger.java:logStarting:50]	Starting SecurityMvcApplication using Java 17.0.12 with PID 3042 (/Users/iseungcheol/Security-JWT-Session-private/build/classes/java/main started by iseungcheol in /Users/iseungcheol/Security-JWT-Session-private)
[2024-11-06 10:32:47.118|INFO |main|c.s.S.SecurityMvcApplication:SpringApplication.java:logStartupProfileInfo:654]	No active profile set, falling back to 1 default profile: "default"
[2024-11-06 10:32:47.885|INFO |main|o.s.d.r.c.RepositoryConfigurationDelegate:RepositoryConfigurationDelegate.java:multipleStoresDetected:295]	Multiple Spring Data modules found, entering strict repository configuration mode
[2024-11-06 10:32:47.888|INFO |main|o.s.d.r.c.RepositoryConfigurationDelegate:RepositoryConfigurationDelegate.java:registerRepositoriesIn:143]	Bootstrapping Spring Data Redis repositories in DEFAULT mode.
[2024-11-06 10:32:47.918|INFO |main|o.s.d.r.c.RepositoryConfigurationDelegate:RepositoryConfigurationDelegate.java:registerRepositoriesIn:211]	Finished Spring Data repository scanning in 17 ms. Found 0 Redis repository interfaces.
[2024-11-06 10:32:48.640|INFO |main|o.a.coyote.http11.Http11NioProtocol:DirectJDKLog.java:log:173]	Initializing ProtocolHandler ["http-nio-8080"]
[2024-11-06 10:32:48.642|INFO |main|o.a.catalina.core.StandardService:DirectJDKLog.java:log:173]	Starting service [Tomcat]
[2024-11-06 10:32:48.642|INFO |main|o.a.catalina.core.StandardEngine:DirectJDKLog.java:log:173]	Starting Servlet engine: [Apache Tomcat/10.1.20]
[2024-11-06 10:32:48.703|INFO |main|o.a.c.c.C.[Tomcat].[localhost].[/]:DirectJDKLog.java:log:173]	Initializing Spring embedded WebApplicationContext
[2024-11-06 10:32:49.284|DEBUG|main|c.s.S.S.C.CustomAdminAuthenticationFilter:GenericFilterBean.java:init:240]	Filter 'customAdminAuthenticationFilter' configured for use
[2024-11-06 10:32:49.284|DEBUG|main|c.s.S.S.C.CustomUserAuthenticationFilter:GenericFilterBean.java:init:240]	Filter 'customUserAuthenticationFilter' configured for use
[2024-11-06 10:32:49.285|DEBUG|main|c.s.S.S.C.CustomAuthenticationJwtFilter:GenericFilterBean.java:init:240]	Filter 'customAuthenticationJwtFilter' configured for use
[2024-11-06 10:32:49.285|DEBUG|main|c.s.S.S.C.CustomSuperAdminAuthenticationFilter:GenericFilterBean.java:init:240]	Filter 'customSuperAdminAuthenticationFilter' configured for use
[2024-11-06 10:32:49.636|INFO |main|o.s.s.web.DefaultSecurityFilterChain:DefaultSecurityFilterChain.java:<init>:54]	Will secure any request with [org.springframework.security.web.session.DisableEncodeUrlFilter@29d2fa84, org.springframework.security.web.context.request.async.WebAsyncManagerIntegrationFilter@4540c7, org.springframework.security.web.context.SecurityContextHolderFilter@7ff6804a, org.springframework.security.web.header.HeaderWriterFilter@4de91056, org.springframework.web.filter.CorsFilter@13c90c06, org.springframework.security.web.authentication.logout.LogoutFilter@ab327c, com.spring.SecurityMVC.SpringSecurity.CustomAuthenticationFilter.CustomAuthenticationJwtFilter@3dea226b, com.spring.SecurityMVC.SpringSecurity.CustomAuthenticationFilter.CustomUserAuthenticationFilter@6ee37ca7, com.spring.SecurityMVC.SpringSecurity.CustomAuthenticationFilter.CustomAdminAuthenticationFilter@38f617f4, com.spring.SecurityMVC.SpringSecurity.CustomAuthenticationFilter.CustomSuperAdminAuthenticationFilter@7c91fe86, org.springframework.security.web.authentication.www.BasicAuthenticationFilter@8af1c49, org.springframework.security.web.savedrequest.RequestCacheAwareFilter@7c5c20ed, org.springframework.security.web.servletapi.SecurityContextHolderAwareRequestFilter@6113a26f, org.springframework.security.web.authentication.AnonymousAuthenticationFilter@2bc0b8c8, org.springframework.security.web.session.SessionManagementFilter@16cf7fd0, org.springframework.security.web.access.ExceptionTranslationFilter@3d71e10b, org.springframework.security.web.access.intercept.AuthorizationFilter@3355168]
[2024-11-06 10:32:49.894|INFO |main|o.a.coyote.http11.Http11NioProtocol:DirectJDKLog.java:log:173]	Starting ProtocolHandler ["http-nio-8080"]
[2024-11-06 10:32:49.946|INFO |main|c.s.S.SecurityMvcApplication:StartupInfoLogger.java:logStarted:56]	Started SecurityMvcApplication in 3.345 seconds (process running for 3.714)
[2024-11-06 10:32:55.261|INFO |http-nio-8080-exec-2|o.a.c.c.C.[Tomcat].[localhost].[/]:DirectJDKLog.java:log:173]	Initializing Spring DispatcherServlet 'dispatcherServlet'
[2024-11-06 10:32:55.261|INFO |http-nio-8080-exec-2|o.s.web.servlet.DispatcherServlet:FrameworkServlet.java:initServletBean:532]	Initializing Servlet 'dispatcherServlet'
[2024-11-06 10:32:55.263|INFO |http-nio-8080-exec-2|o.s.web.servlet.DispatcherServlet:FrameworkServlet.java:initServletBean:554]	Completed initialization in 2 ms
[2024-11-06 10:32:55.408|INFO |http-nio-8080-exec-2|com.zaxxer.hikari.HikariDataSource:HikariDataSource.java:getConnection:110]	HikariPool-1 - Starting...
[2024-11-06 10:32:55.543|INFO |http-nio-8080-exec-2|com.zaxxer.hikari.pool.HikariPool:HikariPool.java:checkFailFast:565]	HikariPool-1 - Added connection org.mariadb.jdbc.Connection@41cd5afe
[2024-11-06 10:32:55.545|INFO |http-nio-8080-exec-2|com.zaxxer.hikari.HikariDataSource:HikariDataSource.java:getConnection:123]	HikariPool-1 - Start completed.
[2024-11-06 10:33:59.032|INFO |SpringApplicationShutdownHook|com.zaxxer.hikari.HikariDataSource:HikariDataSource.java:close:350]	HikariPool-1 - Shutdown initiated...
[2024-11-06 10:33:59.036|INFO |SpringApplicationShutdownHook|com.zaxxer.hikari.HikariDataSource:HikariDataSource.java:close:352]	HikariPool-1 - Shutdown completed.
[2024-11-06 10:34:01.996|INFO |main|c.s.S.SecurityMvcApplication:StartupInfoLogger.java:logStarting:50]	Starting SecurityMvcApplication using Java 17.0.12 with PID 3058 (/Users/iseungcheol/Security-JWT-Session-private/build/classes/java/main started by iseungcheol in /Users/iseungcheol/Security-JWT-Session-private)
[2024-11-06 10:34:01.999|INFO |main|c.s.S.SecurityMvcApplication:SpringApplication.java:logStartupProfileInfo:654]	No active profile set, falling back to 1 default profile: "default"
[2024-11-06 10:34:02.979|INFO |main|o.s.d.r.c.RepositoryConfigurationDelegate:RepositoryConfigurationDelegate.java:multipleStoresDetected:295]	Multiple Spring Data modules found, entering strict repository configuration mode
[2024-11-06 10:34:02.983|INFO |main|o.s.d.r.c.RepositoryConfigurationDelegate:RepositoryConfigurationDelegate.java:registerRepositoriesIn:143]	Bootstrapping Spring Data Redis repositories in DEFAULT mode.
[2024-11-06 10:34:03.015|INFO |main|o.s.d.r.c.RepositoryConfigurationDelegate:RepositoryConfigurationDelegate.java:registerRepositoriesIn:211]	Finished Spring Data repository scanning in 17 ms. Found 0 Redis repository interfaces.
[2024-11-06 10:34:03.743|INFO |main|o.a.coyote.http11.Http11NioProtocol:DirectJDKLog.java:log:173]	Initializing ProtocolHandler ["http-nio-8080"]
[2024-11-06 10:34:03.745|INFO |main|o.a.catalina.core.StandardService:DirectJDKLog.java:log:173]	Starting service [Tomcat]
[2024-11-06 10:34:03.745|INFO |main|o.a.catalina.core.StandardEngine:DirectJDKLog.java:log:173]	Starting Servlet engine: [Apache Tomcat/10.1.20]
[2024-11-06 10:34:03.808|INFO |main|o.a.c.c.C.[Tomcat].[localhost].[/]:DirectJDKLog.java:log:173]	Initializing Spring embedded WebApplicationContext
[2024-11-06 10:34:04.451|DEBUG|main|c.s.S.S.C.CustomAdminAuthenticationFilter:GenericFilterBean.java:init:240]	Filter 'customAdminAuthenticationFilter' configured for use
[2024-11-06 10:34:04.452|DEBUG|main|c.s.S.S.C.CustomUserAuthenticationFilter:GenericFilterBean.java:init:240]	Filter 'customUserAuthenticationFilter' configured for use
[2024-11-06 10:34:04.453|DEBUG|main|c.s.S.S.C.CustomAuthenticationJwtFilter:GenericFilterBean.java:init:240]	Filter 'customAuthenticationJwtFilter' configured for use
[2024-11-06 10:34:04.453|DEBUG|main|c.s.S.S.C.CustomSuperAdminAuthenticationFilter:GenericFilterBean.java:init:240]	Filter 'customSuperAdminAuthenticationFilter' configured for use
[2024-11-06 10:34:04.803|INFO |main|o.s.s.web.DefaultSecurityFilterChain:DefaultSecurityFilterChain.java:<init>:54]	Will secure any request with [org.springframework.security.web.session.DisableEncodeUrlFilter@1c6ac73c, org.springframework.security.web.context.request.async.WebAsyncManagerIntegrationFilter@29892a77, org.springframework.security.web.context.SecurityContextHolderFilter@45c423b3, org.springframework.security.web.header.HeaderWriterFilter@6113a26f, org.springframework.web.filter.CorsFilter@5341e71a, org.springframework.security.web.authentication.logout.LogoutFilter@68f776ee, com.spring.SecurityMVC.SpringSecurity.CustomAuthenticationFilter.CustomAuthenticationJwtFilter@1a717d79, com.spring.SecurityMVC.SpringSecurity.CustomAuthenticationFilter.CustomUserAuthenticationFilter@53bb71e5, com.spring.SecurityMVC.SpringSecurity.CustomAuthenticationFilter.CustomAdminAuthenticationFilter@15994b0b, com.spring.SecurityMVC.SpringSecurity.CustomAuthenticationFilter.CustomSuperAdminAuthenticationFilter@13aed42b, org.springframework.security.web.authentication.www.BasicAuthenticationFilter@5464b97c, org.springframework.security.web.savedrequest.RequestCacheAwareFilter@68d8eb4f, org.springframework.security.web.servletapi.SecurityContextHolderAwareRequestFilter@64757d56, org.springframework.security.web.authentication.AnonymousAuthenticationFilter@405d8a80, org.springframework.security.web.session.SessionManagementFilter@6a4a2090, org.springframework.security.web.access.ExceptionTranslationFilter@12aa519b, org.springframework.security.web.access.intercept.AuthorizationFilter@3f1158ee]
[2024-11-06 10:34:05.083|INFO |main|o.a.coyote.http11.Http11NioProtocol:DirectJDKLog.java:log:173]	Starting ProtocolHandler ["http-nio-8080"]
[2024-11-06 10:34:05.135|INFO |main|c.s.S.SecurityMvcApplication:StartupInfoLogger.java:logStarted:56]	Started SecurityMvcApplication in 3.691 seconds (process running for 4.091)
[2024-11-06 10:34:09.712|INFO |http-nio-8080-exec-2|o.a.c.c.C.[Tomcat].[localhost].[/]:DirectJDKLog.java:log:173]	Initializing Spring DispatcherServlet 'dispatcherServlet'
[2024-11-06 10:34:09.713|INFO |http-nio-8080-exec-2|o.s.web.servlet.DispatcherServlet:FrameworkServlet.java:initServletBean:532]	Initializing Servlet 'dispatcherServlet'
[2024-11-06 10:34:09.714|INFO |http-nio-8080-exec-2|o.s.web.servlet.DispatcherServlet:FrameworkServlet.java:initServletBean:554]	Completed initialization in 1 ms
[2024-11-06 10:34:16.707|INFO |http-nio-8080-exec-4|com.zaxxer.hikari.HikariDataSource:HikariDataSource.java:getConnection:110]	HikariPool-1 - Starting...
[2024-11-06 10:34:16.782|INFO |http-nio-8080-exec-4|com.zaxxer.hikari.pool.HikariPool:HikariPool.java:checkFailFast:565]	HikariPool-1 - Added connection org.mariadb.jdbc.Connection@5353e894
[2024-11-06 10:34:16.784|INFO |http-nio-8080-exec-4|com.zaxxer.hikari.HikariDataSource:HikariDataSource.java:getConnection:123]	HikariPool-1 - Start completed.
[2024-11-06 11:09:23.845|INFO |SpringApplicationShutdownHook|com.zaxxer.hikari.HikariDataSource:HikariDataSource.java:close:350]	HikariPool-1 - Shutdown initiated...
[2024-11-06 11:09:23.849|INFO |SpringApplicationShutdownHook|com.zaxxer.hikari.HikariDataSource:HikariDataSource.java:close:352]	HikariPool-1 - Shutdown completed.
[2024-11-06 11:09:26.351|INFO |main|c.s.S.SecurityMvcApplication:StartupInfoLogger.java:logStarting:50]	Starting SecurityMvcApplication using Java 17.0.12 with PID 3322 (/Users/iseungcheol/Security-JWT-Session-private/build/classes/java/main started by iseungcheol in /Users/iseungcheol/Security-JWT-Session-private)
[2024-11-06 11:09:26.353|INFO |main|c.s.S.SecurityMvcApplication:SpringApplication.java:logStartupProfileInfo:654]	No active profile set, falling back to 1 default profile: "default"
[2024-11-06 11:09:27.149|INFO |main|o.s.d.r.c.RepositoryConfigurationDelegate:RepositoryConfigurationDelegate.java:multipleStoresDetected:295]	Multiple Spring Data modules found, entering strict repository configuration mode
[2024-11-06 11:09:27.151|INFO |main|o.s.d.r.c.RepositoryConfigurationDelegate:RepositoryConfigurationDelegate.java:registerRepositoriesIn:143]	Bootstrapping Spring Data Redis repositories in DEFAULT mode.
[2024-11-06 11:09:27.183|INFO |main|o.s.d.r.c.RepositoryConfigurationDelegate:RepositoryConfigurationDelegate.java:registerRepositoriesIn:211]	Finished Spring Data repository scanning in 19 ms. Found 0 Redis repository interfaces.
[2024-11-06 11:09:27.917|INFO |main|o.a.coyote.http11.Http11NioProtocol:DirectJDKLog.java:log:173]	Initializing ProtocolHandler ["http-nio-8080"]
[2024-11-06 11:09:27.920|INFO |main|o.a.catalina.core.StandardService:DirectJDKLog.java:log:173]	Starting service [Tomcat]
[2024-11-06 11:09:27.920|INFO |main|o.a.catalina.core.StandardEngine:DirectJDKLog.java:log:173]	Starting Servlet engine: [Apache Tomcat/10.1.20]
[2024-11-06 11:09:27.988|INFO |main|o.a.c.c.C.[Tomcat].[localhost].[/]:DirectJDKLog.java:log:173]	Initializing Spring embedded WebApplicationContext
[2024-11-06 11:09:28.589|DEBUG|main|c.s.S.S.C.CustomAdminAuthenticationFilter:GenericFilterBean.java:init:240]	Filter 'customAdminAuthenticationFilter' configured for use
[2024-11-06 11:09:28.590|DEBUG|main|c.s.S.S.C.CustomUserAuthenticationFilter:GenericFilterBean.java:init:240]	Filter 'customUserAuthenticationFilter' configured for use
[2024-11-06 11:09:28.591|DEBUG|main|c.s.S.S.C.CustomAuthenticationJwtFilter:GenericFilterBean.java:init:240]	Filter 'customAuthenticationJwtFilter' configured for use
[2024-11-06 11:09:28.592|DEBUG|main|c.s.S.S.C.CustomSuperAdminAuthenticationFilter:GenericFilterBean.java:init:240]	Filter 'customSuperAdminAuthenticationFilter' configured for use
[2024-11-06 11:09:28.971|INFO |main|o.s.s.web.DefaultSecurityFilterChain:DefaultSecurityFilterChain.java:<init>:54]	Will secure any request with [org.springframework.security.web.session.DisableEncodeUrlFilter@37a3ec27, org.springframework.security.web.context.request.async.WebAsyncManagerIntegrationFilter@283baa39, org.springframework.security.web.context.SecurityContextHolderFilter@504b8705, org.springframework.security.web.header.HeaderWriterFilter@64757d56, org.springframework.web.filter.CorsFilter@416b1265, org.springframework.security.web.authentication.logout.LogoutFilter@4cfc0c48, com.spring.SecurityMVC.SpringSecurity.CustomAuthenticationFilter.CustomAuthenticationJwtFilter@19b9f903, com.spring.SecurityMVC.SpringSecurity.CustomAuthenticationFilter.CustomUserAuthenticationFilter@78065fcd, com.spring.SecurityMVC.SpringSecurity.CustomAuthenticationFilter.CustomAdminAuthenticationFilter@51ed2f68, com.spring.SecurityMVC.SpringSecurity.CustomAuthenticationFilter.CustomSuperAdminAuthenticationFilter@28cb86b2, org.springframework.security.web.authentication.www.BasicAuthenticationFilter@15f861ee, org.springframework.security.web.savedrequest.RequestCacheAwareFilter@175f859e, org.springframework.security.web.servletapi.SecurityContextHolderAwareRequestFilter@69fe7090, org.springframework.security.web.authentication.AnonymousAuthenticationFilter@2830315f, org.springframework.security.web.session.SessionManagementFilter@702096ef, org.springframework.security.web.access.ExceptionTranslationFilter@7e31d53b, org.springframework.security.web.access.intercept.AuthorizationFilter@6afeaf2d]
[2024-11-06 11:09:29.237|INFO |main|o.a.coyote.http11.Http11NioProtocol:DirectJDKLog.java:log:173]	Starting ProtocolHandler ["http-nio-8080"]
[2024-11-06 11:09:29.293|INFO |main|c.s.S.SecurityMvcApplication:StartupInfoLogger.java:logStarted:56]	Started SecurityMvcApplication in 3.515 seconds (process running for 3.851)
[2024-11-06 11:09:36.069|INFO |http-nio-8080-exec-1|o.a.c.c.C.[Tomcat].[localhost].[/]:DirectJDKLog.java:log:173]	Initializing Spring DispatcherServlet 'dispatcherServlet'
[2024-11-06 11:09:36.070|INFO |http-nio-8080-exec-1|o.s.web.servlet.DispatcherServlet:FrameworkServlet.java:initServletBean:532]	Initializing Servlet 'dispatcherServlet'
[2024-11-06 11:09:36.071|INFO |http-nio-8080-exec-1|o.s.web.servlet.DispatcherServlet:FrameworkServlet.java:initServletBean:554]	Completed initialization in 1 ms
[2024-11-06 11:09:36.653|INFO |http-nio-8080-exec-1|com.zaxxer.hikari.HikariDataSource:HikariDataSource.java:getConnection:110]	HikariPool-1 - Starting...
[2024-11-06 11:09:36.742|INFO |http-nio-8080-exec-1|com.zaxxer.hikari.pool.HikariPool:HikariPool.java:checkFailFast:565]	HikariPool-1 - Added connection org.mariadb.jdbc.Connection@4333803f
[2024-11-06 11:09:36.745|INFO |http-nio-8080-exec-1|com.zaxxer.hikari.HikariDataSource:HikariDataSource.java:getConnection:123]	HikariPool-1 - Start completed.
[2024-11-06 11:09:55.130|INFO |SpringApplicationShutdownHook|com.zaxxer.hikari.HikariDataSource:HikariDataSource.java:close:350]	HikariPool-1 - Shutdown initiated...
[2024-11-06 11:09:55.134|INFO |SpringApplicationShutdownHook|com.zaxxer.hikari.HikariDataSource:HikariDataSource.java:close:352]	HikariPool-1 - Shutdown completed.
[2024-11-06 11:20:23.601|INFO |main|c.s.S.SecurityMvcApplication:StartupInfoLogger.java:logStarting:50]	Starting SecurityMvcApplication using Java 17.0.12 with PID 3440 (/Users/iseungcheol/Security-JWT-Session-private/build/classes/java/main started by iseungcheol in /Users/iseungcheol/Security-JWT-Session-private)
[2024-11-06 11:20:23.605|INFO |main|c.s.S.SecurityMvcApplication:SpringApplication.java:logStartupProfileInfo:654]	No active profile set, falling back to 1 default profile: "default"
[2024-11-06 11:20:24.404|INFO |main|o.s.d.r.c.RepositoryConfigurationDelegate:RepositoryConfigurationDelegate.java:multipleStoresDetected:295]	Multiple Spring Data modules found, entering strict repository configuration mode
[2024-11-06 11:20:24.407|INFO |main|o.s.d.r.c.RepositoryConfigurationDelegate:RepositoryConfigurationDelegate.java:registerRepositoriesIn:143]	Bootstrapping Spring Data Redis repositories in DEFAULT mode.
[2024-11-06 11:20:24.437|INFO |main|o.s.d.r.c.RepositoryConfigurationDelegate:RepositoryConfigurationDelegate.java:registerRepositoriesIn:211]	Finished Spring Data repository scanning in 17 ms. Found 0 Redis repository interfaces.
[2024-11-06 11:20:25.157|INFO |main|o.a.coyote.http11.Http11NioProtocol:DirectJDKLog.java:log:173]	Initializing ProtocolHandler ["http-nio-8080"]
[2024-11-06 11:20:25.159|INFO |main|o.a.catalina.core.StandardService:DirectJDKLog.java:log:173]	Starting service [Tomcat]
[2024-11-06 11:20:25.160|INFO |main|o.a.catalina.core.StandardEngine:DirectJDKLog.java:log:173]	Starting Servlet engine: [Apache Tomcat/10.1.20]
[2024-11-06 11:20:25.212|INFO |main|o.a.c.c.C.[Tomcat].[localhost].[/]:DirectJDKLog.java:log:173]	Initializing Spring embedded WebApplicationContext
[2024-11-06 11:20:25.808|DEBUG|main|c.s.S.S.C.CustomAdminAuthenticationFilter:GenericFilterBean.java:init:240]	Filter 'customAdminAuthenticationFilter' configured for use
[2024-11-06 11:20:25.808|DEBUG|main|c.s.S.S.C.CustomUserAuthenticationFilter:GenericFilterBean.java:init:240]	Filter 'customUserAuthenticationFilter' configured for use
[2024-11-06 11:20:25.809|DEBUG|main|c.s.S.S.C.CustomAuthenticationJwtFilter:GenericFilterBean.java:init:240]	Filter 'customAuthenticationJwtFilter' configured for use
[2024-11-06 11:20:25.809|DEBUG|main|c.s.S.S.C.CustomSuperAdminAuthenticationFilter:GenericFilterBean.java:init:240]	Filter 'customSuperAdminAuthenticationFilter' configured for use
[2024-11-06 11:20:26.129|INFO |main|o.s.s.web.DefaultSecurityFilterChain:DefaultSecurityFilterChain.java:<init>:54]	Will secure any request with [org.springframework.security.web.session.DisableEncodeUrlFilter@283baa39, org.springframework.security.web.context.request.async.WebAsyncManagerIntegrationFilter@416b1265, org.springframework.security.web.context.SecurityContextHolderFilter@24a8e40d, org.springframework.security.web.header.HeaderWriterFilter@4813d0, org.springframework.web.filter.CorsFilter@2830315f, org.springframework.security.web.authentication.logout.LogoutFilter@59d5c537, com.spring.SecurityMVC.SpringSecurity.CustomAuthenticationFilter.CustomAuthenticationJwtFilter@10e56da9, com.spring.SecurityMVC.SpringSecurity.CustomAuthenticationFilter.CustomUserAuthenticationFilter@3407aa4f, com.spring.SecurityMVC.SpringSecurity.CustomAuthenticationFilter.CustomAdminAuthenticationFilter@538b3c88, com.spring.SecurityMVC.SpringSecurity.CustomAuthenticationFilter.CustomSuperAdminAuthenticationFilter@22ae905f, org.springframework.security.web.authentication.www.BasicAuthenticationFilter@3f1158ee, org.springframework.security.web.savedrequest.RequestCacheAwareFilter@69fe7090, org.springframework.security.web.servletapi.SecurityContextHolderAwareRequestFilter@6501b105, org.springframework.security.web.authentication.AnonymousAuthenticationFilter@da22aa, org.springframework.security.web.session.SessionManagementFilter@5f0d8937, org.springframework.security.web.access.ExceptionTranslationFilter@68d8eb4f, org.springframework.security.web.access.intercept.AuthorizationFilter@365bfc5f]
[2024-11-06 11:20:26.377|INFO |main|o.a.coyote.http11.Http11NioProtocol:DirectJDKLog.java:log:173]	Starting ProtocolHandler ["http-nio-8080"]
[2024-11-06 11:20:26.433|INFO |main|c.s.S.SecurityMvcApplication:StartupInfoLogger.java:logStarted:56]	Started SecurityMvcApplication in 3.404 seconds (process running for 3.777)
[2024-11-06 11:20:37.634|INFO |http-nio-8080-exec-2|o.a.c.c.C.[Tomcat].[localhost].[/]:DirectJDKLog.java:log:173]	Initializing Spring DispatcherServlet 'dispatcherServlet'
[2024-11-06 11:20:37.635|INFO |http-nio-8080-exec-2|o.s.web.servlet.DispatcherServlet:FrameworkServlet.java:initServletBean:532]	Initializing Servlet 'dispatcherServlet'
[2024-11-06 11:20:37.636|INFO |http-nio-8080-exec-2|o.s.web.servlet.DispatcherServlet:FrameworkServlet.java:initServletBean:554]	Completed initialization in 1 ms
[2024-11-06 11:20:37.763|INFO |http-nio-8080-exec-2|com.zaxxer.hikari.HikariDataSource:HikariDataSource.java:getConnection:110]	HikariPool-1 - Starting...
[2024-11-06 11:20:37.862|INFO |http-nio-8080-exec-2|com.zaxxer.hikari.pool.HikariPool:HikariPool.java:checkFailFast:565]	HikariPool-1 - Added connection org.mariadb.jdbc.Connection@19e14bf6
[2024-11-06 11:20:37.866|INFO |http-nio-8080-exec-2|com.zaxxer.hikari.HikariDataSource:HikariDataSource.java:getConnection:123]	HikariPool-1 - Start completed.
[2024-11-06 11:20:46.782|WARN |http-nio-8080-exec-3|c.s.S.S.C.CustomFailedHandler:CustomFailedHandler.java:onAuthenticationFailure:28]	Authentication failed from IP: 0:0:0:0:0:0:0:1 on API: /Security/SuperAdmin/Check with exception: User does not have SUPER_ADMIN privileges
[2024-11-06 11:22:58.529|INFO |SpringApplicationShutdownHook|com.zaxxer.hikari.HikariDataSource:HikariDataSource.java:close:350]	HikariPool-1 - Shutdown initiated...
[2024-11-06 11:22:58.534|INFO |SpringApplicationShutdownHook|com.zaxxer.hikari.HikariDataSource:HikariDataSource.java:close:352]	HikariPool-1 - Shutdown completed.
[2024-11-06 11:23:01.845|INFO |main|c.s.S.SecurityMvcApplication:StartupInfoLogger.java:logStarting:50]	Starting SecurityMvcApplication using Java 17.0.12 with PID 3475 (/Users/iseungcheol/Security-JWT-Session-private/build/classes/java/main started by iseungcheol in /Users/iseungcheol/Security-JWT-Session-private)
[2024-11-06 11:23:01.848|INFO |main|c.s.S.SecurityMvcApplication:SpringApplication.java:logStartupProfileInfo:654]	No active profile set, falling back to 1 default profile: "default"
[2024-11-06 11:23:02.869|INFO |main|o.s.d.r.c.RepositoryConfigurationDelegate:RepositoryConfigurationDelegate.java:multipleStoresDetected:295]	Multiple Spring Data modules found, entering strict repository configuration mode
[2024-11-06 11:23:02.873|INFO |main|o.s.d.r.c.RepositoryConfigurationDelegate:RepositoryConfigurationDelegate.java:registerRepositoriesIn:143]	Bootstrapping Spring Data Redis repositories in DEFAULT mode.
[2024-11-06 11:23:02.915|INFO |main|o.s.d.r.c.RepositoryConfigurationDelegate:RepositoryConfigurationDelegate.java:registerRepositoriesIn:211]	Finished Spring Data repository scanning in 22 ms. Found 0 Redis repository interfaces.
[2024-11-06 11:23:03.681|INFO |main|o.a.coyote.http11.Http11NioProtocol:DirectJDKLog.java:log:173]	Initializing ProtocolHandler ["http-nio-8080"]
[2024-11-06 11:23:03.684|INFO |main|o.a.catalina.core.StandardService:DirectJDKLog.java:log:173]	Starting service [Tomcat]
[2024-11-06 11:23:03.685|INFO |main|o.a.catalina.core.StandardEngine:DirectJDKLog.java:log:173]	Starting Servlet engine: [Apache Tomcat/10.1.20]
[2024-11-06 11:23:03.765|INFO |main|o.a.c.c.C.[Tomcat].[localhost].[/]:DirectJDKLog.java:log:173]	Initializing Spring embedded WebApplicationContext
[2024-11-06 11:23:04.442|DEBUG|main|c.s.S.S.C.CustomAdminAuthenticationFilter:GenericFilterBean.java:init:240]	Filter 'customAdminAuthenticationFilter' configured for use
[2024-11-06 11:23:04.443|DEBUG|main|c.s.S.S.C.CustomUserAuthenticationFilter:GenericFilterBean.java:init:240]	Filter 'customUserAuthenticationFilter' configured for use
[2024-11-06 11:23:04.444|DEBUG|main|c.s.S.S.C.CustomAuthenticationJwtFilter:GenericFilterBean.java:init:240]	Filter 'customAuthenticationJwtFilter' configured for use
[2024-11-06 11:23:04.445|DEBUG|main|c.s.S.S.C.CustomSuperAdminAuthenticationFilter:GenericFilterBean.java:init:240]	Filter 'customSuperAdminAuthenticationFilter' configured for use
[2024-11-06 11:23:04.917|INFO |main|o.s.s.web.DefaultSecurityFilterChain:DefaultSecurityFilterChain.java:<init>:54]	Will secure any request with [org.springframework.security.web.session.DisableEncodeUrlFilter@da22aa, org.springframework.security.web.context.request.async.WebAsyncManagerIntegrationFilter@75452aea, org.springframework.security.web.context.SecurityContextHolderFilter@6501b105, org.springframework.security.web.header.HeaderWriterFilter@105dc04d, org.springframework.web.filter.CorsFilter@6c24f61d, org.springframework.security.web.authentication.logout.LogoutFilter@2f07930a, com.spring.SecurityMVC.SpringSecurity.CustomAuthenticationFilter.CustomAuthenticationJwtFilter@748904e8, com.spring.SecurityMVC.SpringSecurity.CustomAuthenticationFilter.CustomUserAuthenticationFilter@19b9f903, com.spring.SecurityMVC.SpringSecurity.CustomAuthenticationFilter.CustomAdminAuthenticationFilter@28cb86b2, com.spring.SecurityMVC.SpringSecurity.CustomAuthenticationFilter.CustomSuperAdminAuthenticationFilter@3b3056a6, org.springframework.security.web.authentication.www.BasicAuthenticationFilter@1c6ac73c, org.springframework.security.web.savedrequest.RequestCacheAwareFilter@6df2af02, org.springframework.security.web.servletapi.SecurityContextHolderAwareRequestFilter@779228dc, org.springframework.security.web.authentication.AnonymousAuthenticationFilter@4537880f, org.springframework.security.web.session.SessionManagementFilter@24a8e40d, org.springframework.security.web.access.ExceptionTranslationFilter@702096ef, org.springframework.security.web.access.intercept.AuthorizationFilter@283baa39]
[2024-11-06 11:23:05.250|INFO |main|o.a.coyote.http11.Http11NioProtocol:DirectJDKLog.java:log:173]	Starting ProtocolHandler ["http-nio-8080"]
[2024-11-06 11:23:05.328|INFO |main|c.s.S.SecurityMvcApplication:StartupInfoLogger.java:logStarted:56]	Started SecurityMvcApplication in 4.116 seconds (process running for 4.665)
[2024-11-06 13:18:23.146|INFO |http-nio-8080-exec-1|o.a.c.c.C.[Tomcat].[localhost].[/]:DirectJDKLog.java:log:173]	Initializing Spring DispatcherServlet 'dispatcherServlet'
[2024-11-06 13:18:23.146|INFO |http-nio-8080-exec-1|o.s.web.servlet.DispatcherServlet:FrameworkServlet.java:initServletBean:532]	Initializing Servlet 'dispatcherServlet'
[2024-11-06 13:18:23.148|INFO |http-nio-8080-exec-1|o.s.web.servlet.DispatcherServlet:FrameworkServlet.java:initServletBean:554]	Completed initialization in 1 ms
[2024-11-06 13:18:23.595|INFO |http-nio-8080-exec-1|com.zaxxer.hikari.HikariDataSource:HikariDataSource.java:getConnection:110]	HikariPool-1 - Starting...
[2024-11-06 13:18:23.669|INFO |http-nio-8080-exec-1|com.zaxxer.hikari.pool.HikariPool:HikariPool.java:checkFailFast:565]	HikariPool-1 - Added connection org.mariadb.jdbc.Connection@6d38c5cc
[2024-11-06 13:18:23.670|INFO |http-nio-8080-exec-1|com.zaxxer.hikari.HikariDataSource:HikariDataSource.java:getConnection:123]	HikariPool-1 - Start completed.
[2024-11-06 14:54:33.097|INFO |SpringApplicationShutdownHook|com.zaxxer.hikari.HikariDataSource:HikariDataSource.java:close:350]	HikariPool-1 - Shutdown initiated...
[2024-11-06 14:54:33.100|INFO |SpringApplicationShutdownHook|com.zaxxer.hikari.HikariDataSource:HikariDataSource.java:close:352]	HikariPool-1 - Shutdown completed.
[2024-11-06 15:14:17.482|INFO |main|c.s.S.SecurityMvcApplication:StartupInfoLogger.java:logStarting:50]	Starting SecurityMvcApplication using Java 17.0.12 with PID 5333 (/Users/iseungcheol/Security-JWT-Session-private/build/classes/java/main started by iseungcheol in /Users/iseungcheol/Security-JWT-Session-private)
[2024-11-06 15:14:17.485|INFO |main|c.s.S.SecurityMvcApplication:SpringApplication.java:logStartupProfileInfo:654]	No active profile set, falling back to 1 default profile: "default"
[2024-11-06 15:14:18.302|INFO |main|o.s.d.r.c.RepositoryConfigurationDelegate:RepositoryConfigurationDelegate.java:multipleStoresDetected:295]	Multiple Spring Data modules found, entering strict repository configuration mode
[2024-11-06 15:14:18.305|INFO |main|o.s.d.r.c.RepositoryConfigurationDelegate:RepositoryConfigurationDelegate.java:registerRepositoriesIn:143]	Bootstrapping Spring Data Redis repositories in DEFAULT mode.
[2024-11-06 15:14:18.339|INFO |main|o.s.d.r.c.RepositoryConfigurationDelegate:RepositoryConfigurationDelegate.java:registerRepositoriesIn:211]	Finished Spring Data repository scanning in 19 ms. Found 0 Redis repository interfaces.
[2024-11-06 15:14:19.300|INFO |main|o.a.coyote.http11.Http11NioProtocol:DirectJDKLog.java:log:173]	Initializing ProtocolHandler ["http-nio-8080"]
[2024-11-06 15:14:19.303|INFO |main|o.a.catalina.core.StandardService:DirectJDKLog.java:log:173]	Starting service [Tomcat]
[2024-11-06 15:14:19.303|INFO |main|o.a.catalina.core.StandardEngine:DirectJDKLog.java:log:173]	Starting Servlet engine: [Apache Tomcat/10.1.20]
[2024-11-06 15:14:19.383|INFO |main|o.a.c.c.C.[Tomcat].[localhost].[/]:DirectJDKLog.java:log:173]	Initializing Spring embedded WebApplicationContext
[2024-11-06 15:14:20.188|DEBUG|main|c.s.S.S.C.CustomAdminAuthenticationFilter:GenericFilterBean.java:init:240]	Filter 'customAdminAuthenticationFilter' configured for use
[2024-11-06 15:14:20.189|DEBUG|main|c.s.S.S.C.CustomUserAuthenticationFilter:GenericFilterBean.java:init:240]	Filter 'customUserAuthenticationFilter' configured for use
[2024-11-06 15:14:20.190|DEBUG|main|c.s.S.S.C.CustomAuthenticationJwtFilter:GenericFilterBean.java:init:240]	Filter 'customAuthenticationJwtFilter' configured for use
[2024-11-06 15:14:20.191|DEBUG|main|c.s.S.S.C.CustomSuperAdminAuthenticationFilter:GenericFilterBean.java:init:240]	Filter 'customSuperAdminAuthenticationFilter' configured for use
[2024-11-06 15:14:20.645|INFO |main|o.s.s.web.DefaultSecurityFilterChain:DefaultSecurityFilterChain.java:<init>:54]	Will secure any request with [org.springframework.security.web.session.DisableEncodeUrlFilter@283baa39, org.springframework.security.web.context.request.async.WebAsyncManagerIntegrationFilter@416b1265, org.springframework.security.web.context.SecurityContextHolderFilter@24a8e40d, org.springframework.security.web.header.HeaderWriterFilter@4813d0, org.springframework.web.filter.CorsFilter@2830315f, org.springframework.security.web.authentication.logout.LogoutFilter@59d5c537, com.spring.SecurityMVC.SpringSecurity.CustomAuthenticationFilter.CustomAuthenticationJwtFilter@10e56da9, com.spring.SecurityMVC.SpringSecurity.CustomAuthenticationFilter.CustomUserAuthenticationFilter@3407aa4f, com.spring.SecurityMVC.SpringSecurity.CustomAuthenticationFilter.CustomAdminAuthenticationFilter@538b3c88, com.spring.SecurityMVC.SpringSecurity.CustomAuthenticationFilter.CustomSuperAdminAuthenticationFilter@22ae905f, org.springframework.security.web.authentication.www.BasicAuthenticationFilter@3f1158ee, org.springframework.security.web.savedrequest.RequestCacheAwareFilter@69fe7090, org.springframework.security.web.servletapi.SecurityContextHolderAwareRequestFilter@6501b105, org.springframework.security.web.authentication.AnonymousAuthenticationFilter@da22aa, org.springframework.security.web.session.SessionManagementFilter@5f0d8937, org.springframework.security.web.access.ExceptionTranslationFilter@68d8eb4f, org.springframework.security.web.access.intercept.AuthorizationFilter@365bfc5f]
[2024-11-06 15:14:21.032|INFO |main|o.a.coyote.http11.Http11NioProtocol:DirectJDKLog.java:log:173]	Starting ProtocolHandler ["http-nio-8080"]
[2024-11-06 15:14:21.121|INFO |main|c.s.S.SecurityMvcApplication:StartupInfoLogger.java:logStarted:56]	Started SecurityMvcApplication in 4.203 seconds (process running for 4.586)
[2024-11-06 15:14:39.492|INFO |http-nio-8080-exec-2|o.a.c.c.C.[Tomcat].[localhost].[/]:DirectJDKLog.java:log:173]	Initializing Spring DispatcherServlet 'dispatcherServlet'
[2024-11-06 15:14:39.492|INFO |http-nio-8080-exec-2|o.s.web.servlet.DispatcherServlet:FrameworkServlet.java:initServletBean:532]	Initializing Servlet 'dispatcherServlet'
[2024-11-06 15:14:39.494|INFO |http-nio-8080-exec-2|o.s.web.servlet.DispatcherServlet:FrameworkServlet.java:initServletBean:554]	Completed initialization in 2 ms
[2024-11-06 15:15:18.196|INFO |http-nio-8080-exec-4|com.zaxxer.hikari.HikariDataSource:HikariDataSource.java:getConnection:110]	HikariPool-1 - Starting...
[2024-11-06 15:15:18.273|INFO |http-nio-8080-exec-4|com.zaxxer.hikari.pool.HikariPool:HikariPool.java:checkFailFast:565]	HikariPool-1 - Added connection org.mariadb.jdbc.Connection@36137259
[2024-11-06 15:15:18.275|INFO |http-nio-8080-exec-4|com.zaxxer.hikari.HikariDataSource:HikariDataSource.java:getConnection:123]	HikariPool-1 - Start completed.
[2024-11-06 15:30:04.352|INFO |SpringApplicationShutdownHook|com.zaxxer.hikari.HikariDataSource:HikariDataSource.java:close:350]	HikariPool-1 - Shutdown initiated...
[2024-11-06 15:30:04.357|INFO |SpringApplicationShutdownHook|com.zaxxer.hikari.HikariDataSource:HikariDataSource.java:close:352]	HikariPool-1 - Shutdown completed.
