[2025-01-14 17:18:18.036|INFO |main|c.s.S.SecurityMvcApplication:StartupInfoLogger.java:logStarting:50]	Starting SecurityMvcApplication using Java 17.0.13 with PID 8300 (/Users/iseungcheol/Desktop/Security-JWT-Session-private/build/classes/java/main started by iseungcheol in /Users/iseungcheol/Desktop/Security-JWT-Session-private)
[2025-01-14 17:18:18.042|INFO |main|c.s.S.SecurityMvcApplication:SpringApplication.java:logStartupProfileInfo:654]	No active profile set, falling back to 1 default profile: "default"
[2025-01-14 17:18:18.899|INFO |main|o.s.d.r.c.RepositoryConfigurationDelegate:RepositoryConfigurationDelegate.java:multipleStoresDetected:295]	Multiple Spring Data modules found, entering strict repository configuration mode
[2025-01-14 17:18:18.901|INFO |main|o.s.d.r.c.RepositoryConfigurationDelegate:RepositoryConfigurationDelegate.java:registerRepositoriesIn:143]	Bootstrapping Spring Data Redis repositories in DEFAULT mode.
[2025-01-14 17:18:18.935|INFO |main|o.s.d.r.c.RepositoryConfigurationDelegate:RepositoryConfigurationDelegate.java:registerRepositoriesIn:211]	Finished Spring Data repository scanning in 20 ms. Found 0 Redis repository interfaces.
[2025-01-14 17:18:19.667|INFO |main|o.a.coyote.http11.Http11NioProtocol:DirectJDKLog.java:log:173]	Initializing ProtocolHandler ["http-nio-8080"]
[2025-01-14 17:18:19.669|INFO |main|o.a.catalina.core.StandardService:DirectJDKLog.java:log:173]	Starting service [Tomcat]
[2025-01-14 17:18:19.670|INFO |main|o.a.catalina.core.StandardEngine:DirectJDKLog.java:log:173]	Starting Servlet engine: [Apache Tomcat/10.1.20]
[2025-01-14 17:18:19.732|INFO |main|o.a.c.c.C.[Tomcat].[localhost].[/]:DirectJDKLog.java:log:173]	Initializing Spring embedded WebApplicationContext
[2025-01-14 17:18:20.323|DEBUG|main|c.s.S.S.C.CustomAdminAuthenticationFilter:GenericFilterBean.java:init:240]	Filter 'customAdminAuthenticationFilter' configured for use
[2025-01-14 17:18:20.324|DEBUG|main|c.s.S.S.C.CustomUserAuthenticationFilter:GenericFilterBean.java:init:240]	Filter 'customUserAuthenticationFilter' configured for use
[2025-01-14 17:18:20.325|DEBUG|main|c.s.S.S.C.CustomSuperAdminAuthenticationFilter:GenericFilterBean.java:init:240]	Filter 'customSuperAdminAuthenticationFilter' configured for use
[2025-01-14 17:18:20.791|INFO |main|o.s.s.web.DefaultSecurityFilterChain:DefaultSecurityFilterChain.java:<init>:54]	Will secure any request with [org.springframework.security.web.session.DisableEncodeUrlFilter@416b1265, org.springframework.security.web.context.request.async.WebAsyncManagerIntegrationFilter@2830315f, org.springframework.security.web.context.SecurityContextHolderFilter@175f859e, org.springframework.security.web.header.HeaderWriterFilter@702096ef, org.springframework.web.filter.CorsFilter@da22aa, org.springframework.security.web.authentication.logout.LogoutFilter@5464b97c, com.spring.SecurityMVC.SpringSecurity.CustomAuthenticationFilter.CustomUserAuthenticationFilter@78065fcd, com.spring.SecurityMVC.SpringSecurity.CustomAuthenticationFilter.CustomAdminAuthenticationFilter@51ed2f68, com.spring.SecurityMVC.SpringSecurity.CustomAuthenticationFilter.CustomSuperAdminAuthenticationFilter@19b9f903, org.springframework.security.web.authentication.www.BasicAuthenticationFilter@6463da36, org.springframework.security.web.savedrequest.RequestCacheAwareFilter@6501b105, org.springframework.security.web.servletapi.SecurityContextHolderAwareRequestFilter@66ab924, org.springframework.security.web.authentication.AnonymousAuthenticationFilter@75452aea, org.springframework.security.web.session.SessionManagementFilter@105dc04d, org.springframework.security.web.access.ExceptionTranslationFilter@64757d56, org.springframework.security.web.access.intercept.AuthorizationFilter@1a7e799e]
[2025-01-14 17:18:21.103|INFO |main|o.a.coyote.http11.Http11NioProtocol:DirectJDKLog.java:log:173]	Starting ProtocolHandler ["http-nio-8080"]
[2025-01-14 17:18:21.149|INFO |main|c.s.S.SecurityMvcApplication:StartupInfoLogger.java:logStarted:56]	Started SecurityMvcApplication in 3.677 seconds (process running for 4.062)
[2025-01-14 17:18:41.222|INFO |http-nio-8080-exec-1|o.a.c.c.C.[Tomcat].[localhost].[/]:DirectJDKLog.java:log:173]	Initializing Spring DispatcherServlet 'dispatcherServlet'
[2025-01-14 17:18:41.223|INFO |http-nio-8080-exec-1|o.s.web.servlet.DispatcherServlet:FrameworkServlet.java:initServletBean:532]	Initializing Servlet 'dispatcherServlet'
[2025-01-14 17:18:41.224|INFO |http-nio-8080-exec-1|o.s.web.servlet.DispatcherServlet:FrameworkServlet.java:initServletBean:554]	Completed initialization in 1 ms
[2025-01-14 17:22:32.441|INFO |main|c.s.S.SecurityMvcApplication:StartupInfoLogger.java:logStarting:50]	Starting SecurityMvcApplication using Java 17.0.13 with PID 8409 (/Users/iseungcheol/Desktop/Security-JWT-Session-private/build/classes/java/main started by iseungcheol in /Users/iseungcheol/Desktop/Security-JWT-Session-private)
[2025-01-14 17:22:32.444|INFO |main|c.s.S.SecurityMvcApplication:SpringApplication.java:logStartupProfileInfo:654]	No active profile set, falling back to 1 default profile: "default"
[2025-01-14 17:22:33.448|INFO |main|o.s.d.r.c.RepositoryConfigurationDelegate:RepositoryConfigurationDelegate.java:multipleStoresDetected:295]	Multiple Spring Data modules found, entering strict repository configuration mode
[2025-01-14 17:22:33.450|INFO |main|o.s.d.r.c.RepositoryConfigurationDelegate:RepositoryConfigurationDelegate.java:registerRepositoriesIn:143]	Bootstrapping Spring Data Redis repositories in DEFAULT mode.
[2025-01-14 17:22:33.482|INFO |main|o.s.d.r.c.RepositoryConfigurationDelegate:RepositoryConfigurationDelegate.java:registerRepositoriesIn:211]	Finished Spring Data repository scanning in 17 ms. Found 0 Redis repository interfaces.
[2025-01-14 17:22:34.352|INFO |main|o.a.coyote.http11.Http11NioProtocol:DirectJDKLog.java:log:173]	Initializing ProtocolHandler ["http-nio-8080"]
[2025-01-14 17:22:34.356|INFO |main|o.a.catalina.core.StandardService:DirectJDKLog.java:log:173]	Starting service [Tomcat]
[2025-01-14 17:22:34.357|INFO |main|o.a.catalina.core.StandardEngine:DirectJDKLog.java:log:173]	Starting Servlet engine: [Apache Tomcat/10.1.20]
[2025-01-14 17:22:34.450|INFO |main|o.a.c.c.C.[Tomcat].[localhost].[/]:DirectJDKLog.java:log:173]	Initializing Spring embedded WebApplicationContext
[2025-01-14 17:22:35.162|DEBUG|main|c.s.S.S.C.CustomAdminAuthenticationFilter:GenericFilterBean.java:init:240]	Filter 'customAdminAuthenticationFilter' configured for use
[2025-01-14 17:22:35.163|DEBUG|main|c.s.S.S.C.CustomUserAuthenticationFilter:GenericFilterBean.java:init:240]	Filter 'customUserAuthenticationFilter' configured for use
[2025-01-14 17:22:35.163|DEBUG|main|c.s.S.S.C.CustomSuperAdminAuthenticationFilter:GenericFilterBean.java:init:240]	Filter 'customSuperAdminAuthenticationFilter' configured for use
[2025-01-14 17:22:43.140|INFO |main|c.s.S.SecurityMvcApplication:StartupInfoLogger.java:logStarting:50]	Starting SecurityMvcApplication using Java 17.0.13 with PID 8423 (/Users/iseungcheol/Desktop/Security-JWT-Session-private/build/classes/java/main started by iseungcheol in /Users/iseungcheol/Desktop/Security-JWT-Session-private)
[2025-01-14 17:22:43.143|INFO |main|c.s.S.SecurityMvcApplication:SpringApplication.java:logStartupProfileInfo:654]	No active profile set, falling back to 1 default profile: "default"
[2025-01-14 17:22:43.976|INFO |main|o.s.d.r.c.RepositoryConfigurationDelegate:RepositoryConfigurationDelegate.java:multipleStoresDetected:295]	Multiple Spring Data modules found, entering strict repository configuration mode
[2025-01-14 17:22:43.979|INFO |main|o.s.d.r.c.RepositoryConfigurationDelegate:RepositoryConfigurationDelegate.java:registerRepositoriesIn:143]	Bootstrapping Spring Data Redis repositories in DEFAULT mode.
[2025-01-14 17:22:44.021|INFO |main|o.s.d.r.c.RepositoryConfigurationDelegate:RepositoryConfigurationDelegate.java:registerRepositoriesIn:211]	Finished Spring Data repository scanning in 27 ms. Found 0 Redis repository interfaces.
[2025-01-14 17:22:44.737|INFO |main|o.a.coyote.http11.Http11NioProtocol:DirectJDKLog.java:log:173]	Initializing ProtocolHandler ["http-nio-8080"]
[2025-01-14 17:22:44.739|INFO |main|o.a.catalina.core.StandardService:DirectJDKLog.java:log:173]	Starting service [Tomcat]
[2025-01-14 17:22:44.740|INFO |main|o.a.catalina.core.StandardEngine:DirectJDKLog.java:log:173]	Starting Servlet engine: [Apache Tomcat/10.1.20]
[2025-01-14 17:22:44.801|INFO |main|o.a.c.c.C.[Tomcat].[localhost].[/]:DirectJDKLog.java:log:173]	Initializing Spring embedded WebApplicationContext
[2025-01-14 17:22:45.387|DEBUG|main|c.s.S.S.C.CustomAdminAuthenticationFilter:GenericFilterBean.java:init:240]	Filter 'customAdminAuthenticationFilter' configured for use
[2025-01-14 17:22:45.387|DEBUG|main|c.s.S.S.C.CustomUserAuthenticationFilter:GenericFilterBean.java:init:240]	Filter 'customUserAuthenticationFilter' configured for use
[2025-01-14 17:22:45.388|DEBUG|main|c.s.S.S.C.CustomSuperAdminAuthenticationFilter:GenericFilterBean.java:init:240]	Filter 'customSuperAdminAuthenticationFilter' configured for use
[2025-01-14 17:22:45.759|INFO |main|o.s.s.web.DefaultSecurityFilterChain:DefaultSecurityFilterChain.java:<init>:54]	Will secure any request with [org.springframework.security.web.session.DisableEncodeUrlFilter@5341e71a, org.springframework.security.web.context.request.async.WebAsyncManagerIntegrationFilter@405d8a80, org.springframework.security.web.context.SecurityContextHolderFilter@68d8eb4f, org.springframework.security.web.header.HeaderWriterFilter@6a4a2090, org.springframework.web.filter.CorsFilter@ac4e690, org.springframework.security.web.authentication.logout.LogoutFilter@8af1c49, com.spring.SecurityMVC.SpringSecurity.CustomAuthenticationFilter.CustomUserAuthenticationFilter@7fc7152e, com.spring.SecurityMVC.SpringSecurity.CustomAuthenticationFilter.CustomAdminAuthenticationFilter@6704df84, com.spring.SecurityMVC.SpringSecurity.CustomAuthenticationFilter.CustomSuperAdminAuthenticationFilter@53bb71e5, org.springframework.security.web.authentication.www.BasicAuthenticationFilter@2f07930a, org.springframework.security.web.savedrequest.RequestCacheAwareFilter@4813d0, org.springframework.security.web.servletapi.SecurityContextHolderAwareRequestFilter@702096ef, org.springframework.security.web.authentication.AnonymousAuthenticationFilter@6afeaf2d, org.springframework.security.web.session.SessionManagementFilter@b70fa38, org.springframework.security.web.access.ExceptionTranslationFilter@6113a26f, org.springframework.security.web.access.intercept.AuthorizationFilter@4a4b288a]
[2025-01-14 17:22:45.998|INFO |main|o.a.coyote.http11.Http11NioProtocol:DirectJDKLog.java:log:173]	Starting ProtocolHandler ["http-nio-8080"]
[2025-01-14 17:22:46.042|INFO |main|c.s.S.SecurityMvcApplication:StartupInfoLogger.java:logStarted:56]	Started SecurityMvcApplication in 3.448 seconds (process running for 3.821)
[2025-01-14 17:22:52.916|INFO |http-nio-8080-exec-2|o.a.c.c.C.[Tomcat].[localhost].[/]:DirectJDKLog.java:log:173]	Initializing Spring DispatcherServlet 'dispatcherServlet'
[2025-01-14 17:22:52.917|INFO |http-nio-8080-exec-2|o.s.web.servlet.DispatcherServlet:FrameworkServlet.java:initServletBean:532]	Initializing Servlet 'dispatcherServlet'
[2025-01-14 17:22:52.919|INFO |http-nio-8080-exec-2|o.s.web.servlet.DispatcherServlet:FrameworkServlet.java:initServletBean:554]	Completed initialization in 2 ms
[2025-01-14 17:24:44.321|INFO |main|c.s.S.SecurityMvcApplication:StartupInfoLogger.java:logStarting:50]	Starting SecurityMvcApplication using Java 17.0.13 with PID 8459 (/Users/iseungcheol/Desktop/Security-JWT-Session-private/build/classes/java/main started by iseungcheol in /Users/iseungcheol/Desktop/Security-JWT-Session-private)
[2025-01-14 17:24:44.323|INFO |main|c.s.S.SecurityMvcApplication:SpringApplication.java:logStartupProfileInfo:654]	No active profile set, falling back to 1 default profile: "default"
[2025-01-14 17:24:45.125|INFO |main|o.s.d.r.c.RepositoryConfigurationDelegate:RepositoryConfigurationDelegate.java:multipleStoresDetected:295]	Multiple Spring Data modules found, entering strict repository configuration mode
[2025-01-14 17:24:45.128|INFO |main|o.s.d.r.c.RepositoryConfigurationDelegate:RepositoryConfigurationDelegate.java:registerRepositoriesIn:143]	Bootstrapping Spring Data Redis repositories in DEFAULT mode.
[2025-01-14 17:24:45.157|INFO |main|o.s.d.r.c.RepositoryConfigurationDelegate:RepositoryConfigurationDelegate.java:registerRepositoriesIn:211]	Finished Spring Data repository scanning in 17 ms. Found 0 Redis repository interfaces.
[2025-01-14 17:24:45.961|INFO |main|o.a.coyote.http11.Http11NioProtocol:DirectJDKLog.java:log:173]	Initializing ProtocolHandler ["http-nio-8080"]
[2025-01-14 17:24:45.963|INFO |main|o.a.catalina.core.StandardService:DirectJDKLog.java:log:173]	Starting service [Tomcat]
[2025-01-14 17:24:45.963|INFO |main|o.a.catalina.core.StandardEngine:DirectJDKLog.java:log:173]	Starting Servlet engine: [Apache Tomcat/10.1.20]
[2025-01-14 17:24:46.027|INFO |main|o.a.c.c.C.[Tomcat].[localhost].[/]:DirectJDKLog.java:log:173]	Initializing Spring embedded WebApplicationContext
[2025-01-14 17:24:46.646|DEBUG|main|c.s.S.S.C.CustomAdminAuthenticationFilter:GenericFilterBean.java:init:240]	Filter 'customAdminAuthenticationFilter' configured for use
[2025-01-14 17:24:46.647|DEBUG|main|c.s.S.S.C.CustomUserAuthenticationFilter:GenericFilterBean.java:init:240]	Filter 'customUserAuthenticationFilter' configured for use
[2025-01-14 17:24:46.648|DEBUG|main|c.s.S.S.C.CustomSuperAdminAuthenticationFilter:GenericFilterBean.java:init:240]	Filter 'customSuperAdminAuthenticationFilter' configured for use
[2025-01-14 17:24:47.046|INFO |main|o.s.s.web.DefaultSecurityFilterChain:DefaultSecurityFilterChain.java:<init>:54]	Will secure any request with [org.springframework.security.web.session.DisableEncodeUrlFilter@6c24f61d, org.springframework.security.web.context.request.async.WebAsyncManagerIntegrationFilter@4537880f, org.springframework.security.web.context.SecurityContextHolderFilter@6df2af02, org.springframework.security.web.header.HeaderWriterFilter@24a8e40d, org.springframework.web.filter.CorsFilter@14292d71, org.springframework.security.web.authentication.logout.LogoutFilter@29d2fa84, com.spring.SecurityMVC.SpringSecurity.CustomAuthenticationFilter.CustomUserAuthenticationFilter@538b3c88, com.spring.SecurityMVC.SpringSecurity.CustomAuthenticationFilter.CustomAdminAuthenticationFilter@10e56da9, com.spring.SecurityMVC.SpringSecurity.CustomAuthenticationFilter.CustomSuperAdminAuthenticationFilter@22ae905f, org.springframework.security.web.authentication.www.BasicAuthenticationFilter@5341e71a, org.springframework.security.web.savedrequest.RequestCacheAwareFilter@1f7336b2, org.springframework.security.web.servletapi.SecurityContextHolderAwareRequestFilter@4c030fe1, org.springframework.security.web.authentication.AnonymousAuthenticationFilter@48e74764, org.springframework.security.web.session.SessionManagementFilter@69fe7090, org.springframework.security.web.access.ExceptionTranslationFilter@105dc04d, org.springframework.security.web.access.intercept.AuthorizationFilter@2830315f]
[2025-01-14 17:24:47.401|INFO |main|o.a.coyote.http11.Http11NioProtocol:DirectJDKLog.java:log:173]	Starting ProtocolHandler ["http-nio-8080"]
[2025-01-14 17:24:47.446|INFO |main|c.s.S.SecurityMvcApplication:StartupInfoLogger.java:logStarted:56]	Started SecurityMvcApplication in 3.665 seconds (process running for 4.173)
[2025-01-14 17:24:49.755|INFO |http-nio-8080-exec-2|o.a.c.c.C.[Tomcat].[localhost].[/]:DirectJDKLog.java:log:173]	Initializing Spring DispatcherServlet 'dispatcherServlet'
[2025-01-14 17:24:49.756|INFO |http-nio-8080-exec-2|o.s.web.servlet.DispatcherServlet:FrameworkServlet.java:initServletBean:532]	Initializing Servlet 'dispatcherServlet'
[2025-01-14 17:24:49.757|INFO |http-nio-8080-exec-2|o.s.web.servlet.DispatcherServlet:FrameworkServlet.java:initServletBean:554]	Completed initialization in 1 ms
[2025-01-14 17:24:49.891|INFO |http-nio-8080-exec-2|com.zaxxer.hikari.HikariDataSource:HikariDataSource.java:getConnection:110]	HikariPool-1 - Starting...
[2025-01-14 17:24:50.978|ERROR|http-nio-8080-exec-2|com.zaxxer.hikari.pool.HikariPool:HikariPool.java:throwPoolInitializationException:594]	HikariPool-1 - Exception during pool initialization.
java.sql.SQLNonTransientConnectionException: Socket fail to connect to host:address=(host=localhost)(port=3307)(type=primary). Connection refused
	at org.mariadb.jdbc.client.impl.ConnectionHelper.connectSocket(ConnectionHelper.java:140)
	at org.mariadb.jdbc.client.impl.StandardClient.<init>(StandardClient.java:102)
	at org.mariadb.jdbc.Driver.connect(Driver.java:69)
	at org.mariadb.jdbc.Driver.connect(Driver.java:95)
	at org.mariadb.jdbc.Driver.connect(Driver.java:26)
	at com.zaxxer.hikari.util.DriverDataSource.getConnection(DriverDataSource.java:138)
	at com.zaxxer.hikari.pool.PoolBase.newConnection(PoolBase.java:359)
	at com.zaxxer.hikari.pool.PoolBase.newPoolEntry(PoolBase.java:201)
	at com.zaxxer.hikari.pool.HikariPool.createPoolEntry(HikariPool.java:470)
	at com.zaxxer.hikari.pool.HikariPool.checkFailFast(HikariPool.java:561)
	at com.zaxxer.hikari.pool.HikariPool.<init>(HikariPool.java:100)
	at com.zaxxer.hikari.HikariDataSource.getConnection(HikariDataSource.java:112)
	at org.springframework.jdbc.datasource.DataSourceUtils.fetchConnection(DataSourceUtils.java:160)
	at org.springframework.jdbc.datasource.DataSourceUtils.doGetConnection(DataSourceUtils.java:118)
	at org.springframework.jdbc.datasource.DataSourceUtils.getConnection(DataSourceUtils.java:81)
	at org.mybatis.spring.transaction.SpringManagedTransaction.openConnection(SpringManagedTransaction.java:80)
	at org.mybatis.spring.transaction.SpringManagedTransaction.getConnection(SpringManagedTransaction.java:67)
	at org.apache.ibatis.executor.BaseExecutor.getConnection(BaseExecutor.java:337)
	at org.apache.ibatis.executor.SimpleExecutor.prepareStatement(SimpleExecutor.java:86)
	at org.apache.ibatis.executor.SimpleExecutor.doQuery(SimpleExecutor.java:62)
	at org.apache.ibatis.executor.BaseExecutor.queryFromDatabase(BaseExecutor.java:325)
	at org.apache.ibatis.executor.BaseExecutor.query(BaseExecutor.java:156)
	at org.apache.ibatis.executor.CachingExecutor.query(CachingExecutor.java:109)
	at org.apache.ibatis.executor.CachingExecutor.query(CachingExecutor.java:89)
	at org.apache.ibatis.session.defaults.DefaultSqlSession.selectList(DefaultSqlSession.java:151)
	at org.apache.ibatis.session.defaults.DefaultSqlSession.selectList(DefaultSqlSession.java:145)
	at org.apache.ibatis.session.defaults.DefaultSqlSession.selectList(DefaultSqlSession.java:140)
	at org.apache.ibatis.session.defaults.DefaultSqlSession.selectOne(DefaultSqlSession.java:76)
	at java.base/jdk.internal.reflect.NativeMethodAccessorImpl.invoke0(Native Method)
	at java.base/jdk.internal.reflect.NativeMethodAccessorImpl.invoke(NativeMethodAccessorImpl.java:77)
	at java.base/jdk.internal.reflect.DelegatingMethodAccessorImpl.invoke(DelegatingMethodAccessorImpl.java:43)
	at java.base/java.lang.reflect.Method.invoke(Method.java:569)
	at org.mybatis.spring.SqlSessionTemplate$SqlSessionInterceptor.invoke(SqlSessionTemplate.java:425)
	at jdk.proxy2/jdk.proxy2.$Proxy74.selectOne(Unknown Source)
	at org.mybatis.spring.SqlSessionTemplate.selectOne(SqlSessionTemplate.java:160)
	at org.apache.ibatis.binding.MapperMethod.execute(MapperMethod.java:87)
	at org.apache.ibatis.binding.MapperProxy$PlainMethodInvoker.invoke(MapperProxy.java:145)
	at org.apache.ibatis.binding.MapperProxy.invoke(MapperProxy.java:86)
	at jdk.proxy2/jdk.proxy2.$Proxy75.FindById(Unknown Source)
	at com.spring.SecurityMVC.SignUpInfo.Service.SignUpService.ValidateUserName(SignUpService.java:96)
	at com.spring.SecurityMVC.SignUpInfo.Controller.SignUpController.ValidateUserName(SignUpController.java:39)
	at java.base/jdk.internal.reflect.NativeMethodAccessorImpl.invoke0(Native Method)
	at java.base/jdk.internal.reflect.NativeMethodAccessorImpl.invoke(NativeMethodAccessorImpl.java:77)
	at java.base/jdk.internal.reflect.DelegatingMethodAccessorImpl.invoke(DelegatingMethodAccessorImpl.java:43)
	at java.base/java.lang.reflect.Method.invoke(Method.java:569)
	at org.springframework.web.method.support.InvocableHandlerMethod.doInvoke(InvocableHandlerMethod.java:255)
	at org.springframework.web.method.support.InvocableHandlerMethod.invokeForRequest(InvocableHandlerMethod.java:188)
	at org.springframework.web.servlet.mvc.method.annotation.ServletInvocableHandlerMethod.invokeAndHandle(ServletInvocableHandlerMethod.java:118)
	at org.springframework.web.servlet.mvc.method.annotation.RequestMappingHandlerAdapter.invokeHandlerMethod(RequestMappingHandlerAdapter.java:926)
	at org.springframework.web.servlet.mvc.method.annotation.RequestMappingHandlerAdapter.handleInternal(RequestMappingHandlerAdapter.java:831)
	at org.springframework.web.servlet.mvc.method.AbstractHandlerMethodAdapter.handle(AbstractHandlerMethodAdapter.java:87)
	at org.springframework.web.servlet.DispatcherServlet.doDispatch(DispatcherServlet.java:1089)
	at org.springframework.web.servlet.DispatcherServlet.doService(DispatcherServlet.java:979)
	at org.springframework.web.servlet.FrameworkServlet.processRequest(FrameworkServlet.java:1014)
	at org.springframework.web.servlet.FrameworkServlet.doPost(FrameworkServlet.java:914)
	at jakarta.servlet.http.HttpServlet.service(HttpServlet.java:590)
	at org.springframework.web.servlet.FrameworkServlet.service(FrameworkServlet.java:885)
	at jakarta.servlet.http.HttpServlet.service(HttpServlet.java:658)
	at org.apache.catalina.core.ApplicationFilterChain.internalDoFilter(ApplicationFilterChain.java:206)
	at org.apache.catalina.core.ApplicationFilterChain.doFilter(ApplicationFilterChain.java:150)
	at org.apache.tomcat.websocket.server.WsFilter.doFilter(WsFilter.java:51)
	at org.apache.catalina.core.ApplicationFilterChain.internalDoFilter(ApplicationFilterChain.java:175)
	at org.apache.catalina.core.ApplicationFilterChain.doFilter(ApplicationFilterChain.java:150)
	at org.springframework.security.web.authentication.AbstractAuthenticationProcessingFilter.doFilter(AbstractAuthenticationProcessingFilter.java:227)
	at org.springframework.security.web.authentication.AbstractAuthenticationProcessingFilter.doFilter(AbstractAuthenticationProcessingFilter.java:221)
	at org.apache.catalina.core.ApplicationFilterChain.internalDoFilter(ApplicationFilterChain.java:175)
	at org.apache.catalina.core.ApplicationFilterChain.doFilter(ApplicationFilterChain.java:150)
	at org.springframework.security.web.authentication.AbstractAuthenticationProcessingFilter.doFilter(AbstractAuthenticationProcessingFilter.java:227)
	at org.springframework.security.web.authentication.AbstractAuthenticationProcessingFilter.doFilter(AbstractAuthenticationProcessingFilter.java:221)
	at org.apache.catalina.core.ApplicationFilterChain.internalDoFilter(ApplicationFilterChain.java:175)
	at org.apache.catalina.core.ApplicationFilterChain.doFilter(ApplicationFilterChain.java:150)
	at org.springframework.security.web.authentication.AbstractAuthenticationProcessingFilter.doFilter(AbstractAuthenticationProcessingFilter.java:227)
	at org.springframework.security.web.authentication.AbstractAuthenticationProcessingFilter.doFilter(AbstractAuthenticationProcessingFilter.java:221)
	at org.apache.catalina.core.ApplicationFilterChain.internalDoFilter(ApplicationFilterChain.java:175)
	at org.apache.catalina.core.ApplicationFilterChain.doFilter(ApplicationFilterChain.java:150)
	at org.springframework.web.filter.CompositeFilter$VirtualFilterChain.doFilter(CompositeFilter.java:108)
	at org.springframework.security.web.FilterChainProxy.lambda$doFilterInternal$3(FilterChainProxy.java:231)
	at org.springframework.security.web.FilterChainProxy$VirtualFilterChain.doFilter(FilterChainProxy.java:365)
	at org.springframework.security.web.access.intercept.AuthorizationFilter.doFilter(AuthorizationFilter.java:100)
	at org.springframework.security.web.FilterChainProxy$VirtualFilterChain.doFilter(FilterChainProxy.java:374)
	at org.springframework.security.web.access.ExceptionTranslationFilter.doFilter(ExceptionTranslationFilter.java:126)
	at org.springframework.security.web.access.ExceptionTranslationFilter.doFilter(ExceptionTranslationFilter.java:120)
	at org.springframework.security.web.FilterChainProxy$VirtualFilterChain.doFilter(FilterChainProxy.java:374)
	at org.springframework.security.web.session.SessionManagementFilter.doFilter(SessionManagementFilter.java:131)
	at org.springframework.security.web.session.SessionManagementFilter.doFilter(SessionManagementFilter.java:85)
	at org.springframework.security.web.FilterChainProxy$VirtualFilterChain.doFilter(FilterChainProxy.java:374)
	at org.springframework.security.web.authentication.AnonymousAuthenticationFilter.doFilter(AnonymousAuthenticationFilter.java:100)
	at org.springframework.security.web.FilterChainProxy$VirtualFilterChain.doFilter(FilterChainProxy.java:374)
	at org.springframework.security.web.servletapi.SecurityContextHolderAwareRequestFilter.doFilter(SecurityContextHolderAwareRequestFilter.java:179)
	at org.springframework.security.web.FilterChainProxy$VirtualFilterChain.doFilter(FilterChainProxy.java:374)
	at org.springframework.security.web.savedrequest.RequestCacheAwareFilter.doFilter(RequestCacheAwareFilter.java:63)
	at org.springframework.security.web.FilterChainProxy$VirtualFilterChain.doFilter(FilterChainProxy.java:374)
	at org.springframework.security.web.authentication.www.BasicAuthenticationFilter.doFilterInternal(BasicAuthenticationFilter.java:181)
	at org.springframework.web.filter.OncePerRequestFilter.doFilter(OncePerRequestFilter.java:116)
	at org.springframework.security.web.FilterChainProxy$VirtualFilterChain.doFilter(FilterChainProxy.java:374)
	at org.springframework.security.web.authentication.AbstractAuthenticationProcessingFilter.doFilter(AbstractAuthenticationProcessingFilter.java:227)
	at org.springframework.security.web.authentication.AbstractAuthenticationProcessingFilter.doFilter(AbstractAuthenticationProcessingFilter.java:221)
	at org.springframework.security.web.FilterChainProxy$VirtualFilterChain.doFilter(FilterChainProxy.java:374)
	at org.springframework.security.web.authentication.AbstractAuthenticationProcessingFilter.doFilter(AbstractAuthenticationProcessingFilter.java:227)
	at org.springframework.security.web.authentication.AbstractAuthenticationProcessingFilter.doFilter(AbstractAuthenticationProcessingFilter.java:221)
	at org.springframework.security.web.FilterChainProxy$VirtualFilterChain.doFilter(FilterChainProxy.java:374)
	at org.springframework.security.web.authentication.AbstractAuthenticationProcessingFilter.doFilter(AbstractAuthenticationProcessingFilter.java:227)
	at org.springframework.security.web.authentication.AbstractAuthenticationProcessingFilter.doFilter(AbstractAuthenticationProcessingFilter.java:221)
	at org.springframework.security.web.FilterChainProxy$VirtualFilterChain.doFilter(FilterChainProxy.java:374)
	at org.springframework.security.web.authentication.logout.LogoutFilter.doFilter(LogoutFilter.java:107)
	at org.springframework.security.web.authentication.logout.LogoutFilter.doFilter(LogoutFilter.java:93)
	at org.springframework.security.web.FilterChainProxy$VirtualFilterChain.doFilter(FilterChainProxy.java:374)
	at org.springframework.web.filter.CorsFilter.doFilterInternal(CorsFilter.java:91)
	at org.springframework.web.filter.OncePerRequestFilter.doFilter(OncePerRequestFilter.java:116)
	at org.springframework.security.web.FilterChainProxy$VirtualFilterChain.doFilter(FilterChainProxy.java:374)
	at org.springframework.security.web.header.HeaderWriterFilter.doHeadersAfter(HeaderWriterFilter.java:90)
	at org.springframework.security.web.header.HeaderWriterFilter.doFilterInternal(HeaderWriterFilter.java:75)
	at org.springframework.web.filter.OncePerRequestFilter.doFilter(OncePerRequestFilter.java:116)
	at org.springframework.security.web.FilterChainProxy$VirtualFilterChain.doFilter(FilterChainProxy.java:374)
	at org.springframework.security.web.context.SecurityContextHolderFilter.doFilter(SecurityContextHolderFilter.java:82)
	at org.springframework.security.web.context.SecurityContextHolderFilter.doFilter(SecurityContextHolderFilter.java:69)
	at org.springframework.security.web.FilterChainProxy$VirtualFilterChain.doFilter(FilterChainProxy.java:374)
	at org.springframework.security.web.context.request.async.WebAsyncManagerIntegrationFilter.doFilterInternal(WebAsyncManagerIntegrationFilter.java:62)
	at org.springframework.web.filter.OncePerRequestFilter.doFilter(OncePerRequestFilter.java:116)
	at org.springframework.security.web.FilterChainProxy$VirtualFilterChain.doFilter(FilterChainProxy.java:374)
	at org.springframework.security.web.session.DisableEncodeUrlFilter.doFilterInternal(DisableEncodeUrlFilter.java:42)
	at org.springframework.web.filter.OncePerRequestFilter.doFilter(OncePerRequestFilter.java:116)
	at org.springframework.security.web.FilterChainProxy$VirtualFilterChain.doFilter(FilterChainProxy.java:374)
	at org.springframework.security.web.FilterChainProxy.doFilterInternal(FilterChainProxy.java:233)
	at org.springframework.security.web.FilterChainProxy.doFilter(FilterChainProxy.java:191)
	at org.springframework.web.filter.CompositeFilter$VirtualFilterChain.doFilter(CompositeFilter.java:113)
	at org.springframework.web.servlet.handler.HandlerMappingIntrospector.lambda$createCacheFilter$3(HandlerMappingIntrospector.java:195)
	at org.springframework.web.filter.CompositeFilter$VirtualFilterChain.doFilter(CompositeFilter.java:113)
	at org.springframework.web.filter.CompositeFilter.doFilter(CompositeFilter.java:74)
	at org.springframework.security.config.annotation.web.configuration.WebMvcSecurityConfiguration$CompositeFilterChainProxy.doFilter(WebMvcSecurityConfiguration.java:230)
	at org.springframework.web.filter.DelegatingFilterProxy.invokeDelegate(DelegatingFilterProxy.java:352)
	at org.springframework.web.filter.DelegatingFilterProxy.doFilter(DelegatingFilterProxy.java:268)
	at org.apache.catalina.core.ApplicationFilterChain.internalDoFilter(ApplicationFilterChain.java:175)
	at org.apache.catalina.core.ApplicationFilterChain.doFilter(ApplicationFilterChain.java:150)
	at org.springframework.web.filter.RequestContextFilter.doFilterInternal(RequestContextFilter.java:100)
	at org.springframework.web.filter.OncePerRequestFilter.doFilter(OncePerRequestFilter.java:116)
	at org.apache.catalina.core.ApplicationFilterChain.internalDoFilter(ApplicationFilterChain.java:175)
	at org.apache.catalina.core.ApplicationFilterChain.doFilter(ApplicationFilterChain.java:150)
	at org.springframework.web.filter.FormContentFilter.doFilterInternal(FormContentFilter.java:93)
	at org.springframework.web.filter.OncePerRequestFilter.doFilter(OncePerRequestFilter.java:116)
	at org.apache.catalina.core.ApplicationFilterChain.internalDoFilter(ApplicationFilterChain.java:175)
	at org.apache.catalina.core.ApplicationFilterChain.doFilter(ApplicationFilterChain.java:150)
	at org.springframework.session.web.http.SessionRepositoryFilter.doFilterInternal(SessionRepositoryFilter.java:142)
	at org.springframework.session.web.http.OncePerRequestFilter.doFilter(OncePerRequestFilter.java:82)
	at org.springframework.web.filter.DelegatingFilterProxy.invokeDelegate(DelegatingFilterProxy.java:352)
	at org.springframework.web.filter.DelegatingFilterProxy.doFilter(DelegatingFilterProxy.java:268)
	at org.apache.catalina.core.ApplicationFilterChain.internalDoFilter(ApplicationFilterChain.java:175)
	at org.apache.catalina.core.ApplicationFilterChain.doFilter(ApplicationFilterChain.java:150)
	at org.springframework.web.filter.CharacterEncodingFilter.doFilterInternal(CharacterEncodingFilter.java:201)
	at org.springframework.web.filter.OncePerRequestFilter.doFilter(OncePerRequestFilter.java:116)
	at org.apache.catalina.core.ApplicationFilterChain.internalDoFilter(ApplicationFilterChain.java:175)
	at org.apache.catalina.core.ApplicationFilterChain.doFilter(ApplicationFilterChain.java:150)
	at org.apache.catalina.core.StandardWrapperValve.invoke(StandardWrapperValve.java:167)
	at org.apache.catalina.core.StandardContextValve.invoke(StandardContextValve.java:90)
	at org.apache.catalina.authenticator.AuthenticatorBase.invoke(AuthenticatorBase.java:482)
	at org.apache.catalina.core.StandardHostValve.invoke(StandardHostValve.java:115)
	at org.apache.catalina.valves.ErrorReportValve.invoke(ErrorReportValve.java:93)
	at org.apache.catalina.core.StandardEngineValve.invoke(StandardEngineValve.java:74)
	at org.apache.catalina.connector.CoyoteAdapter.service(CoyoteAdapter.java:344)
	at org.apache.coyote.http11.Http11Processor.service(Http11Processor.java:391)
	at org.apache.coyote.AbstractProcessorLight.process(AbstractProcessorLight.java:63)
	at org.apache.coyote.AbstractProtocol$ConnectionHandler.process(AbstractProtocol.java:896)
	at org.apache.tomcat.util.net.NioEndpoint$SocketProcessor.doRun(NioEndpoint.java:1736)
	at org.apache.tomcat.util.net.SocketProcessorBase.run(SocketProcessorBase.java:52)
	at org.apache.tomcat.util.threads.ThreadPoolExecutor.runWorker(ThreadPoolExecutor.java:1191)
	at org.apache.tomcat.util.threads.ThreadPoolExecutor$Worker.run(ThreadPoolExecutor.java:659)
	at org.apache.tomcat.util.threads.TaskThread$WrappingRunnable.run(TaskThread.java:63)
	at java.base/java.lang.Thread.run(Thread.java:840)
Caused by: java.net.ConnectException: Connection refused
	at java.base/sun.nio.ch.Net.pollConnect(Native Method)
	at java.base/sun.nio.ch.Net.pollConnectNow(Net.java:672)
	at java.base/sun.nio.ch.NioSocketImpl.timedFinishConnect(NioSocketImpl.java:547)
	at java.base/sun.nio.ch.NioSocketImpl.connect(NioSocketImpl.java:602)
	at java.base/java.net.SocksSocketImpl.connect(SocksSocketImpl.java:327)
	at java.base/java.net.Socket.connect(Socket.java:633)
	at org.mariadb.jdbc.client.impl.ConnectionHelper.connectSocket(ConnectionHelper.java:134)
	... 167 common frames omitted
[2025-01-14 17:25:11.317|INFO |http-nio-8080-exec-6|com.zaxxer.hikari.HikariDataSource:HikariDataSource.java:getConnection:110]	HikariPool-1 - Starting...
[2025-01-14 17:25:12.325|ERROR|http-nio-8080-exec-6|com.zaxxer.hikari.pool.HikariPool:HikariPool.java:throwPoolInitializationException:594]	HikariPool-1 - Exception during pool initialization.
java.sql.SQLNonTransientConnectionException: Socket fail to connect to host:address=(host=localhost)(port=3307)(type=primary). Connection refused
	at org.mariadb.jdbc.client.impl.ConnectionHelper.connectSocket(ConnectionHelper.java:140)
	at org.mariadb.jdbc.client.impl.StandardClient.<init>(StandardClient.java:102)
	at org.mariadb.jdbc.Driver.connect(Driver.java:69)
	at org.mariadb.jdbc.Driver.connect(Driver.java:95)
	at org.mariadb.jdbc.Driver.connect(Driver.java:26)
	at com.zaxxer.hikari.util.DriverDataSource.getConnection(DriverDataSource.java:138)
	at com.zaxxer.hikari.pool.PoolBase.newConnection(PoolBase.java:359)
	at com.zaxxer.hikari.pool.PoolBase.newPoolEntry(PoolBase.java:201)
	at com.zaxxer.hikari.pool.HikariPool.createPoolEntry(HikariPool.java:470)
	at com.zaxxer.hikari.pool.HikariPool.checkFailFast(HikariPool.java:561)
	at com.zaxxer.hikari.pool.HikariPool.<init>(HikariPool.java:100)
	at com.zaxxer.hikari.HikariDataSource.getConnection(HikariDataSource.java:112)
	at org.springframework.jdbc.datasource.DataSourceUtils.fetchConnection(DataSourceUtils.java:160)
	at org.springframework.jdbc.datasource.DataSourceUtils.doGetConnection(DataSourceUtils.java:118)
	at org.springframework.jdbc.datasource.DataSourceUtils.getConnection(DataSourceUtils.java:81)
	at org.mybatis.spring.transaction.SpringManagedTransaction.openConnection(SpringManagedTransaction.java:80)
	at org.mybatis.spring.transaction.SpringManagedTransaction.getConnection(SpringManagedTransaction.java:67)
	at org.apache.ibatis.executor.BaseExecutor.getConnection(BaseExecutor.java:337)
	at org.apache.ibatis.executor.SimpleExecutor.prepareStatement(SimpleExecutor.java:86)
	at org.apache.ibatis.executor.SimpleExecutor.doQuery(SimpleExecutor.java:62)
	at org.apache.ibatis.executor.BaseExecutor.queryFromDatabase(BaseExecutor.java:325)
	at org.apache.ibatis.executor.BaseExecutor.query(BaseExecutor.java:156)
	at org.apache.ibatis.executor.CachingExecutor.query(CachingExecutor.java:109)
	at org.apache.ibatis.executor.CachingExecutor.query(CachingExecutor.java:89)
	at org.apache.ibatis.session.defaults.DefaultSqlSession.selectList(DefaultSqlSession.java:151)
	at org.apache.ibatis.session.defaults.DefaultSqlSession.selectList(DefaultSqlSession.java:145)
	at org.apache.ibatis.session.defaults.DefaultSqlSession.selectList(DefaultSqlSession.java:140)
	at org.apache.ibatis.session.defaults.DefaultSqlSession.selectOne(DefaultSqlSession.java:76)
	at java.base/jdk.internal.reflect.NativeMethodAccessorImpl.invoke0(Native Method)
	at java.base/jdk.internal.reflect.NativeMethodAccessorImpl.invoke(NativeMethodAccessorImpl.java:77)
	at java.base/jdk.internal.reflect.DelegatingMethodAccessorImpl.invoke(DelegatingMethodAccessorImpl.java:43)
	at java.base/java.lang.reflect.Method.invoke(Method.java:569)
	at org.mybatis.spring.SqlSessionTemplate$SqlSessionInterceptor.invoke(SqlSessionTemplate.java:425)
	at jdk.proxy2/jdk.proxy2.$Proxy74.selectOne(Unknown Source)
	at org.mybatis.spring.SqlSessionTemplate.selectOne(SqlSessionTemplate.java:160)
	at org.apache.ibatis.binding.MapperMethod.execute(MapperMethod.java:87)
	at org.apache.ibatis.binding.MapperProxy$PlainMethodInvoker.invoke(MapperProxy.java:145)
	at org.apache.ibatis.binding.MapperProxy.invoke(MapperProxy.java:86)
	at jdk.proxy2/jdk.proxy2.$Proxy75.FindById(Unknown Source)
	at com.spring.SecurityMVC.SignUpInfo.Service.SignUpService.ValidateUserName(SignUpService.java:96)
	at com.spring.SecurityMVC.SignUpInfo.Controller.SignUpController.ValidateUserName(SignUpController.java:39)
	at java.base/jdk.internal.reflect.NativeMethodAccessorImpl.invoke0(Native Method)
	at java.base/jdk.internal.reflect.NativeMethodAccessorImpl.invoke(NativeMethodAccessorImpl.java:77)
	at java.base/jdk.internal.reflect.DelegatingMethodAccessorImpl.invoke(DelegatingMethodAccessorImpl.java:43)
	at java.base/java.lang.reflect.Method.invoke(Method.java:569)
	at org.springframework.web.method.support.InvocableHandlerMethod.doInvoke(InvocableHandlerMethod.java:255)
	at org.springframework.web.method.support.InvocableHandlerMethod.invokeForRequest(InvocableHandlerMethod.java:188)
	at org.springframework.web.servlet.mvc.method.annotation.ServletInvocableHandlerMethod.invokeAndHandle(ServletInvocableHandlerMethod.java:118)
	at org.springframework.web.servlet.mvc.method.annotation.RequestMappingHandlerAdapter.invokeHandlerMethod(RequestMappingHandlerAdapter.java:926)
	at org.springframework.web.servlet.mvc.method.annotation.RequestMappingHandlerAdapter.handleInternal(RequestMappingHandlerAdapter.java:831)
	at org.springframework.web.servlet.mvc.method.AbstractHandlerMethodAdapter.handle(AbstractHandlerMethodAdapter.java:87)
	at org.springframework.web.servlet.DispatcherServlet.doDispatch(DispatcherServlet.java:1089)
	at org.springframework.web.servlet.DispatcherServlet.doService(DispatcherServlet.java:979)
	at org.springframework.web.servlet.FrameworkServlet.processRequest(FrameworkServlet.java:1014)
	at org.springframework.web.servlet.FrameworkServlet.doPost(FrameworkServlet.java:914)
	at jakarta.servlet.http.HttpServlet.service(HttpServlet.java:590)
	at org.springframework.web.servlet.FrameworkServlet.service(FrameworkServlet.java:885)
	at jakarta.servlet.http.HttpServlet.service(HttpServlet.java:658)
	at org.apache.catalina.core.ApplicationFilterChain.internalDoFilter(ApplicationFilterChain.java:206)
	at org.apache.catalina.core.ApplicationFilterChain.doFilter(ApplicationFilterChain.java:150)
	at org.apache.tomcat.websocket.server.WsFilter.doFilter(WsFilter.java:51)
	at org.apache.catalina.core.ApplicationFilterChain.internalDoFilter(ApplicationFilterChain.java:175)
	at org.apache.catalina.core.ApplicationFilterChain.doFilter(ApplicationFilterChain.java:150)
	at org.springframework.security.web.authentication.AbstractAuthenticationProcessingFilter.doFilter(AbstractAuthenticationProcessingFilter.java:227)
	at org.springframework.security.web.authentication.AbstractAuthenticationProcessingFilter.doFilter(AbstractAuthenticationProcessingFilter.java:221)
	at org.apache.catalina.core.ApplicationFilterChain.internalDoFilter(ApplicationFilterChain.java:175)
	at org.apache.catalina.core.ApplicationFilterChain.doFilter(ApplicationFilterChain.java:150)
	at org.springframework.security.web.authentication.AbstractAuthenticationProcessingFilter.doFilter(AbstractAuthenticationProcessingFilter.java:227)
	at org.springframework.security.web.authentication.AbstractAuthenticationProcessingFilter.doFilter(AbstractAuthenticationProcessingFilter.java:221)
	at org.apache.catalina.core.ApplicationFilterChain.internalDoFilter(ApplicationFilterChain.java:175)
	at org.apache.catalina.core.ApplicationFilterChain.doFilter(ApplicationFilterChain.java:150)
	at org.springframework.security.web.authentication.AbstractAuthenticationProcessingFilter.doFilter(AbstractAuthenticationProcessingFilter.java:227)
	at org.springframework.security.web.authentication.AbstractAuthenticationProcessingFilter.doFilter(AbstractAuthenticationProcessingFilter.java:221)
	at org.apache.catalina.core.ApplicationFilterChain.internalDoFilter(ApplicationFilterChain.java:175)
	at org.apache.catalina.core.ApplicationFilterChain.doFilter(ApplicationFilterChain.java:150)
	at org.springframework.web.filter.CompositeFilter$VirtualFilterChain.doFilter(CompositeFilter.java:108)
	at org.springframework.security.web.FilterChainProxy.lambda$doFilterInternal$3(FilterChainProxy.java:231)
	at org.springframework.security.web.FilterChainProxy$VirtualFilterChain.doFilter(FilterChainProxy.java:365)
	at org.springframework.security.web.access.intercept.AuthorizationFilter.doFilter(AuthorizationFilter.java:100)
	at org.springframework.security.web.FilterChainProxy$VirtualFilterChain.doFilter(FilterChainProxy.java:374)
	at org.springframework.security.web.access.ExceptionTranslationFilter.doFilter(ExceptionTranslationFilter.java:126)
	at org.springframework.security.web.access.ExceptionTranslationFilter.doFilter(ExceptionTranslationFilter.java:120)
	at org.springframework.security.web.FilterChainProxy$VirtualFilterChain.doFilter(FilterChainProxy.java:374)
	at org.springframework.security.web.session.SessionManagementFilter.doFilter(SessionManagementFilter.java:131)
	at org.springframework.security.web.session.SessionManagementFilter.doFilter(SessionManagementFilter.java:85)
	at org.springframework.security.web.FilterChainProxy$VirtualFilterChain.doFilter(FilterChainProxy.java:374)
	at org.springframework.security.web.authentication.AnonymousAuthenticationFilter.doFilter(AnonymousAuthenticationFilter.java:100)
	at org.springframework.security.web.FilterChainProxy$VirtualFilterChain.doFilter(FilterChainProxy.java:374)
	at org.springframework.security.web.servletapi.SecurityContextHolderAwareRequestFilter.doFilter(SecurityContextHolderAwareRequestFilter.java:179)
	at org.springframework.security.web.FilterChainProxy$VirtualFilterChain.doFilter(FilterChainProxy.java:374)
	at org.springframework.security.web.savedrequest.RequestCacheAwareFilter.doFilter(RequestCacheAwareFilter.java:63)
	at org.springframework.security.web.FilterChainProxy$VirtualFilterChain.doFilter(FilterChainProxy.java:374)
	at org.springframework.security.web.authentication.www.BasicAuthenticationFilter.doFilterInternal(BasicAuthenticationFilter.java:181)
	at org.springframework.web.filter.OncePerRequestFilter.doFilter(OncePerRequestFilter.java:116)
	at org.springframework.security.web.FilterChainProxy$VirtualFilterChain.doFilter(FilterChainProxy.java:374)
	at org.springframework.security.web.authentication.AbstractAuthenticationProcessingFilter.doFilter(AbstractAuthenticationProcessingFilter.java:227)
	at org.springframework.security.web.authentication.AbstractAuthenticationProcessingFilter.doFilter(AbstractAuthenticationProcessingFilter.java:221)
	at org.springframework.security.web.FilterChainProxy$VirtualFilterChain.doFilter(FilterChainProxy.java:374)
	at org.springframework.security.web.authentication.AbstractAuthenticationProcessingFilter.doFilter(AbstractAuthenticationProcessingFilter.java:227)
	at org.springframework.security.web.authentication.AbstractAuthenticationProcessingFilter.doFilter(AbstractAuthenticationProcessingFilter.java:221)
	at org.springframework.security.web.FilterChainProxy$VirtualFilterChain.doFilter(FilterChainProxy.java:374)
	at org.springframework.security.web.authentication.AbstractAuthenticationProcessingFilter.doFilter(AbstractAuthenticationProcessingFilter.java:227)
	at org.springframework.security.web.authentication.AbstractAuthenticationProcessingFilter.doFilter(AbstractAuthenticationProcessingFilter.java:221)
	at org.springframework.security.web.FilterChainProxy$VirtualFilterChain.doFilter(FilterChainProxy.java:374)
	at org.springframework.security.web.authentication.logout.LogoutFilter.doFilter(LogoutFilter.java:107)
	at org.springframework.security.web.authentication.logout.LogoutFilter.doFilter(LogoutFilter.java:93)
	at org.springframework.security.web.FilterChainProxy$VirtualFilterChain.doFilter(FilterChainProxy.java:374)
	at org.springframework.web.filter.CorsFilter.doFilterInternal(CorsFilter.java:91)
	at org.springframework.web.filter.OncePerRequestFilter.doFilter(OncePerRequestFilter.java:116)
	at org.springframework.security.web.FilterChainProxy$VirtualFilterChain.doFilter(FilterChainProxy.java:374)
	at org.springframework.security.web.header.HeaderWriterFilter.doHeadersAfter(HeaderWriterFilter.java:90)
	at org.springframework.security.web.header.HeaderWriterFilter.doFilterInternal(HeaderWriterFilter.java:75)
	at org.springframework.web.filter.OncePerRequestFilter.doFilter(OncePerRequestFilter.java:116)
	at org.springframework.security.web.FilterChainProxy$VirtualFilterChain.doFilter(FilterChainProxy.java:374)
	at org.springframework.security.web.context.SecurityContextHolderFilter.doFilter(SecurityContextHolderFilter.java:82)
	at org.springframework.security.web.context.SecurityContextHolderFilter.doFilter(SecurityContextHolderFilter.java:69)
	at org.springframework.security.web.FilterChainProxy$VirtualFilterChain.doFilter(FilterChainProxy.java:374)
	at org.springframework.security.web.context.request.async.WebAsyncManagerIntegrationFilter.doFilterInternal(WebAsyncManagerIntegrationFilter.java:62)
	at org.springframework.web.filter.OncePerRequestFilter.doFilter(OncePerRequestFilter.java:116)
	at org.springframework.security.web.FilterChainProxy$VirtualFilterChain.doFilter(FilterChainProxy.java:374)
	at org.springframework.security.web.session.DisableEncodeUrlFilter.doFilterInternal(DisableEncodeUrlFilter.java:42)
	at org.springframework.web.filter.OncePerRequestFilter.doFilter(OncePerRequestFilter.java:116)
	at org.springframework.security.web.FilterChainProxy$VirtualFilterChain.doFilter(FilterChainProxy.java:374)
	at org.springframework.security.web.FilterChainProxy.doFilterInternal(FilterChainProxy.java:233)
	at org.springframework.security.web.FilterChainProxy.doFilter(FilterChainProxy.java:191)
	at org.springframework.web.filter.CompositeFilter$VirtualFilterChain.doFilter(CompositeFilter.java:113)
	at org.springframework.web.servlet.handler.HandlerMappingIntrospector.lambda$createCacheFilter$3(HandlerMappingIntrospector.java:195)
	at org.springframework.web.filter.CompositeFilter$VirtualFilterChain.doFilter(CompositeFilter.java:113)
	at org.springframework.web.filter.CompositeFilter.doFilter(CompositeFilter.java:74)
	at org.springframework.security.config.annotation.web.configuration.WebMvcSecurityConfiguration$CompositeFilterChainProxy.doFilter(WebMvcSecurityConfiguration.java:230)
	at org.springframework.web.filter.DelegatingFilterProxy.invokeDelegate(DelegatingFilterProxy.java:352)
	at org.springframework.web.filter.DelegatingFilterProxy.doFilter(DelegatingFilterProxy.java:268)
	at org.apache.catalina.core.ApplicationFilterChain.internalDoFilter(ApplicationFilterChain.java:175)
	at org.apache.catalina.core.ApplicationFilterChain.doFilter(ApplicationFilterChain.java:150)
	at org.springframework.web.filter.RequestContextFilter.doFilterInternal(RequestContextFilter.java:100)
	at org.springframework.web.filter.OncePerRequestFilter.doFilter(OncePerRequestFilter.java:116)
	at org.apache.catalina.core.ApplicationFilterChain.internalDoFilter(ApplicationFilterChain.java:175)
	at org.apache.catalina.core.ApplicationFilterChain.doFilter(ApplicationFilterChain.java:150)
	at org.springframework.web.filter.FormContentFilter.doFilterInternal(FormContentFilter.java:93)
	at org.springframework.web.filter.OncePerRequestFilter.doFilter(OncePerRequestFilter.java:116)
	at org.apache.catalina.core.ApplicationFilterChain.internalDoFilter(ApplicationFilterChain.java:175)
	at org.apache.catalina.core.ApplicationFilterChain.doFilter(ApplicationFilterChain.java:150)
	at org.springframework.session.web.http.SessionRepositoryFilter.doFilterInternal(SessionRepositoryFilter.java:142)
	at org.springframework.session.web.http.OncePerRequestFilter.doFilter(OncePerRequestFilter.java:82)
	at org.springframework.web.filter.DelegatingFilterProxy.invokeDelegate(DelegatingFilterProxy.java:352)
	at org.springframework.web.filter.DelegatingFilterProxy.doFilter(DelegatingFilterProxy.java:268)
	at org.apache.catalina.core.ApplicationFilterChain.internalDoFilter(ApplicationFilterChain.java:175)
	at org.apache.catalina.core.ApplicationFilterChain.doFilter(ApplicationFilterChain.java:150)
	at org.springframework.web.filter.CharacterEncodingFilter.doFilterInternal(CharacterEncodingFilter.java:201)
	at org.springframework.web.filter.OncePerRequestFilter.doFilter(OncePerRequestFilter.java:116)
	at org.apache.catalina.core.ApplicationFilterChain.internalDoFilter(ApplicationFilterChain.java:175)
	at org.apache.catalina.core.ApplicationFilterChain.doFilter(ApplicationFilterChain.java:150)
	at org.apache.catalina.core.StandardWrapperValve.invoke(StandardWrapperValve.java:167)
	at org.apache.catalina.core.StandardContextValve.invoke(StandardContextValve.java:90)
	at org.apache.catalina.authenticator.AuthenticatorBase.invoke(AuthenticatorBase.java:482)
	at org.apache.catalina.core.StandardHostValve.invoke(StandardHostValve.java:115)
	at org.apache.catalina.valves.ErrorReportValve.invoke(ErrorReportValve.java:93)
	at org.apache.catalina.core.StandardEngineValve.invoke(StandardEngineValve.java:74)
	at org.apache.catalina.connector.CoyoteAdapter.service(CoyoteAdapter.java:344)
	at org.apache.coyote.http11.Http11Processor.service(Http11Processor.java:391)
	at org.apache.coyote.AbstractProcessorLight.process(AbstractProcessorLight.java:63)
	at org.apache.coyote.AbstractProtocol$ConnectionHandler.process(AbstractProtocol.java:896)
	at org.apache.tomcat.util.net.NioEndpoint$SocketProcessor.doRun(NioEndpoint.java:1736)
	at org.apache.tomcat.util.net.SocketProcessorBase.run(SocketProcessorBase.java:52)
	at org.apache.tomcat.util.threads.ThreadPoolExecutor.runWorker(ThreadPoolExecutor.java:1191)
	at org.apache.tomcat.util.threads.ThreadPoolExecutor$Worker.run(ThreadPoolExecutor.java:659)
	at org.apache.tomcat.util.threads.TaskThread$WrappingRunnable.run(TaskThread.java:63)
	at java.base/java.lang.Thread.run(Thread.java:840)
Caused by: java.net.ConnectException: Connection refused
	at java.base/sun.nio.ch.Net.pollConnect(Native Method)
	at java.base/sun.nio.ch.Net.pollConnectNow(Net.java:672)
	at java.base/sun.nio.ch.NioSocketImpl.timedFinishConnect(NioSocketImpl.java:554)
	at java.base/sun.nio.ch.NioSocketImpl.connect(NioSocketImpl.java:602)
	at java.base/java.net.SocksSocketImpl.connect(SocksSocketImpl.java:327)
	at java.base/java.net.Socket.connect(Socket.java:633)
	at org.mariadb.jdbc.client.impl.ConnectionHelper.connectSocket(ConnectionHelper.java:134)
	... 167 common frames omitted
[2025-01-14 17:26:06.125|INFO |main|c.s.S.SecurityMvcApplication:StartupInfoLogger.java:logStarting:50]	Starting SecurityMvcApplication using Java 17.0.13 with PID 8506 (/Users/iseungcheol/Desktop/Security-JWT-Session-private/build/classes/java/main started by iseungcheol in /Users/iseungcheol/Desktop/Security-JWT-Session-private)
[2025-01-14 17:26:06.127|INFO |main|c.s.S.SecurityMvcApplication:SpringApplication.java:logStartupProfileInfo:654]	No active profile set, falling back to 1 default profile: "default"
[2025-01-14 17:26:06.856|INFO |main|o.s.d.r.c.RepositoryConfigurationDelegate:RepositoryConfigurationDelegate.java:multipleStoresDetected:295]	Multiple Spring Data modules found, entering strict repository configuration mode
[2025-01-14 17:26:06.858|INFO |main|o.s.d.r.c.RepositoryConfigurationDelegate:RepositoryConfigurationDelegate.java:registerRepositoriesIn:143]	Bootstrapping Spring Data Redis repositories in DEFAULT mode.
[2025-01-14 17:26:06.888|INFO |main|o.s.d.r.c.RepositoryConfigurationDelegate:RepositoryConfigurationDelegate.java:registerRepositoriesIn:211]	Finished Spring Data repository scanning in 17 ms. Found 0 Redis repository interfaces.
[2025-01-14 17:26:07.617|INFO |main|o.a.coyote.http11.Http11NioProtocol:DirectJDKLog.java:log:173]	Initializing ProtocolHandler ["http-nio-8080"]
[2025-01-14 17:26:07.619|INFO |main|o.a.catalina.core.StandardService:DirectJDKLog.java:log:173]	Starting service [Tomcat]
[2025-01-14 17:26:07.620|INFO |main|o.a.catalina.core.StandardEngine:DirectJDKLog.java:log:173]	Starting Servlet engine: [Apache Tomcat/10.1.20]
[2025-01-14 17:26:07.682|INFO |main|o.a.c.c.C.[Tomcat].[localhost].[/]:DirectJDKLog.java:log:173]	Initializing Spring embedded WebApplicationContext
[2025-01-14 17:26:08.258|DEBUG|main|c.s.S.S.C.CustomAdminAuthenticationFilter:GenericFilterBean.java:init:240]	Filter 'customAdminAuthenticationFilter' configured for use
[2025-01-14 17:26:08.259|DEBUG|main|c.s.S.S.C.CustomUserAuthenticationFilter:GenericFilterBean.java:init:240]	Filter 'customUserAuthenticationFilter' configured for use
[2025-01-14 17:26:08.260|DEBUG|main|c.s.S.S.C.CustomSuperAdminAuthenticationFilter:GenericFilterBean.java:init:240]	Filter 'customSuperAdminAuthenticationFilter' configured for use
[2025-01-14 17:26:08.608|INFO |main|o.s.s.web.DefaultSecurityFilterChain:DefaultSecurityFilterChain.java:<init>:54]	Will secure any request with [org.springframework.security.web.session.DisableEncodeUrlFilter@15f861ee, org.springframework.security.web.context.request.async.WebAsyncManagerIntegrationFilter@3f1158ee, org.springframework.security.web.context.SecurityContextHolderFilter@2aac8ad7, org.springframework.security.web.header.HeaderWriterFilter@7e2c6fd6, org.springframework.web.filter.CorsFilter@6463da36, org.springframework.security.web.authentication.logout.LogoutFilter@618f627b, com.spring.SecurityMVC.SpringSecurity.CustomAuthenticationFilter.CustomUserAuthenticationFilter@6775c0d1, com.spring.SecurityMVC.SpringSecurity.CustomAuthenticationFilter.CustomAdminAuthenticationFilter@4899799b, com.spring.SecurityMVC.SpringSecurity.CustomAuthenticationFilter.CustomSuperAdminAuthenticationFilter@74500e4f, org.springframework.security.web.authentication.www.BasicAuthenticationFilter@5611bba, org.springframework.security.web.savedrequest.RequestCacheAwareFilter@778c2e7c, org.springframework.security.web.servletapi.SecurityContextHolderAwareRequestFilter@b70fa38, org.springframework.security.web.authentication.AnonymousAuthenticationFilter@4a4b288a, org.springframework.security.web.session.SessionManagementFilter@12aa519b, org.springframework.security.web.access.ExceptionTranslationFilter@16cf7fd0, org.springframework.security.web.access.intercept.AuthorizationFilter@4540c7]
[2025-01-14 17:26:08.854|INFO |main|o.a.coyote.http11.Http11NioProtocol:DirectJDKLog.java:log:173]	Starting ProtocolHandler ["http-nio-8080"]
[2025-01-14 17:26:08.901|INFO |main|c.s.S.SecurityMvcApplication:StartupInfoLogger.java:logStarted:56]	Started SecurityMvcApplication in 3.359 seconds (process running for 3.699)
[2025-01-14 17:26:12.352|INFO |http-nio-8080-exec-2|o.a.c.c.C.[Tomcat].[localhost].[/]:DirectJDKLog.java:log:173]	Initializing Spring DispatcherServlet 'dispatcherServlet'
[2025-01-14 17:26:12.353|INFO |http-nio-8080-exec-2|o.s.web.servlet.DispatcherServlet:FrameworkServlet.java:initServletBean:532]	Initializing Servlet 'dispatcherServlet'
[2025-01-14 17:26:12.354|INFO |http-nio-8080-exec-2|o.s.web.servlet.DispatcherServlet:FrameworkServlet.java:initServletBean:554]	Completed initialization in 1 ms
[2025-01-14 17:27:24.288|INFO |http-nio-8080-exec-8|com.zaxxer.hikari.HikariDataSource:HikariDataSource.java:getConnection:110]	HikariPool-1 - Starting...
[2025-01-14 17:27:25.369|ERROR|http-nio-8080-exec-8|com.zaxxer.hikari.pool.HikariPool:HikariPool.java:throwPoolInitializationException:594]	HikariPool-1 - Exception during pool initialization.
java.sql.SQLNonTransientConnectionException: Socket fail to connect to host:address=(host=localhost)(port=3307)(type=primary). Connection refused
	at org.mariadb.jdbc.client.impl.ConnectionHelper.connectSocket(ConnectionHelper.java:140)
	at org.mariadb.jdbc.client.impl.StandardClient.<init>(StandardClient.java:102)
	at org.mariadb.jdbc.Driver.connect(Driver.java:69)
	at org.mariadb.jdbc.Driver.connect(Driver.java:95)
	at org.mariadb.jdbc.Driver.connect(Driver.java:26)
	at com.zaxxer.hikari.util.DriverDataSource.getConnection(DriverDataSource.java:138)
	at com.zaxxer.hikari.pool.PoolBase.newConnection(PoolBase.java:359)
	at com.zaxxer.hikari.pool.PoolBase.newPoolEntry(PoolBase.java:201)
	at com.zaxxer.hikari.pool.HikariPool.createPoolEntry(HikariPool.java:470)
	at com.zaxxer.hikari.pool.HikariPool.checkFailFast(HikariPool.java:561)
	at com.zaxxer.hikari.pool.HikariPool.<init>(HikariPool.java:100)
	at com.zaxxer.hikari.HikariDataSource.getConnection(HikariDataSource.java:112)
	at org.springframework.jdbc.datasource.DataSourceUtils.fetchConnection(DataSourceUtils.java:160)
	at org.springframework.jdbc.datasource.DataSourceUtils.doGetConnection(DataSourceUtils.java:118)
	at org.springframework.jdbc.datasource.DataSourceUtils.getConnection(DataSourceUtils.java:81)
	at org.mybatis.spring.transaction.SpringManagedTransaction.openConnection(SpringManagedTransaction.java:80)
	at org.mybatis.spring.transaction.SpringManagedTransaction.getConnection(SpringManagedTransaction.java:67)
	at org.apache.ibatis.executor.BaseExecutor.getConnection(BaseExecutor.java:337)
	at org.apache.ibatis.executor.SimpleExecutor.prepareStatement(SimpleExecutor.java:86)
	at org.apache.ibatis.executor.SimpleExecutor.doQuery(SimpleExecutor.java:62)
	at org.apache.ibatis.executor.BaseExecutor.queryFromDatabase(BaseExecutor.java:325)
	at org.apache.ibatis.executor.BaseExecutor.query(BaseExecutor.java:156)
	at org.apache.ibatis.executor.CachingExecutor.query(CachingExecutor.java:109)
	at org.apache.ibatis.executor.CachingExecutor.query(CachingExecutor.java:89)
	at org.apache.ibatis.session.defaults.DefaultSqlSession.selectList(DefaultSqlSession.java:151)
	at org.apache.ibatis.session.defaults.DefaultSqlSession.selectList(DefaultSqlSession.java:145)
	at org.apache.ibatis.session.defaults.DefaultSqlSession.selectList(DefaultSqlSession.java:140)
	at org.apache.ibatis.session.defaults.DefaultSqlSession.selectOne(DefaultSqlSession.java:76)
	at java.base/jdk.internal.reflect.NativeMethodAccessorImpl.invoke0(Native Method)
	at java.base/jdk.internal.reflect.NativeMethodAccessorImpl.invoke(NativeMethodAccessorImpl.java:77)
	at java.base/jdk.internal.reflect.DelegatingMethodAccessorImpl.invoke(DelegatingMethodAccessorImpl.java:43)
	at java.base/java.lang.reflect.Method.invoke(Method.java:569)
	at org.mybatis.spring.SqlSessionTemplate$SqlSessionInterceptor.invoke(SqlSessionTemplate.java:425)
	at jdk.proxy2/jdk.proxy2.$Proxy74.selectOne(Unknown Source)
	at org.mybatis.spring.SqlSessionTemplate.selectOne(SqlSessionTemplate.java:160)
	at org.apache.ibatis.binding.MapperMethod.execute(MapperMethod.java:87)
	at org.apache.ibatis.binding.MapperProxy$PlainMethodInvoker.invoke(MapperProxy.java:145)
	at org.apache.ibatis.binding.MapperProxy.invoke(MapperProxy.java:86)
	at jdk.proxy2/jdk.proxy2.$Proxy75.FindById(Unknown Source)
	at com.spring.SecurityMVC.SignUpInfo.Service.SignUpService.ValidateUserName(SignUpService.java:96)
	at com.spring.SecurityMVC.SignUpInfo.Controller.SignUpController.ValidateUserName(SignUpController.java:39)
	at java.base/jdk.internal.reflect.NativeMethodAccessorImpl.invoke0(Native Method)
	at java.base/jdk.internal.reflect.NativeMethodAccessorImpl.invoke(NativeMethodAccessorImpl.java:77)
	at java.base/jdk.internal.reflect.DelegatingMethodAccessorImpl.invoke(DelegatingMethodAccessorImpl.java:43)
	at java.base/java.lang.reflect.Method.invoke(Method.java:569)
	at org.springframework.web.method.support.InvocableHandlerMethod.doInvoke(InvocableHandlerMethod.java:255)
	at org.springframework.web.method.support.InvocableHandlerMethod.invokeForRequest(InvocableHandlerMethod.java:188)
	at org.springframework.web.servlet.mvc.method.annotation.ServletInvocableHandlerMethod.invokeAndHandle(ServletInvocableHandlerMethod.java:118)
	at org.springframework.web.servlet.mvc.method.annotation.RequestMappingHandlerAdapter.invokeHandlerMethod(RequestMappingHandlerAdapter.java:926)
	at org.springframework.web.servlet.mvc.method.annotation.RequestMappingHandlerAdapter.handleInternal(RequestMappingHandlerAdapter.java:831)
	at org.springframework.web.servlet.mvc.method.AbstractHandlerMethodAdapter.handle(AbstractHandlerMethodAdapter.java:87)
	at org.springframework.web.servlet.DispatcherServlet.doDispatch(DispatcherServlet.java:1089)
	at org.springframework.web.servlet.DispatcherServlet.doService(DispatcherServlet.java:979)
	at org.springframework.web.servlet.FrameworkServlet.processRequest(FrameworkServlet.java:1014)
	at org.springframework.web.servlet.FrameworkServlet.doPost(FrameworkServlet.java:914)
	at jakarta.servlet.http.HttpServlet.service(HttpServlet.java:590)
	at org.springframework.web.servlet.FrameworkServlet.service(FrameworkServlet.java:885)
	at jakarta.servlet.http.HttpServlet.service(HttpServlet.java:658)
	at org.apache.catalina.core.ApplicationFilterChain.internalDoFilter(ApplicationFilterChain.java:206)
	at org.apache.catalina.core.ApplicationFilterChain.doFilter(ApplicationFilterChain.java:150)
	at org.apache.tomcat.websocket.server.WsFilter.doFilter(WsFilter.java:51)
	at org.apache.catalina.core.ApplicationFilterChain.internalDoFilter(ApplicationFilterChain.java:175)
	at org.apache.catalina.core.ApplicationFilterChain.doFilter(ApplicationFilterChain.java:150)
	at org.springframework.security.web.authentication.AbstractAuthenticationProcessingFilter.doFilter(AbstractAuthenticationProcessingFilter.java:227)
	at org.springframework.security.web.authentication.AbstractAuthenticationProcessingFilter.doFilter(AbstractAuthenticationProcessingFilter.java:221)
	at org.apache.catalina.core.ApplicationFilterChain.internalDoFilter(ApplicationFilterChain.java:175)
	at org.apache.catalina.core.ApplicationFilterChain.doFilter(ApplicationFilterChain.java:150)
	at org.springframework.security.web.authentication.AbstractAuthenticationProcessingFilter.doFilter(AbstractAuthenticationProcessingFilter.java:227)
	at org.springframework.security.web.authentication.AbstractAuthenticationProcessingFilter.doFilter(AbstractAuthenticationProcessingFilter.java:221)
	at org.apache.catalina.core.ApplicationFilterChain.internalDoFilter(ApplicationFilterChain.java:175)
	at org.apache.catalina.core.ApplicationFilterChain.doFilter(ApplicationFilterChain.java:150)
	at org.springframework.security.web.authentication.AbstractAuthenticationProcessingFilter.doFilter(AbstractAuthenticationProcessingFilter.java:227)
	at org.springframework.security.web.authentication.AbstractAuthenticationProcessingFilter.doFilter(AbstractAuthenticationProcessingFilter.java:221)
	at org.apache.catalina.core.ApplicationFilterChain.internalDoFilter(ApplicationFilterChain.java:175)
	at org.apache.catalina.core.ApplicationFilterChain.doFilter(ApplicationFilterChain.java:150)
	at org.springframework.web.filter.CompositeFilter$VirtualFilterChain.doFilter(CompositeFilter.java:108)
	at org.springframework.security.web.FilterChainProxy.lambda$doFilterInternal$3(FilterChainProxy.java:231)
	at org.springframework.security.web.FilterChainProxy$VirtualFilterChain.doFilter(FilterChainProxy.java:365)
	at org.springframework.security.web.access.intercept.AuthorizationFilter.doFilter(AuthorizationFilter.java:100)
	at org.springframework.security.web.FilterChainProxy$VirtualFilterChain.doFilter(FilterChainProxy.java:374)
	at org.springframework.security.web.access.ExceptionTranslationFilter.doFilter(ExceptionTranslationFilter.java:126)
	at org.springframework.security.web.access.ExceptionTranslationFilter.doFilter(ExceptionTranslationFilter.java:120)
	at org.springframework.security.web.FilterChainProxy$VirtualFilterChain.doFilter(FilterChainProxy.java:374)
	at org.springframework.security.web.session.SessionManagementFilter.doFilter(SessionManagementFilter.java:131)
	at org.springframework.security.web.session.SessionManagementFilter.doFilter(SessionManagementFilter.java:85)
	at org.springframework.security.web.FilterChainProxy$VirtualFilterChain.doFilter(FilterChainProxy.java:374)
	at org.springframework.security.web.authentication.AnonymousAuthenticationFilter.doFilter(AnonymousAuthenticationFilter.java:100)
	at org.springframework.security.web.FilterChainProxy$VirtualFilterChain.doFilter(FilterChainProxy.java:374)
	at org.springframework.security.web.servletapi.SecurityContextHolderAwareRequestFilter.doFilter(SecurityContextHolderAwareRequestFilter.java:179)
	at org.springframework.security.web.FilterChainProxy$VirtualFilterChain.doFilter(FilterChainProxy.java:374)
	at org.springframework.security.web.savedrequest.RequestCacheAwareFilter.doFilter(RequestCacheAwareFilter.java:63)
	at org.springframework.security.web.FilterChainProxy$VirtualFilterChain.doFilter(FilterChainProxy.java:374)
	at org.springframework.security.web.authentication.www.BasicAuthenticationFilter.doFilterInternal(BasicAuthenticationFilter.java:181)
	at org.springframework.web.filter.OncePerRequestFilter.doFilter(OncePerRequestFilter.java:116)
	at org.springframework.security.web.FilterChainProxy$VirtualFilterChain.doFilter(FilterChainProxy.java:374)
	at org.springframework.security.web.authentication.AbstractAuthenticationProcessingFilter.doFilter(AbstractAuthenticationProcessingFilter.java:227)
	at org.springframework.security.web.authentication.AbstractAuthenticationProcessingFilter.doFilter(AbstractAuthenticationProcessingFilter.java:221)
	at org.springframework.security.web.FilterChainProxy$VirtualFilterChain.doFilter(FilterChainProxy.java:374)
	at org.springframework.security.web.authentication.AbstractAuthenticationProcessingFilter.doFilter(AbstractAuthenticationProcessingFilter.java:227)
	at org.springframework.security.web.authentication.AbstractAuthenticationProcessingFilter.doFilter(AbstractAuthenticationProcessingFilter.java:221)
	at org.springframework.security.web.FilterChainProxy$VirtualFilterChain.doFilter(FilterChainProxy.java:374)
	at org.springframework.security.web.authentication.AbstractAuthenticationProcessingFilter.doFilter(AbstractAuthenticationProcessingFilter.java:227)
	at org.springframework.security.web.authentication.AbstractAuthenticationProcessingFilter.doFilter(AbstractAuthenticationProcessingFilter.java:221)
	at org.springframework.security.web.FilterChainProxy$VirtualFilterChain.doFilter(FilterChainProxy.java:374)
	at org.springframework.security.web.authentication.logout.LogoutFilter.doFilter(LogoutFilter.java:107)
	at org.springframework.security.web.authentication.logout.LogoutFilter.doFilter(LogoutFilter.java:93)
	at org.springframework.security.web.FilterChainProxy$VirtualFilterChain.doFilter(FilterChainProxy.java:374)
	at org.springframework.web.filter.CorsFilter.doFilterInternal(CorsFilter.java:91)
	at org.springframework.web.filter.OncePerRequestFilter.doFilter(OncePerRequestFilter.java:116)
	at org.springframework.security.web.FilterChainProxy$VirtualFilterChain.doFilter(FilterChainProxy.java:374)
	at org.springframework.security.web.header.HeaderWriterFilter.doHeadersAfter(HeaderWriterFilter.java:90)
	at org.springframework.security.web.header.HeaderWriterFilter.doFilterInternal(HeaderWriterFilter.java:75)
	at org.springframework.web.filter.OncePerRequestFilter.doFilter(OncePerRequestFilter.java:116)
	at org.springframework.security.web.FilterChainProxy$VirtualFilterChain.doFilter(FilterChainProxy.java:374)
	at org.springframework.security.web.context.SecurityContextHolderFilter.doFilter(SecurityContextHolderFilter.java:82)
	at org.springframework.security.web.context.SecurityContextHolderFilter.doFilter(SecurityContextHolderFilter.java:69)
	at org.springframework.security.web.FilterChainProxy$VirtualFilterChain.doFilter(FilterChainProxy.java:374)
	at org.springframework.security.web.context.request.async.WebAsyncManagerIntegrationFilter.doFilterInternal(WebAsyncManagerIntegrationFilter.java:62)
	at org.springframework.web.filter.OncePerRequestFilter.doFilter(OncePerRequestFilter.java:116)
	at org.springframework.security.web.FilterChainProxy$VirtualFilterChain.doFilter(FilterChainProxy.java:374)
	at org.springframework.security.web.session.DisableEncodeUrlFilter.doFilterInternal(DisableEncodeUrlFilter.java:42)
	at org.springframework.web.filter.OncePerRequestFilter.doFilter(OncePerRequestFilter.java:116)
	at org.springframework.security.web.FilterChainProxy$VirtualFilterChain.doFilter(FilterChainProxy.java:374)
	at org.springframework.security.web.FilterChainProxy.doFilterInternal(FilterChainProxy.java:233)
	at org.springframework.security.web.FilterChainProxy.doFilter(FilterChainProxy.java:191)
	at org.springframework.web.filter.CompositeFilter$VirtualFilterChain.doFilter(CompositeFilter.java:113)
	at org.springframework.web.servlet.handler.HandlerMappingIntrospector.lambda$createCacheFilter$3(HandlerMappingIntrospector.java:195)
	at org.springframework.web.filter.CompositeFilter$VirtualFilterChain.doFilter(CompositeFilter.java:113)
	at org.springframework.web.filter.CompositeFilter.doFilter(CompositeFilter.java:74)
	at org.springframework.security.config.annotation.web.configuration.WebMvcSecurityConfiguration$CompositeFilterChainProxy.doFilter(WebMvcSecurityConfiguration.java:230)
	at org.springframework.web.filter.DelegatingFilterProxy.invokeDelegate(DelegatingFilterProxy.java:352)
	at org.springframework.web.filter.DelegatingFilterProxy.doFilter(DelegatingFilterProxy.java:268)
	at org.apache.catalina.core.ApplicationFilterChain.internalDoFilter(ApplicationFilterChain.java:175)
	at org.apache.catalina.core.ApplicationFilterChain.doFilter(ApplicationFilterChain.java:150)
	at org.springframework.web.filter.RequestContextFilter.doFilterInternal(RequestContextFilter.java:100)
	at org.springframework.web.filter.OncePerRequestFilter.doFilter(OncePerRequestFilter.java:116)
	at org.apache.catalina.core.ApplicationFilterChain.internalDoFilter(ApplicationFilterChain.java:175)
	at org.apache.catalina.core.ApplicationFilterChain.doFilter(ApplicationFilterChain.java:150)
	at org.springframework.web.filter.FormContentFilter.doFilterInternal(FormContentFilter.java:93)
	at org.springframework.web.filter.OncePerRequestFilter.doFilter(OncePerRequestFilter.java:116)
	at org.apache.catalina.core.ApplicationFilterChain.internalDoFilter(ApplicationFilterChain.java:175)
	at org.apache.catalina.core.ApplicationFilterChain.doFilter(ApplicationFilterChain.java:150)
	at org.springframework.session.web.http.SessionRepositoryFilter.doFilterInternal(SessionRepositoryFilter.java:142)
	at org.springframework.session.web.http.OncePerRequestFilter.doFilter(OncePerRequestFilter.java:82)
	at org.springframework.web.filter.DelegatingFilterProxy.invokeDelegate(DelegatingFilterProxy.java:352)
	at org.springframework.web.filter.DelegatingFilterProxy.doFilter(DelegatingFilterProxy.java:268)
	at org.apache.catalina.core.ApplicationFilterChain.internalDoFilter(ApplicationFilterChain.java:175)
	at org.apache.catalina.core.ApplicationFilterChain.doFilter(ApplicationFilterChain.java:150)
	at org.springframework.web.filter.CharacterEncodingFilter.doFilterInternal(CharacterEncodingFilter.java:201)
	at org.springframework.web.filter.OncePerRequestFilter.doFilter(OncePerRequestFilter.java:116)
	at org.apache.catalina.core.ApplicationFilterChain.internalDoFilter(ApplicationFilterChain.java:175)
	at org.apache.catalina.core.ApplicationFilterChain.doFilter(ApplicationFilterChain.java:150)
	at org.apache.catalina.core.StandardWrapperValve.invoke(StandardWrapperValve.java:167)
	at org.apache.catalina.core.StandardContextValve.invoke(StandardContextValve.java:90)
	at org.apache.catalina.authenticator.AuthenticatorBase.invoke(AuthenticatorBase.java:482)
	at org.apache.catalina.core.StandardHostValve.invoke(StandardHostValve.java:115)
	at org.apache.catalina.valves.ErrorReportValve.invoke(ErrorReportValve.java:93)
	at org.apache.catalina.core.StandardEngineValve.invoke(StandardEngineValve.java:74)
	at org.apache.catalina.connector.CoyoteAdapter.service(CoyoteAdapter.java:344)
	at org.apache.coyote.http11.Http11Processor.service(Http11Processor.java:391)
	at org.apache.coyote.AbstractProcessorLight.process(AbstractProcessorLight.java:63)
	at org.apache.coyote.AbstractProtocol$ConnectionHandler.process(AbstractProtocol.java:896)
	at org.apache.tomcat.util.net.NioEndpoint$SocketProcessor.doRun(NioEndpoint.java:1736)
	at org.apache.tomcat.util.net.SocketProcessorBase.run(SocketProcessorBase.java:52)
	at org.apache.tomcat.util.threads.ThreadPoolExecutor.runWorker(ThreadPoolExecutor.java:1191)
	at org.apache.tomcat.util.threads.ThreadPoolExecutor$Worker.run(ThreadPoolExecutor.java:659)
	at org.apache.tomcat.util.threads.TaskThread$WrappingRunnable.run(TaskThread.java:63)
	at java.base/java.lang.Thread.run(Thread.java:840)
Caused by: java.net.ConnectException: Connection refused
	at java.base/sun.nio.ch.Net.pollConnect(Native Method)
	at java.base/sun.nio.ch.Net.pollConnectNow(Net.java:672)
	at java.base/sun.nio.ch.NioSocketImpl.timedFinishConnect(NioSocketImpl.java:547)
	at java.base/sun.nio.ch.NioSocketImpl.connect(NioSocketImpl.java:602)
	at java.base/java.net.SocksSocketImpl.connect(SocksSocketImpl.java:327)
	at java.base/java.net.Socket.connect(Socket.java:633)
	at org.mariadb.jdbc.client.impl.ConnectionHelper.connectSocket(ConnectionHelper.java:134)
	... 167 common frames omitted
[2025-01-14 17:27:53.747|INFO |main|c.s.S.SecurityMvcApplication:StartupInfoLogger.java:logStarting:50]	Starting SecurityMvcApplication using Java 17.0.13 with PID 8547 (/Users/iseungcheol/Desktop/Security-JWT-Session-private/build/classes/java/main started by iseungcheol in /Users/iseungcheol/Desktop/Security-JWT-Session-private)
[2025-01-14 17:27:53.751|INFO |main|c.s.S.SecurityMvcApplication:SpringApplication.java:logStartupProfileInfo:654]	No active profile set, falling back to 1 default profile: "default"
[2025-01-14 17:27:54.756|INFO |main|o.s.d.r.c.RepositoryConfigurationDelegate:RepositoryConfigurationDelegate.java:multipleStoresDetected:295]	Multiple Spring Data modules found, entering strict repository configuration mode
[2025-01-14 17:27:54.758|INFO |main|o.s.d.r.c.RepositoryConfigurationDelegate:RepositoryConfigurationDelegate.java:registerRepositoriesIn:143]	Bootstrapping Spring Data Redis repositories in DEFAULT mode.
[2025-01-14 17:27:54.795|INFO |main|o.s.d.r.c.RepositoryConfigurationDelegate:RepositoryConfigurationDelegate.java:registerRepositoriesIn:211]	Finished Spring Data repository scanning in 22 ms. Found 0 Redis repository interfaces.
[2025-01-14 17:27:55.563|INFO |main|o.a.coyote.http11.Http11NioProtocol:DirectJDKLog.java:log:173]	Initializing ProtocolHandler ["http-nio-8080"]
[2025-01-14 17:27:55.565|INFO |main|o.a.catalina.core.StandardService:DirectJDKLog.java:log:173]	Starting service [Tomcat]
[2025-01-14 17:27:55.566|INFO |main|o.a.catalina.core.StandardEngine:DirectJDKLog.java:log:173]	Starting Servlet engine: [Apache Tomcat/10.1.20]
[2025-01-14 17:27:55.623|INFO |main|o.a.c.c.C.[Tomcat].[localhost].[/]:DirectJDKLog.java:log:173]	Initializing Spring embedded WebApplicationContext
[2025-01-14 17:27:56.230|DEBUG|main|c.s.S.S.C.CustomAdminAuthenticationFilter:GenericFilterBean.java:init:240]	Filter 'customAdminAuthenticationFilter' configured for use
[2025-01-14 17:27:56.230|DEBUG|main|c.s.S.S.C.CustomUserAuthenticationFilter:GenericFilterBean.java:init:240]	Filter 'customUserAuthenticationFilter' configured for use
[2025-01-14 17:27:56.231|DEBUG|main|c.s.S.S.C.CustomSuperAdminAuthenticationFilter:GenericFilterBean.java:init:240]	Filter 'customSuperAdminAuthenticationFilter' configured for use
[2025-01-14 17:27:56.608|INFO |main|o.s.s.web.DefaultSecurityFilterChain:DefaultSecurityFilterChain.java:<init>:54]	Will secure any request with [org.springframework.security.web.session.DisableEncodeUrlFilter@405d8a80, org.springframework.security.web.context.request.async.WebAsyncManagerIntegrationFilter@ac4e690, org.springframework.security.web.context.SecurityContextHolderFilter@64757d56, org.springframework.security.web.header.HeaderWriterFilter@778c2e7c, org.springframework.web.filter.CorsFilter@6afeaf2d, org.springframework.security.web.authentication.logout.LogoutFilter@70d5d96b, com.spring.SecurityMVC.SpringSecurity.CustomAuthenticationFilter.CustomUserAuthenticationFilter@7fc7152e, com.spring.SecurityMVC.SpringSecurity.CustomAuthenticationFilter.CustomAdminAuthenticationFilter@6704df84, com.spring.SecurityMVC.SpringSecurity.CustomAuthenticationFilter.CustomSuperAdminAuthenticationFilter@53bb71e5, org.springframework.security.web.authentication.www.BasicAuthenticationFilter@580c17a0, org.springframework.security.web.savedrequest.RequestCacheAwareFilter@702096ef, org.springframework.security.web.servletapi.SecurityContextHolderAwareRequestFilter@5f0d8937, org.springframework.security.web.authentication.AnonymousAuthenticationFilter@365bfc5f, org.springframework.security.web.session.SessionManagementFilter@45c423b3, org.springframework.security.web.access.ExceptionTranslationFilter@2aac8ad7, org.springframework.security.web.access.intercept.AuthorizationFilter@1c6ac73c]
[2025-01-14 17:27:56.915|INFO |main|o.a.coyote.http11.Http11NioProtocol:DirectJDKLog.java:log:173]	Starting ProtocolHandler ["http-nio-8080"]
[2025-01-14 17:27:56.965|INFO |main|c.s.S.SecurityMvcApplication:StartupInfoLogger.java:logStarted:56]	Started SecurityMvcApplication in 3.779 seconds (process running for 4.144)
[2025-01-14 17:28:03.502|INFO |http-nio-8080-exec-2|o.a.c.c.C.[Tomcat].[localhost].[/]:DirectJDKLog.java:log:173]	Initializing Spring DispatcherServlet 'dispatcherServlet'
[2025-01-14 17:28:03.502|INFO |http-nio-8080-exec-2|o.s.web.servlet.DispatcherServlet:FrameworkServlet.java:initServletBean:532]	Initializing Servlet 'dispatcherServlet'
[2025-01-14 17:28:03.505|INFO |http-nio-8080-exec-2|o.s.web.servlet.DispatcherServlet:FrameworkServlet.java:initServletBean:554]	Completed initialization in 2 ms
[2025-01-14 17:28:08.117|INFO |http-nio-8080-exec-4|com.zaxxer.hikari.HikariDataSource:HikariDataSource.java:getConnection:110]	HikariPool-1 - Starting...
[2025-01-14 17:28:08.215|INFO |http-nio-8080-exec-4|com.zaxxer.hikari.pool.HikariPool:HikariPool.java:checkFailFast:565]	HikariPool-1 - Added connection org.mariadb.jdbc.Connection@616f6da6
[2025-01-14 17:28:08.218|INFO |http-nio-8080-exec-4|com.zaxxer.hikari.HikariDataSource:HikariDataSource.java:getConnection:123]	HikariPool-1 - Start completed.
[2025-01-14 17:29:03.948|INFO |SpringApplicationShutdownHook|com.zaxxer.hikari.HikariDataSource:HikariDataSource.java:close:350]	HikariPool-1 - Shutdown initiated...
[2025-01-14 17:29:03.957|INFO |SpringApplicationShutdownHook|com.zaxxer.hikari.HikariDataSource:HikariDataSource.java:close:352]	HikariPool-1 - Shutdown completed.
