[2024-10-23 10:42:05.544|INFO |main|c.s.S.SecurityMvcApplication:StartupInfoLogger.java:logStarting:50]	Starting SecurityMvcApplication using Java 17.0.12 with PID 1213 (/Users/iseungcheol/Security-JWT-Session-private/build/classes/java/main started by iseungcheol in /Users/iseungcheol/Security-JWT-Session-private)
[2024-10-23 10:42:05.550|INFO |main|c.s.S.SecurityMvcApplication:SpringApplication.java:logStartupProfileInfo:654]	No active profile set, falling back to 1 default profile: "default"
[2024-10-23 10:42:06.974|INFO |main|o.s.d.r.c.RepositoryConfigurationDelegate:RepositoryConfigurationDelegate.java:multipleStoresDetected:295]	Multiple Spring Data modules found, entering strict repository configuration mode
[2024-10-23 10:42:06.979|INFO |main|o.s.d.r.c.RepositoryConfigurationDelegate:RepositoryConfigurationDelegate.java:registerRepositoriesIn:143]	Bootstrapping Spring Data Redis repositories in DEFAULT mode.
[2024-10-23 10:42:07.035|INFO |main|o.s.d.r.c.RepositoryConfigurationDelegate:RepositoryConfigurationDelegate.java:registerRepositoriesIn:211]	Finished Spring Data repository scanning in 31 ms. Found 0 Redis repository interfaces.
[2024-10-23 10:42:08.272|INFO |main|o.a.coyote.http11.Http11NioProtocol:DirectJDKLog.java:log:173]	Initializing ProtocolHandler ["http-nio-8080"]
[2024-10-23 10:42:08.285|INFO |main|o.a.catalina.core.StandardService:DirectJDKLog.java:log:173]	Starting service [Tomcat]
[2024-10-23 10:42:08.285|INFO |main|o.a.catalina.core.StandardEngine:DirectJDKLog.java:log:173]	Starting Servlet engine: [Apache Tomcat/10.1.20]
[2024-10-23 10:42:08.377|INFO |main|o.a.c.c.C.[Tomcat].[localhost].[/]:DirectJDKLog.java:log:173]	Initializing Spring embedded WebApplicationContext
[2024-10-23 10:42:09.291|DEBUG|main|c.s.S.S.C.CustomAdminAuthenticationFilter:GenericFilterBean.java:init:240]	Filter 'customAdminAuthenticationFilter' configured for use
[2024-10-23 10:42:09.292|DEBUG|main|c.s.S.S.C.CustomUserAuthenticationFilter:GenericFilterBean.java:init:240]	Filter 'customUserAuthenticationFilter' configured for use
[2024-10-23 10:42:09.294|DEBUG|main|c.s.S.S.C.CustomAuthenticationJwtFilter:GenericFilterBean.java:init:240]	Filter 'customAuthenticationJwtFilter' configured for use
[2024-10-23 10:42:09.294|DEBUG|main|c.s.S.S.C.CustomSuperAdminAuthenticationFilter:GenericFilterBean.java:init:240]	Filter 'customSuperAdminAuthenticationFilter' configured for use
[2024-10-23 10:42:09.756|INFO |main|o.s.s.web.DefaultSecurityFilterChain:DefaultSecurityFilterChain.java:<init>:54]	Will secure any request with [org.springframework.security.web.session.DisableEncodeUrlFilter@58b8f9e3, org.springframework.security.web.context.request.async.WebAsyncManagerIntegrationFilter@32a033b6, org.springframework.security.web.context.SecurityContextHolderFilter@5403431a, org.springframework.security.web.header.HeaderWriterFilter@4c030fe1, org.springframework.web.filter.CorsFilter@5f6e2ad9, org.springframework.security.web.authentication.logout.LogoutFilter@6463da36, com.spring.SecurityMVC.SpringSecurity.CustomAuthenticationFilter.CustomAuthenticationJwtFilter@f03ee8f, com.spring.SecurityMVC.SpringSecurity.CustomAuthenticationFilter.CustomUserAuthenticationFilter@76e6c070, com.spring.SecurityMVC.SpringSecurity.CustomAuthenticationFilter.CustomAdminAuthenticationFilter@22da200e, com.spring.SecurityMVC.SpringSecurity.CustomAuthenticationFilter.CustomSuperAdminAuthenticationFilter@33f4c769, org.springframework.security.web.authentication.www.BasicAuthenticationFilter@2830315f, org.springframework.security.web.savedrequest.RequestCacheAwareFilter@3d798e76, org.springframework.security.web.servletapi.SecurityContextHolderAwareRequestFilter@763b0996, org.springframework.security.web.authentication.AnonymousAuthenticationFilter@3212bfd, org.springframework.security.web.access.ExceptionTranslationFilter@779228dc, org.springframework.security.web.access.intercept.AuthorizationFilter@2729bb71]
[2024-10-23 10:42:10.110|INFO |main|o.a.coyote.http11.Http11NioProtocol:DirectJDKLog.java:log:173]	Starting ProtocolHandler ["http-nio-8080"]
[2024-10-23 10:42:10.180|INFO |main|c.s.S.SecurityMvcApplication:StartupInfoLogger.java:logStarted:56]	Started SecurityMvcApplication in 5.321 seconds (process running for 5.766)
[2024-10-23 10:42:25.054|INFO |http-nio-8080-exec-2|o.a.c.c.C.[Tomcat].[localhost].[/]:DirectJDKLog.java:log:173]	Initializing Spring DispatcherServlet 'dispatcherServlet'
[2024-10-23 10:42:25.055|INFO |http-nio-8080-exec-2|o.s.web.servlet.DispatcherServlet:FrameworkServlet.java:initServletBean:532]	Initializing Servlet 'dispatcherServlet'
[2024-10-23 10:42:25.057|INFO |http-nio-8080-exec-2|o.s.web.servlet.DispatcherServlet:FrameworkServlet.java:initServletBean:554]	Completed initialization in 2 ms
[2024-10-23 10:42:25.258|INFO |http-nio-8080-exec-2|com.zaxxer.hikari.HikariDataSource:HikariDataSource.java:getConnection:110]	HikariPool-1 - Starting...
[2024-10-23 10:42:25.410|INFO |http-nio-8080-exec-2|com.zaxxer.hikari.pool.HikariPool:HikariPool.java:checkFailFast:565]	HikariPool-1 - Added connection org.mariadb.jdbc.Connection@720622f7
[2024-10-23 10:42:25.412|INFO |http-nio-8080-exec-2|com.zaxxer.hikari.HikariDataSource:HikariDataSource.java:getConnection:123]	HikariPool-1 - Start completed.
[2024-10-23 10:42:25.546|ERROR|http-nio-8080-exec-2|c.s.S.U.Service.UserDetailsService:UserDetailsService.java:findByEnabled:64]	User is disabled to FindByEnabled:soong2482
[2024-10-23 10:42:25.652|ERROR|http-nio-8080-exec-2|c.s.S.U.Service.UserDetailsService:UserDetailsService.java:findByEnabled:64]	User is disabled to FindByEnabled:soong2482
[2024-10-23 10:43:58.903|INFO |SpringApplicationShutdownHook|com.zaxxer.hikari.HikariDataSource:HikariDataSource.java:close:350]	HikariPool-1 - Shutdown initiated...
[2024-10-23 10:43:58.910|INFO |SpringApplicationShutdownHook|com.zaxxer.hikari.HikariDataSource:HikariDataSource.java:close:352]	HikariPool-1 - Shutdown completed.
[2024-10-23 10:44:02.239|INFO |main|c.s.S.SecurityMvcApplication:StartupInfoLogger.java:logStarting:50]	Starting SecurityMvcApplication using Java 17.0.12 with PID 1404 (/Users/iseungcheol/Security-JWT-Session-private/build/classes/java/main started by iseungcheol in /Users/iseungcheol/Security-JWT-Session-private)
[2024-10-23 10:44:02.245|INFO |main|c.s.S.SecurityMvcApplication:SpringApplication.java:logStartupProfileInfo:654]	No active profile set, falling back to 1 default profile: "default"
[2024-10-23 10:44:03.700|INFO |main|o.s.d.r.c.RepositoryConfigurationDelegate:RepositoryConfigurationDelegate.java:multipleStoresDetected:295]	Multiple Spring Data modules found, entering strict repository configuration mode
[2024-10-23 10:44:03.704|INFO |main|o.s.d.r.c.RepositoryConfigurationDelegate:RepositoryConfigurationDelegate.java:registerRepositoriesIn:143]	Bootstrapping Spring Data Redis repositories in DEFAULT mode.
[2024-10-23 10:44:03.757|INFO |main|o.s.d.r.c.RepositoryConfigurationDelegate:RepositoryConfigurationDelegate.java:registerRepositoriesIn:211]	Finished Spring Data repository scanning in 32 ms. Found 0 Redis repository interfaces.
[2024-10-23 10:44:04.545|INFO |main|o.a.coyote.http11.Http11NioProtocol:DirectJDKLog.java:log:173]	Initializing ProtocolHandler ["http-nio-8080"]
[2024-10-23 10:44:04.547|INFO |main|o.a.catalina.core.StandardService:DirectJDKLog.java:log:173]	Starting service [Tomcat]
[2024-10-23 10:44:04.548|INFO |main|o.a.catalina.core.StandardEngine:DirectJDKLog.java:log:173]	Starting Servlet engine: [Apache Tomcat/10.1.20]
[2024-10-23 10:44:04.608|INFO |main|o.a.c.c.C.[Tomcat].[localhost].[/]:DirectJDKLog.java:log:173]	Initializing Spring embedded WebApplicationContext
[2024-10-23 10:44:05.247|DEBUG|main|c.s.S.S.C.CustomAdminAuthenticationFilter:GenericFilterBean.java:init:240]	Filter 'customAdminAuthenticationFilter' configured for use
[2024-10-23 10:44:05.247|DEBUG|main|c.s.S.S.C.CustomUserAuthenticationFilter:GenericFilterBean.java:init:240]	Filter 'customUserAuthenticationFilter' configured for use
[2024-10-23 10:44:05.250|DEBUG|main|c.s.S.S.C.CustomAuthenticationJwtFilter:GenericFilterBean.java:init:240]	Filter 'customAuthenticationJwtFilter' configured for use
[2024-10-23 10:44:05.251|DEBUG|main|c.s.S.S.C.CustomSuperAdminAuthenticationFilter:GenericFilterBean.java:init:240]	Filter 'customSuperAdminAuthenticationFilter' configured for use
[2024-10-23 10:44:05.731|INFO |main|o.s.s.web.DefaultSecurityFilterChain:DefaultSecurityFilterChain.java:<init>:54]	Will secure any request with [org.springframework.security.web.session.DisableEncodeUrlFilter@ba562e0, org.springframework.security.web.context.request.async.WebAsyncManagerIntegrationFilter@5a51336a, org.springframework.security.web.context.SecurityContextHolderFilter@3e2d8623, org.springframework.security.web.header.HeaderWriterFilter@386e9fd8, org.springframework.web.filter.CorsFilter@4d8056bf, org.springframework.security.web.authentication.logout.LogoutFilter@6afeaf2d, com.spring.SecurityMVC.SpringSecurity.CustomAuthenticationFilter.CustomAuthenticationJwtFilter@1c68d0db, com.spring.SecurityMVC.SpringSecurity.CustomAuthenticationFilter.CustomUserAuthenticationFilter@7404ddca, com.spring.SecurityMVC.SpringSecurity.CustomAuthenticationFilter.CustomAdminAuthenticationFilter@4438938e, com.spring.SecurityMVC.SpringSecurity.CustomAuthenticationFilter.CustomSuperAdminAuthenticationFilter@91a2543, org.springframework.security.web.authentication.www.BasicAuthenticationFilter@338d47b, org.springframework.security.web.savedrequest.RequestCacheAwareFilter@68f776ee, org.springframework.security.web.servletapi.SecurityContextHolderAwareRequestFilter@5a6195b8, org.springframework.security.web.authentication.AnonymousAuthenticationFilter@42211e04, org.springframework.security.web.access.ExceptionTranslationFilter@3d798e76, org.springframework.security.web.access.intercept.AuthorizationFilter@1cc9bd9b]
[2024-10-23 10:44:06.016|INFO |main|o.a.coyote.http11.Http11NioProtocol:DirectJDKLog.java:log:173]	Starting ProtocolHandler ["http-nio-8080"]
[2024-10-23 10:44:06.085|INFO |main|c.s.S.SecurityMvcApplication:StartupInfoLogger.java:logStarted:56]	Started SecurityMvcApplication in 4.431 seconds (process running for 4.856)
[2024-10-23 10:44:15.566|INFO |http-nio-8080-exec-2|o.a.c.c.C.[Tomcat].[localhost].[/]:DirectJDKLog.java:log:173]	Initializing Spring DispatcherServlet 'dispatcherServlet'
[2024-10-23 10:44:15.567|INFO |http-nio-8080-exec-2|o.s.web.servlet.DispatcherServlet:FrameworkServlet.java:initServletBean:532]	Initializing Servlet 'dispatcherServlet'
[2024-10-23 10:44:15.568|INFO |http-nio-8080-exec-2|o.s.web.servlet.DispatcherServlet:FrameworkServlet.java:initServletBean:554]	Completed initialization in 1 ms
[2024-10-23 10:44:15.699|INFO |http-nio-8080-exec-2|com.zaxxer.hikari.HikariDataSource:HikariDataSource.java:getConnection:110]	HikariPool-1 - Starting...
[2024-10-23 10:44:15.786|INFO |http-nio-8080-exec-2|com.zaxxer.hikari.pool.HikariPool:HikariPool.java:checkFailFast:565]	HikariPool-1 - Added connection org.mariadb.jdbc.Connection@33ab7ceb
[2024-10-23 10:44:15.788|INFO |http-nio-8080-exec-2|com.zaxxer.hikari.HikariDataSource:HikariDataSource.java:getConnection:123]	HikariPool-1 - Start completed.
[2024-10-23 10:44:28.290|ERROR|http-nio-8080-exec-4|c.s.S.U.Service.UserDetailsService:UserDetailsService.java:findByEnabled:64]	User is disabled to FindByEnabled:soong2482
[2024-10-23 10:44:28.383|ERROR|http-nio-8080-exec-4|c.s.S.U.Service.UserDetailsService:UserDetailsService.java:findByEnabled:64]	User is disabled to FindByEnabled:soong2482
[2024-10-23 10:48:09.360|INFO |SpringApplicationShutdownHook|com.zaxxer.hikari.HikariDataSource:HikariDataSource.java:close:350]	HikariPool-1 - Shutdown initiated...
[2024-10-23 10:48:09.366|INFO |SpringApplicationShutdownHook|com.zaxxer.hikari.HikariDataSource:HikariDataSource.java:close:352]	HikariPool-1 - Shutdown completed.
[2024-10-23 10:48:12.064|INFO |main|c.s.S.SecurityMvcApplication:StartupInfoLogger.java:logStarting:50]	Starting SecurityMvcApplication using Java 17.0.12 with PID 1464 (/Users/iseungcheol/Security-JWT-Session-private/build/classes/java/main started by iseungcheol in /Users/iseungcheol/Security-JWT-Session-private)
[2024-10-23 10:48:12.067|INFO |main|c.s.S.SecurityMvcApplication:SpringApplication.java:logStartupProfileInfo:654]	No active profile set, falling back to 1 default profile: "default"
[2024-10-23 10:48:12.920|INFO |main|o.s.d.r.c.RepositoryConfigurationDelegate:RepositoryConfigurationDelegate.java:multipleStoresDetected:295]	Multiple Spring Data modules found, entering strict repository configuration mode
[2024-10-23 10:48:12.923|INFO |main|o.s.d.r.c.RepositoryConfigurationDelegate:RepositoryConfigurationDelegate.java:registerRepositoriesIn:143]	Bootstrapping Spring Data Redis repositories in DEFAULT mode.
[2024-10-23 10:48:12.952|INFO |main|o.s.d.r.c.RepositoryConfigurationDelegate:RepositoryConfigurationDelegate.java:registerRepositoriesIn:211]	Finished Spring Data repository scanning in 17 ms. Found 0 Redis repository interfaces.
[2024-10-23 10:48:13.714|INFO |main|o.a.coyote.http11.Http11NioProtocol:DirectJDKLog.java:log:173]	Initializing ProtocolHandler ["http-nio-8080"]
[2024-10-23 10:48:13.716|INFO |main|o.a.catalina.core.StandardService:DirectJDKLog.java:log:173]	Starting service [Tomcat]
[2024-10-23 10:48:13.717|INFO |main|o.a.catalina.core.StandardEngine:DirectJDKLog.java:log:173]	Starting Servlet engine: [Apache Tomcat/10.1.20]
[2024-10-23 10:48:13.774|INFO |main|o.a.c.c.C.[Tomcat].[localhost].[/]:DirectJDKLog.java:log:173]	Initializing Spring embedded WebApplicationContext
[2024-10-23 10:48:14.450|DEBUG|main|c.s.S.S.C.CustomAdminAuthenticationFilter:GenericFilterBean.java:init:240]	Filter 'customAdminAuthenticationFilter' configured for use
[2024-10-23 10:48:14.451|DEBUG|main|c.s.S.S.C.CustomUserAuthenticationFilter:GenericFilterBean.java:init:240]	Filter 'customUserAuthenticationFilter' configured for use
[2024-10-23 10:48:14.452|DEBUG|main|c.s.S.S.C.CustomAuthenticationJwtFilter:GenericFilterBean.java:init:240]	Filter 'customAuthenticationJwtFilter' configured for use
[2024-10-23 10:48:14.453|DEBUG|main|c.s.S.S.C.CustomSuperAdminAuthenticationFilter:GenericFilterBean.java:init:240]	Filter 'customSuperAdminAuthenticationFilter' configured for use
[2024-10-23 10:48:14.844|INFO |main|o.s.s.web.DefaultSecurityFilterChain:DefaultSecurityFilterChain.java:<init>:54]	Will secure any request with [org.springframework.security.web.session.DisableEncodeUrlFilter@55071497, org.springframework.security.web.context.request.async.WebAsyncManagerIntegrationFilter@10d98940, org.springframework.security.web.context.SecurityContextHolderFilter@347123dc, org.springframework.security.web.header.HeaderWriterFilter@779228dc, org.springframework.web.filter.CorsFilter@58b8f9e3, org.springframework.security.web.authentication.logout.LogoutFilter@15f861ee, com.spring.SecurityMVC.SpringSecurity.CustomAuthenticationFilter.CustomAuthenticationJwtFilter@f03ee8f, com.spring.SecurityMVC.SpringSecurity.CustomAuthenticationFilter.CustomUserAuthenticationFilter@76e6c070, com.spring.SecurityMVC.SpringSecurity.CustomAuthenticationFilter.CustomAdminAuthenticationFilter@22da200e, com.spring.SecurityMVC.SpringSecurity.CustomAuthenticationFilter.CustomSuperAdminAuthenticationFilter@33f4c769, org.springframework.security.web.authentication.www.BasicAuthenticationFilter@283baa39, org.springframework.security.web.savedrequest.RequestCacheAwareFilter@5403431a, org.springframework.security.web.servletapi.SecurityContextHolderAwareRequestFilter@ab327c, org.springframework.security.web.authentication.AnonymousAuthenticationFilter@32a033b6, org.springframework.security.web.access.ExceptionTranslationFilter@66ab924, org.springframework.security.web.access.intercept.AuthorizationFilter@338d47b]
[2024-10-23 10:48:15.113|INFO |main|o.a.coyote.http11.Http11NioProtocol:DirectJDKLog.java:log:173]	Starting ProtocolHandler ["http-nio-8080"]
[2024-10-23 10:48:15.174|INFO |main|c.s.S.SecurityMvcApplication:StartupInfoLogger.java:logStarted:56]	Started SecurityMvcApplication in 3.677 seconds (process running for 4.003)
[2024-10-23 10:48:23.024|INFO |http-nio-8080-exec-1|o.a.c.c.C.[Tomcat].[localhost].[/]:DirectJDKLog.java:log:173]	Initializing Spring DispatcherServlet 'dispatcherServlet'
[2024-10-23 10:48:23.025|INFO |http-nio-8080-exec-1|o.s.web.servlet.DispatcherServlet:FrameworkServlet.java:initServletBean:532]	Initializing Servlet 'dispatcherServlet'
[2024-10-23 10:48:23.026|INFO |http-nio-8080-exec-1|o.s.web.servlet.DispatcherServlet:FrameworkServlet.java:initServletBean:554]	Completed initialization in 1 ms
[2024-10-23 10:48:23.151|INFO |http-nio-8080-exec-1|com.zaxxer.hikari.HikariDataSource:HikariDataSource.java:getConnection:110]	HikariPool-1 - Starting...
[2024-10-23 10:48:23.236|INFO |http-nio-8080-exec-1|com.zaxxer.hikari.pool.HikariPool:HikariPool.java:checkFailFast:565]	HikariPool-1 - Added connection org.mariadb.jdbc.Connection@131412a7
[2024-10-23 10:48:23.238|INFO |http-nio-8080-exec-1|com.zaxxer.hikari.HikariDataSource:HikariDataSource.java:getConnection:123]	HikariPool-1 - Start completed.
[2024-10-23 10:48:23.392|ERROR|http-nio-8080-exec-1|c.s.S.U.Service.UserDetailsService:UserDetailsService.java:findByEnabled:64]	User is disabled to FindByEnabled:soong2482
[2024-10-23 10:48:23.494|ERROR|http-nio-8080-exec-1|c.s.S.U.Service.UserDetailsService:UserDetailsService.java:findByEnabled:64]	User is disabled to FindByEnabled:soong2482
[2024-10-23 10:48:30.624|INFO |SpringApplicationShutdownHook|com.zaxxer.hikari.HikariDataSource:HikariDataSource.java:close:350]	HikariPool-1 - Shutdown initiated...
[2024-10-23 10:48:30.629|INFO |SpringApplicationShutdownHook|com.zaxxer.hikari.HikariDataSource:HikariDataSource.java:close:352]	HikariPool-1 - Shutdown completed.
[2024-10-23 10:48:33.317|INFO |main|c.s.S.SecurityMvcApplication:StartupInfoLogger.java:logStarting:50]	Starting SecurityMvcApplication using Java 17.0.12 with PID 1468 (/Users/iseungcheol/Security-JWT-Session-private/build/classes/java/main started by iseungcheol in /Users/iseungcheol/Security-JWT-Session-private)
[2024-10-23 10:48:33.319|INFO |main|c.s.S.SecurityMvcApplication:SpringApplication.java:logStartupProfileInfo:654]	No active profile set, falling back to 1 default profile: "default"
[2024-10-23 10:48:34.162|INFO |main|o.s.d.r.c.RepositoryConfigurationDelegate:RepositoryConfigurationDelegate.java:multipleStoresDetected:295]	Multiple Spring Data modules found, entering strict repository configuration mode
[2024-10-23 10:48:34.165|INFO |main|o.s.d.r.c.RepositoryConfigurationDelegate:RepositoryConfigurationDelegate.java:registerRepositoriesIn:143]	Bootstrapping Spring Data Redis repositories in DEFAULT mode.
[2024-10-23 10:48:34.198|INFO |main|o.s.d.r.c.RepositoryConfigurationDelegate:RepositoryConfigurationDelegate.java:registerRepositoriesIn:211]	Finished Spring Data repository scanning in 19 ms. Found 0 Redis repository interfaces.
[2024-10-23 10:48:35.047|INFO |main|o.a.coyote.http11.Http11NioProtocol:DirectJDKLog.java:log:173]	Initializing ProtocolHandler ["http-nio-8080"]
[2024-10-23 10:48:35.049|INFO |main|o.a.catalina.core.StandardService:DirectJDKLog.java:log:173]	Starting service [Tomcat]
[2024-10-23 10:48:35.050|INFO |main|o.a.catalina.core.StandardEngine:DirectJDKLog.java:log:173]	Starting Servlet engine: [Apache Tomcat/10.1.20]
[2024-10-23 10:48:35.107|INFO |main|o.a.c.c.C.[Tomcat].[localhost].[/]:DirectJDKLog.java:log:173]	Initializing Spring embedded WebApplicationContext
[2024-10-23 10:48:35.765|DEBUG|main|c.s.S.S.C.CustomAdminAuthenticationFilter:GenericFilterBean.java:init:240]	Filter 'customAdminAuthenticationFilter' configured for use
[2024-10-23 10:48:35.765|DEBUG|main|c.s.S.S.C.CustomUserAuthenticationFilter:GenericFilterBean.java:init:240]	Filter 'customUserAuthenticationFilter' configured for use
[2024-10-23 10:48:35.766|DEBUG|main|c.s.S.S.C.CustomAuthenticationJwtFilter:GenericFilterBean.java:init:240]	Filter 'customAuthenticationJwtFilter' configured for use
[2024-10-23 10:48:35.767|DEBUG|main|c.s.S.S.C.CustomSuperAdminAuthenticationFilter:GenericFilterBean.java:init:240]	Filter 'customSuperAdminAuthenticationFilter' configured for use
[2024-10-23 10:48:36.237|INFO |main|o.s.s.web.DefaultSecurityFilterChain:DefaultSecurityFilterChain.java:<init>:54]	Will secure any request with [org.springframework.security.web.session.DisableEncodeUrlFilter@32a033b6, org.springframework.security.web.context.request.async.WebAsyncManagerIntegrationFilter@5f6e2ad9, org.springframework.security.web.context.SecurityContextHolderFilter@ab327c, org.springframework.security.web.header.HeaderWriterFilter@347123dc, org.springframework.web.filter.CorsFilter@3212bfd, org.springframework.security.web.authentication.logout.LogoutFilter@4a4b288a, com.spring.SecurityMVC.SpringSecurity.CustomAuthenticationFilter.CustomAuthenticationJwtFilter@4ebd6fd6, com.spring.SecurityMVC.SpringSecurity.CustomAuthenticationFilter.CustomUserAuthenticationFilter@4f26425b, com.spring.SecurityMVC.SpringSecurity.CustomAuthenticationFilter.CustomAdminAuthenticationFilter@40dd552c, com.spring.SecurityMVC.SpringSecurity.CustomAuthenticationFilter.CustomSuperAdminAuthenticationFilter@7404ddca, org.springframework.security.web.authentication.www.BasicAuthenticationFilter@da22aa, org.springframework.security.web.savedrequest.RequestCacheAwareFilter@763b0996, org.springframework.security.web.servletapi.SecurityContextHolderAwareRequestFilter@386e9fd8, org.springframework.security.web.authentication.AnonymousAuthenticationFilter@1cc9bd9b, org.springframework.security.web.access.ExceptionTranslationFilter@1f7336b2, org.springframework.security.web.access.intercept.AuthorizationFilter@55071497]
[2024-10-23 10:48:36.518|INFO |main|o.a.coyote.http11.Http11NioProtocol:DirectJDKLog.java:log:173]	Starting ProtocolHandler ["http-nio-8080"]
[2024-10-23 10:48:36.574|INFO |main|c.s.S.SecurityMvcApplication:StartupInfoLogger.java:logStarted:56]	Started SecurityMvcApplication in 3.823 seconds (process running for 4.218)
[2024-10-23 10:48:40.649|INFO |http-nio-8080-exec-1|o.a.c.c.C.[Tomcat].[localhost].[/]:DirectJDKLog.java:log:173]	Initializing Spring DispatcherServlet 'dispatcherServlet'
[2024-10-23 10:48:40.649|INFO |http-nio-8080-exec-1|o.s.web.servlet.DispatcherServlet:FrameworkServlet.java:initServletBean:532]	Initializing Servlet 'dispatcherServlet'
[2024-10-23 10:48:40.652|INFO |http-nio-8080-exec-1|o.s.web.servlet.DispatcherServlet:FrameworkServlet.java:initServletBean:554]	Completed initialization in 2 ms
[2024-10-23 10:48:40.763|INFO |http-nio-8080-exec-1|com.zaxxer.hikari.HikariDataSource:HikariDataSource.java:getConnection:110]	HikariPool-1 - Starting...
[2024-10-23 10:48:40.846|INFO |http-nio-8080-exec-1|com.zaxxer.hikari.pool.HikariPool:HikariPool.java:checkFailFast:565]	HikariPool-1 - Added connection org.mariadb.jdbc.Connection@6986a06f
[2024-10-23 10:48:40.848|INFO |http-nio-8080-exec-1|com.zaxxer.hikari.HikariDataSource:HikariDataSource.java:getConnection:123]	HikariPool-1 - Start completed.
[2024-10-23 10:48:40.998|ERROR|http-nio-8080-exec-1|c.s.S.U.Service.UserDetailsService:UserDetailsService.java:findByEnabled:64]	User is disabled to FindByEnabled:soong2482
[2024-10-23 10:48:41.093|ERROR|http-nio-8080-exec-1|c.s.S.U.Service.UserDetailsService:UserDetailsService.java:findByEnabled:64]	User is disabled to FindByEnabled:soong2482
[2024-10-23 11:43:26.056|INFO |SpringApplicationShutdownHook|com.zaxxer.hikari.HikariDataSource:HikariDataSource.java:close:350]	HikariPool-1 - Shutdown initiated...
[2024-10-23 11:43:26.061|INFO |SpringApplicationShutdownHook|com.zaxxer.hikari.HikariDataSource:HikariDataSource.java:close:352]	HikariPool-1 - Shutdown completed.
[2024-10-23 13:19:48.312|INFO |main|c.s.S.SecurityMvcApplication:StartupInfoLogger.java:logStarting:50]	Starting SecurityMvcApplication using Java 17.0.12 with PID 1229 (/Users/iseungcheol/Security-JWT-Session-private/build/classes/java/main started by iseungcheol in /Users/iseungcheol/Security-JWT-Session-private)
[2024-10-23 13:19:48.316|INFO |main|c.s.S.SecurityMvcApplication:SpringApplication.java:logStartupProfileInfo:654]	No active profile set, falling back to 1 default profile: "default"
[2024-10-23 13:19:49.259|INFO |main|o.s.d.r.c.RepositoryConfigurationDelegate:RepositoryConfigurationDelegate.java:multipleStoresDetected:295]	Multiple Spring Data modules found, entering strict repository configuration mode
[2024-10-23 13:19:49.264|INFO |main|o.s.d.r.c.RepositoryConfigurationDelegate:RepositoryConfigurationDelegate.java:registerRepositoriesIn:143]	Bootstrapping Spring Data Redis repositories in DEFAULT mode.
[2024-10-23 13:19:49.332|INFO |main|o.s.d.r.c.RepositoryConfigurationDelegate:RepositoryConfigurationDelegate.java:registerRepositoriesIn:211]	Finished Spring Data repository scanning in 31 ms. Found 0 Redis repository interfaces.
[2024-10-23 13:19:50.210|INFO |main|o.a.coyote.http11.Http11NioProtocol:DirectJDKLog.java:log:173]	Initializing ProtocolHandler ["http-nio-8080"]
[2024-10-23 13:19:50.212|INFO |main|o.a.catalina.core.StandardService:DirectJDKLog.java:log:173]	Starting service [Tomcat]
[2024-10-23 13:19:50.213|INFO |main|o.a.catalina.core.StandardEngine:DirectJDKLog.java:log:173]	Starting Servlet engine: [Apache Tomcat/10.1.20]
[2024-10-23 13:19:50.274|INFO |main|o.a.c.c.C.[Tomcat].[localhost].[/]:DirectJDKLog.java:log:173]	Initializing Spring embedded WebApplicationContext
[2024-10-23 13:19:50.980|DEBUG|main|c.s.S.S.C.CustomAdminAuthenticationFilter:GenericFilterBean.java:init:240]	Filter 'customAdminAuthenticationFilter' configured for use
[2024-10-23 13:19:50.981|DEBUG|main|c.s.S.S.C.CustomUserAuthenticationFilter:GenericFilterBean.java:init:240]	Filter 'customUserAuthenticationFilter' configured for use
[2024-10-23 13:19:50.982|DEBUG|main|c.s.S.S.C.CustomAuthenticationJwtFilter:GenericFilterBean.java:init:240]	Filter 'customAuthenticationJwtFilter' configured for use
[2024-10-23 13:19:50.982|DEBUG|main|c.s.S.S.C.CustomSuperAdminAuthenticationFilter:GenericFilterBean.java:init:240]	Filter 'customSuperAdminAuthenticationFilter' configured for use
[2024-10-23 13:19:51.404|INFO |main|o.s.s.web.DefaultSecurityFilterChain:DefaultSecurityFilterChain.java:<init>:54]	Will secure any request with [org.springframework.security.web.session.DisableEncodeUrlFilter@312a738d, org.springframework.security.web.context.request.async.WebAsyncManagerIntegrationFilter@7e50eeb9, org.springframework.security.web.context.SecurityContextHolderFilter@70d5d96b, org.springframework.security.web.header.HeaderWriterFilter@68f776ee, org.springframework.web.filter.CorsFilter@34cb0e49, org.springframework.security.web.authentication.logout.LogoutFilter@416b1265, com.spring.SecurityMVC.SpringSecurity.CustomAuthenticationFilter.CustomAuthenticationJwtFilter@1c68d0db, com.spring.SecurityMVC.SpringSecurity.CustomAuthenticationFilter.CustomUserAuthenticationFilter@7404ddca, com.spring.SecurityMVC.SpringSecurity.CustomAuthenticationFilter.CustomAdminAuthenticationFilter@4438938e, com.spring.SecurityMVC.SpringSecurity.CustomAuthenticationFilter.CustomSuperAdminAuthenticationFilter@91a2543, org.springframework.security.web.authentication.www.BasicAuthenticationFilter@58b8f9e3, org.springframework.security.web.savedrequest.RequestCacheAwareFilter@75dc1c1c, org.springframework.security.web.servletapi.SecurityContextHolderAwareRequestFilter@5611bba, org.springframework.security.web.authentication.AnonymousAuthenticationFilter@48b2dbc4, org.springframework.security.web.access.ExceptionTranslationFilter@3e2d8623, org.springframework.security.web.access.intercept.AuthorizationFilter@4d8056bf]
[2024-10-23 13:19:51.697|INFO |main|o.a.coyote.http11.Http11NioProtocol:DirectJDKLog.java:log:173]	Starting ProtocolHandler ["http-nio-8080"]
[2024-10-23 13:19:51.765|INFO |main|c.s.S.SecurityMvcApplication:StartupInfoLogger.java:logStarted:56]	Started SecurityMvcApplication in 4.186 seconds (process running for 4.612)
[2024-10-23 13:19:54.836|INFO |http-nio-8080-exec-1|o.a.c.c.C.[Tomcat].[localhost].[/]:DirectJDKLog.java:log:173]	Initializing Spring DispatcherServlet 'dispatcherServlet'
[2024-10-23 13:19:54.837|INFO |http-nio-8080-exec-1|o.s.web.servlet.DispatcherServlet:FrameworkServlet.java:initServletBean:532]	Initializing Servlet 'dispatcherServlet'
[2024-10-23 13:19:54.838|INFO |http-nio-8080-exec-1|o.s.web.servlet.DispatcherServlet:FrameworkServlet.java:initServletBean:554]	Completed initialization in 1 ms
[2024-10-23 13:19:54.960|INFO |http-nio-8080-exec-1|com.zaxxer.hikari.HikariDataSource:HikariDataSource.java:getConnection:110]	HikariPool-1 - Starting...
[2024-10-23 13:19:55.059|INFO |http-nio-8080-exec-1|com.zaxxer.hikari.pool.HikariPool:HikariPool.java:checkFailFast:565]	HikariPool-1 - Added connection org.mariadb.jdbc.Connection@192f5c57
[2024-10-23 13:19:55.061|INFO |http-nio-8080-exec-1|com.zaxxer.hikari.HikariDataSource:HikariDataSource.java:getConnection:123]	HikariPool-1 - Start completed.
[2024-10-23 14:36:24.724|INFO |SpringApplicationShutdownHook|com.zaxxer.hikari.HikariDataSource:HikariDataSource.java:close:350]	HikariPool-1 - Shutdown initiated...
[2024-10-23 14:36:24.727|INFO |SpringApplicationShutdownHook|com.zaxxer.hikari.HikariDataSource:HikariDataSource.java:close:352]	HikariPool-1 - Shutdown completed.
[2024-10-23 14:36:28.556|INFO |main|c.s.S.SecurityMvcApplication:StartupInfoLogger.java:logStarting:50]	Starting SecurityMvcApplication using Java 17.0.12 with PID 1806 (/Users/iseungcheol/Security-JWT-Session-private/build/classes/java/main started by iseungcheol in /Users/iseungcheol/Security-JWT-Session-private)
[2024-10-23 14:36:28.559|INFO |main|c.s.S.SecurityMvcApplication:SpringApplication.java:logStartupProfileInfo:654]	No active profile set, falling back to 1 default profile: "default"
[2024-10-23 14:36:29.430|INFO |main|o.s.d.r.c.RepositoryConfigurationDelegate:RepositoryConfigurationDelegate.java:multipleStoresDetected:295]	Multiple Spring Data modules found, entering strict repository configuration mode
[2024-10-23 14:36:29.434|INFO |main|o.s.d.r.c.RepositoryConfigurationDelegate:RepositoryConfigurationDelegate.java:registerRepositoriesIn:143]	Bootstrapping Spring Data Redis repositories in DEFAULT mode.
[2024-10-23 14:36:29.473|INFO |main|o.s.d.r.c.RepositoryConfigurationDelegate:RepositoryConfigurationDelegate.java:registerRepositoriesIn:211]	Finished Spring Data repository scanning in 23 ms. Found 0 Redis repository interfaces.
[2024-10-23 14:36:30.305|INFO |main|o.a.coyote.http11.Http11NioProtocol:DirectJDKLog.java:log:173]	Initializing ProtocolHandler ["http-nio-8080"]
[2024-10-23 14:36:30.307|INFO |main|o.a.catalina.core.StandardService:DirectJDKLog.java:log:173]	Starting service [Tomcat]
[2024-10-23 14:36:30.308|INFO |main|o.a.catalina.core.StandardEngine:DirectJDKLog.java:log:173]	Starting Servlet engine: [Apache Tomcat/10.1.20]
[2024-10-23 14:36:30.365|INFO |main|o.a.c.c.C.[Tomcat].[localhost].[/]:DirectJDKLog.java:log:173]	Initializing Spring embedded WebApplicationContext
[2024-10-23 14:36:30.983|DEBUG|main|c.s.S.S.C.CustomAdminAuthenticationFilter:GenericFilterBean.java:init:240]	Filter 'customAdminAuthenticationFilter' configured for use
[2024-10-23 14:36:30.983|DEBUG|main|c.s.S.S.C.CustomUserAuthenticationFilter:GenericFilterBean.java:init:240]	Filter 'customUserAuthenticationFilter' configured for use
[2024-10-23 14:36:30.984|DEBUG|main|c.s.S.S.C.CustomAuthenticationJwtFilter:GenericFilterBean.java:init:240]	Filter 'customAuthenticationJwtFilter' configured for use
[2024-10-23 14:36:30.984|DEBUG|main|c.s.S.S.C.CustomSuperAdminAuthenticationFilter:GenericFilterBean.java:init:240]	Filter 'customSuperAdminAuthenticationFilter' configured for use
[2024-10-23 14:36:31.413|INFO |main|o.s.s.web.DefaultSecurityFilterChain:DefaultSecurityFilterChain.java:<init>:54]	Will secure any request with [org.springframework.security.web.session.DisableEncodeUrlFilter@2a667f44, org.springframework.security.web.context.request.async.WebAsyncManagerIntegrationFilter@53ba7997, org.springframework.security.web.context.SecurityContextHolderFilter@5ba184fc, org.springframework.security.web.header.HeaderWriterFilter@23469199, org.springframework.web.filter.CorsFilter@3f6f9cef, org.springframework.security.web.authentication.logout.LogoutFilter@6c24f61d, com.spring.SecurityMVC.SpringSecurity.CustomAuthenticationFilter.CustomAuthenticationJwtFilter@609b041c, com.spring.SecurityMVC.SpringSecurity.CustomAuthenticationFilter.CustomUserAuthenticationFilter@42730828, com.spring.SecurityMVC.SpringSecurity.CustomAuthenticationFilter.CustomAdminAuthenticationFilter@629b780f, com.spring.SecurityMVC.SpringSecurity.CustomAuthenticationFilter.CustomSuperAdminAuthenticationFilter@7e2c6702, org.springframework.security.web.authentication.www.BasicAuthenticationFilter@1cc9bd9b, org.springframework.security.web.savedrequest.RequestCacheAwareFilter@59d5c537, org.springframework.security.web.servletapi.SecurityContextHolderAwareRequestFilter@5464b97c, org.springframework.security.web.authentication.AnonymousAuthenticationFilter@61dd1c3d, org.springframework.security.web.access.ExceptionTranslationFilter@8af1c49, org.springframework.security.web.access.intercept.AuthorizationFilter@7e50eeb9]
[2024-10-23 14:36:31.711|INFO |main|o.a.coyote.http11.Http11NioProtocol:DirectJDKLog.java:log:173]	Starting ProtocolHandler ["http-nio-8080"]
[2024-10-23 14:36:31.774|INFO |main|c.s.S.SecurityMvcApplication:StartupInfoLogger.java:logStarted:56]	Started SecurityMvcApplication in 3.776 seconds (process running for 4.206)
[2024-10-23 14:36:35.862|INFO |http-nio-8080-exec-1|o.a.c.c.C.[Tomcat].[localhost].[/]:DirectJDKLog.java:log:173]	Initializing Spring DispatcherServlet 'dispatcherServlet'
[2024-10-23 14:36:35.863|INFO |http-nio-8080-exec-1|o.s.web.servlet.DispatcherServlet:FrameworkServlet.java:initServletBean:532]	Initializing Servlet 'dispatcherServlet'
[2024-10-23 14:36:35.864|INFO |http-nio-8080-exec-1|o.s.web.servlet.DispatcherServlet:FrameworkServlet.java:initServletBean:554]	Completed initialization in 1 ms
[2024-10-23 14:36:36.376|INFO |http-nio-8080-exec-1|com.zaxxer.hikari.HikariDataSource:HikariDataSource.java:getConnection:110]	HikariPool-1 - Starting...
[2024-10-23 14:36:36.458|INFO |http-nio-8080-exec-1|com.zaxxer.hikari.pool.HikariPool:HikariPool.java:checkFailFast:565]	HikariPool-1 - Added connection org.mariadb.jdbc.Connection@534a3fa1
[2024-10-23 14:36:36.461|INFO |http-nio-8080-exec-1|com.zaxxer.hikari.HikariDataSource:HikariDataSource.java:getConnection:123]	HikariPool-1 - Start completed.
[2024-10-23 14:39:43.260|INFO |SpringApplicationShutdownHook|com.zaxxer.hikari.HikariDataSource:HikariDataSource.java:close:350]	HikariPool-1 - Shutdown initiated...
[2024-10-23 14:39:43.270|INFO |SpringApplicationShutdownHook|com.zaxxer.hikari.HikariDataSource:HikariDataSource.java:close:352]	HikariPool-1 - Shutdown completed.
[2024-10-23 14:39:46.196|INFO |main|c.s.S.SecurityMvcApplication:StartupInfoLogger.java:logStarting:50]	Starting SecurityMvcApplication using Java 17.0.12 with PID 1837 (/Users/iseungcheol/Security-JWT-Session-private/build/classes/java/main started by iseungcheol in /Users/iseungcheol/Security-JWT-Session-private)
[2024-10-23 14:39:46.201|INFO |main|c.s.S.SecurityMvcApplication:SpringApplication.java:logStartupProfileInfo:654]	No active profile set, falling back to 1 default profile: "default"
[2024-10-23 14:39:47.209|INFO |main|o.s.d.r.c.RepositoryConfigurationDelegate:RepositoryConfigurationDelegate.java:multipleStoresDetected:295]	Multiple Spring Data modules found, entering strict repository configuration mode
[2024-10-23 14:39:47.211|INFO |main|o.s.d.r.c.RepositoryConfigurationDelegate:RepositoryConfigurationDelegate.java:registerRepositoriesIn:143]	Bootstrapping Spring Data Redis repositories in DEFAULT mode.
[2024-10-23 14:39:47.242|INFO |main|o.s.d.r.c.RepositoryConfigurationDelegate:RepositoryConfigurationDelegate.java:registerRepositoriesIn:211]	Finished Spring Data repository scanning in 17 ms. Found 0 Redis repository interfaces.
[2024-10-23 14:39:48.103|INFO |main|o.a.coyote.http11.Http11NioProtocol:DirectJDKLog.java:log:173]	Initializing ProtocolHandler ["http-nio-8080"]
[2024-10-23 14:39:48.106|INFO |main|o.a.catalina.core.StandardService:DirectJDKLog.java:log:173]	Starting service [Tomcat]
[2024-10-23 14:39:48.107|INFO |main|o.a.catalina.core.StandardEngine:DirectJDKLog.java:log:173]	Starting Servlet engine: [Apache Tomcat/10.1.20]
[2024-10-23 14:39:48.181|INFO |main|o.a.c.c.C.[Tomcat].[localhost].[/]:DirectJDKLog.java:log:173]	Initializing Spring embedded WebApplicationContext
[2024-10-23 14:39:48.904|DEBUG|main|c.s.S.S.C.CustomAdminAuthenticationFilter:GenericFilterBean.java:init:240]	Filter 'customAdminAuthenticationFilter' configured for use
[2024-10-23 14:39:48.905|DEBUG|main|c.s.S.S.C.CustomUserAuthenticationFilter:GenericFilterBean.java:init:240]	Filter 'customUserAuthenticationFilter' configured for use
[2024-10-23 14:39:48.906|DEBUG|main|c.s.S.S.C.CustomAuthenticationJwtFilter:GenericFilterBean.java:init:240]	Filter 'customAuthenticationJwtFilter' configured for use
[2024-10-23 14:39:48.906|DEBUG|main|c.s.S.S.C.CustomSuperAdminAuthenticationFilter:GenericFilterBean.java:init:240]	Filter 'customSuperAdminAuthenticationFilter' configured for use
[2024-10-23 14:39:49.283|INFO |main|o.s.s.web.DefaultSecurityFilterChain:DefaultSecurityFilterChain.java:<init>:54]	Will secure any request with [org.springframework.security.web.session.DisableEncodeUrlFilter@1cc9bd9b, org.springframework.security.web.context.request.async.WebAsyncManagerIntegrationFilter@2f471037, org.springframework.security.web.context.SecurityContextHolderFilter@386e9fd8, org.springframework.security.web.header.HeaderWriterFilter@ab327c, org.springframework.web.filter.CorsFilter@1d1cfe4, org.springframework.security.web.authentication.logout.LogoutFilter@5341e71a, com.spring.SecurityMVC.SpringSecurity.CustomAuthenticationFilter.CustomAuthenticationJwtFilter@5e5a8718, com.spring.SecurityMVC.SpringSecurity.CustomAuthenticationFilter.CustomUserAuthenticationFilter@f03ee8f, com.spring.SecurityMVC.SpringSecurity.CustomAuthenticationFilter.CustomAdminAuthenticationFilter@33f4c769, com.spring.SecurityMVC.SpringSecurity.CustomAuthenticationFilter.CustomSuperAdminAuthenticationFilter@615e83ac, org.springframework.security.web.authentication.www.BasicAuthenticationFilter@4537880f, org.springframework.security.web.savedrequest.RequestCacheAwareFilter@10745a02, org.springframework.security.web.servletapi.SecurityContextHolderAwareRequestFilter@3e2d8623, org.springframework.security.web.authentication.AnonymousAuthenticationFilter@ba562e0, org.springframework.security.web.access.ExceptionTranslationFilter@52433946, org.springframework.security.web.access.intercept.AuthorizationFilter@32a033b6]
[2024-10-23 14:39:49.538|INFO |main|o.a.coyote.http11.Http11NioProtocol:DirectJDKLog.java:log:173]	Starting ProtocolHandler ["http-nio-8080"]
[2024-10-23 14:39:49.597|INFO |main|c.s.S.SecurityMvcApplication:StartupInfoLogger.java:logStarted:56]	Started SecurityMvcApplication in 4.051 seconds (process running for 4.389)
[2024-10-23 14:39:57.271|INFO |http-nio-8080-exec-1|o.a.c.c.C.[Tomcat].[localhost].[/]:DirectJDKLog.java:log:173]	Initializing Spring DispatcherServlet 'dispatcherServlet'
[2024-10-23 14:39:57.271|INFO |http-nio-8080-exec-1|o.s.web.servlet.DispatcherServlet:FrameworkServlet.java:initServletBean:532]	Initializing Servlet 'dispatcherServlet'
[2024-10-23 14:39:57.273|INFO |http-nio-8080-exec-1|o.s.web.servlet.DispatcherServlet:FrameworkServlet.java:initServletBean:554]	Completed initialization in 2 ms
[2024-10-23 14:40:02.337|INFO |http-nio-8080-exec-3|com.zaxxer.hikari.HikariDataSource:HikariDataSource.java:getConnection:110]	HikariPool-1 - Starting...
[2024-10-23 14:40:02.411|INFO |http-nio-8080-exec-3|com.zaxxer.hikari.pool.HikariPool:HikariPool.java:checkFailFast:565]	HikariPool-1 - Added connection org.mariadb.jdbc.Connection@17a171d6
[2024-10-23 14:40:02.413|INFO |http-nio-8080-exec-3|com.zaxxer.hikari.HikariDataSource:HikariDataSource.java:getConnection:123]	HikariPool-1 - Start completed.
[2024-10-23 14:40:54.577|INFO |SpringApplicationShutdownHook|com.zaxxer.hikari.HikariDataSource:HikariDataSource.java:close:350]	HikariPool-1 - Shutdown initiated...
[2024-10-23 14:40:54.580|INFO |SpringApplicationShutdownHook|com.zaxxer.hikari.HikariDataSource:HikariDataSource.java:close:352]	HikariPool-1 - Shutdown completed.
[2024-10-23 14:40:57.189|INFO |main|c.s.S.SecurityMvcApplication:StartupInfoLogger.java:logStarting:50]	Starting SecurityMvcApplication using Java 17.0.12 with PID 1849 (/Users/iseungcheol/Security-JWT-Session-private/build/classes/java/main started by iseungcheol in /Users/iseungcheol/Security-JWT-Session-private)
[2024-10-23 14:40:57.192|INFO |main|c.s.S.SecurityMvcApplication:SpringApplication.java:logStartupProfileInfo:654]	No active profile set, falling back to 1 default profile: "default"
[2024-10-23 14:40:58.067|INFO |main|o.s.d.r.c.RepositoryConfigurationDelegate:RepositoryConfigurationDelegate.java:multipleStoresDetected:295]	Multiple Spring Data modules found, entering strict repository configuration mode
[2024-10-23 14:40:58.071|INFO |main|o.s.d.r.c.RepositoryConfigurationDelegate:RepositoryConfigurationDelegate.java:registerRepositoriesIn:143]	Bootstrapping Spring Data Redis repositories in DEFAULT mode.
[2024-10-23 14:40:58.112|INFO |main|o.s.d.r.c.RepositoryConfigurationDelegate:RepositoryConfigurationDelegate.java:registerRepositoriesIn:211]	Finished Spring Data repository scanning in 23 ms. Found 0 Redis repository interfaces.
[2024-10-23 14:40:58.881|INFO |main|o.a.coyote.http11.Http11NioProtocol:DirectJDKLog.java:log:173]	Initializing ProtocolHandler ["http-nio-8080"]
[2024-10-23 14:40:58.883|INFO |main|o.a.catalina.core.StandardService:DirectJDKLog.java:log:173]	Starting service [Tomcat]
[2024-10-23 14:40:58.884|INFO |main|o.a.catalina.core.StandardEngine:DirectJDKLog.java:log:173]	Starting Servlet engine: [Apache Tomcat/10.1.20]
[2024-10-23 14:40:58.938|INFO |main|o.a.c.c.C.[Tomcat].[localhost].[/]:DirectJDKLog.java:log:173]	Initializing Spring embedded WebApplicationContext
[2024-10-23 14:40:59.553|DEBUG|main|c.s.S.S.C.CustomAdminAuthenticationFilter:GenericFilterBean.java:init:240]	Filter 'customAdminAuthenticationFilter' configured for use
[2024-10-23 14:40:59.553|DEBUG|main|c.s.S.S.C.CustomUserAuthenticationFilter:GenericFilterBean.java:init:240]	Filter 'customUserAuthenticationFilter' configured for use
[2024-10-23 14:40:59.555|DEBUG|main|c.s.S.S.C.CustomAuthenticationJwtFilter:GenericFilterBean.java:init:240]	Filter 'customAuthenticationJwtFilter' configured for use
[2024-10-23 14:40:59.555|DEBUG|main|c.s.S.S.C.CustomSuperAdminAuthenticationFilter:GenericFilterBean.java:init:240]	Filter 'customSuperAdminAuthenticationFilter' configured for use
[2024-10-23 14:40:59.943|INFO |main|o.s.s.web.DefaultSecurityFilterChain:DefaultSecurityFilterChain.java:<init>:54]	Will secure any request with [org.springframework.security.web.session.DisableEncodeUrlFilter@48b2dbc4, org.springframework.security.web.context.request.async.WebAsyncManagerIntegrationFilter@2a667f44, org.springframework.security.web.context.SecurityContextHolderFilter@5611bba, org.springframework.security.web.header.HeaderWriterFilter@70d5d96b, org.springframework.web.filter.CorsFilter@53ba7997, org.springframework.security.web.authentication.logout.LogoutFilter@75452aea, com.spring.SecurityMVC.SpringSecurity.CustomAuthenticationFilter.CustomAuthenticationJwtFilter@3af36922, com.spring.SecurityMVC.SpringSecurity.CustomAuthenticationFilter.CustomUserAuthenticationFilter@4e50ae56, com.spring.SecurityMVC.SpringSecurity.CustomAuthenticationFilter.CustomAdminAuthenticationFilter@18c7f6b5, com.spring.SecurityMVC.SpringSecurity.CustomAuthenticationFilter.CustomSuperAdminAuthenticationFilter@474e34e4, org.springframework.security.web.authentication.www.BasicAuthenticationFilter@3212bfd, org.springframework.security.web.savedrequest.RequestCacheAwareFilter@4cfc0c48, org.springframework.security.web.servletapi.SecurityContextHolderAwareRequestFilter@59d5c537, org.springframework.security.web.authentication.AnonymousAuthenticationFilter@3f6f9cef, org.springframework.security.web.access.ExceptionTranslationFilter@5a6195b8, org.springframework.security.web.access.intercept.AuthorizationFilter@312a738d]
[2024-10-23 14:41:00.207|INFO |main|o.a.coyote.http11.Http11NioProtocol:DirectJDKLog.java:log:173]	Starting ProtocolHandler ["http-nio-8080"]
[2024-10-23 14:41:00.257|INFO |main|c.s.S.SecurityMvcApplication:StartupInfoLogger.java:logStarted:56]	Started SecurityMvcApplication in 3.604 seconds (process running for 3.911)
[2024-10-23 14:41:04.350|INFO |http-nio-8080-exec-1|o.a.c.c.C.[Tomcat].[localhost].[/]:DirectJDKLog.java:log:173]	Initializing Spring DispatcherServlet 'dispatcherServlet'
[2024-10-23 14:41:04.350|INFO |http-nio-8080-exec-1|o.s.web.servlet.DispatcherServlet:FrameworkServlet.java:initServletBean:532]	Initializing Servlet 'dispatcherServlet'
[2024-10-23 14:41:04.352|INFO |http-nio-8080-exec-1|o.s.web.servlet.DispatcherServlet:FrameworkServlet.java:initServletBean:554]	Completed initialization in 2 ms
[2024-10-23 14:41:06.824|INFO |http-nio-8080-exec-3|com.zaxxer.hikari.HikariDataSource:HikariDataSource.java:getConnection:110]	HikariPool-1 - Starting...
[2024-10-23 14:41:06.902|INFO |http-nio-8080-exec-3|com.zaxxer.hikari.pool.HikariPool:HikariPool.java:checkFailFast:565]	HikariPool-1 - Added connection org.mariadb.jdbc.Connection@13f6f3ae
[2024-10-23 14:41:06.904|INFO |http-nio-8080-exec-3|com.zaxxer.hikari.HikariDataSource:HikariDataSource.java:getConnection:123]	HikariPool-1 - Start completed.
[2024-10-23 14:41:52.409|INFO |SpringApplicationShutdownHook|com.zaxxer.hikari.HikariDataSource:HikariDataSource.java:close:350]	HikariPool-1 - Shutdown initiated...
[2024-10-23 14:41:52.413|INFO |SpringApplicationShutdownHook|com.zaxxer.hikari.HikariDataSource:HikariDataSource.java:close:352]	HikariPool-1 - Shutdown completed.
[2024-10-23 14:41:55.311|INFO |main|c.s.S.SecurityMvcApplication:StartupInfoLogger.java:logStarting:50]	Starting SecurityMvcApplication using Java 17.0.12 with PID 1863 (/Users/iseungcheol/Security-JWT-Session-private/build/classes/java/main started by iseungcheol in /Users/iseungcheol/Security-JWT-Session-private)
[2024-10-23 14:41:55.315|INFO |main|c.s.S.SecurityMvcApplication:SpringApplication.java:logStartupProfileInfo:654]	No active profile set, falling back to 1 default profile: "default"
[2024-10-23 14:41:56.319|INFO |main|o.s.d.r.c.RepositoryConfigurationDelegate:RepositoryConfigurationDelegate.java:multipleStoresDetected:295]	Multiple Spring Data modules found, entering strict repository configuration mode
[2024-10-23 14:41:56.323|INFO |main|o.s.d.r.c.RepositoryConfigurationDelegate:RepositoryConfigurationDelegate.java:registerRepositoriesIn:143]	Bootstrapping Spring Data Redis repositories in DEFAULT mode.
[2024-10-23 14:41:56.374|INFO |main|o.s.d.r.c.RepositoryConfigurationDelegate:RepositoryConfigurationDelegate.java:registerRepositoriesIn:211]	Finished Spring Data repository scanning in 27 ms. Found 0 Redis repository interfaces.
[2024-10-23 14:41:57.264|INFO |main|o.a.coyote.http11.Http11NioProtocol:DirectJDKLog.java:log:173]	Initializing ProtocolHandler ["http-nio-8080"]
[2024-10-23 14:41:57.267|INFO |main|o.a.catalina.core.StandardService:DirectJDKLog.java:log:173]	Starting service [Tomcat]
[2024-10-23 14:41:57.268|INFO |main|o.a.catalina.core.StandardEngine:DirectJDKLog.java:log:173]	Starting Servlet engine: [Apache Tomcat/10.1.20]
[2024-10-23 14:41:57.325|INFO |main|o.a.c.c.C.[Tomcat].[localhost].[/]:DirectJDKLog.java:log:173]	Initializing Spring embedded WebApplicationContext
[2024-10-23 14:41:58.000|DEBUG|main|c.s.S.S.C.CustomAdminAuthenticationFilter:GenericFilterBean.java:init:240]	Filter 'customAdminAuthenticationFilter' configured for use
[2024-10-23 14:41:58.001|DEBUG|main|c.s.S.S.C.CustomUserAuthenticationFilter:GenericFilterBean.java:init:240]	Filter 'customUserAuthenticationFilter' configured for use
[2024-10-23 14:41:58.002|DEBUG|main|c.s.S.S.C.CustomAuthenticationJwtFilter:GenericFilterBean.java:init:240]	Filter 'customAuthenticationJwtFilter' configured for use
[2024-10-23 14:41:58.003|DEBUG|main|c.s.S.S.C.CustomSuperAdminAuthenticationFilter:GenericFilterBean.java:init:240]	Filter 'customSuperAdminAuthenticationFilter' configured for use
[2024-10-23 14:41:58.393|INFO |main|o.s.s.web.DefaultSecurityFilterChain:DefaultSecurityFilterChain.java:<init>:54]	Will secure any request with [org.springframework.security.web.session.DisableEncodeUrlFilter@ba562e0, org.springframework.security.web.context.request.async.WebAsyncManagerIntegrationFilter@5a51336a, org.springframework.security.web.context.SecurityContextHolderFilter@3e2d8623, org.springframework.security.web.header.HeaderWriterFilter@386e9fd8, org.springframework.web.filter.CorsFilter@4d8056bf, org.springframework.security.web.authentication.logout.LogoutFilter@6afeaf2d, com.spring.SecurityMVC.SpringSecurity.CustomAuthenticationFilter.CustomAuthenticationJwtFilter@4438938e, com.spring.SecurityMVC.SpringSecurity.CustomAuthenticationFilter.CustomUserAuthenticationFilter@4ebd6fd6, com.spring.SecurityMVC.SpringSecurity.CustomAuthenticationFilter.CustomAdminAuthenticationFilter@7404ddca, com.spring.SecurityMVC.SpringSecurity.CustomAuthenticationFilter.CustomSuperAdminAuthenticationFilter@1c68d0db, org.springframework.security.web.authentication.www.BasicAuthenticationFilter@338d47b, org.springframework.security.web.savedrequest.RequestCacheAwareFilter@68f776ee, org.springframework.security.web.servletapi.SecurityContextHolderAwareRequestFilter@5a6195b8, org.springframework.security.web.authentication.AnonymousAuthenticationFilter@42211e04, org.springframework.security.web.access.ExceptionTranslationFilter@3d798e76, org.springframework.security.web.access.intercept.AuthorizationFilter@1cc9bd9b]
[2024-10-23 14:41:58.669|INFO |main|o.a.coyote.http11.Http11NioProtocol:DirectJDKLog.java:log:173]	Starting ProtocolHandler ["http-nio-8080"]
[2024-10-23 14:41:58.727|INFO |main|c.s.S.SecurityMvcApplication:StartupInfoLogger.java:logStarted:56]	Started SecurityMvcApplication in 4.002 seconds (process running for 4.421)
[2024-10-23 14:42:02.880|INFO |http-nio-8080-exec-1|o.a.c.c.C.[Tomcat].[localhost].[/]:DirectJDKLog.java:log:173]	Initializing Spring DispatcherServlet 'dispatcherServlet'
[2024-10-23 14:42:02.881|INFO |http-nio-8080-exec-1|o.s.web.servlet.DispatcherServlet:FrameworkServlet.java:initServletBean:532]	Initializing Servlet 'dispatcherServlet'
[2024-10-23 14:42:02.883|INFO |http-nio-8080-exec-1|o.s.web.servlet.DispatcherServlet:FrameworkServlet.java:initServletBean:554]	Completed initialization in 1 ms
[2024-10-23 14:42:05.762|INFO |http-nio-8080-exec-3|com.zaxxer.hikari.HikariDataSource:HikariDataSource.java:getConnection:110]	HikariPool-1 - Starting...
[2024-10-23 14:42:05.835|INFO |http-nio-8080-exec-3|com.zaxxer.hikari.pool.HikariPool:HikariPool.java:checkFailFast:565]	HikariPool-1 - Added connection org.mariadb.jdbc.Connection@2ebf4fbf
[2024-10-23 14:42:05.837|INFO |http-nio-8080-exec-3|com.zaxxer.hikari.HikariDataSource:HikariDataSource.java:getConnection:123]	HikariPool-1 - Start completed.
[2024-10-23 14:42:33.533|INFO |SpringApplicationShutdownHook|com.zaxxer.hikari.HikariDataSource:HikariDataSource.java:close:350]	HikariPool-1 - Shutdown initiated...
[2024-10-23 14:42:33.537|INFO |SpringApplicationShutdownHook|com.zaxxer.hikari.HikariDataSource:HikariDataSource.java:close:352]	HikariPool-1 - Shutdown completed.
[2024-10-23 14:42:36.055|INFO |main|c.s.S.SecurityMvcApplication:StartupInfoLogger.java:logStarting:50]	Starting SecurityMvcApplication using Java 17.0.12 with PID 1871 (/Users/iseungcheol/Security-JWT-Session-private/build/classes/java/main started by iseungcheol in /Users/iseungcheol/Security-JWT-Session-private)
[2024-10-23 14:42:36.057|INFO |main|c.s.S.SecurityMvcApplication:SpringApplication.java:logStartupProfileInfo:654]	No active profile set, falling back to 1 default profile: "default"
[2024-10-23 14:42:36.846|INFO |main|o.s.d.r.c.RepositoryConfigurationDelegate:RepositoryConfigurationDelegate.java:multipleStoresDetected:295]	Multiple Spring Data modules found, entering strict repository configuration mode
[2024-10-23 14:42:36.849|INFO |main|o.s.d.r.c.RepositoryConfigurationDelegate:RepositoryConfigurationDelegate.java:registerRepositoriesIn:143]	Bootstrapping Spring Data Redis repositories in DEFAULT mode.
[2024-10-23 14:42:36.881|INFO |main|o.s.d.r.c.RepositoryConfigurationDelegate:RepositoryConfigurationDelegate.java:registerRepositoriesIn:211]	Finished Spring Data repository scanning in 18 ms. Found 0 Redis repository interfaces.
[2024-10-23 14:42:37.610|INFO |main|o.a.coyote.http11.Http11NioProtocol:DirectJDKLog.java:log:173]	Initializing ProtocolHandler ["http-nio-8080"]
[2024-10-23 14:42:37.612|INFO |main|o.a.catalina.core.StandardService:DirectJDKLog.java:log:173]	Starting service [Tomcat]
[2024-10-23 14:42:37.613|INFO |main|o.a.catalina.core.StandardEngine:DirectJDKLog.java:log:173]	Starting Servlet engine: [Apache Tomcat/10.1.20]
[2024-10-23 14:42:37.664|INFO |main|o.a.c.c.C.[Tomcat].[localhost].[/]:DirectJDKLog.java:log:173]	Initializing Spring embedded WebApplicationContext
[2024-10-23 14:42:38.272|DEBUG|main|c.s.S.S.C.CustomAdminAuthenticationFilter:GenericFilterBean.java:init:240]	Filter 'customAdminAuthenticationFilter' configured for use
[2024-10-23 14:42:38.273|DEBUG|main|c.s.S.S.C.CustomUserAuthenticationFilter:GenericFilterBean.java:init:240]	Filter 'customUserAuthenticationFilter' configured for use
[2024-10-23 14:42:38.273|DEBUG|main|c.s.S.S.C.CustomAuthenticationJwtFilter:GenericFilterBean.java:init:240]	Filter 'customAuthenticationJwtFilter' configured for use
[2024-10-23 14:42:38.274|DEBUG|main|c.s.S.S.C.CustomSuperAdminAuthenticationFilter:GenericFilterBean.java:init:240]	Filter 'customSuperAdminAuthenticationFilter' configured for use
[2024-10-23 14:42:38.660|INFO |main|o.s.s.web.DefaultSecurityFilterChain:DefaultSecurityFilterChain.java:<init>:54]	Will secure any request with [org.springframework.security.web.session.DisableEncodeUrlFilter@48b2dbc4, org.springframework.security.web.context.request.async.WebAsyncManagerIntegrationFilter@2a667f44, org.springframework.security.web.context.SecurityContextHolderFilter@5611bba, org.springframework.security.web.header.HeaderWriterFilter@70d5d96b, org.springframework.web.filter.CorsFilter@53ba7997, org.springframework.security.web.authentication.logout.LogoutFilter@75452aea, com.spring.SecurityMVC.SpringSecurity.CustomAuthenticationFilter.CustomAuthenticationJwtFilter@629b780f, com.spring.SecurityMVC.SpringSecurity.CustomAuthenticationFilter.CustomUserAuthenticationFilter@9be7319, com.spring.SecurityMVC.SpringSecurity.CustomAuthenticationFilter.CustomAdminAuthenticationFilter@42730828, com.spring.SecurityMVC.SpringSecurity.CustomAuthenticationFilter.CustomSuperAdminAuthenticationFilter@609b041c, org.springframework.security.web.authentication.www.BasicAuthenticationFilter@3212bfd, org.springframework.security.web.savedrequest.RequestCacheAwareFilter@4cfc0c48, org.springframework.security.web.servletapi.SecurityContextHolderAwareRequestFilter@59d5c537, org.springframework.security.web.authentication.AnonymousAuthenticationFilter@3f6f9cef, org.springframework.security.web.access.ExceptionTranslationFilter@5a6195b8, org.springframework.security.web.access.intercept.AuthorizationFilter@312a738d]
[2024-10-23 14:42:38.950|INFO |main|o.a.coyote.http11.Http11NioProtocol:DirectJDKLog.java:log:173]	Starting ProtocolHandler ["http-nio-8080"]
[2024-10-23 14:42:39.005|INFO |main|c.s.S.SecurityMvcApplication:StartupInfoLogger.java:logStarted:56]	Started SecurityMvcApplication in 3.478 seconds (process running for 3.82)
[2024-10-23 14:42:43.265|INFO |http-nio-8080-exec-1|o.a.c.c.C.[Tomcat].[localhost].[/]:DirectJDKLog.java:log:173]	Initializing Spring DispatcherServlet 'dispatcherServlet'
[2024-10-23 14:42:43.266|INFO |http-nio-8080-exec-1|o.s.web.servlet.DispatcherServlet:FrameworkServlet.java:initServletBean:532]	Initializing Servlet 'dispatcherServlet'
[2024-10-23 14:42:43.268|INFO |http-nio-8080-exec-1|o.s.web.servlet.DispatcherServlet:FrameworkServlet.java:initServletBean:554]	Completed initialization in 1 ms
[2024-10-23 14:42:46.794|INFO |http-nio-8080-exec-3|com.zaxxer.hikari.HikariDataSource:HikariDataSource.java:getConnection:110]	HikariPool-1 - Starting...
[2024-10-23 14:42:46.877|INFO |http-nio-8080-exec-3|com.zaxxer.hikari.pool.HikariPool:HikariPool.java:checkFailFast:565]	HikariPool-1 - Added connection org.mariadb.jdbc.Connection@17a171d6
[2024-10-23 14:42:46.879|INFO |http-nio-8080-exec-3|com.zaxxer.hikari.HikariDataSource:HikariDataSource.java:getConnection:123]	HikariPool-1 - Start completed.
[2024-10-23 14:43:41.048|INFO |SpringApplicationShutdownHook|com.zaxxer.hikari.HikariDataSource:HikariDataSource.java:close:350]	HikariPool-1 - Shutdown initiated...
[2024-10-23 14:43:41.052|INFO |SpringApplicationShutdownHook|com.zaxxer.hikari.HikariDataSource:HikariDataSource.java:close:352]	HikariPool-1 - Shutdown completed.
[2024-10-23 14:43:43.874|INFO |main|c.s.S.SecurityMvcApplication:StartupInfoLogger.java:logStarting:50]	Starting SecurityMvcApplication using Java 17.0.12 with PID 1881 (/Users/iseungcheol/Security-JWT-Session-private/build/classes/java/main started by iseungcheol in /Users/iseungcheol/Security-JWT-Session-private)
[2024-10-23 14:43:43.878|INFO |main|c.s.S.SecurityMvcApplication:SpringApplication.java:logStartupProfileInfo:654]	No active profile set, falling back to 1 default profile: "default"
[2024-10-23 14:43:44.713|INFO |main|o.s.d.r.c.RepositoryConfigurationDelegate:RepositoryConfigurationDelegate.java:multipleStoresDetected:295]	Multiple Spring Data modules found, entering strict repository configuration mode
[2024-10-23 14:43:44.716|INFO |main|o.s.d.r.c.RepositoryConfigurationDelegate:RepositoryConfigurationDelegate.java:registerRepositoriesIn:143]	Bootstrapping Spring Data Redis repositories in DEFAULT mode.
[2024-10-23 14:43:44.750|INFO |main|o.s.d.r.c.RepositoryConfigurationDelegate:RepositoryConfigurationDelegate.java:registerRepositoriesIn:211]	Finished Spring Data repository scanning in 21 ms. Found 0 Redis repository interfaces.
[2024-10-23 14:43:45.482|INFO |main|o.a.coyote.http11.Http11NioProtocol:DirectJDKLog.java:log:173]	Initializing ProtocolHandler ["http-nio-8080"]
[2024-10-23 14:43:45.484|INFO |main|o.a.catalina.core.StandardService:DirectJDKLog.java:log:173]	Starting service [Tomcat]
[2024-10-23 14:43:45.484|INFO |main|o.a.catalina.core.StandardEngine:DirectJDKLog.java:log:173]	Starting Servlet engine: [Apache Tomcat/10.1.20]
[2024-10-23 14:43:45.540|INFO |main|o.a.c.c.C.[Tomcat].[localhost].[/]:DirectJDKLog.java:log:173]	Initializing Spring embedded WebApplicationContext
[2024-10-23 14:43:46.133|DEBUG|main|c.s.S.S.C.CustomAdminAuthenticationFilter:GenericFilterBean.java:init:240]	Filter 'customAdminAuthenticationFilter' configured for use
[2024-10-23 14:43:46.133|DEBUG|main|c.s.S.S.C.CustomUserAuthenticationFilter:GenericFilterBean.java:init:240]	Filter 'customUserAuthenticationFilter' configured for use
[2024-10-23 14:43:46.134|DEBUG|main|c.s.S.S.C.CustomAuthenticationJwtFilter:GenericFilterBean.java:init:240]	Filter 'customAuthenticationJwtFilter' configured for use
[2024-10-23 14:43:46.134|DEBUG|main|c.s.S.S.C.CustomSuperAdminAuthenticationFilter:GenericFilterBean.java:init:240]	Filter 'customSuperAdminAuthenticationFilter' configured for use
[2024-10-23 14:43:46.571|INFO |main|o.s.s.web.DefaultSecurityFilterChain:DefaultSecurityFilterChain.java:<init>:54]	Will secure any request with [org.springframework.security.web.session.DisableEncodeUrlFilter@48e74764, org.springframework.security.web.context.request.async.WebAsyncManagerIntegrationFilter@338d47b, org.springframework.security.web.context.SecurityContextHolderFilter@6df2af02, org.springframework.security.web.header.HeaderWriterFilter@69fe7090, org.springframework.web.filter.CorsFilter@7a3643e3, org.springframework.security.web.authentication.logout.LogoutFilter@29d2fa84, com.spring.SecurityMVC.SpringSecurity.CustomAuthenticationFilter.CustomAuthenticationJwtFilter@6a7a1a0d, com.spring.SecurityMVC.SpringSecurity.CustomAuthenticationFilter.CustomUserAuthenticationFilter@59f45950, com.spring.SecurityMVC.SpringSecurity.CustomAuthenticationFilter.CustomAdminAuthenticationFilter@58164e9a, com.spring.SecurityMVC.SpringSecurity.CustomAuthenticationFilter.CustomSuperAdminAuthenticationFilter@76e6c070, org.springframework.security.web.authentication.www.BasicAuthenticationFilter@6afeaf2d, org.springframework.security.web.savedrequest.RequestCacheAwareFilter@1f7336b2, org.springframework.security.web.servletapi.SecurityContextHolderAwareRequestFilter@4c030fe1, org.springframework.security.web.authentication.AnonymousAuthenticationFilter@2729bb71, org.springframework.security.web.access.ExceptionTranslationFilter@24a8e40d, org.springframework.security.web.access.intercept.AuthorizationFilter@6c24f61d]
[2024-10-23 14:43:46.854|INFO |main|o.a.coyote.http11.Http11NioProtocol:DirectJDKLog.java:log:173]	Starting ProtocolHandler ["http-nio-8080"]
[2024-10-23 14:43:46.909|INFO |main|c.s.S.SecurityMvcApplication:StartupInfoLogger.java:logStarted:56]	Started SecurityMvcApplication in 3.602 seconds (process running for 3.983)
[2024-10-23 14:43:52.470|INFO |http-nio-8080-exec-1|o.a.c.c.C.[Tomcat].[localhost].[/]:DirectJDKLog.java:log:173]	Initializing Spring DispatcherServlet 'dispatcherServlet'
[2024-10-23 14:43:52.470|INFO |http-nio-8080-exec-1|o.s.web.servlet.DispatcherServlet:FrameworkServlet.java:initServletBean:532]	Initializing Servlet 'dispatcherServlet'
[2024-10-23 14:43:52.472|INFO |http-nio-8080-exec-1|o.s.web.servlet.DispatcherServlet:FrameworkServlet.java:initServletBean:554]	Completed initialization in 1 ms
[2024-10-23 14:43:54.965|INFO |http-nio-8080-exec-3|com.zaxxer.hikari.HikariDataSource:HikariDataSource.java:getConnection:110]	HikariPool-1 - Starting...
[2024-10-23 14:43:55.036|INFO |http-nio-8080-exec-3|com.zaxxer.hikari.pool.HikariPool:HikariPool.java:checkFailFast:565]	HikariPool-1 - Added connection org.mariadb.jdbc.Connection@2b69a9eb
[2024-10-23 14:43:55.040|INFO |http-nio-8080-exec-3|com.zaxxer.hikari.HikariDataSource:HikariDataSource.java:getConnection:123]	HikariPool-1 - Start completed.
[2024-10-23 14:44:10.758|INFO |SpringApplicationShutdownHook|com.zaxxer.hikari.HikariDataSource:HikariDataSource.java:close:350]	HikariPool-1 - Shutdown initiated...
[2024-10-23 14:44:10.762|INFO |SpringApplicationShutdownHook|com.zaxxer.hikari.HikariDataSource:HikariDataSource.java:close:352]	HikariPool-1 - Shutdown completed.
[2024-10-23 14:44:13.406|INFO |main|c.s.S.SecurityMvcApplication:StartupInfoLogger.java:logStarting:50]	Starting SecurityMvcApplication using Java 17.0.12 with PID 1888 (/Users/iseungcheol/Security-JWT-Session-private/build/classes/java/main started by iseungcheol in /Users/iseungcheol/Security-JWT-Session-private)
[2024-10-23 14:44:13.409|INFO |main|c.s.S.SecurityMvcApplication:SpringApplication.java:logStartupProfileInfo:654]	No active profile set, falling back to 1 default profile: "default"
[2024-10-23 14:44:14.195|INFO |main|o.s.d.r.c.RepositoryConfigurationDelegate:RepositoryConfigurationDelegate.java:multipleStoresDetected:295]	Multiple Spring Data modules found, entering strict repository configuration mode
[2024-10-23 14:44:14.198|INFO |main|o.s.d.r.c.RepositoryConfigurationDelegate:RepositoryConfigurationDelegate.java:registerRepositoriesIn:143]	Bootstrapping Spring Data Redis repositories in DEFAULT mode.
[2024-10-23 14:44:14.229|INFO |main|o.s.d.r.c.RepositoryConfigurationDelegate:RepositoryConfigurationDelegate.java:registerRepositoriesIn:211]	Finished Spring Data repository scanning in 18 ms. Found 0 Redis repository interfaces.
[2024-10-23 14:44:14.970|INFO |main|o.a.coyote.http11.Http11NioProtocol:DirectJDKLog.java:log:173]	Initializing ProtocolHandler ["http-nio-8080"]
[2024-10-23 14:44:14.972|INFO |main|o.a.catalina.core.StandardService:DirectJDKLog.java:log:173]	Starting service [Tomcat]
[2024-10-23 14:44:14.972|INFO |main|o.a.catalina.core.StandardEngine:DirectJDKLog.java:log:173]	Starting Servlet engine: [Apache Tomcat/10.1.20]
[2024-10-23 14:44:15.031|INFO |main|o.a.c.c.C.[Tomcat].[localhost].[/]:DirectJDKLog.java:log:173]	Initializing Spring embedded WebApplicationContext
[2024-10-23 14:44:15.615|DEBUG|main|c.s.S.S.C.CustomAdminAuthenticationFilter:GenericFilterBean.java:init:240]	Filter 'customAdminAuthenticationFilter' configured for use
[2024-10-23 14:44:15.616|DEBUG|main|c.s.S.S.C.CustomUserAuthenticationFilter:GenericFilterBean.java:init:240]	Filter 'customUserAuthenticationFilter' configured for use
[2024-10-23 14:44:15.617|DEBUG|main|c.s.S.S.C.CustomAuthenticationJwtFilter:GenericFilterBean.java:init:240]	Filter 'customAuthenticationJwtFilter' configured for use
[2024-10-23 14:44:15.617|DEBUG|main|c.s.S.S.C.CustomSuperAdminAuthenticationFilter:GenericFilterBean.java:init:240]	Filter 'customSuperAdminAuthenticationFilter' configured for use
[2024-10-23 14:44:16.003|INFO |main|o.s.s.web.DefaultSecurityFilterChain:DefaultSecurityFilterChain.java:<init>:54]	Will secure any request with [org.springframework.security.web.session.DisableEncodeUrlFilter@34cb0e49, org.springframework.security.web.context.request.async.WebAsyncManagerIntegrationFilter@48b2dbc4, org.springframework.security.web.context.SecurityContextHolderFilter@75dc1c1c, org.springframework.security.web.header.HeaderWriterFilter@8af1c49, org.springframework.web.filter.CorsFilter@2a667f44, org.springframework.security.web.authentication.logout.LogoutFilter@da22aa, com.spring.SecurityMVC.SpringSecurity.CustomAuthenticationFilter.CustomAuthenticationJwtFilter@629b780f, com.spring.SecurityMVC.SpringSecurity.CustomAuthenticationFilter.CustomUserAuthenticationFilter@9be7319, com.spring.SecurityMVC.SpringSecurity.CustomAuthenticationFilter.CustomAdminAuthenticationFilter@42730828, com.spring.SecurityMVC.SpringSecurity.CustomAuthenticationFilter.CustomSuperAdminAuthenticationFilter@609b041c, org.springframework.security.web.authentication.www.BasicAuthenticationFilter@5f6e2ad9, org.springframework.security.web.savedrequest.RequestCacheAwareFilter@5ba184fc, org.springframework.security.web.servletapi.SecurityContextHolderAwareRequestFilter@4cfc0c48, org.springframework.security.web.authentication.AnonymousAuthenticationFilter@53ba7997, org.springframework.security.web.access.ExceptionTranslationFilter@68f776ee, org.springframework.security.web.access.intercept.AuthorizationFilter@6233c6c2]
[2024-10-23 14:44:16.271|INFO |main|o.a.coyote.http11.Http11NioProtocol:DirectJDKLog.java:log:173]	Starting ProtocolHandler ["http-nio-8080"]
[2024-10-23 14:44:16.325|INFO |main|c.s.S.SecurityMvcApplication:StartupInfoLogger.java:logStarted:56]	Started SecurityMvcApplication in 3.454 seconds (process running for 3.897)
[2024-10-23 14:44:22.916|INFO |http-nio-8080-exec-2|o.a.c.c.C.[Tomcat].[localhost].[/]:DirectJDKLog.java:log:173]	Initializing Spring DispatcherServlet 'dispatcherServlet'
[2024-10-23 14:44:22.916|INFO |http-nio-8080-exec-2|o.s.web.servlet.DispatcherServlet:FrameworkServlet.java:initServletBean:532]	Initializing Servlet 'dispatcherServlet'
[2024-10-23 14:44:22.918|INFO |http-nio-8080-exec-2|o.s.web.servlet.DispatcherServlet:FrameworkServlet.java:initServletBean:554]	Completed initialization in 2 ms
[2024-10-23 14:44:25.719|INFO |http-nio-8080-exec-3|com.zaxxer.hikari.HikariDataSource:HikariDataSource.java:getConnection:110]	HikariPool-1 - Starting...
[2024-10-23 14:44:25.797|INFO |http-nio-8080-exec-3|com.zaxxer.hikari.pool.HikariPool:HikariPool.java:checkFailFast:565]	HikariPool-1 - Added connection org.mariadb.jdbc.Connection@17cecf07
[2024-10-23 14:44:25.798|INFO |http-nio-8080-exec-3|com.zaxxer.hikari.HikariDataSource:HikariDataSource.java:getConnection:123]	HikariPool-1 - Start completed.
[2024-10-23 14:44:41.453|INFO |SpringApplicationShutdownHook|com.zaxxer.hikari.HikariDataSource:HikariDataSource.java:close:350]	HikariPool-1 - Shutdown initiated...
[2024-10-23 14:44:41.457|INFO |SpringApplicationShutdownHook|com.zaxxer.hikari.HikariDataSource:HikariDataSource.java:close:352]	HikariPool-1 - Shutdown completed.
[2024-10-23 16:48:05.967|INFO |main|c.s.S.SecurityMvcApplication:StartupInfoLogger.java:logStarting:50]	Starting SecurityMvcApplication using Java 17.0.12 with PID 1189 (/Users/iseungcheol/Security-JWT-Session-private/build/classes/java/main started by iseungcheol in /Users/iseungcheol/Security-JWT-Session-private)
[2024-10-23 16:48:05.979|INFO |main|c.s.S.SecurityMvcApplication:SpringApplication.java:logStartupProfileInfo:654]	No active profile set, falling back to 1 default profile: "default"
[2024-10-23 16:48:07.155|INFO |main|o.s.d.r.c.RepositoryConfigurationDelegate:RepositoryConfigurationDelegate.java:multipleStoresDetected:295]	Multiple Spring Data modules found, entering strict repository configuration mode
[2024-10-23 16:48:07.160|INFO |main|o.s.d.r.c.RepositoryConfigurationDelegate:RepositoryConfigurationDelegate.java:registerRepositoriesIn:143]	Bootstrapping Spring Data Redis repositories in DEFAULT mode.
[2024-10-23 16:48:07.200|INFO |main|o.s.d.r.c.RepositoryConfigurationDelegate:RepositoryConfigurationDelegate.java:registerRepositoriesIn:211]	Finished Spring Data repository scanning in 19 ms. Found 0 Redis repository interfaces.
[2024-10-23 16:48:08.145|INFO |main|o.a.coyote.http11.Http11NioProtocol:DirectJDKLog.java:log:173]	Initializing ProtocolHandler ["http-nio-8080"]
[2024-10-23 16:48:08.149|INFO |main|o.a.catalina.core.StandardService:DirectJDKLog.java:log:173]	Starting service [Tomcat]
[2024-10-23 16:48:08.150|INFO |main|o.a.catalina.core.StandardEngine:DirectJDKLog.java:log:173]	Starting Servlet engine: [Apache Tomcat/10.1.20]
[2024-10-23 16:48:08.228|INFO |main|o.a.c.c.C.[Tomcat].[localhost].[/]:DirectJDKLog.java:log:173]	Initializing Spring embedded WebApplicationContext
[2024-10-23 16:48:09.094|DEBUG|main|c.s.S.S.C.CustomAdminAuthenticationFilter:GenericFilterBean.java:init:240]	Filter 'customAdminAuthenticationFilter' configured for use
[2024-10-23 16:48:09.095|DEBUG|main|c.s.S.S.C.CustomUserAuthenticationFilter:GenericFilterBean.java:init:240]	Filter 'customUserAuthenticationFilter' configured for use
[2024-10-23 16:48:09.097|DEBUG|main|c.s.S.S.C.CustomAuthenticationJwtFilter:GenericFilterBean.java:init:240]	Filter 'customAuthenticationJwtFilter' configured for use
[2024-10-23 16:48:09.097|DEBUG|main|c.s.S.S.C.CustomSuperAdminAuthenticationFilter:GenericFilterBean.java:init:240]	Filter 'customSuperAdminAuthenticationFilter' configured for use
[2024-10-23 16:48:09.588|INFO |main|o.s.s.web.DefaultSecurityFilterChain:DefaultSecurityFilterChain.java:<init>:54]	Will secure any request with [org.springframework.security.web.session.DisableEncodeUrlFilter@7a3643e3, org.springframework.security.web.context.request.async.WebAsyncManagerIntegrationFilter@2729bb71, org.springframework.security.web.context.SecurityContextHolderFilter@1f7336b2, org.springframework.security.web.header.HeaderWriterFilter@66ab924, org.springframework.web.filter.CorsFilter@55071497, org.springframework.security.web.authentication.logout.LogoutFilter@13c90c06, com.spring.SecurityMVC.SpringSecurity.CustomAuthenticationFilter.CustomAuthenticationJwtFilter@184afb78, com.spring.SecurityMVC.SpringSecurity.CustomAuthenticationFilter.CustomUserAuthenticationFilter@11bfffb3, com.spring.SecurityMVC.SpringSecurity.CustomAuthenticationFilter.CustomAdminAuthenticationFilter@1c6e3ff9, com.spring.SecurityMVC.SpringSecurity.CustomAuthenticationFilter.CustomSuperAdminAuthenticationFilter@4f26425b, org.springframework.security.web.authentication.www.BasicAuthenticationFilter@1a7e799e, org.springframework.security.web.savedrequest.RequestCacheAwareFilter@347123dc, org.springframework.security.web.servletapi.SecurityContextHolderAwareRequestFilter@52433946, org.springframework.security.web.authentication.AnonymousAuthenticationFilter@10d98940, org.springframework.security.web.access.ExceptionTranslationFilter@69fe7090, org.springframework.security.web.access.intercept.AuthorizationFilter@14292d71]
[2024-10-23 16:48:09.898|INFO |main|o.a.coyote.http11.Http11NioProtocol:DirectJDKLog.java:log:173]	Starting ProtocolHandler ["http-nio-8080"]
[2024-10-23 16:48:09.956|INFO |main|c.s.S.SecurityMvcApplication:StartupInfoLogger.java:logStarted:56]	Started SecurityMvcApplication in 4.668 seconds (process running for 5.194)
[2024-10-23 16:48:13.220|INFO |http-nio-8080-exec-1|o.a.c.c.C.[Tomcat].[localhost].[/]:DirectJDKLog.java:log:173]	Initializing Spring DispatcherServlet 'dispatcherServlet'
[2024-10-23 16:48:13.220|INFO |http-nio-8080-exec-1|o.s.web.servlet.DispatcherServlet:FrameworkServlet.java:initServletBean:532]	Initializing Servlet 'dispatcherServlet'
[2024-10-23 16:48:13.222|INFO |http-nio-8080-exec-1|o.s.web.servlet.DispatcherServlet:FrameworkServlet.java:initServletBean:554]	Completed initialization in 2 ms
[2024-10-23 16:48:13.369|INFO |http-nio-8080-exec-1|com.zaxxer.hikari.HikariDataSource:HikariDataSource.java:getConnection:110]	HikariPool-1 - Starting...
[2024-10-23 16:48:13.498|INFO |http-nio-8080-exec-1|com.zaxxer.hikari.pool.HikariPool:HikariPool.java:checkFailFast:565]	HikariPool-1 - Added connection org.mariadb.jdbc.Connection@4c949ba6
[2024-10-23 16:48:13.500|INFO |http-nio-8080-exec-1|com.zaxxer.hikari.HikariDataSource:HikariDataSource.java:getConnection:123]	HikariPool-1 - Start completed.
[2024-10-23 17:08:29.723|INFO |SpringApplicationShutdownHook|com.zaxxer.hikari.HikariDataSource:HikariDataSource.java:close:350]	HikariPool-1 - Shutdown initiated...
[2024-10-23 17:08:29.730|INFO |SpringApplicationShutdownHook|com.zaxxer.hikari.HikariDataSource:HikariDataSource.java:close:352]	HikariPool-1 - Shutdown completed.
