[2024-11-07 11:51:22.773|INFO |main|c.s.S.SecurityMvcApplication:StartupInfoLogger.java:logStarting:50]	Starting SecurityMvcApplication using Java 17.0.12 with PID 2662 (/Users/iseungcheol/Security-JWT-Session-private/build/classes/java/main started by iseungcheol in /Users/iseungcheol/Security-JWT-Session-private)
[2024-11-07 11:51:22.780|INFO |main|c.s.S.SecurityMvcApplication:SpringApplication.java:logStartupProfileInfo:654]	No active profile set, falling back to 1 default profile: "default"
[2024-11-07 11:51:23.967|INFO |main|o.s.d.r.c.RepositoryConfigurationDelegate:RepositoryConfigurationDelegate.java:multipleStoresDetected:295]	Multiple Spring Data modules found, entering strict repository configuration mode
[2024-11-07 11:51:23.971|INFO |main|o.s.d.r.c.RepositoryConfigurationDelegate:RepositoryConfigurationDelegate.java:registerRepositoriesIn:143]	Bootstrapping Spring Data Redis repositories in DEFAULT mode.
[2024-11-07 11:51:24.045|INFO |main|o.s.d.r.c.RepositoryConfigurationDelegate:RepositoryConfigurationDelegate.java:registerRepositoriesIn:211]	Finished Spring Data repository scanning in 43 ms. Found 0 Redis repository interfaces.
[2024-11-07 11:51:25.700|INFO |main|o.a.coyote.http11.Http11NioProtocol:DirectJDKLog.java:log:173]	Initializing ProtocolHandler ["http-nio-8080"]
[2024-11-07 11:51:25.702|INFO |main|o.a.catalina.core.StandardService:DirectJDKLog.java:log:173]	Starting service [Tomcat]
[2024-11-07 11:51:25.703|INFO |main|o.a.catalina.core.StandardEngine:DirectJDKLog.java:log:173]	Starting Servlet engine: [Apache Tomcat/10.1.20]
[2024-11-07 11:51:25.801|INFO |main|o.a.c.c.C.[Tomcat].[localhost].[/]:DirectJDKLog.java:log:173]	Initializing Spring embedded WebApplicationContext
[2024-11-07 11:51:26.833|DEBUG|main|c.s.S.S.C.CustomAdminAuthenticationFilter:GenericFilterBean.java:init:240]	Filter 'customAdminAuthenticationFilter' configured for use
[2024-11-07 11:51:26.835|DEBUG|main|c.s.S.S.C.CustomUserAuthenticationFilter:GenericFilterBean.java:init:240]	Filter 'customUserAuthenticationFilter' configured for use
[2024-11-07 11:51:26.836|DEBUG|main|c.s.S.S.C.CustomAuthenticationJwtFilter:GenericFilterBean.java:init:240]	Filter 'customAuthenticationJwtFilter' configured for use
[2024-11-07 11:51:26.837|DEBUG|main|c.s.S.S.C.CustomSuperAdminAuthenticationFilter:GenericFilterBean.java:init:240]	Filter 'customSuperAdminAuthenticationFilter' configured for use
[2024-11-07 11:51:27.242|INFO |main|o.s.s.web.DefaultSecurityFilterChain:DefaultSecurityFilterChain.java:<init>:54]	Will secure any request with [org.springframework.security.web.session.DisableEncodeUrlFilter@6c24f61d, org.springframework.security.web.context.request.async.WebAsyncManagerIntegrationFilter@4537880f, org.springframework.security.web.context.SecurityContextHolderFilter@6df2af02, org.springframework.security.web.header.HeaderWriterFilter@24a8e40d, org.springframework.web.filter.CorsFilter@14292d71, org.springframework.security.web.authentication.logout.LogoutFilter@29d2fa84, com.spring.SecurityMVC.SpringSecurity.CustomAuthenticationFilter.CustomAuthenticationJwtFilter@4fbaa7f5, com.spring.SecurityMVC.SpringSecurity.CustomAuthenticationFilter.CustomUserAuthenticationFilter@10e56da9, com.spring.SecurityMVC.SpringSecurity.CustomAuthenticationFilter.CustomAdminAuthenticationFilter@22ae905f, com.spring.SecurityMVC.SpringSecurity.CustomAuthenticationFilter.CustomSuperAdminAuthenticationFilter@6d4a05f7, org.springframework.security.web.authentication.www.BasicAuthenticationFilter@5341e71a, org.springframework.security.web.savedrequest.RequestCacheAwareFilter@1f7336b2, org.springframework.security.web.servletapi.SecurityContextHolderAwareRequestFilter@4c030fe1, org.springframework.security.web.authentication.AnonymousAuthenticationFilter@48e74764, org.springframework.security.web.session.SessionManagementFilter@69fe7090, org.springframework.security.web.access.ExceptionTranslationFilter@105dc04d, org.springframework.security.web.access.intercept.AuthorizationFilter@2830315f]
[2024-11-07 11:51:27.539|INFO |main|o.a.coyote.http11.Http11NioProtocol:DirectJDKLog.java:log:173]	Starting ProtocolHandler ["http-nio-8080"]
[2024-11-07 11:51:27.594|INFO |main|c.s.S.SecurityMvcApplication:StartupInfoLogger.java:logStarted:56]	Started SecurityMvcApplication in 5.53 seconds (process running for 5.936)
[2024-11-07 11:51:40.483|INFO |http-nio-8080-exec-2|o.a.c.c.C.[Tomcat].[localhost].[/]:DirectJDKLog.java:log:173]	Initializing Spring DispatcherServlet 'dispatcherServlet'
[2024-11-07 11:51:40.483|INFO |http-nio-8080-exec-2|o.s.web.servlet.DispatcherServlet:FrameworkServlet.java:initServletBean:532]	Initializing Servlet 'dispatcherServlet'
[2024-11-07 11:51:40.485|INFO |http-nio-8080-exec-2|o.s.web.servlet.DispatcherServlet:FrameworkServlet.java:initServletBean:554]	Completed initialization in 1 ms
[2024-11-07 11:51:40.635|INFO |http-nio-8080-exec-2|com.zaxxer.hikari.HikariDataSource:HikariDataSource.java:getConnection:110]	HikariPool-1 - Starting...
[2024-11-07 11:51:40.753|INFO |http-nio-8080-exec-2|com.zaxxer.hikari.pool.HikariPool:HikariPool.java:checkFailFast:565]	HikariPool-1 - Added connection org.mariadb.jdbc.Connection@3778efd2
[2024-11-07 11:51:40.755|INFO |http-nio-8080-exec-2|com.zaxxer.hikari.HikariDataSource:HikariDataSource.java:getConnection:123]	HikariPool-1 - Start completed.
[2024-11-07 12:43:37.973|WARN |HikariPool-1 housekeeper|com.zaxxer.hikari.pool.HikariPool:HikariPool.java:run:804]	HikariPool-1 - Thread starvation or clock leap detected (housekeeper delta=30m26s977ms).
[2024-11-07 12:52:39.835|WARN |HikariPool-1 housekeeper|com.zaxxer.hikari.pool.HikariPool:HikariPool.java:run:804]	HikariPool-1 - Thread starvation or clock leap detected (housekeeper delta=8m1s855ms).
[2024-11-07 14:14:49.465|INFO |SpringApplicationShutdownHook|com.zaxxer.hikari.HikariDataSource:HikariDataSource.java:close:350]	HikariPool-1 - Shutdown initiated...
[2024-11-07 14:14:49.469|INFO |SpringApplicationShutdownHook|com.zaxxer.hikari.HikariDataSource:HikariDataSource.java:close:352]	HikariPool-1 - Shutdown completed.
[2024-11-07 14:14:52.844|INFO |main|c.s.S.SecurityMvcApplication:StartupInfoLogger.java:logStarting:50]	Starting SecurityMvcApplication using Java 17.0.12 with PID 3593 (/Users/iseungcheol/Security-JWT-Session-private/build/classes/java/main started by iseungcheol in /Users/iseungcheol/Security-JWT-Session-private)
[2024-11-07 14:14:52.847|INFO |main|c.s.S.SecurityMvcApplication:SpringApplication.java:logStartupProfileInfo:654]	No active profile set, falling back to 1 default profile: "default"
[2024-11-07 14:14:53.754|INFO |main|o.s.d.r.c.RepositoryConfigurationDelegate:RepositoryConfigurationDelegate.java:multipleStoresDetected:295]	Multiple Spring Data modules found, entering strict repository configuration mode
[2024-11-07 14:14:53.757|INFO |main|o.s.d.r.c.RepositoryConfigurationDelegate:RepositoryConfigurationDelegate.java:registerRepositoriesIn:143]	Bootstrapping Spring Data Redis repositories in DEFAULT mode.
[2024-11-07 14:14:53.793|INFO |main|o.s.d.r.c.RepositoryConfigurationDelegate:RepositoryConfigurationDelegate.java:registerRepositoriesIn:211]	Finished Spring Data repository scanning in 20 ms. Found 0 Redis repository interfaces.
[2024-11-07 14:14:54.597|INFO |main|o.a.coyote.http11.Http11NioProtocol:DirectJDKLog.java:log:173]	Initializing ProtocolHandler ["http-nio-8080"]
[2024-11-07 14:14:54.599|INFO |main|o.a.catalina.core.StandardService:DirectJDKLog.java:log:173]	Starting service [Tomcat]
[2024-11-07 14:14:54.599|INFO |main|o.a.catalina.core.StandardEngine:DirectJDKLog.java:log:173]	Starting Servlet engine: [Apache Tomcat/10.1.20]
[2024-11-07 14:14:54.664|INFO |main|o.a.c.c.C.[Tomcat].[localhost].[/]:DirectJDKLog.java:log:173]	Initializing Spring embedded WebApplicationContext
[2024-11-07 14:14:55.349|DEBUG|main|c.s.S.S.C.CustomAdminAuthenticationFilter:GenericFilterBean.java:init:240]	Filter 'customAdminAuthenticationFilter' configured for use
[2024-11-07 14:14:55.350|DEBUG|main|c.s.S.S.C.CustomUserAuthenticationFilter:GenericFilterBean.java:init:240]	Filter 'customUserAuthenticationFilter' configured for use
[2024-11-07 14:14:55.351|DEBUG|main|c.s.S.S.C.CustomAuthenticationJwtFilter:GenericFilterBean.java:init:240]	Filter 'customAuthenticationJwtFilter' configured for use
[2024-11-07 14:14:55.351|DEBUG|main|c.s.S.S.C.CustomSuperAdminAuthenticationFilter:GenericFilterBean.java:init:240]	Filter 'customSuperAdminAuthenticationFilter' configured for use
[2024-11-07 14:14:55.715|INFO |main|o.s.s.web.DefaultSecurityFilterChain:DefaultSecurityFilterChain.java:<init>:54]	Will secure any request with [org.springframework.security.web.session.DisableEncodeUrlFilter@48e74764, org.springframework.security.web.context.request.async.WebAsyncManagerIntegrationFilter@338d47b, org.springframework.security.web.context.SecurityContextHolderFilter@4c030fe1, org.springframework.security.web.header.HeaderWriterFilter@6501b105, org.springframework.web.filter.CorsFilter@7a3643e3, org.springframework.security.web.authentication.logout.LogoutFilter@2bc0b8c8, com.spring.SecurityMVC.SpringSecurity.CustomAuthenticationFilter.CustomAuthenticationJwtFilter@6d4a05f7, com.spring.SecurityMVC.SpringSecurity.CustomAuthenticationFilter.CustomUserAuthenticationFilter@22ae905f, com.spring.SecurityMVC.SpringSecurity.CustomAuthenticationFilter.CustomAdminAuthenticationFilter@4fbaa7f5, com.spring.SecurityMVC.SpringSecurity.CustomAuthenticationFilter.CustomSuperAdminAuthenticationFilter@4b476233, org.springframework.security.web.authentication.www.BasicAuthenticationFilter@6afeaf2d, org.springframework.security.web.savedrequest.RequestCacheAwareFilter@52433946, org.springframework.security.web.servletapi.SecurityContextHolderAwareRequestFilter@5403431a, org.springframework.security.web.authentication.AnonymousAuthenticationFilter@2729bb71, org.springframework.security.web.session.SessionManagementFilter@6df2af02, org.springframework.security.web.access.ExceptionTranslationFilter@175f859e, org.springframework.security.web.access.intercept.AuthorizationFilter@6c24f61d]
[2024-11-07 14:14:55.975|INFO |main|o.a.coyote.http11.Http11NioProtocol:DirectJDKLog.java:log:173]	Starting ProtocolHandler ["http-nio-8080"]
[2024-11-07 14:14:56.031|INFO |main|c.s.S.SecurityMvcApplication:StartupInfoLogger.java:logStarted:56]	Started SecurityMvcApplication in 3.752 seconds (process running for 4.163)
[2024-11-07 14:15:13.367|INFO |http-nio-8080-exec-2|o.a.c.c.C.[Tomcat].[localhost].[/]:DirectJDKLog.java:log:173]	Initializing Spring DispatcherServlet 'dispatcherServlet'
[2024-11-07 14:15:13.367|INFO |http-nio-8080-exec-2|o.s.web.servlet.DispatcherServlet:FrameworkServlet.java:initServletBean:532]	Initializing Servlet 'dispatcherServlet'
[2024-11-07 14:15:13.369|INFO |http-nio-8080-exec-2|o.s.web.servlet.DispatcherServlet:FrameworkServlet.java:initServletBean:554]	Completed initialization in 2 ms
[2024-11-07 14:15:13.898|INFO |http-nio-8080-exec-2|com.zaxxer.hikari.HikariDataSource:HikariDataSource.java:getConnection:110]	HikariPool-1 - Starting...
[2024-11-07 14:15:13.995|INFO |http-nio-8080-exec-2|com.zaxxer.hikari.pool.HikariPool:HikariPool.java:checkFailFast:565]	HikariPool-1 - Added connection org.mariadb.jdbc.Connection@458edc0b
[2024-11-07 14:15:13.997|INFO |http-nio-8080-exec-2|com.zaxxer.hikari.HikariDataSource:HikariDataSource.java:getConnection:123]	HikariPool-1 - Start completed.
[2024-11-07 14:56:10.385|INFO |SpringApplicationShutdownHook|com.zaxxer.hikari.HikariDataSource:HikariDataSource.java:close:350]	HikariPool-1 - Shutdown initiated...
[2024-11-07 14:56:10.388|INFO |SpringApplicationShutdownHook|com.zaxxer.hikari.HikariDataSource:HikariDataSource.java:close:352]	HikariPool-1 - Shutdown completed.
[2024-11-07 14:56:12.508|INFO |main|c.s.S.SecurityMvcApplication:StartupInfoLogger.java:logStarting:50]	Starting SecurityMvcApplication using Java 17.0.12 with PID 3771 (/Users/iseungcheol/Security-JWT-Session-private/build/classes/java/main started by iseungcheol in /Users/iseungcheol/Security-JWT-Session-private)
[2024-11-07 14:56:12.511|INFO |main|c.s.S.SecurityMvcApplication:SpringApplication.java:logStartupProfileInfo:654]	No active profile set, falling back to 1 default profile: "default"
[2024-11-07 14:56:13.344|INFO |main|o.s.d.r.c.RepositoryConfigurationDelegate:RepositoryConfigurationDelegate.java:multipleStoresDetected:295]	Multiple Spring Data modules found, entering strict repository configuration mode
[2024-11-07 14:56:13.347|INFO |main|o.s.d.r.c.RepositoryConfigurationDelegate:RepositoryConfigurationDelegate.java:registerRepositoriesIn:143]	Bootstrapping Spring Data Redis repositories in DEFAULT mode.
[2024-11-07 14:56:13.382|INFO |main|o.s.d.r.c.RepositoryConfigurationDelegate:RepositoryConfigurationDelegate.java:registerRepositoriesIn:211]	Finished Spring Data repository scanning in 21 ms. Found 0 Redis repository interfaces.
[2024-11-07 14:56:14.240|INFO |main|o.a.coyote.http11.Http11NioProtocol:DirectJDKLog.java:log:173]	Initializing ProtocolHandler ["http-nio-8080"]
[2024-11-07 14:56:14.244|INFO |main|o.a.catalina.core.StandardService:DirectJDKLog.java:log:173]	Starting service [Tomcat]
[2024-11-07 14:56:14.244|INFO |main|o.a.catalina.core.StandardEngine:DirectJDKLog.java:log:173]	Starting Servlet engine: [Apache Tomcat/10.1.20]
[2024-11-07 14:56:14.315|INFO |main|o.a.c.c.C.[Tomcat].[localhost].[/]:DirectJDKLog.java:log:173]	Initializing Spring embedded WebApplicationContext
[2024-11-07 14:56:14.946|DEBUG|main|c.s.S.S.C.CustomAdminAuthenticationFilter:GenericFilterBean.java:init:240]	Filter 'customAdminAuthenticationFilter' configured for use
[2024-11-07 14:56:14.946|DEBUG|main|c.s.S.S.C.CustomUserAuthenticationFilter:GenericFilterBean.java:init:240]	Filter 'customUserAuthenticationFilter' configured for use
[2024-11-07 14:56:14.947|DEBUG|main|c.s.S.S.C.CustomAuthenticationJwtFilter:GenericFilterBean.java:init:240]	Filter 'customAuthenticationJwtFilter' configured for use
[2024-11-07 14:56:14.948|DEBUG|main|c.s.S.S.C.CustomSuperAdminAuthenticationFilter:GenericFilterBean.java:init:240]	Filter 'customSuperAdminAuthenticationFilter' configured for use
[2024-11-07 14:56:15.309|INFO |main|o.s.s.web.DefaultSecurityFilterChain:DefaultSecurityFilterChain.java:<init>:54]	Will secure any request with [org.springframework.security.web.session.DisableEncodeUrlFilter@14292d71, org.springframework.security.web.context.request.async.WebAsyncManagerIntegrationFilter@48e74764, org.springframework.security.web.context.SecurityContextHolderFilter@1f7336b2, org.springframework.security.web.header.HeaderWriterFilter@69fe7090, org.springframework.web.filter.CorsFilter@338d47b, org.springframework.security.web.authentication.logout.LogoutFilter@13c90c06, com.spring.SecurityMVC.SpringSecurity.CustomAuthenticationFilter.CustomAuthenticationJwtFilter@3b3056a6, com.spring.SecurityMVC.SpringSecurity.CustomAuthenticationFilter.CustomUserAuthenticationFilter@28cb86b2, com.spring.SecurityMVC.SpringSecurity.CustomAuthenticationFilter.CustomAdminAuthenticationFilter@748904e8, com.spring.SecurityMVC.SpringSecurity.CustomAuthenticationFilter.CustomSuperAdminAuthenticationFilter@51d8f2f2, org.springframework.security.web.authentication.www.BasicAuthenticationFilter@ac4e690, org.springframework.security.web.savedrequest.RequestCacheAwareFilter@347123dc, org.springframework.security.web.servletapi.SecurityContextHolderAwareRequestFilter@52433946, org.springframework.security.web.authentication.AnonymousAuthenticationFilter@7a3643e3, org.springframework.security.web.session.SessionManagementFilter@66ab924, org.springframework.security.web.access.ExceptionTranslationFilter@24a8e40d, org.springframework.security.web.access.intercept.AuthorizationFilter@75452aea]
[2024-11-07 14:56:15.563|INFO |main|o.a.coyote.http11.Http11NioProtocol:DirectJDKLog.java:log:173]	Starting ProtocolHandler ["http-nio-8080"]
[2024-11-07 14:56:15.632|INFO |main|c.s.S.SecurityMvcApplication:StartupInfoLogger.java:logStarted:56]	Started SecurityMvcApplication in 3.729 seconds (process running for 4.095)
[2024-11-07 14:56:25.490|INFO |http-nio-8080-exec-2|o.a.c.c.C.[Tomcat].[localhost].[/]:DirectJDKLog.java:log:173]	Initializing Spring DispatcherServlet 'dispatcherServlet'
[2024-11-07 14:56:25.491|INFO |http-nio-8080-exec-2|o.s.web.servlet.DispatcherServlet:FrameworkServlet.java:initServletBean:532]	Initializing Servlet 'dispatcherServlet'
[2024-11-07 14:56:25.493|INFO |http-nio-8080-exec-2|o.s.web.servlet.DispatcherServlet:FrameworkServlet.java:initServletBean:554]	Completed initialization in 2 ms
[2024-11-07 14:56:26.015|INFO |http-nio-8080-exec-2|com.zaxxer.hikari.HikariDataSource:HikariDataSource.java:getConnection:110]	HikariPool-1 - Starting...
[2024-11-07 14:56:26.107|INFO |http-nio-8080-exec-2|com.zaxxer.hikari.pool.HikariPool:HikariPool.java:checkFailFast:565]	HikariPool-1 - Added connection org.mariadb.jdbc.Connection@77709b58
[2024-11-07 14:56:26.109|INFO |http-nio-8080-exec-2|com.zaxxer.hikari.HikariDataSource:HikariDataSource.java:getConnection:123]	HikariPool-1 - Start completed.
[2024-11-07 15:12:02.736|INFO |SpringApplicationShutdownHook|com.zaxxer.hikari.HikariDataSource:HikariDataSource.java:close:350]	HikariPool-1 - Shutdown initiated...
[2024-11-07 15:12:02.741|INFO |SpringApplicationShutdownHook|com.zaxxer.hikari.HikariDataSource:HikariDataSource.java:close:352]	HikariPool-1 - Shutdown completed.
