[2024-10-24 11:49:56.098|DEBUG|main|c.s.S.S.C.CustomAdminAuthenticationFilter:GenericFilterBean.java:init:240]	Filter 'customAdminAuthenticationFilter' configured for use
[2024-10-24 11:49:56.100|DEBUG|main|c.s.S.S.C.CustomUserAuthenticationFilter:GenericFilterBean.java:init:240]	Filter 'customUserAuthenticationFilter' configured for use
[2024-10-24 11:49:56.101|DEBUG|main|c.s.S.S.C.CustomAuthenticationJwtFilter:GenericFilterBean.java:init:240]	Filter 'customAuthenticationJwtFilter' configured for use
[2024-10-24 11:49:56.102|DEBUG|main|c.s.S.S.C.CustomSuperAdminAuthenticationFilter:GenericFilterBean.java:init:240]	Filter 'customSuperAdminAuthenticationFilter' configured for use
[2024-10-24 11:50:06.998|DEBUG|main|c.s.S.S.C.CustomAdminAuthenticationFilter:GenericFilterBean.java:init:240]	Filter 'customAdminAuthenticationFilter' configured for use
[2024-10-24 11:50:06.998|DEBUG|main|c.s.S.S.C.CustomUserAuthenticationFilter:GenericFilterBean.java:init:240]	Filter 'customUserAuthenticationFilter' configured for use
[2024-10-24 11:50:06.999|DEBUG|main|c.s.S.S.C.CustomAuthenticationJwtFilter:GenericFilterBean.java:init:240]	Filter 'customAuthenticationJwtFilter' configured for use
[2024-10-24 11:50:07.000|DEBUG|main|c.s.S.S.C.CustomSuperAdminAuthenticationFilter:GenericFilterBean.java:init:240]	Filter 'customSuperAdminAuthenticationFilter' configured for use
[2024-10-24 11:53:53.690|DEBUG|main|c.s.S.S.C.CustomAdminAuthenticationFilter:GenericFilterBean.java:init:240]	Filter 'customAdminAuthenticationFilter' configured for use
[2024-10-24 11:53:53.691|DEBUG|main|c.s.S.S.C.CustomUserAuthenticationFilter:GenericFilterBean.java:init:240]	Filter 'customUserAuthenticationFilter' configured for use
[2024-10-24 11:53:53.692|DEBUG|main|c.s.S.S.C.CustomAuthenticationJwtFilter:GenericFilterBean.java:init:240]	Filter 'customAuthenticationJwtFilter' configured for use
[2024-10-24 11:53:53.693|DEBUG|main|c.s.S.S.C.CustomSuperAdminAuthenticationFilter:GenericFilterBean.java:init:240]	Filter 'customSuperAdminAuthenticationFilter' configured for use
[2024-10-24 11:56:00.419|DEBUG|main|c.s.S.S.C.CustomAdminAuthenticationFilter:GenericFilterBean.java:init:240]	Filter 'customAdminAuthenticationFilter' configured for use
[2024-10-24 11:56:00.420|DEBUG|main|c.s.S.S.C.CustomUserAuthenticationFilter:GenericFilterBean.java:init:240]	Filter 'customUserAuthenticationFilter' configured for use
[2024-10-24 11:56:00.422|DEBUG|main|c.s.S.S.C.CustomAuthenticationJwtFilter:GenericFilterBean.java:init:240]	Filter 'customAuthenticationJwtFilter' configured for use
[2024-10-24 11:56:00.422|DEBUG|main|c.s.S.S.C.CustomSuperAdminAuthenticationFilter:GenericFilterBean.java:init:240]	Filter 'customSuperAdminAuthenticationFilter' configured for use
[2024-10-24 13:13:23.750|DEBUG|main|c.s.S.S.C.CustomAdminAuthenticationFilter:GenericFilterBean.java:init:240]	Filter 'customAdminAuthenticationFilter' configured for use
[2024-10-24 13:13:23.751|DEBUG|main|c.s.S.S.C.CustomUserAuthenticationFilter:GenericFilterBean.java:init:240]	Filter 'customUserAuthenticationFilter' configured for use
[2024-10-24 13:13:23.752|DEBUG|main|c.s.S.S.C.CustomAuthenticationJwtFilter:GenericFilterBean.java:init:240]	Filter 'customAuthenticationJwtFilter' configured for use
[2024-10-24 13:13:23.752|DEBUG|main|c.s.S.S.C.CustomSuperAdminAuthenticationFilter:GenericFilterBean.java:init:240]	Filter 'customSuperAdminAuthenticationFilter' configured for use
[2024-10-24 13:14:55.070|DEBUG|main|c.s.S.S.C.CustomAdminAuthenticationFilter:GenericFilterBean.java:init:240]	Filter 'customAdminAuthenticationFilter' configured for use
[2024-10-24 13:14:55.070|DEBUG|main|c.s.S.S.C.CustomUserAuthenticationFilter:GenericFilterBean.java:init:240]	Filter 'customUserAuthenticationFilter' configured for use
[2024-10-24 13:14:55.071|DEBUG|main|c.s.S.S.C.CustomAuthenticationJwtFilter:GenericFilterBean.java:init:240]	Filter 'customAuthenticationJwtFilter' configured for use
[2024-10-24 13:14:55.072|DEBUG|main|c.s.S.S.C.CustomSuperAdminAuthenticationFilter:GenericFilterBean.java:init:240]	Filter 'customSuperAdminAuthenticationFilter' configured for use
[2024-10-24 13:16:07.496|DEBUG|main|c.s.S.S.C.CustomAdminAuthenticationFilter:GenericFilterBean.java:init:240]	Filter 'customAdminAuthenticationFilter' configured for use
[2024-10-24 13:16:07.496|DEBUG|main|c.s.S.S.C.CustomUserAuthenticationFilter:GenericFilterBean.java:init:240]	Filter 'customUserAuthenticationFilter' configured for use
[2024-10-24 13:16:07.497|DEBUG|main|c.s.S.S.C.CustomAuthenticationJwtFilter:GenericFilterBean.java:init:240]	Filter 'customAuthenticationJwtFilter' configured for use
[2024-10-24 13:16:07.497|DEBUG|main|c.s.S.S.C.CustomSuperAdminAuthenticationFilter:GenericFilterBean.java:init:240]	Filter 'customSuperAdminAuthenticationFilter' configured for use
[2024-10-24 13:16:47.934|DEBUG|main|c.s.S.S.C.CustomAdminAuthenticationFilter:GenericFilterBean.java:init:240]	Filter 'customAdminAuthenticationFilter' configured for use
[2024-10-24 13:16:47.935|DEBUG|main|c.s.S.S.C.CustomUserAuthenticationFilter:GenericFilterBean.java:init:240]	Filter 'customUserAuthenticationFilter' configured for use
[2024-10-24 13:16:47.936|DEBUG|main|c.s.S.S.C.CustomAuthenticationJwtFilter:GenericFilterBean.java:init:240]	Filter 'customAuthenticationJwtFilter' configured for use
[2024-10-24 13:16:47.936|DEBUG|main|c.s.S.S.C.CustomSuperAdminAuthenticationFilter:GenericFilterBean.java:init:240]	Filter 'customSuperAdminAuthenticationFilter' configured for use
[2024-10-24 13:17:09.804|DEBUG|main|c.s.S.S.C.CustomAdminAuthenticationFilter:GenericFilterBean.java:init:240]	Filter 'customAdminAuthenticationFilter' configured for use
[2024-10-24 13:17:09.805|DEBUG|main|c.s.S.S.C.CustomUserAuthenticationFilter:GenericFilterBean.java:init:240]	Filter 'customUserAuthenticationFilter' configured for use
[2024-10-24 13:17:09.806|DEBUG|main|c.s.S.S.C.CustomAuthenticationJwtFilter:GenericFilterBean.java:init:240]	Filter 'customAuthenticationJwtFilter' configured for use
[2024-10-24 13:17:09.806|DEBUG|main|c.s.S.S.C.CustomSuperAdminAuthenticationFilter:GenericFilterBean.java:init:240]	Filter 'customSuperAdminAuthenticationFilter' configured for use
[2024-10-24 13:25:06.521|DEBUG|main|c.s.S.S.C.CustomAdminAuthenticationFilter:GenericFilterBean.java:init:240]	Filter 'customAdminAuthenticationFilter' configured for use
[2024-10-24 13:25:06.521|DEBUG|main|c.s.S.S.C.CustomUserAuthenticationFilter:GenericFilterBean.java:init:240]	Filter 'customUserAuthenticationFilter' configured for use
[2024-10-24 13:25:06.522|DEBUG|main|c.s.S.S.C.CustomAuthenticationJwtFilter:GenericFilterBean.java:init:240]	Filter 'customAuthenticationJwtFilter' configured for use
[2024-10-24 13:25:06.522|DEBUG|main|c.s.S.S.C.CustomSuperAdminAuthenticationFilter:GenericFilterBean.java:init:240]	Filter 'customSuperAdminAuthenticationFilter' configured for use
[2024-10-24 13:30:24.883|DEBUG|main|c.s.S.S.C.CustomAdminAuthenticationFilter:GenericFilterBean.java:init:240]	Filter 'customAdminAuthenticationFilter' configured for use
[2024-10-24 13:30:24.883|DEBUG|main|c.s.S.S.C.CustomUserAuthenticationFilter:GenericFilterBean.java:init:240]	Filter 'customUserAuthenticationFilter' configured for use
[2024-10-24 13:30:24.884|DEBUG|main|c.s.S.S.C.CustomAuthenticationJwtFilter:GenericFilterBean.java:init:240]	Filter 'customAuthenticationJwtFilter' configured for use
[2024-10-24 13:30:24.885|DEBUG|main|c.s.S.S.C.CustomSuperAdminAuthenticationFilter:GenericFilterBean.java:init:240]	Filter 'customSuperAdminAuthenticationFilter' configured for use
[2024-10-24 13:32:24.519|DEBUG|main|c.s.S.S.C.CustomAdminAuthenticationFilter:GenericFilterBean.java:init:240]	Filter 'customAdminAuthenticationFilter' configured for use
[2024-10-24 13:32:24.519|DEBUG|main|c.s.S.S.C.CustomUserAuthenticationFilter:GenericFilterBean.java:init:240]	Filter 'customUserAuthenticationFilter' configured for use
[2024-10-24 13:32:24.520|DEBUG|main|c.s.S.S.C.CustomAuthenticationJwtFilter:GenericFilterBean.java:init:240]	Filter 'customAuthenticationJwtFilter' configured for use
[2024-10-24 13:32:24.520|DEBUG|main|c.s.S.S.C.CustomSuperAdminAuthenticationFilter:GenericFilterBean.java:init:240]	Filter 'customSuperAdminAuthenticationFilter' configured for use
[2024-10-24 13:35:39.386|DEBUG|main|c.s.S.S.C.CustomAdminAuthenticationFilter:GenericFilterBean.java:init:240]	Filter 'customAdminAuthenticationFilter' configured for use
[2024-10-24 13:35:39.386|DEBUG|main|c.s.S.S.C.CustomUserAuthenticationFilter:GenericFilterBean.java:init:240]	Filter 'customUserAuthenticationFilter' configured for use
[2024-10-24 13:35:39.387|DEBUG|main|c.s.S.S.C.CustomAuthenticationJwtFilter:GenericFilterBean.java:init:240]	Filter 'customAuthenticationJwtFilter' configured for use
[2024-10-24 13:35:39.388|DEBUG|main|c.s.S.S.C.CustomSuperAdminAuthenticationFilter:GenericFilterBean.java:init:240]	Filter 'customSuperAdminAuthenticationFilter' configured for use
[2024-10-24 13:57:09.960|DEBUG|main|c.s.S.S.C.CustomAdminAuthenticationFilter:GenericFilterBean.java:init:240]	Filter 'customAdminAuthenticationFilter' configured for use
[2024-10-24 13:57:09.960|DEBUG|main|c.s.S.S.C.CustomUserAuthenticationFilter:GenericFilterBean.java:init:240]	Filter 'customUserAuthenticationFilter' configured for use
[2024-10-24 13:57:09.961|DEBUG|main|c.s.S.S.C.CustomAuthenticationJwtFilter:GenericFilterBean.java:init:240]	Filter 'customAuthenticationJwtFilter' configured for use
[2024-10-24 13:57:09.961|DEBUG|main|c.s.S.S.C.CustomSuperAdminAuthenticationFilter:GenericFilterBean.java:init:240]	Filter 'customSuperAdminAuthenticationFilter' configured for use
[2024-10-24 14:03:24.807|DEBUG|main|c.s.S.S.C.CustomAdminAuthenticationFilter:GenericFilterBean.java:init:240]	Filter 'customAdminAuthenticationFilter' configured for use
[2024-10-24 14:03:24.808|DEBUG|main|c.s.S.S.C.CustomUserAuthenticationFilter:GenericFilterBean.java:init:240]	Filter 'customUserAuthenticationFilter' configured for use
[2024-10-24 14:03:24.809|DEBUG|main|c.s.S.S.C.CustomAuthenticationJwtFilter:GenericFilterBean.java:init:240]	Filter 'customAuthenticationJwtFilter' configured for use
[2024-10-24 14:03:24.809|DEBUG|main|c.s.S.S.C.CustomSuperAdminAuthenticationFilter:GenericFilterBean.java:init:240]	Filter 'customSuperAdminAuthenticationFilter' configured for use
[2024-10-24 14:17:30.222|DEBUG|main|c.s.S.S.C.CustomAdminAuthenticationFilter:GenericFilterBean.java:init:240]	Filter 'customAdminAuthenticationFilter' configured for use
[2024-10-24 14:17:30.222|DEBUG|main|c.s.S.S.C.CustomUserAuthenticationFilter:GenericFilterBean.java:init:240]	Filter 'customUserAuthenticationFilter' configured for use
[2024-10-24 14:17:30.223|DEBUG|main|c.s.S.S.C.CustomAuthenticationJwtFilter:GenericFilterBean.java:init:240]	Filter 'customAuthenticationJwtFilter' configured for use
[2024-10-24 14:17:30.223|DEBUG|main|c.s.S.S.C.CustomSuperAdminAuthenticationFilter:GenericFilterBean.java:init:240]	Filter 'customSuperAdminAuthenticationFilter' configured for use
[2024-10-24 14:18:27.655|DEBUG|main|c.s.S.S.C.CustomAdminAuthenticationFilter:GenericFilterBean.java:init:240]	Filter 'customAdminAuthenticationFilter' configured for use
[2024-10-24 14:18:27.655|DEBUG|main|c.s.S.S.C.CustomUserAuthenticationFilter:GenericFilterBean.java:init:240]	Filter 'customUserAuthenticationFilter' configured for use
[2024-10-24 14:18:27.656|DEBUG|main|c.s.S.S.C.CustomAuthenticationJwtFilter:GenericFilterBean.java:init:240]	Filter 'customAuthenticationJwtFilter' configured for use
[2024-10-24 14:18:27.657|DEBUG|main|c.s.S.S.C.CustomSuperAdminAuthenticationFilter:GenericFilterBean.java:init:240]	Filter 'customSuperAdminAuthenticationFilter' configured for use
[2024-10-24 14:20:19.082|DEBUG|main|c.s.S.S.C.CustomAdminAuthenticationFilter:GenericFilterBean.java:init:240]	Filter 'customAdminAuthenticationFilter' configured for use
[2024-10-24 14:20:19.083|DEBUG|main|c.s.S.S.C.CustomUserAuthenticationFilter:GenericFilterBean.java:init:240]	Filter 'customUserAuthenticationFilter' configured for use
[2024-10-24 14:20:19.084|DEBUG|main|c.s.S.S.C.CustomAuthenticationJwtFilter:GenericFilterBean.java:init:240]	Filter 'customAuthenticationJwtFilter' configured for use
[2024-10-24 14:20:19.085|DEBUG|main|c.s.S.S.C.CustomSuperAdminAuthenticationFilter:GenericFilterBean.java:init:240]	Filter 'customSuperAdminAuthenticationFilter' configured for use
[2024-10-24 14:34:16.807|DEBUG|main|c.s.S.S.C.CustomAdminAuthenticationFilter:GenericFilterBean.java:init:240]	Filter 'customAdminAuthenticationFilter' configured for use
[2024-10-24 14:34:16.808|DEBUG|main|c.s.S.S.C.CustomUserAuthenticationFilter:GenericFilterBean.java:init:240]	Filter 'customUserAuthenticationFilter' configured for use
[2024-10-24 14:34:16.809|DEBUG|main|c.s.S.S.C.CustomAuthenticationJwtFilter:GenericFilterBean.java:init:240]	Filter 'customAuthenticationJwtFilter' configured for use
[2024-10-24 14:34:16.809|DEBUG|main|c.s.S.S.C.CustomSuperAdminAuthenticationFilter:GenericFilterBean.java:init:240]	Filter 'customSuperAdminAuthenticationFilter' configured for use
[2024-10-24 14:36:42.873|DEBUG|main|c.s.S.S.C.CustomAdminAuthenticationFilter:GenericFilterBean.java:init:240]	Filter 'customAdminAuthenticationFilter' configured for use
[2024-10-24 14:36:42.873|DEBUG|main|c.s.S.S.C.CustomUserAuthenticationFilter:GenericFilterBean.java:init:240]	Filter 'customUserAuthenticationFilter' configured for use
[2024-10-24 14:36:42.874|DEBUG|main|c.s.S.S.C.CustomAuthenticationJwtFilter:GenericFilterBean.java:init:240]	Filter 'customAuthenticationJwtFilter' configured for use
[2024-10-24 14:36:42.874|DEBUG|main|c.s.S.S.C.CustomSuperAdminAuthenticationFilter:GenericFilterBean.java:init:240]	Filter 'customSuperAdminAuthenticationFilter' configured for use
[2024-10-24 14:40:04.879|DEBUG|main|c.s.S.S.C.CustomAdminAuthenticationFilter:GenericFilterBean.java:init:240]	Filter 'customAdminAuthenticationFilter' configured for use
[2024-10-24 14:40:04.880|DEBUG|main|c.s.S.S.C.CustomUserAuthenticationFilter:GenericFilterBean.java:init:240]	Filter 'customUserAuthenticationFilter' configured for use
[2024-10-24 14:40:04.881|DEBUG|main|c.s.S.S.C.CustomAuthenticationJwtFilter:GenericFilterBean.java:init:240]	Filter 'customAuthenticationJwtFilter' configured for use
[2024-10-24 14:40:04.881|DEBUG|main|c.s.S.S.C.CustomSuperAdminAuthenticationFilter:GenericFilterBean.java:init:240]	Filter 'customSuperAdminAuthenticationFilter' configured for use
[2024-10-24 14:40:59.676|DEBUG|main|c.s.S.S.C.CustomAdminAuthenticationFilter:GenericFilterBean.java:init:240]	Filter 'customAdminAuthenticationFilter' configured for use
[2024-10-24 14:40:59.676|DEBUG|main|c.s.S.S.C.CustomUserAuthenticationFilter:GenericFilterBean.java:init:240]	Filter 'customUserAuthenticationFilter' configured for use
[2024-10-24 14:40:59.677|DEBUG|main|c.s.S.S.C.CustomAuthenticationJwtFilter:GenericFilterBean.java:init:240]	Filter 'customAuthenticationJwtFilter' configured for use
[2024-10-24 14:40:59.677|DEBUG|main|c.s.S.S.C.CustomSuperAdminAuthenticationFilter:GenericFilterBean.java:init:240]	Filter 'customSuperAdminAuthenticationFilter' configured for use
[2024-10-24 14:41:24.485|DEBUG|main|c.s.S.S.C.CustomAdminAuthenticationFilter:GenericFilterBean.java:init:240]	Filter 'customAdminAuthenticationFilter' configured for use
[2024-10-24 14:41:24.486|DEBUG|main|c.s.S.S.C.CustomUserAuthenticationFilter:GenericFilterBean.java:init:240]	Filter 'customUserAuthenticationFilter' configured for use
[2024-10-24 14:41:24.486|DEBUG|main|c.s.S.S.C.CustomAuthenticationJwtFilter:GenericFilterBean.java:init:240]	Filter 'customAuthenticationJwtFilter' configured for use
[2024-10-24 14:41:24.487|DEBUG|main|c.s.S.S.C.CustomSuperAdminAuthenticationFilter:GenericFilterBean.java:init:240]	Filter 'customSuperAdminAuthenticationFilter' configured for use
[2024-10-24 14:41:44.658|DEBUG|main|c.s.S.S.C.CustomAdminAuthenticationFilter:GenericFilterBean.java:init:240]	Filter 'customAdminAuthenticationFilter' configured for use
[2024-10-24 14:41:44.658|DEBUG|main|c.s.S.S.C.CustomUserAuthenticationFilter:GenericFilterBean.java:init:240]	Filter 'customUserAuthenticationFilter' configured for use
[2024-10-24 14:41:44.660|DEBUG|main|c.s.S.S.C.CustomAuthenticationJwtFilter:GenericFilterBean.java:init:240]	Filter 'customAuthenticationJwtFilter' configured for use
[2024-10-24 14:41:44.661|DEBUG|main|c.s.S.S.C.CustomSuperAdminAuthenticationFilter:GenericFilterBean.java:init:240]	Filter 'customSuperAdminAuthenticationFilter' configured for use
[2024-10-24 14:41:51.940|DEBUG|main|c.s.S.S.C.CustomAdminAuthenticationFilter:GenericFilterBean.java:init:240]	Filter 'customAdminAuthenticationFilter' configured for use
[2024-10-24 14:41:51.940|DEBUG|main|c.s.S.S.C.CustomUserAuthenticationFilter:GenericFilterBean.java:init:240]	Filter 'customUserAuthenticationFilter' configured for use
[2024-10-24 14:41:51.941|DEBUG|main|c.s.S.S.C.CustomAuthenticationJwtFilter:GenericFilterBean.java:init:240]	Filter 'customAuthenticationJwtFilter' configured for use
[2024-10-24 14:41:51.942|DEBUG|main|c.s.S.S.C.CustomSuperAdminAuthenticationFilter:GenericFilterBean.java:init:240]	Filter 'customSuperAdminAuthenticationFilter' configured for use
[2024-10-24 14:43:13.485|DEBUG|main|c.s.S.S.C.CustomAdminAuthenticationFilter:GenericFilterBean.java:init:240]	Filter 'customAdminAuthenticationFilter' configured for use
[2024-10-24 14:43:13.485|DEBUG|main|c.s.S.S.C.CustomUserAuthenticationFilter:GenericFilterBean.java:init:240]	Filter 'customUserAuthenticationFilter' configured for use
[2024-10-24 14:43:13.486|DEBUG|main|c.s.S.S.C.CustomAuthenticationJwtFilter:GenericFilterBean.java:init:240]	Filter 'customAuthenticationJwtFilter' configured for use
[2024-10-24 14:43:13.487|DEBUG|main|c.s.S.S.C.CustomSuperAdminAuthenticationFilter:GenericFilterBean.java:init:240]	Filter 'customSuperAdminAuthenticationFilter' configured for use
[2024-10-24 14:44:40.504|DEBUG|main|c.s.S.S.C.CustomAdminAuthenticationFilter:GenericFilterBean.java:init:240]	Filter 'customAdminAuthenticationFilter' configured for use
[2024-10-24 14:44:40.504|DEBUG|main|c.s.S.S.C.CustomUserAuthenticationFilter:GenericFilterBean.java:init:240]	Filter 'customUserAuthenticationFilter' configured for use
[2024-10-24 14:44:40.505|DEBUG|main|c.s.S.S.C.CustomAuthenticationJwtFilter:GenericFilterBean.java:init:240]	Filter 'customAuthenticationJwtFilter' configured for use
[2024-10-24 14:44:40.506|DEBUG|main|c.s.S.S.C.CustomSuperAdminAuthenticationFilter:GenericFilterBean.java:init:240]	Filter 'customSuperAdminAuthenticationFilter' configured for use
[2024-10-24 20:44:30.559|DEBUG|main|c.s.S.S.C.CustomAdminAuthenticationFilter:GenericFilterBean.java:init:240]	Filter 'customAdminAuthenticationFilter' configured for use
[2024-10-24 20:44:30.559|DEBUG|main|c.s.S.S.C.CustomUserAuthenticationFilter:GenericFilterBean.java:init:240]	Filter 'customUserAuthenticationFilter' configured for use
[2024-10-24 20:44:30.560|DEBUG|main|c.s.S.S.C.CustomAuthenticationJwtFilter:GenericFilterBean.java:init:240]	Filter 'customAuthenticationJwtFilter' configured for use
[2024-10-24 20:44:30.561|DEBUG|main|c.s.S.S.C.CustomSuperAdminAuthenticationFilter:GenericFilterBean.java:init:240]	Filter 'customSuperAdminAuthenticationFilter' configured for use
[2024-10-24 21:01:10.191|DEBUG|main|c.s.S.S.C.CustomAdminAuthenticationFilter:GenericFilterBean.java:init:240]	Filter 'customAdminAuthenticationFilter' configured for use
[2024-10-24 21:01:10.191|DEBUG|main|c.s.S.S.C.CustomUserAuthenticationFilter:GenericFilterBean.java:init:240]	Filter 'customUserAuthenticationFilter' configured for use
[2024-10-24 21:01:10.193|DEBUG|main|c.s.S.S.C.CustomAuthenticationJwtFilter:GenericFilterBean.java:init:240]	Filter 'customAuthenticationJwtFilter' configured for use
[2024-10-24 21:01:10.194|DEBUG|main|c.s.S.S.C.CustomSuperAdminAuthenticationFilter:GenericFilterBean.java:init:240]	Filter 'customSuperAdminAuthenticationFilter' configured for use
[2024-10-24 21:02:34.788|DEBUG|main|c.s.S.S.C.CustomAdminAuthenticationFilter:GenericFilterBean.java:init:240]	Filter 'customAdminAuthenticationFilter' configured for use
[2024-10-24 21:02:34.789|DEBUG|main|c.s.S.S.C.CustomUserAuthenticationFilter:GenericFilterBean.java:init:240]	Filter 'customUserAuthenticationFilter' configured for use
[2024-10-24 21:02:34.790|DEBUG|main|c.s.S.S.C.CustomAuthenticationJwtFilter:GenericFilterBean.java:init:240]	Filter 'customAuthenticationJwtFilter' configured for use
[2024-10-24 21:02:34.791|DEBUG|main|c.s.S.S.C.CustomSuperAdminAuthenticationFilter:GenericFilterBean.java:init:240]	Filter 'customSuperAdminAuthenticationFilter' configured for use
[2024-10-24 21:12:24.301|DEBUG|main|c.s.S.S.C.CustomAdminAuthenticationFilter:GenericFilterBean.java:init:240]	Filter 'customAdminAuthenticationFilter' configured for use
[2024-10-24 21:12:24.301|DEBUG|main|c.s.S.S.C.CustomUserAuthenticationFilter:GenericFilterBean.java:init:240]	Filter 'customUserAuthenticationFilter' configured for use
[2024-10-24 21:12:24.302|DEBUG|main|c.s.S.S.C.CustomAuthenticationJwtFilter:GenericFilterBean.java:init:240]	Filter 'customAuthenticationJwtFilter' configured for use
[2024-10-24 21:12:24.303|DEBUG|main|c.s.S.S.C.CustomSuperAdminAuthenticationFilter:GenericFilterBean.java:init:240]	Filter 'customSuperAdminAuthenticationFilter' configured for use
[2024-10-24 21:23:36.343|DEBUG|main|c.s.S.S.C.CustomAdminAuthenticationFilter:GenericFilterBean.java:init:240]	Filter 'customAdminAuthenticationFilter' configured for use
[2024-10-24 21:23:36.344|DEBUG|main|c.s.S.S.C.CustomUserAuthenticationFilter:GenericFilterBean.java:init:240]	Filter 'customUserAuthenticationFilter' configured for use
[2024-10-24 21:23:36.345|DEBUG|main|c.s.S.S.C.CustomAuthenticationJwtFilter:GenericFilterBean.java:init:240]	Filter 'customAuthenticationJwtFilter' configured for use
[2024-10-24 21:23:36.346|DEBUG|main|c.s.S.S.C.CustomSuperAdminAuthenticationFilter:GenericFilterBean.java:init:240]	Filter 'customSuperAdminAuthenticationFilter' configured for use
[2024-10-24 21:25:41.477|DEBUG|main|c.s.S.S.C.CustomAdminAuthenticationFilter:GenericFilterBean.java:init:240]	Filter 'customAdminAuthenticationFilter' configured for use
[2024-10-24 21:25:41.477|DEBUG|main|c.s.S.S.C.CustomUserAuthenticationFilter:GenericFilterBean.java:init:240]	Filter 'customUserAuthenticationFilter' configured for use
[2024-10-24 21:25:41.478|DEBUG|main|c.s.S.S.C.CustomAuthenticationJwtFilter:GenericFilterBean.java:init:240]	Filter 'customAuthenticationJwtFilter' configured for use
[2024-10-24 21:25:41.479|DEBUG|main|c.s.S.S.C.CustomSuperAdminAuthenticationFilter:GenericFilterBean.java:init:240]	Filter 'customSuperAdminAuthenticationFilter' configured for use
[2024-10-24 21:26:25.810|DEBUG|main|c.s.S.S.C.CustomAdminAuthenticationFilter:GenericFilterBean.java:init:240]	Filter 'customAdminAuthenticationFilter' configured for use
[2024-10-24 21:26:25.811|DEBUG|main|c.s.S.S.C.CustomUserAuthenticationFilter:GenericFilterBean.java:init:240]	Filter 'customUserAuthenticationFilter' configured for use
[2024-10-24 21:26:25.811|DEBUG|main|c.s.S.S.C.CustomAuthenticationJwtFilter:GenericFilterBean.java:init:240]	Filter 'customAuthenticationJwtFilter' configured for use
[2024-10-24 21:26:25.812|DEBUG|main|c.s.S.S.C.CustomSuperAdminAuthenticationFilter:GenericFilterBean.java:init:240]	Filter 'customSuperAdminAuthenticationFilter' configured for use
[2024-10-24 21:29:26.894|DEBUG|main|c.s.S.S.C.CustomAdminAuthenticationFilter:GenericFilterBean.java:init:240]	Filter 'customAdminAuthenticationFilter' configured for use
[2024-10-24 21:29:26.894|DEBUG|main|c.s.S.S.C.CustomUserAuthenticationFilter:GenericFilterBean.java:init:240]	Filter 'customUserAuthenticationFilter' configured for use
[2024-10-24 21:29:26.895|DEBUG|main|c.s.S.S.C.CustomAuthenticationJwtFilter:GenericFilterBean.java:init:240]	Filter 'customAuthenticationJwtFilter' configured for use
[2024-10-24 21:29:26.895|DEBUG|main|c.s.S.S.C.CustomSuperAdminAuthenticationFilter:GenericFilterBean.java:init:240]	Filter 'customSuperAdminAuthenticationFilter' configured for use
[2024-10-24 21:29:39.264|DEBUG|main|c.s.S.S.C.CustomAdminAuthenticationFilter:GenericFilterBean.java:init:240]	Filter 'customAdminAuthenticationFilter' configured for use
[2024-10-24 21:29:39.264|DEBUG|main|c.s.S.S.C.CustomUserAuthenticationFilter:GenericFilterBean.java:init:240]	Filter 'customUserAuthenticationFilter' configured for use
[2024-10-24 21:29:39.265|DEBUG|main|c.s.S.S.C.CustomAuthenticationJwtFilter:GenericFilterBean.java:init:240]	Filter 'customAuthenticationJwtFilter' configured for use
[2024-10-24 21:29:39.265|DEBUG|main|c.s.S.S.C.CustomSuperAdminAuthenticationFilter:GenericFilterBean.java:init:240]	Filter 'customSuperAdminAuthenticationFilter' configured for use
[2024-10-24 21:30:39.311|DEBUG|main|c.s.S.S.C.CustomAdminAuthenticationFilter:GenericFilterBean.java:init:240]	Filter 'customAdminAuthenticationFilter' configured for use
[2024-10-24 21:30:39.312|DEBUG|main|c.s.S.S.C.CustomUserAuthenticationFilter:GenericFilterBean.java:init:240]	Filter 'customUserAuthenticationFilter' configured for use
[2024-10-24 21:30:39.312|DEBUG|main|c.s.S.S.C.CustomAuthenticationJwtFilter:GenericFilterBean.java:init:240]	Filter 'customAuthenticationJwtFilter' configured for use
[2024-10-24 21:30:39.313|DEBUG|main|c.s.S.S.C.CustomSuperAdminAuthenticationFilter:GenericFilterBean.java:init:240]	Filter 'customSuperAdminAuthenticationFilter' configured for use
[2024-10-24 22:00:16.963|DEBUG|main|c.s.S.S.C.CustomAdminAuthenticationFilter:GenericFilterBean.java:init:240]	Filter 'customAdminAuthenticationFilter' configured for use
[2024-10-24 22:00:16.964|DEBUG|main|c.s.S.S.C.CustomUserAuthenticationFilter:GenericFilterBean.java:init:240]	Filter 'customUserAuthenticationFilter' configured for use
[2024-10-24 22:00:16.965|DEBUG|main|c.s.S.S.C.CustomAuthenticationJwtFilter:GenericFilterBean.java:init:240]	Filter 'customAuthenticationJwtFilter' configured for use
[2024-10-24 22:00:16.966|DEBUG|main|c.s.S.S.C.CustomSuperAdminAuthenticationFilter:GenericFilterBean.java:init:240]	Filter 'customSuperAdminAuthenticationFilter' configured for use
[2024-10-24 22:00:42.192|DEBUG|main|c.s.S.S.C.CustomAdminAuthenticationFilter:GenericFilterBean.java:init:240]	Filter 'customAdminAuthenticationFilter' configured for use
[2024-10-24 22:00:42.192|DEBUG|main|c.s.S.S.C.CustomUserAuthenticationFilter:GenericFilterBean.java:init:240]	Filter 'customUserAuthenticationFilter' configured for use
[2024-10-24 22:00:42.193|DEBUG|main|c.s.S.S.C.CustomAuthenticationJwtFilter:GenericFilterBean.java:init:240]	Filter 'customAuthenticationJwtFilter' configured for use
[2024-10-24 22:00:42.193|DEBUG|main|c.s.S.S.C.CustomSuperAdminAuthenticationFilter:GenericFilterBean.java:init:240]	Filter 'customSuperAdminAuthenticationFilter' configured for use
[2024-10-24 22:01:46.560|DEBUG|main|c.s.S.S.C.CustomAdminAuthenticationFilter:GenericFilterBean.java:init:240]	Filter 'customAdminAuthenticationFilter' configured for use
[2024-10-24 22:01:46.561|DEBUG|main|c.s.S.S.C.CustomUserAuthenticationFilter:GenericFilterBean.java:init:240]	Filter 'customUserAuthenticationFilter' configured for use
[2024-10-24 22:01:46.562|DEBUG|main|c.s.S.S.C.CustomAuthenticationJwtFilter:GenericFilterBean.java:init:240]	Filter 'customAuthenticationJwtFilter' configured for use
[2024-10-24 22:01:46.562|DEBUG|main|c.s.S.S.C.CustomSuperAdminAuthenticationFilter:GenericFilterBean.java:init:240]	Filter 'customSuperAdminAuthenticationFilter' configured for use
[2024-10-24 22:02:33.644|DEBUG|main|c.s.S.S.C.CustomAdminAuthenticationFilter:GenericFilterBean.java:init:240]	Filter 'customAdminAuthenticationFilter' configured for use
[2024-10-24 22:02:33.646|DEBUG|main|c.s.S.S.C.CustomUserAuthenticationFilter:GenericFilterBean.java:init:240]	Filter 'customUserAuthenticationFilter' configured for use
[2024-10-24 22:02:33.647|DEBUG|main|c.s.S.S.C.CustomAuthenticationJwtFilter:GenericFilterBean.java:init:240]	Filter 'customAuthenticationJwtFilter' configured for use
[2024-10-24 22:02:33.648|DEBUG|main|c.s.S.S.C.CustomSuperAdminAuthenticationFilter:GenericFilterBean.java:init:240]	Filter 'customSuperAdminAuthenticationFilter' configured for use
[2024-10-24 22:03:31.223|DEBUG|main|c.s.S.S.C.CustomAdminAuthenticationFilter:GenericFilterBean.java:init:240]	Filter 'customAdminAuthenticationFilter' configured for use
[2024-10-24 22:03:31.224|DEBUG|main|c.s.S.S.C.CustomUserAuthenticationFilter:GenericFilterBean.java:init:240]	Filter 'customUserAuthenticationFilter' configured for use
[2024-10-24 22:03:31.226|DEBUG|main|c.s.S.S.C.CustomAuthenticationJwtFilter:GenericFilterBean.java:init:240]	Filter 'customAuthenticationJwtFilter' configured for use
[2024-10-24 22:03:31.226|DEBUG|main|c.s.S.S.C.CustomSuperAdminAuthenticationFilter:GenericFilterBean.java:init:240]	Filter 'customSuperAdminAuthenticationFilter' configured for use
[2024-10-24 22:05:09.441|DEBUG|main|c.s.S.S.C.CustomAdminAuthenticationFilter:GenericFilterBean.java:init:240]	Filter 'customAdminAuthenticationFilter' configured for use
[2024-10-24 22:05:09.441|DEBUG|main|c.s.S.S.C.CustomUserAuthenticationFilter:GenericFilterBean.java:init:240]	Filter 'customUserAuthenticationFilter' configured for use
[2024-10-24 22:05:09.442|DEBUG|main|c.s.S.S.C.CustomAuthenticationJwtFilter:GenericFilterBean.java:init:240]	Filter 'customAuthenticationJwtFilter' configured for use
[2024-10-24 22:05:09.443|DEBUG|main|c.s.S.S.C.CustomSuperAdminAuthenticationFilter:GenericFilterBean.java:init:240]	Filter 'customSuperAdminAuthenticationFilter' configured for use
[2024-10-24 22:08:48.572|DEBUG|main|c.s.S.S.C.CustomAdminAuthenticationFilter:GenericFilterBean.java:init:240]	Filter 'customAdminAuthenticationFilter' configured for use
[2024-10-24 22:08:48.573|DEBUG|main|c.s.S.S.C.CustomUserAuthenticationFilter:GenericFilterBean.java:init:240]	Filter 'customUserAuthenticationFilter' configured for use
[2024-10-24 22:08:48.574|DEBUG|main|c.s.S.S.C.CustomAuthenticationJwtFilter:GenericFilterBean.java:init:240]	Filter 'customAuthenticationJwtFilter' configured for use
[2024-10-24 22:08:48.574|DEBUG|main|c.s.S.S.C.CustomSuperAdminAuthenticationFilter:GenericFilterBean.java:init:240]	Filter 'customSuperAdminAuthenticationFilter' configured for use
[2024-10-24 22:12:20.640|DEBUG|main|c.s.S.S.C.CustomAdminAuthenticationFilter:GenericFilterBean.java:init:240]	Filter 'customAdminAuthenticationFilter' configured for use
[2024-10-24 22:12:20.641|DEBUG|main|c.s.S.S.C.CustomUserAuthenticationFilter:GenericFilterBean.java:init:240]	Filter 'customUserAuthenticationFilter' configured for use
[2024-10-24 22:12:20.642|DEBUG|main|c.s.S.S.C.CustomAuthenticationJwtFilter:GenericFilterBean.java:init:240]	Filter 'customAuthenticationJwtFilter' configured for use
[2024-10-24 22:12:20.642|DEBUG|main|c.s.S.S.C.CustomSuperAdminAuthenticationFilter:GenericFilterBean.java:init:240]	Filter 'customSuperAdminAuthenticationFilter' configured for use
[2024-10-24 22:14:24.016|DEBUG|main|c.s.S.S.C.CustomAdminAuthenticationFilter:GenericFilterBean.java:init:240]	Filter 'customAdminAuthenticationFilter' configured for use
[2024-10-24 22:14:24.017|DEBUG|main|c.s.S.S.C.CustomUserAuthenticationFilter:GenericFilterBean.java:init:240]	Filter 'customUserAuthenticationFilter' configured for use
[2024-10-24 22:14:24.018|DEBUG|main|c.s.S.S.C.CustomAuthenticationJwtFilter:GenericFilterBean.java:init:240]	Filter 'customAuthenticationJwtFilter' configured for use
[2024-10-24 22:14:24.018|DEBUG|main|c.s.S.S.C.CustomSuperAdminAuthenticationFilter:GenericFilterBean.java:init:240]	Filter 'customSuperAdminAuthenticationFilter' configured for use
[2024-10-24 22:18:41.766|DEBUG|main|c.s.S.S.C.CustomAdminAuthenticationFilter:GenericFilterBean.java:init:240]	Filter 'customAdminAuthenticationFilter' configured for use
[2024-10-24 22:18:41.767|DEBUG|main|c.s.S.S.C.CustomUserAuthenticationFilter:GenericFilterBean.java:init:240]	Filter 'customUserAuthenticationFilter' configured for use
[2024-10-24 22:18:41.768|DEBUG|main|c.s.S.S.C.CustomAuthenticationJwtFilter:GenericFilterBean.java:init:240]	Filter 'customAuthenticationJwtFilter' configured for use
[2024-10-24 22:18:41.768|DEBUG|main|c.s.S.S.C.CustomSuperAdminAuthenticationFilter:GenericFilterBean.java:init:240]	Filter 'customSuperAdminAuthenticationFilter' configured for use
[2024-10-24 22:19:35.740|DEBUG|main|c.s.S.S.C.CustomAdminAuthenticationFilter:GenericFilterBean.java:init:240]	Filter 'customAdminAuthenticationFilter' configured for use
[2024-10-24 22:19:35.741|DEBUG|main|c.s.S.S.C.CustomUserAuthenticationFilter:GenericFilterBean.java:init:240]	Filter 'customUserAuthenticationFilter' configured for use
[2024-10-24 22:19:35.742|DEBUG|main|c.s.S.S.C.CustomAuthenticationJwtFilter:GenericFilterBean.java:init:240]	Filter 'customAuthenticationJwtFilter' configured for use
[2024-10-24 22:19:35.742|DEBUG|main|c.s.S.S.C.CustomSuperAdminAuthenticationFilter:GenericFilterBean.java:init:240]	Filter 'customSuperAdminAuthenticationFilter' configured for use
[2024-10-24 22:20:04.805|DEBUG|main|c.s.S.S.C.CustomAdminAuthenticationFilter:GenericFilterBean.java:init:240]	Filter 'customAdminAuthenticationFilter' configured for use
[2024-10-24 22:20:04.806|DEBUG|main|c.s.S.S.C.CustomUserAuthenticationFilter:GenericFilterBean.java:init:240]	Filter 'customUserAuthenticationFilter' configured for use
[2024-10-24 22:20:04.807|DEBUG|main|c.s.S.S.C.CustomAuthenticationJwtFilter:GenericFilterBean.java:init:240]	Filter 'customAuthenticationJwtFilter' configured for use
[2024-10-24 22:20:04.808|DEBUG|main|c.s.S.S.C.CustomSuperAdminAuthenticationFilter:GenericFilterBean.java:init:240]	Filter 'customSuperAdminAuthenticationFilter' configured for use
[2024-10-24 22:25:42.913|DEBUG|main|c.s.S.S.C.CustomAdminAuthenticationFilter:GenericFilterBean.java:init:240]	Filter 'customAdminAuthenticationFilter' configured for use
[2024-10-24 22:25:42.914|DEBUG|main|c.s.S.S.C.CustomUserAuthenticationFilter:GenericFilterBean.java:init:240]	Filter 'customUserAuthenticationFilter' configured for use
[2024-10-24 22:25:42.914|DEBUG|main|c.s.S.S.C.CustomAuthenticationJwtFilter:GenericFilterBean.java:init:240]	Filter 'customAuthenticationJwtFilter' configured for use
[2024-10-24 22:25:42.915|DEBUG|main|c.s.S.S.C.CustomSuperAdminAuthenticationFilter:GenericFilterBean.java:init:240]	Filter 'customSuperAdminAuthenticationFilter' configured for use
[2024-10-24 22:27:22.593|DEBUG|main|c.s.S.S.C.CustomAdminAuthenticationFilter:GenericFilterBean.java:init:240]	Filter 'customAdminAuthenticationFilter' configured for use
[2024-10-24 22:27:22.593|DEBUG|main|c.s.S.S.C.CustomUserAuthenticationFilter:GenericFilterBean.java:init:240]	Filter 'customUserAuthenticationFilter' configured for use
[2024-10-24 22:27:22.594|DEBUG|main|c.s.S.S.C.CustomAuthenticationJwtFilter:GenericFilterBean.java:init:240]	Filter 'customAuthenticationJwtFilter' configured for use
[2024-10-24 22:27:22.595|DEBUG|main|c.s.S.S.C.CustomSuperAdminAuthenticationFilter:GenericFilterBean.java:init:240]	Filter 'customSuperAdminAuthenticationFilter' configured for use
[2024-10-24 22:29:17.377|DEBUG|main|c.s.S.S.C.CustomAdminAuthenticationFilter:GenericFilterBean.java:init:240]	Filter 'customAdminAuthenticationFilter' configured for use
[2024-10-24 22:29:17.378|DEBUG|main|c.s.S.S.C.CustomUserAuthenticationFilter:GenericFilterBean.java:init:240]	Filter 'customUserAuthenticationFilter' configured for use
[2024-10-24 22:29:17.379|DEBUG|main|c.s.S.S.C.CustomAuthenticationJwtFilter:GenericFilterBean.java:init:240]	Filter 'customAuthenticationJwtFilter' configured for use
[2024-10-24 22:29:17.379|DEBUG|main|c.s.S.S.C.CustomSuperAdminAuthenticationFilter:GenericFilterBean.java:init:240]	Filter 'customSuperAdminAuthenticationFilter' configured for use
[2024-10-24 22:30:24.682|DEBUG|main|c.s.S.S.C.CustomAdminAuthenticationFilter:GenericFilterBean.java:init:240]	Filter 'customAdminAuthenticationFilter' configured for use
[2024-10-24 22:30:24.683|DEBUG|main|c.s.S.S.C.CustomUserAuthenticationFilter:GenericFilterBean.java:init:240]	Filter 'customUserAuthenticationFilter' configured for use
[2024-10-24 22:30:24.684|DEBUG|main|c.s.S.S.C.CustomAuthenticationJwtFilter:GenericFilterBean.java:init:240]	Filter 'customAuthenticationJwtFilter' configured for use
[2024-10-24 22:30:24.684|DEBUG|main|c.s.S.S.C.CustomSuperAdminAuthenticationFilter:GenericFilterBean.java:init:240]	Filter 'customSuperAdminAuthenticationFilter' configured for use
[2024-10-24 22:30:47.767|DEBUG|main|c.s.S.S.C.CustomAdminAuthenticationFilter:GenericFilterBean.java:init:240]	Filter 'customAdminAuthenticationFilter' configured for use
[2024-10-24 22:30:47.767|DEBUG|main|c.s.S.S.C.CustomUserAuthenticationFilter:GenericFilterBean.java:init:240]	Filter 'customUserAuthenticationFilter' configured for use
[2024-10-24 22:30:47.769|DEBUG|main|c.s.S.S.C.CustomAuthenticationJwtFilter:GenericFilterBean.java:init:240]	Filter 'customAuthenticationJwtFilter' configured for use
[2024-10-24 22:30:47.771|DEBUG|main|c.s.S.S.C.CustomSuperAdminAuthenticationFilter:GenericFilterBean.java:init:240]	Filter 'customSuperAdminAuthenticationFilter' configured for use
[2024-10-24 22:35:37.553|DEBUG|main|c.s.S.S.C.CustomAdminAuthenticationFilter:GenericFilterBean.java:init:240]	Filter 'customAdminAuthenticationFilter' configured for use
[2024-10-24 22:35:37.553|DEBUG|main|c.s.S.S.C.CustomUserAuthenticationFilter:GenericFilterBean.java:init:240]	Filter 'customUserAuthenticationFilter' configured for use
[2024-10-24 22:35:37.554|DEBUG|main|c.s.S.S.C.CustomAuthenticationJwtFilter:GenericFilterBean.java:init:240]	Filter 'customAuthenticationJwtFilter' configured for use
[2024-10-24 22:35:37.554|DEBUG|main|c.s.S.S.C.CustomSuperAdminAuthenticationFilter:GenericFilterBean.java:init:240]	Filter 'customSuperAdminAuthenticationFilter' configured for use
[2024-10-24 22:36:12.243|DEBUG|main|c.s.S.S.C.CustomAdminAuthenticationFilter:GenericFilterBean.java:init:240]	Filter 'customAdminAuthenticationFilter' configured for use
[2024-10-24 22:36:12.244|DEBUG|main|c.s.S.S.C.CustomUserAuthenticationFilter:GenericFilterBean.java:init:240]	Filter 'customUserAuthenticationFilter' configured for use
[2024-10-24 22:36:12.245|DEBUG|main|c.s.S.S.C.CustomAuthenticationJwtFilter:GenericFilterBean.java:init:240]	Filter 'customAuthenticationJwtFilter' configured for use
[2024-10-24 22:36:12.245|DEBUG|main|c.s.S.S.C.CustomSuperAdminAuthenticationFilter:GenericFilterBean.java:init:240]	Filter 'customSuperAdminAuthenticationFilter' configured for use
[2024-10-24 22:37:08.122|DEBUG|main|c.s.S.S.C.CustomAdminAuthenticationFilter:GenericFilterBean.java:init:240]	Filter 'customAdminAuthenticationFilter' configured for use
[2024-10-24 22:37:08.123|DEBUG|main|c.s.S.S.C.CustomUserAuthenticationFilter:GenericFilterBean.java:init:240]	Filter 'customUserAuthenticationFilter' configured for use
[2024-10-24 22:37:08.123|DEBUG|main|c.s.S.S.C.CustomAuthenticationJwtFilter:GenericFilterBean.java:init:240]	Filter 'customAuthenticationJwtFilter' configured for use
[2024-10-24 22:37:08.124|DEBUG|main|c.s.S.S.C.CustomSuperAdminAuthenticationFilter:GenericFilterBean.java:init:240]	Filter 'customSuperAdminAuthenticationFilter' configured for use
[2024-10-24 22:39:19.954|DEBUG|main|c.s.S.S.C.CustomAdminAuthenticationFilter:GenericFilterBean.java:init:240]	Filter 'customAdminAuthenticationFilter' configured for use
[2024-10-24 22:39:19.954|DEBUG|main|c.s.S.S.C.CustomUserAuthenticationFilter:GenericFilterBean.java:init:240]	Filter 'customUserAuthenticationFilter' configured for use
[2024-10-24 22:39:19.955|DEBUG|main|c.s.S.S.C.CustomAuthenticationJwtFilter:GenericFilterBean.java:init:240]	Filter 'customAuthenticationJwtFilter' configured for use
[2024-10-24 22:39:19.956|DEBUG|main|c.s.S.S.C.CustomSuperAdminAuthenticationFilter:GenericFilterBean.java:init:240]	Filter 'customSuperAdminAuthenticationFilter' configured for use
[2024-10-24 22:40:53.438|DEBUG|main|c.s.S.S.C.CustomAdminAuthenticationFilter:GenericFilterBean.java:init:240]	Filter 'customAdminAuthenticationFilter' configured for use
[2024-10-24 22:40:53.438|DEBUG|main|c.s.S.S.C.CustomUserAuthenticationFilter:GenericFilterBean.java:init:240]	Filter 'customUserAuthenticationFilter' configured for use
[2024-10-24 22:40:53.439|DEBUG|main|c.s.S.S.C.CustomAuthenticationJwtFilter:GenericFilterBean.java:init:240]	Filter 'customAuthenticationJwtFilter' configured for use
[2024-10-24 22:40:53.439|DEBUG|main|c.s.S.S.C.CustomSuperAdminAuthenticationFilter:GenericFilterBean.java:init:240]	Filter 'customSuperAdminAuthenticationFilter' configured for use
[2024-10-24 22:46:48.138|DEBUG|main|c.s.S.S.C.CustomAdminAuthenticationFilter:GenericFilterBean.java:init:240]	Filter 'customAdminAuthenticationFilter' configured for use
[2024-10-24 22:46:48.138|DEBUG|main|c.s.S.S.C.CustomUserAuthenticationFilter:GenericFilterBean.java:init:240]	Filter 'customUserAuthenticationFilter' configured for use
[2024-10-24 22:46:48.139|DEBUG|main|c.s.S.S.C.CustomAuthenticationJwtFilter:GenericFilterBean.java:init:240]	Filter 'customAuthenticationJwtFilter' configured for use
[2024-10-24 22:46:48.139|DEBUG|main|c.s.S.S.C.CustomSuperAdminAuthenticationFilter:GenericFilterBean.java:init:240]	Filter 'customSuperAdminAuthenticationFilter' configured for use
[2024-10-24 22:47:54.727|DEBUG|main|c.s.S.S.C.CustomAdminAuthenticationFilter:GenericFilterBean.java:init:240]	Filter 'customAdminAuthenticationFilter' configured for use
[2024-10-24 22:47:54.728|DEBUG|main|c.s.S.S.C.CustomUserAuthenticationFilter:GenericFilterBean.java:init:240]	Filter 'customUserAuthenticationFilter' configured for use
[2024-10-24 22:47:54.729|DEBUG|main|c.s.S.S.C.CustomAuthenticationJwtFilter:GenericFilterBean.java:init:240]	Filter 'customAuthenticationJwtFilter' configured for use
[2024-10-24 22:47:54.730|DEBUG|main|c.s.S.S.C.CustomSuperAdminAuthenticationFilter:GenericFilterBean.java:init:240]	Filter 'customSuperAdminAuthenticationFilter' configured for use
[2024-10-24 23:21:07.555|DEBUG|main|c.s.S.S.C.CustomAdminAuthenticationFilter:GenericFilterBean.java:init:240]	Filter 'customAdminAuthenticationFilter' configured for use
[2024-10-24 23:21:07.555|DEBUG|main|c.s.S.S.C.CustomUserAuthenticationFilter:GenericFilterBean.java:init:240]	Filter 'customUserAuthenticationFilter' configured for use
[2024-10-24 23:21:07.556|DEBUG|main|c.s.S.S.C.CustomAuthenticationJwtFilter:GenericFilterBean.java:init:240]	Filter 'customAuthenticationJwtFilter' configured for use
[2024-10-24 23:21:07.557|DEBUG|main|c.s.S.S.C.CustomSuperAdminAuthenticationFilter:GenericFilterBean.java:init:240]	Filter 'customSuperAdminAuthenticationFilter' configured for use
[2024-10-24 23:30:21.333|DEBUG|main|c.s.S.S.C.CustomAdminAuthenticationFilter:GenericFilterBean.java:init:240]	Filter 'customAdminAuthenticationFilter' configured for use
[2024-10-24 23:30:21.333|DEBUG|main|c.s.S.S.C.CustomUserAuthenticationFilter:GenericFilterBean.java:init:240]	Filter 'customUserAuthenticationFilter' configured for use
[2024-10-24 23:30:21.334|DEBUG|main|c.s.S.S.C.CustomAuthenticationJwtFilter:GenericFilterBean.java:init:240]	Filter 'customAuthenticationJwtFilter' configured for use
[2024-10-24 23:30:21.334|DEBUG|main|c.s.S.S.C.CustomSuperAdminAuthenticationFilter:GenericFilterBean.java:init:240]	Filter 'customSuperAdminAuthenticationFilter' configured for use
[2024-10-24 23:34:16.208|DEBUG|main|c.s.S.S.C.CustomAdminAuthenticationFilter:GenericFilterBean.java:init:240]	Filter 'customAdminAuthenticationFilter' configured for use
[2024-10-24 23:34:16.209|DEBUG|main|c.s.S.S.C.CustomUserAuthenticationFilter:GenericFilterBean.java:init:240]	Filter 'customUserAuthenticationFilter' configured for use
[2024-10-24 23:34:16.210|DEBUG|main|c.s.S.S.C.CustomAuthenticationJwtFilter:GenericFilterBean.java:init:240]	Filter 'customAuthenticationJwtFilter' configured for use
[2024-10-24 23:34:16.210|DEBUG|main|c.s.S.S.C.CustomSuperAdminAuthenticationFilter:GenericFilterBean.java:init:240]	Filter 'customSuperAdminAuthenticationFilter' configured for use
[2024-10-24 23:44:22.597|DEBUG|main|c.s.S.S.C.CustomAdminAuthenticationFilter:GenericFilterBean.java:init:240]	Filter 'customAdminAuthenticationFilter' configured for use
[2024-10-24 23:44:22.598|DEBUG|main|c.s.S.S.C.CustomUserAuthenticationFilter:GenericFilterBean.java:init:240]	Filter 'customUserAuthenticationFilter' configured for use
[2024-10-24 23:44:22.599|DEBUG|main|c.s.S.S.C.CustomAuthenticationJwtFilter:GenericFilterBean.java:init:240]	Filter 'customAuthenticationJwtFilter' configured for use
[2024-10-24 23:44:22.599|DEBUG|main|c.s.S.S.C.CustomSuperAdminAuthenticationFilter:GenericFilterBean.java:init:240]	Filter 'customSuperAdminAuthenticationFilter' configured for use
[2024-10-24 23:45:10.709|DEBUG|main|c.s.S.S.C.CustomAdminAuthenticationFilter:GenericFilterBean.java:init:240]	Filter 'customAdminAuthenticationFilter' configured for use
[2024-10-24 23:45:10.710|DEBUG|main|c.s.S.S.C.CustomUserAuthenticationFilter:GenericFilterBean.java:init:240]	Filter 'customUserAuthenticationFilter' configured for use
[2024-10-24 23:45:10.711|DEBUG|main|c.s.S.S.C.CustomAuthenticationJwtFilter:GenericFilterBean.java:init:240]	Filter 'customAuthenticationJwtFilter' configured for use
[2024-10-24 23:45:10.711|DEBUG|main|c.s.S.S.C.CustomSuperAdminAuthenticationFilter:GenericFilterBean.java:init:240]	Filter 'customSuperAdminAuthenticationFilter' configured for use
[2024-10-24 23:52:33.138|DEBUG|main|c.s.S.S.C.CustomAdminAuthenticationFilter:GenericFilterBean.java:init:240]	Filter 'customAdminAuthenticationFilter' configured for use
[2024-10-24 23:52:33.139|DEBUG|main|c.s.S.S.C.CustomUserAuthenticationFilter:GenericFilterBean.java:init:240]	Filter 'customUserAuthenticationFilter' configured for use
[2024-10-24 23:52:33.140|DEBUG|main|c.s.S.S.C.CustomAuthenticationJwtFilter:GenericFilterBean.java:init:240]	Filter 'customAuthenticationJwtFilter' configured for use
[2024-10-24 23:52:33.140|DEBUG|main|c.s.S.S.C.CustomSuperAdminAuthenticationFilter:GenericFilterBean.java:init:240]	Filter 'customSuperAdminAuthenticationFilter' configured for use
[2024-10-24 23:53:44.521|DEBUG|main|c.s.S.S.C.CustomAdminAuthenticationFilter:GenericFilterBean.java:init:240]	Filter 'customAdminAuthenticationFilter' configured for use
[2024-10-24 23:53:44.522|DEBUG|main|c.s.S.S.C.CustomUserAuthenticationFilter:GenericFilterBean.java:init:240]	Filter 'customUserAuthenticationFilter' configured for use
[2024-10-24 23:53:44.523|DEBUG|main|c.s.S.S.C.CustomAuthenticationJwtFilter:GenericFilterBean.java:init:240]	Filter 'customAuthenticationJwtFilter' configured for use
[2024-10-24 23:53:44.524|DEBUG|main|c.s.S.S.C.CustomSuperAdminAuthenticationFilter:GenericFilterBean.java:init:240]	Filter 'customSuperAdminAuthenticationFilter' configured for use
[2024-10-24 23:56:19.132|DEBUG|main|c.s.S.S.C.CustomAdminAuthenticationFilter:GenericFilterBean.java:init:240]	Filter 'customAdminAuthenticationFilter' configured for use
[2024-10-24 23:56:19.133|DEBUG|main|c.s.S.S.C.CustomUserAuthenticationFilter:GenericFilterBean.java:init:240]	Filter 'customUserAuthenticationFilter' configured for use
[2024-10-24 23:56:19.134|DEBUG|main|c.s.S.S.C.CustomAuthenticationJwtFilter:GenericFilterBean.java:init:240]	Filter 'customAuthenticationJwtFilter' configured for use
[2024-10-24 23:56:19.134|DEBUG|main|c.s.S.S.C.CustomSuperAdminAuthenticationFilter:GenericFilterBean.java:init:240]	Filter 'customSuperAdminAuthenticationFilter' configured for use
