[2024-10-22 11:59:20.868|DEBUG|main|c.s.S.S.C.CustomAdminAuthenticationFilter:GenericFilterBean.java:init:240]	Filter 'customAdminAuthenticationFilter' configured for use
[2024-10-22 11:59:20.868|DEBUG|main|c.s.S.S.C.CustomUserAuthenticationFilter:GenericFilterBean.java:init:240]	Filter 'customUserAuthenticationFilter' configured for use
[2024-10-22 11:59:20.869|DEBUG|main|c.s.S.S.C.CustomAuthenticationJwtFilter:GenericFilterBean.java:init:240]	Filter 'customAuthenticationJwtFilter' configured for use
[2024-10-22 11:59:20.869|DEBUG|main|c.s.S.S.C.CustomSuperAdminAuthenticationFilter:GenericFilterBean.java:init:240]	Filter 'customSuperAdminAuthenticationFilter' configured for use
[2024-10-22 13:18:59.246|DEBUG|main|c.s.S.S.C.CustomAdminAuthenticationFilter:GenericFilterBean.java:init:240]	Filter 'customAdminAuthenticationFilter' configured for use
[2024-10-22 13:18:59.246|DEBUG|main|c.s.S.S.C.CustomUserAuthenticationFilter:GenericFilterBean.java:init:240]	Filter 'customUserAuthenticationFilter' configured for use
[2024-10-22 13:18:59.247|DEBUG|main|c.s.S.S.C.CustomAuthenticationJwtFilter:GenericFilterBean.java:init:240]	Filter 'customAuthenticationJwtFilter' configured for use
[2024-10-22 13:18:59.248|DEBUG|main|c.s.S.S.C.CustomSuperAdminAuthenticationFilter:GenericFilterBean.java:init:240]	Filter 'customSuperAdminAuthenticationFilter' configured for use
[2024-10-22 13:26:51.404|DEBUG|main|c.s.S.S.C.CustomAdminAuthenticationFilter:GenericFilterBean.java:init:240]	Filter 'customAdminAuthenticationFilter' configured for use
[2024-10-22 13:26:51.405|DEBUG|main|c.s.S.S.C.CustomUserAuthenticationFilter:GenericFilterBean.java:init:240]	Filter 'customUserAuthenticationFilter' configured for use
[2024-10-22 13:26:51.406|DEBUG|main|c.s.S.S.C.CustomAuthenticationJwtFilter:GenericFilterBean.java:init:240]	Filter 'customAuthenticationJwtFilter' configured for use
[2024-10-22 13:26:51.406|DEBUG|main|c.s.S.S.C.CustomSuperAdminAuthenticationFilter:GenericFilterBean.java:init:240]	Filter 'customSuperAdminAuthenticationFilter' configured for use
[2024-10-22 13:27:34.522|WARN |http-nio-8080-exec-5|c.s.S.S.C.CustomFailedHandler:CustomFailedHandler.java:onAuthenticationFailure:37]	Authentication failed from IP: 0:0:0:0:0:0:0:1 on API: /Security/Admin/Check with exception: Access token is missing
[2024-10-22 13:29:27.937|DEBUG|main|c.s.S.S.C.CustomAdminAuthenticationFilter:GenericFilterBean.java:init:240]	Filter 'customAdminAuthenticationFilter' configured for use
[2024-10-22 13:29:27.937|DEBUG|main|c.s.S.S.C.CustomUserAuthenticationFilter:GenericFilterBean.java:init:240]	Filter 'customUserAuthenticationFilter' configured for use
[2024-10-22 13:29:27.938|DEBUG|main|c.s.S.S.C.CustomAuthenticationJwtFilter:GenericFilterBean.java:init:240]	Filter 'customAuthenticationJwtFilter' configured for use
[2024-10-22 13:29:27.938|DEBUG|main|c.s.S.S.C.CustomSuperAdminAuthenticationFilter:GenericFilterBean.java:init:240]	Filter 'customSuperAdminAuthenticationFilter' configured for use
[2024-10-22 13:30:01.334|DEBUG|main|c.s.S.S.C.CustomAdminAuthenticationFilter:GenericFilterBean.java:init:240]	Filter 'customAdminAuthenticationFilter' configured for use
[2024-10-22 13:30:01.334|DEBUG|main|c.s.S.S.C.CustomUserAuthenticationFilter:GenericFilterBean.java:init:240]	Filter 'customUserAuthenticationFilter' configured for use
[2024-10-22 13:30:01.335|DEBUG|main|c.s.S.S.C.CustomAuthenticationJwtFilter:GenericFilterBean.java:init:240]	Filter 'customAuthenticationJwtFilter' configured for use
[2024-10-22 13:30:01.336|DEBUG|main|c.s.S.S.C.CustomSuperAdminAuthenticationFilter:GenericFilterBean.java:init:240]	Filter 'customSuperAdminAuthenticationFilter' configured for use
[2024-10-22 13:50:21.170|DEBUG|main|c.s.S.S.C.CustomAdminAuthenticationFilter:GenericFilterBean.java:init:240]	Filter 'customAdminAuthenticationFilter' configured for use
[2024-10-22 13:50:21.170|DEBUG|main|c.s.S.S.C.CustomUserAuthenticationFilter:GenericFilterBean.java:init:240]	Filter 'customUserAuthenticationFilter' configured for use
[2024-10-22 13:50:21.171|DEBUG|main|c.s.S.S.C.CustomAuthenticationJwtFilter:GenericFilterBean.java:init:240]	Filter 'customAuthenticationJwtFilter' configured for use
[2024-10-22 13:50:21.171|DEBUG|main|c.s.S.S.C.CustomSuperAdminAuthenticationFilter:GenericFilterBean.java:init:240]	Filter 'customSuperAdminAuthenticationFilter' configured for use
[2024-10-22 13:54:51.863|DEBUG|main|c.s.S.S.C.CustomAdminAuthenticationFilter:GenericFilterBean.java:init:240]	Filter 'customAdminAuthenticationFilter' configured for use
[2024-10-22 13:54:51.864|DEBUG|main|c.s.S.S.C.CustomUserAuthenticationFilter:GenericFilterBean.java:init:240]	Filter 'customUserAuthenticationFilter' configured for use
[2024-10-22 13:54:51.865|DEBUG|main|c.s.S.S.C.CustomAuthenticationJwtFilter:GenericFilterBean.java:init:240]	Filter 'customAuthenticationJwtFilter' configured for use
[2024-10-22 13:54:51.866|DEBUG|main|c.s.S.S.C.CustomSuperAdminAuthenticationFilter:GenericFilterBean.java:init:240]	Filter 'customSuperAdminAuthenticationFilter' configured for use
[2024-10-22 13:59:59.746|DEBUG|main|c.s.S.S.C.CustomAdminAuthenticationFilter:GenericFilterBean.java:init:240]	Filter 'customAdminAuthenticationFilter' configured for use
[2024-10-22 13:59:59.747|DEBUG|main|c.s.S.S.C.CustomUserAuthenticationFilter:GenericFilterBean.java:init:240]	Filter 'customUserAuthenticationFilter' configured for use
[2024-10-22 13:59:59.748|DEBUG|main|c.s.S.S.C.CustomAuthenticationJwtFilter:GenericFilterBean.java:init:240]	Filter 'customAuthenticationJwtFilter' configured for use
[2024-10-22 13:59:59.748|DEBUG|main|c.s.S.S.C.CustomSuperAdminAuthenticationFilter:GenericFilterBean.java:init:240]	Filter 'customSuperAdminAuthenticationFilter' configured for use
[2024-10-22 14:17:11.244|DEBUG|main|c.s.S.S.C.CustomAdminAuthenticationFilter:GenericFilterBean.java:init:240]	Filter 'customAdminAuthenticationFilter' configured for use
[2024-10-22 14:17:11.244|DEBUG|main|c.s.S.S.C.CustomUserAuthenticationFilter:GenericFilterBean.java:init:240]	Filter 'customUserAuthenticationFilter' configured for use
[2024-10-22 14:17:11.246|DEBUG|main|c.s.S.S.C.CustomAuthenticationJwtFilter:GenericFilterBean.java:init:240]	Filter 'customAuthenticationJwtFilter' configured for use
[2024-10-22 14:17:11.247|DEBUG|main|c.s.S.S.C.CustomSuperAdminAuthenticationFilter:GenericFilterBean.java:init:240]	Filter 'customSuperAdminAuthenticationFilter' configured for use
[2024-10-22 14:17:22.845|DEBUG|main|c.s.S.S.C.CustomAdminAuthenticationFilter:GenericFilterBean.java:init:240]	Filter 'customAdminAuthenticationFilter' configured for use
[2024-10-22 14:17:22.845|DEBUG|main|c.s.S.S.C.CustomUserAuthenticationFilter:GenericFilterBean.java:init:240]	Filter 'customUserAuthenticationFilter' configured for use
[2024-10-22 14:17:22.846|DEBUG|main|c.s.S.S.C.CustomAuthenticationJwtFilter:GenericFilterBean.java:init:240]	Filter 'customAuthenticationJwtFilter' configured for use
[2024-10-22 14:17:22.846|DEBUG|main|c.s.S.S.C.CustomSuperAdminAuthenticationFilter:GenericFilterBean.java:init:240]	Filter 'customSuperAdminAuthenticationFilter' configured for use
[2024-10-22 14:19:34.790|DEBUG|main|c.s.S.S.C.CustomAdminAuthenticationFilter:GenericFilterBean.java:init:240]	Filter 'customAdminAuthenticationFilter' configured for use
[2024-10-22 14:19:34.791|DEBUG|main|c.s.S.S.C.CustomUserAuthenticationFilter:GenericFilterBean.java:init:240]	Filter 'customUserAuthenticationFilter' configured for use
[2024-10-22 14:19:34.791|DEBUG|main|c.s.S.S.C.CustomAuthenticationJwtFilter:GenericFilterBean.java:init:240]	Filter 'customAuthenticationJwtFilter' configured for use
[2024-10-22 14:19:34.792|DEBUG|main|c.s.S.S.C.CustomSuperAdminAuthenticationFilter:GenericFilterBean.java:init:240]	Filter 'customSuperAdminAuthenticationFilter' configured for use
[2024-10-22 14:20:52.732|DEBUG|main|c.s.S.S.C.CustomAdminAuthenticationFilter:GenericFilterBean.java:init:240]	Filter 'customAdminAuthenticationFilter' configured for use
[2024-10-22 14:20:52.733|DEBUG|main|c.s.S.S.C.CustomUserAuthenticationFilter:GenericFilterBean.java:init:240]	Filter 'customUserAuthenticationFilter' configured for use
[2024-10-22 14:20:52.734|DEBUG|main|c.s.S.S.C.CustomAuthenticationJwtFilter:GenericFilterBean.java:init:240]	Filter 'customAuthenticationJwtFilter' configured for use
[2024-10-22 14:20:52.734|DEBUG|main|c.s.S.S.C.CustomSuperAdminAuthenticationFilter:GenericFilterBean.java:init:240]	Filter 'customSuperAdminAuthenticationFilter' configured for use
[2024-10-22 14:23:37.045|DEBUG|main|c.s.S.S.C.CustomAdminAuthenticationFilter:GenericFilterBean.java:init:240]	Filter 'customAdminAuthenticationFilter' configured for use
[2024-10-22 14:23:37.046|DEBUG|main|c.s.S.S.C.CustomUserAuthenticationFilter:GenericFilterBean.java:init:240]	Filter 'customUserAuthenticationFilter' configured for use
[2024-10-22 14:23:37.046|DEBUG|main|c.s.S.S.C.CustomAuthenticationJwtFilter:GenericFilterBean.java:init:240]	Filter 'customAuthenticationJwtFilter' configured for use
[2024-10-22 14:23:37.047|DEBUG|main|c.s.S.S.C.CustomSuperAdminAuthenticationFilter:GenericFilterBean.java:init:240]	Filter 'customSuperAdminAuthenticationFilter' configured for use
[2024-10-22 14:45:32.462|DEBUG|main|c.s.S.S.C.CustomAdminAuthenticationFilter:GenericFilterBean.java:init:240]	Filter 'customAdminAuthenticationFilter' configured for use
[2024-10-22 14:45:32.463|DEBUG|main|c.s.S.S.C.CustomUserAuthenticationFilter:GenericFilterBean.java:init:240]	Filter 'customUserAuthenticationFilter' configured for use
[2024-10-22 14:45:32.464|DEBUG|main|c.s.S.S.C.CustomAuthenticationJwtFilter:GenericFilterBean.java:init:240]	Filter 'customAuthenticationJwtFilter' configured for use
[2024-10-22 14:45:32.465|DEBUG|main|c.s.S.S.C.CustomSuperAdminAuthenticationFilter:GenericFilterBean.java:init:240]	Filter 'customSuperAdminAuthenticationFilter' configured for use
[2024-10-22 14:51:53.356|DEBUG|main|c.s.S.S.C.CustomAdminAuthenticationFilter:GenericFilterBean.java:init:240]	Filter 'customAdminAuthenticationFilter' configured for use
[2024-10-22 14:51:53.357|DEBUG|main|c.s.S.S.C.CustomUserAuthenticationFilter:GenericFilterBean.java:init:240]	Filter 'customUserAuthenticationFilter' configured for use
[2024-10-22 14:51:53.357|DEBUG|main|c.s.S.S.C.CustomAuthenticationJwtFilter:GenericFilterBean.java:init:240]	Filter 'customAuthenticationJwtFilter' configured for use
[2024-10-22 14:51:53.358|DEBUG|main|c.s.S.S.C.CustomSuperAdminAuthenticationFilter:GenericFilterBean.java:init:240]	Filter 'customSuperAdminAuthenticationFilter' configured for use
[2024-10-22 14:52:33.111|DEBUG|main|c.s.S.S.C.CustomAdminAuthenticationFilter:GenericFilterBean.java:init:240]	Filter 'customAdminAuthenticationFilter' configured for use
[2024-10-22 14:52:33.111|DEBUG|main|c.s.S.S.C.CustomUserAuthenticationFilter:GenericFilterBean.java:init:240]	Filter 'customUserAuthenticationFilter' configured for use
[2024-10-22 14:52:33.112|DEBUG|main|c.s.S.S.C.CustomAuthenticationJwtFilter:GenericFilterBean.java:init:240]	Filter 'customAuthenticationJwtFilter' configured for use
[2024-10-22 14:52:33.112|DEBUG|main|c.s.S.S.C.CustomSuperAdminAuthenticationFilter:GenericFilterBean.java:init:240]	Filter 'customSuperAdminAuthenticationFilter' configured for use
[2024-10-22 14:52:55.676|DEBUG|main|c.s.S.S.C.CustomAdminAuthenticationFilter:GenericFilterBean.java:init:240]	Filter 'customAdminAuthenticationFilter' configured for use
[2024-10-22 14:52:55.676|DEBUG|main|c.s.S.S.C.CustomUserAuthenticationFilter:GenericFilterBean.java:init:240]	Filter 'customUserAuthenticationFilter' configured for use
[2024-10-22 14:52:55.677|DEBUG|main|c.s.S.S.C.CustomAuthenticationJwtFilter:GenericFilterBean.java:init:240]	Filter 'customAuthenticationJwtFilter' configured for use
[2024-10-22 14:52:55.677|DEBUG|main|c.s.S.S.C.CustomSuperAdminAuthenticationFilter:GenericFilterBean.java:init:240]	Filter 'customSuperAdminAuthenticationFilter' configured for use
[2024-10-22 14:54:57.300|DEBUG|main|c.s.S.S.C.CustomAdminAuthenticationFilter:GenericFilterBean.java:init:240]	Filter 'customAdminAuthenticationFilter' configured for use
[2024-10-22 14:54:57.301|DEBUG|main|c.s.S.S.C.CustomUserAuthenticationFilter:GenericFilterBean.java:init:240]	Filter 'customUserAuthenticationFilter' configured for use
[2024-10-22 14:54:57.302|DEBUG|main|c.s.S.S.C.CustomAuthenticationJwtFilter:GenericFilterBean.java:init:240]	Filter 'customAuthenticationJwtFilter' configured for use
[2024-10-22 14:54:57.302|DEBUG|main|c.s.S.S.C.CustomSuperAdminAuthenticationFilter:GenericFilterBean.java:init:240]	Filter 'customSuperAdminAuthenticationFilter' configured for use
[2024-10-22 15:06:37.825|DEBUG|main|c.s.S.S.C.CustomAdminAuthenticationFilter:GenericFilterBean.java:init:240]	Filter 'customAdminAuthenticationFilter' configured for use
[2024-10-22 15:06:37.825|DEBUG|main|c.s.S.S.C.CustomUserAuthenticationFilter:GenericFilterBean.java:init:240]	Filter 'customUserAuthenticationFilter' configured for use
[2024-10-22 15:06:37.826|DEBUG|main|c.s.S.S.C.CustomAuthenticationJwtFilter:GenericFilterBean.java:init:240]	Filter 'customAuthenticationJwtFilter' configured for use
[2024-10-22 15:06:37.826|DEBUG|main|c.s.S.S.C.CustomSuperAdminAuthenticationFilter:GenericFilterBean.java:init:240]	Filter 'customSuperAdminAuthenticationFilter' configured for use
[2024-10-22 15:08:39.480|DEBUG|main|c.s.S.S.C.CustomAdminAuthenticationFilter:GenericFilterBean.java:init:240]	Filter 'customAdminAuthenticationFilter' configured for use
[2024-10-22 15:08:39.481|DEBUG|main|c.s.S.S.C.CustomUserAuthenticationFilter:GenericFilterBean.java:init:240]	Filter 'customUserAuthenticationFilter' configured for use
[2024-10-22 15:08:39.482|DEBUG|main|c.s.S.S.C.CustomAuthenticationJwtFilter:GenericFilterBean.java:init:240]	Filter 'customAuthenticationJwtFilter' configured for use
[2024-10-22 15:08:39.483|DEBUG|main|c.s.S.S.C.CustomSuperAdminAuthenticationFilter:GenericFilterBean.java:init:240]	Filter 'customSuperAdminAuthenticationFilter' configured for use
[2024-10-22 15:16:22.642|DEBUG|main|c.s.S.S.C.CustomAdminAuthenticationFilter:GenericFilterBean.java:init:240]	Filter 'customAdminAuthenticationFilter' configured for use
[2024-10-22 15:16:22.643|DEBUG|main|c.s.S.S.C.CustomUserAuthenticationFilter:GenericFilterBean.java:init:240]	Filter 'customUserAuthenticationFilter' configured for use
[2024-10-22 15:16:22.645|DEBUG|main|c.s.S.S.C.CustomAuthenticationJwtFilter:GenericFilterBean.java:init:240]	Filter 'customAuthenticationJwtFilter' configured for use
[2024-10-22 15:16:22.645|DEBUG|main|c.s.S.S.C.CustomSuperAdminAuthenticationFilter:GenericFilterBean.java:init:240]	Filter 'customSuperAdminAuthenticationFilter' configured for use
[2024-10-22 15:18:41.360|DEBUG|main|c.s.S.S.C.CustomAdminAuthenticationFilter:GenericFilterBean.java:init:240]	Filter 'customAdminAuthenticationFilter' configured for use
[2024-10-22 15:18:41.361|DEBUG|main|c.s.S.S.C.CustomUserAuthenticationFilter:GenericFilterBean.java:init:240]	Filter 'customUserAuthenticationFilter' configured for use
[2024-10-22 15:18:41.362|DEBUG|main|c.s.S.S.C.CustomAuthenticationJwtFilter:GenericFilterBean.java:init:240]	Filter 'customAuthenticationJwtFilter' configured for use
[2024-10-22 15:18:41.363|DEBUG|main|c.s.S.S.C.CustomSuperAdminAuthenticationFilter:GenericFilterBean.java:init:240]	Filter 'customSuperAdminAuthenticationFilter' configured for use
[2024-10-22 15:22:12.764|DEBUG|main|c.s.S.S.C.CustomAdminAuthenticationFilter:GenericFilterBean.java:init:240]	Filter 'customAdminAuthenticationFilter' configured for use
[2024-10-22 15:22:12.765|DEBUG|main|c.s.S.S.C.CustomUserAuthenticationFilter:GenericFilterBean.java:init:240]	Filter 'customUserAuthenticationFilter' configured for use
[2024-10-22 15:22:12.766|DEBUG|main|c.s.S.S.C.CustomAuthenticationJwtFilter:GenericFilterBean.java:init:240]	Filter 'customAuthenticationJwtFilter' configured for use
[2024-10-22 15:22:12.766|DEBUG|main|c.s.S.S.C.CustomSuperAdminAuthenticationFilter:GenericFilterBean.java:init:240]	Filter 'customSuperAdminAuthenticationFilter' configured for use
[2024-10-22 15:28:47.377|DEBUG|main|c.s.S.S.C.CustomAdminAuthenticationFilter:GenericFilterBean.java:init:240]	Filter 'customAdminAuthenticationFilter' configured for use
[2024-10-22 15:28:47.378|DEBUG|main|c.s.S.S.C.CustomUserAuthenticationFilter:GenericFilterBean.java:init:240]	Filter 'customUserAuthenticationFilter' configured for use
[2024-10-22 15:28:47.379|DEBUG|main|c.s.S.S.C.CustomAuthenticationJwtFilter:GenericFilterBean.java:init:240]	Filter 'customAuthenticationJwtFilter' configured for use
[2024-10-22 15:28:47.379|DEBUG|main|c.s.S.S.C.CustomSuperAdminAuthenticationFilter:GenericFilterBean.java:init:240]	Filter 'customSuperAdminAuthenticationFilter' configured for use
[2024-10-22 15:32:55.855|DEBUG|main|c.s.S.S.C.CustomAdminAuthenticationFilter:GenericFilterBean.java:init:240]	Filter 'customAdminAuthenticationFilter' configured for use
[2024-10-22 15:32:55.856|DEBUG|main|c.s.S.S.C.CustomUserAuthenticationFilter:GenericFilterBean.java:init:240]	Filter 'customUserAuthenticationFilter' configured for use
[2024-10-22 15:32:55.857|DEBUG|main|c.s.S.S.C.CustomAuthenticationJwtFilter:GenericFilterBean.java:init:240]	Filter 'customAuthenticationJwtFilter' configured for use
[2024-10-22 15:32:55.857|DEBUG|main|c.s.S.S.C.CustomSuperAdminAuthenticationFilter:GenericFilterBean.java:init:240]	Filter 'customSuperAdminAuthenticationFilter' configured for use
[2024-10-22 15:37:41.566|DEBUG|main|c.s.S.S.C.CustomAdminAuthenticationFilter:GenericFilterBean.java:init:240]	Filter 'customAdminAuthenticationFilter' configured for use
[2024-10-22 15:37:41.567|DEBUG|main|c.s.S.S.C.CustomUserAuthenticationFilter:GenericFilterBean.java:init:240]	Filter 'customUserAuthenticationFilter' configured for use
[2024-10-22 15:37:41.567|DEBUG|main|c.s.S.S.C.CustomAuthenticationJwtFilter:GenericFilterBean.java:init:240]	Filter 'customAuthenticationJwtFilter' configured for use
[2024-10-22 15:37:41.568|DEBUG|main|c.s.S.S.C.CustomSuperAdminAuthenticationFilter:GenericFilterBean.java:init:240]	Filter 'customSuperAdminAuthenticationFilter' configured for use
[2024-10-22 15:38:51.107|DEBUG|main|c.s.S.S.C.CustomAdminAuthenticationFilter:GenericFilterBean.java:init:240]	Filter 'customAdminAuthenticationFilter' configured for use
[2024-10-22 15:38:51.107|DEBUG|main|c.s.S.S.C.CustomUserAuthenticationFilter:GenericFilterBean.java:init:240]	Filter 'customUserAuthenticationFilter' configured for use
[2024-10-22 15:38:51.108|DEBUG|main|c.s.S.S.C.CustomAuthenticationJwtFilter:GenericFilterBean.java:init:240]	Filter 'customAuthenticationJwtFilter' configured for use
[2024-10-22 15:38:51.108|DEBUG|main|c.s.S.S.C.CustomSuperAdminAuthenticationFilter:GenericFilterBean.java:init:240]	Filter 'customSuperAdminAuthenticationFilter' configured for use
[2024-10-22 15:53:37.714|DEBUG|main|c.s.S.S.C.CustomAdminAuthenticationFilter:GenericFilterBean.java:init:240]	Filter 'customAdminAuthenticationFilter' configured for use
[2024-10-22 15:53:37.714|DEBUG|main|c.s.S.S.C.CustomUserAuthenticationFilter:GenericFilterBean.java:init:240]	Filter 'customUserAuthenticationFilter' configured for use
[2024-10-22 15:53:37.715|DEBUG|main|c.s.S.S.C.CustomAuthenticationJwtFilter:GenericFilterBean.java:init:240]	Filter 'customAuthenticationJwtFilter' configured for use
[2024-10-22 15:53:37.715|DEBUG|main|c.s.S.S.C.CustomSuperAdminAuthenticationFilter:GenericFilterBean.java:init:240]	Filter 'customSuperAdminAuthenticationFilter' configured for use
[2024-10-22 15:59:41.070|DEBUG|main|c.s.S.S.C.CustomAdminAuthenticationFilter:GenericFilterBean.java:init:240]	Filter 'customAdminAuthenticationFilter' configured for use
[2024-10-22 15:59:41.070|DEBUG|main|c.s.S.S.C.CustomUserAuthenticationFilter:GenericFilterBean.java:init:240]	Filter 'customUserAuthenticationFilter' configured for use
[2024-10-22 15:59:41.071|DEBUG|main|c.s.S.S.C.CustomAuthenticationJwtFilter:GenericFilterBean.java:init:240]	Filter 'customAuthenticationJwtFilter' configured for use
[2024-10-22 15:59:41.071|DEBUG|main|c.s.S.S.C.CustomSuperAdminAuthenticationFilter:GenericFilterBean.java:init:240]	Filter 'customSuperAdminAuthenticationFilter' configured for use
[2024-10-22 16:22:55.431|DEBUG|main|c.s.S.S.C.CustomAdminAuthenticationFilter:GenericFilterBean.java:init:240]	Filter 'customAdminAuthenticationFilter' configured for use
[2024-10-22 16:22:55.432|DEBUG|main|c.s.S.S.C.CustomUserAuthenticationFilter:GenericFilterBean.java:init:240]	Filter 'customUserAuthenticationFilter' configured for use
[2024-10-22 16:22:55.433|DEBUG|main|c.s.S.S.C.CustomAuthenticationJwtFilter:GenericFilterBean.java:init:240]	Filter 'customAuthenticationJwtFilter' configured for use
[2024-10-22 16:22:55.434|DEBUG|main|c.s.S.S.C.CustomSuperAdminAuthenticationFilter:GenericFilterBean.java:init:240]	Filter 'customSuperAdminAuthenticationFilter' configured for use
[2024-10-22 21:46:05.717|DEBUG|main|c.s.S.S.C.CustomAdminAuthenticationFilter:GenericFilterBean.java:init:240]	Filter 'customAdminAuthenticationFilter' configured for use
[2024-10-22 21:46:05.718|DEBUG|main|c.s.S.S.C.CustomUserAuthenticationFilter:GenericFilterBean.java:init:240]	Filter 'customUserAuthenticationFilter' configured for use
[2024-10-22 21:46:05.720|DEBUG|main|c.s.S.S.C.CustomAuthenticationJwtFilter:GenericFilterBean.java:init:240]	Filter 'customAuthenticationJwtFilter' configured for use
[2024-10-22 21:46:05.720|DEBUG|main|c.s.S.S.C.CustomSuperAdminAuthenticationFilter:GenericFilterBean.java:init:240]	Filter 'customSuperAdminAuthenticationFilter' configured for use
[2024-10-22 22:01:34.514|WARN |http-nio-8080-exec-9|c.s.S.S.C.CustomFailedHandler:CustomFailedHandler.java:onAuthenticationFailure:37]	Authentication failed from IP: 0:0:0:0:0:0:0:1 on API: /Security/Admin/Check with exception: Access token is missing
[2024-10-22 22:02:46.201|DEBUG|main|c.s.S.S.C.CustomAdminAuthenticationFilter:GenericFilterBean.java:init:240]	Filter 'customAdminAuthenticationFilter' configured for use
[2024-10-22 22:02:46.202|DEBUG|main|c.s.S.S.C.CustomUserAuthenticationFilter:GenericFilterBean.java:init:240]	Filter 'customUserAuthenticationFilter' configured for use
[2024-10-22 22:02:46.203|DEBUG|main|c.s.S.S.C.CustomAuthenticationJwtFilter:GenericFilterBean.java:init:240]	Filter 'customAuthenticationJwtFilter' configured for use
[2024-10-22 22:02:46.203|DEBUG|main|c.s.S.S.C.CustomSuperAdminAuthenticationFilter:GenericFilterBean.java:init:240]	Filter 'customSuperAdminAuthenticationFilter' configured for use
[2024-10-22 22:10:32.999|DEBUG|main|c.s.S.S.C.CustomAdminAuthenticationFilter:GenericFilterBean.java:init:240]	Filter 'customAdminAuthenticationFilter' configured for use
[2024-10-22 22:10:32.999|DEBUG|main|c.s.S.S.C.CustomUserAuthenticationFilter:GenericFilterBean.java:init:240]	Filter 'customUserAuthenticationFilter' configured for use
[2024-10-22 22:10:33.000|DEBUG|main|c.s.S.S.C.CustomAuthenticationJwtFilter:GenericFilterBean.java:init:240]	Filter 'customAuthenticationJwtFilter' configured for use
[2024-10-22 22:10:33.000|DEBUG|main|c.s.S.S.C.CustomSuperAdminAuthenticationFilter:GenericFilterBean.java:init:240]	Filter 'customSuperAdminAuthenticationFilter' configured for use
