[2024-11-06 10:06:23.651|DEBUG|main|c.s.S.S.C.CustomAdminAuthenticationFilter:GenericFilterBean.java:init:240]	Filter 'customAdminAuthenticationFilter' configured for use
[2024-11-06 10:06:23.653|DEBUG|main|c.s.S.S.C.CustomUserAuthenticationFilter:GenericFilterBean.java:init:240]	Filter 'customUserAuthenticationFilter' configured for use
[2024-11-06 10:06:23.654|DEBUG|main|c.s.S.S.C.CustomAuthenticationJwtFilter:GenericFilterBean.java:init:240]	Filter 'customAuthenticationJwtFilter' configured for use
[2024-11-06 10:06:23.655|DEBUG|main|c.s.S.S.C.CustomSuperAdminAuthenticationFilter:GenericFilterBean.java:init:240]	Filter 'customSuperAdminAuthenticationFilter' configured for use
[2024-11-06 10:10:11.736|DEBUG|main|c.s.S.S.C.CustomAdminAuthenticationFilter:GenericFilterBean.java:init:240]	Filter 'customAdminAuthenticationFilter' configured for use
[2024-11-06 10:10:11.737|DEBUG|main|c.s.S.S.C.CustomUserAuthenticationFilter:GenericFilterBean.java:init:240]	Filter 'customUserAuthenticationFilter' configured for use
[2024-11-06 10:10:11.738|DEBUG|main|c.s.S.S.C.CustomAuthenticationJwtFilter:GenericFilterBean.java:init:240]	Filter 'customAuthenticationJwtFilter' configured for use
[2024-11-06 10:10:11.738|DEBUG|main|c.s.S.S.C.CustomSuperAdminAuthenticationFilter:GenericFilterBean.java:init:240]	Filter 'customSuperAdminAuthenticationFilter' configured for use
[2024-11-06 10:32:42.688|DEBUG|main|c.s.S.S.C.CustomAdminAuthenticationFilter:GenericFilterBean.java:init:240]	Filter 'customAdminAuthenticationFilter' configured for use
[2024-11-06 10:32:42.688|DEBUG|main|c.s.S.S.C.CustomUserAuthenticationFilter:GenericFilterBean.java:init:240]	Filter 'customUserAuthenticationFilter' configured for use
[2024-11-06 10:32:42.689|DEBUG|main|c.s.S.S.C.CustomAuthenticationJwtFilter:GenericFilterBean.java:init:240]	Filter 'customAuthenticationJwtFilter' configured for use
[2024-11-06 10:32:42.690|DEBUG|main|c.s.S.S.C.CustomSuperAdminAuthenticationFilter:GenericFilterBean.java:init:240]	Filter 'customSuperAdminAuthenticationFilter' configured for use
[2024-11-06 10:32:49.284|DEBUG|main|c.s.S.S.C.CustomAdminAuthenticationFilter:GenericFilterBean.java:init:240]	Filter 'customAdminAuthenticationFilter' configured for use
[2024-11-06 10:32:49.284|DEBUG|main|c.s.S.S.C.CustomUserAuthenticationFilter:GenericFilterBean.java:init:240]	Filter 'customUserAuthenticationFilter' configured for use
[2024-11-06 10:32:49.285|DEBUG|main|c.s.S.S.C.CustomAuthenticationJwtFilter:GenericFilterBean.java:init:240]	Filter 'customAuthenticationJwtFilter' configured for use
[2024-11-06 10:32:49.285|DEBUG|main|c.s.S.S.C.CustomSuperAdminAuthenticationFilter:GenericFilterBean.java:init:240]	Filter 'customSuperAdminAuthenticationFilter' configured for use
[2024-11-06 10:34:04.451|DEBUG|main|c.s.S.S.C.CustomAdminAuthenticationFilter:GenericFilterBean.java:init:240]	Filter 'customAdminAuthenticationFilter' configured for use
[2024-11-06 10:34:04.452|DEBUG|main|c.s.S.S.C.CustomUserAuthenticationFilter:GenericFilterBean.java:init:240]	Filter 'customUserAuthenticationFilter' configured for use
[2024-11-06 10:34:04.453|DEBUG|main|c.s.S.S.C.CustomAuthenticationJwtFilter:GenericFilterBean.java:init:240]	Filter 'customAuthenticationJwtFilter' configured for use
[2024-11-06 10:34:04.453|DEBUG|main|c.s.S.S.C.CustomSuperAdminAuthenticationFilter:GenericFilterBean.java:init:240]	Filter 'customSuperAdminAuthenticationFilter' configured for use
[2024-11-06 11:09:28.589|DEBUG|main|c.s.S.S.C.CustomAdminAuthenticationFilter:GenericFilterBean.java:init:240]	Filter 'customAdminAuthenticationFilter' configured for use
[2024-11-06 11:09:28.590|DEBUG|main|c.s.S.S.C.CustomUserAuthenticationFilter:GenericFilterBean.java:init:240]	Filter 'customUserAuthenticationFilter' configured for use
[2024-11-06 11:09:28.591|DEBUG|main|c.s.S.S.C.CustomAuthenticationJwtFilter:GenericFilterBean.java:init:240]	Filter 'customAuthenticationJwtFilter' configured for use
[2024-11-06 11:09:28.592|DEBUG|main|c.s.S.S.C.CustomSuperAdminAuthenticationFilter:GenericFilterBean.java:init:240]	Filter 'customSuperAdminAuthenticationFilter' configured for use
[2024-11-06 11:20:25.808|DEBUG|main|c.s.S.S.C.CustomAdminAuthenticationFilter:GenericFilterBean.java:init:240]	Filter 'customAdminAuthenticationFilter' configured for use
[2024-11-06 11:20:25.808|DEBUG|main|c.s.S.S.C.CustomUserAuthenticationFilter:GenericFilterBean.java:init:240]	Filter 'customUserAuthenticationFilter' configured for use
[2024-11-06 11:20:25.809|DEBUG|main|c.s.S.S.C.CustomAuthenticationJwtFilter:GenericFilterBean.java:init:240]	Filter 'customAuthenticationJwtFilter' configured for use
[2024-11-06 11:20:25.809|DEBUG|main|c.s.S.S.C.CustomSuperAdminAuthenticationFilter:GenericFilterBean.java:init:240]	Filter 'customSuperAdminAuthenticationFilter' configured for use
[2024-11-06 11:20:46.782|WARN |http-nio-8080-exec-3|c.s.S.S.C.CustomFailedHandler:CustomFailedHandler.java:onAuthenticationFailure:28]	Authentication failed from IP: 0:0:0:0:0:0:0:1 on API: /Security/SuperAdmin/Check with exception: User does not have SUPER_ADMIN privileges
[2024-11-06 11:23:04.442|DEBUG|main|c.s.S.S.C.CustomAdminAuthenticationFilter:GenericFilterBean.java:init:240]	Filter 'customAdminAuthenticationFilter' configured for use
[2024-11-06 11:23:04.443|DEBUG|main|c.s.S.S.C.CustomUserAuthenticationFilter:GenericFilterBean.java:init:240]	Filter 'customUserAuthenticationFilter' configured for use
[2024-11-06 11:23:04.444|DEBUG|main|c.s.S.S.C.CustomAuthenticationJwtFilter:GenericFilterBean.java:init:240]	Filter 'customAuthenticationJwtFilter' configured for use
[2024-11-06 11:23:04.445|DEBUG|main|c.s.S.S.C.CustomSuperAdminAuthenticationFilter:GenericFilterBean.java:init:240]	Filter 'customSuperAdminAuthenticationFilter' configured for use
[2024-11-06 15:14:20.188|DEBUG|main|c.s.S.S.C.CustomAdminAuthenticationFilter:GenericFilterBean.java:init:240]	Filter 'customAdminAuthenticationFilter' configured for use
[2024-11-06 15:14:20.189|DEBUG|main|c.s.S.S.C.CustomUserAuthenticationFilter:GenericFilterBean.java:init:240]	Filter 'customUserAuthenticationFilter' configured for use
[2024-11-06 15:14:20.190|DEBUG|main|c.s.S.S.C.CustomAuthenticationJwtFilter:GenericFilterBean.java:init:240]	Filter 'customAuthenticationJwtFilter' configured for use
[2024-11-06 15:14:20.191|DEBUG|main|c.s.S.S.C.CustomSuperAdminAuthenticationFilter:GenericFilterBean.java:init:240]	Filter 'customSuperAdminAuthenticationFilter' configured for use
